[0.048s] Invoking command in '/home/robot/ros_workspaces/project2/build/firstservicepkg': CMAKE_PREFIX_PATH=/opt/ros/humble /usr/bin/cmake --build /home/robot/ros_workspaces/project2/build/firstservicepkg -- -j4 -l4
[0.195s] -- Found ament_cmake: 1.3.9 (/opt/ros/humble/share/ament_cmake/cmake)
[0.780s] -- Found rclcpp: 16.0.9 (/opt/ros/humble/share/rclcpp/cmake)
[0.928s] -- Found rosidl_generator_c: 3.1.5 (/opt/ros/humble/share/rosidl_generator_c/cmake)
[0.944s] -- Found rosidl_adapter: 3.1.5 (/opt/ros/humble/share/rosidl_adapter/cmake)
[0.979s] -- Found rosidl_generator_cpp: 3.1.5 (/opt/ros/humble/share/rosidl_generator_cpp/cmake)
[1.046s] -- Using all available rosidl_typesupport_c: rosidl_typesupport_fastrtps_c;rosidl_typesupport_introspection_c
[1.136s] -- Using all available rosidl_typesupport_cpp: rosidl_typesupport_fastrtps_cpp;rosidl_typesupport_introspection_cpp
[1.465s] -- Found rmw_implementation_cmake: 6.1.2 (/opt/ros/humble/share/rmw_implementation_cmake/cmake)
[1.472s] -- Found rmw_fastrtps_cpp: 6.2.6 (/opt/ros/humble/share/rmw_fastrtps_cpp/cmake)
[1.971s] -- Using RMW implementation 'rmw_fastrtps_cpp' as default
[2.845s] -- Found rosidl_default_generators: 1.2.0 (/opt/ros/humble/share/rosidl_default_generators/cmake)
[2.884s] -- Found sensor_msgs: 4.2.4 (/opt/ros/humble/share/sensor_msgs/cmake)
[3.613s] -- Found cv_bridge: 3.2.1 (/opt/ros/humble/share/cv_bridge/cmake)
[4.432s] [31mCMake Error at /opt/ros/humble/share/rosidl_adapter/cmake/rosidl_adapt_interfaces.cmake:59 (message):
[4.432s]   execute_process(/usr/bin/python3 -m rosidl_adapter --package-name
[4.432s]   firstservicepkg --arguments-file
[4.433s]   /home/robot/ros_workspaces/project2/build/firstservicepkg/rosidl_adapter__arguments__firstservicepkg.json
[4.433s]   --output-dir
[4.433s]   /home/robot/ros_workspaces/project2/build/firstservicepkg/rosidl_adapter/firstservicepkg
[4.434s]   --output-file
[4.434s]   /home/robot/ros_workspaces/project2/build/firstservicepkg/rosidl_adapter/firstservicepkg.idls)
[4.435s]   returned error code 1:
[4.435s] 
[4.436s]   Error processing 'int number' of 'firstservicepkg/CameraAngle_Request':
[4.436s]   ''int' is an invalid message name.  It should have the pattern
[4.437s]   '^[A-Z][A-Za-z0-9]*$''
[4.437s] 
[4.437s]   Traceback (most recent call last):
[4.438s] 
[4.438s]     File "/usr/lib/python3.10/runpy.py", line 196, in _run_module_as_main
[4.438s]       return _run_code(code, main_globals, None,
[4.439s]     File "/usr/lib/python3.10/runpy.py", line 86, in _run_code
[4.439s]       exec(code, run_globals)
[4.440s]     File "/opt/ros/humble/local/lib/python3.10/dist-packages/rosidl_adapter/__main__.py", line 19, in <module>
[4.440s]       sys.exit(main())
[4.440s]     File "/opt/ros/humble/local/lib/python3.10/dist-packages/rosidl_adapter/main.py", line 53, in main
[4.441s]       abs_idl_file = convert_to_idl(
[4.441s]     File "/opt/ros/humble/local/lib/python3.10/dist-packages/rosidl_adapter/__init__.py", line 24, in convert_to_idl
[4.441s]       return convert_srv_to_idl(
[4.442s]     File "/opt/ros/humble/local/lib/python3.10/dist-packages/rosidl_adapter/srv/__init__.py", line 28, in convert_srv_to_idl
[4.442s]       srv = parse_service_string(package_name, input_file.stem, content)
[4.442s]     File "/opt/ros/humble/local/lib/python3.10/dist-packages/rosidl_adapter/parser.py", line 859, in parse_service_string
[4.443s]       request_message = parse_message_string(
[4.443s]     File "/opt/ros/humble/local/lib/python3.10/dist-packages/rosidl_adapter/parser.py", line 520, in parse_message_string
[4.443s]       Type(type_string, context_package_name=pkg_name),
[4.444s]     File "/opt/ros/humble/local/lib/python3.10/dist-packages/rosidl_adapter/parser.py", line 277, in __init__
[4.444s]       super(Type, self).__init__(
[4.444s]     File "/opt/ros/humble/local/lib/python3.10/dist-packages/rosidl_adapter/parser.py", line 205, in __init__
[4.445s]       raise InvalidResourceName(
[4.445s] 
[4.445s]   rosidl_adapter.parser.InvalidResourceName: 'int' is an invalid message
[4.446s]   name.  It should have the pattern '^[A-Z][A-Za-z0-9]*$'
[4.446s] 
[4.447s] Call Stack (most recent call first):
[4.447s]   /opt/ros/humble/share/rosidl_cmake/cmake/rosidl_generate_interfaces.cmake:130 (rosidl_adapt_interfaces)
[4.448s]   CMakeLists.txt:20 (rosidl_generate_interfaces)
[4.448s] 
[4.449s] [0m
[4.449s] -- Configuring incomplete, errors occurred!
[4.450s] See also "/home/robot/ros_workspaces/project2/build/firstservicepkg/CMakeFiles/CMakeOutput.log".
[4.468s] gmake: *** [Makefile:747: cmake_check_build_system] Error 1
[4.475s] Invoked command in '/home/robot/ros_workspaces/project2/build/firstservicepkg' returned '2': CMAKE_PREFIX_PATH=/opt/ros/humble /usr/bin/cmake --build /home/robot/ros_workspaces/project2/build/firstservicepkg -- -j4 -l4
