[0.055s] Invoking command in '/home/robot/ros_workspaces/project2/build/firstservicepkg': CMAKE_PREFIX_PATH=/opt/ros/humble /usr/bin/cmake --build /home/robot/ros_workspaces/project2/build/firstservicepkg -- -j4 -l4
[0.337s] [  2%] [32mBuilding CXX object CMakeFiles/turn_camera_Client.dir/src/turn_camera_Client.cpp.o[0m
[0.353s] [  5%] Built target firstservicepkg__cpp
[0.377s] [ 14%] Built target firstservicepkg__rosidl_generator_c
[0.438s] [ 14%] Built target ament_cmake_python_copy_firstservicepkg
[0.513s] [ 17%] [32mBuilding CXX object CMakeFiles/turn_camera_Server.dir/src/turn_camera_Server.cpp.o[0m
[0.631s] [ 25%] Built target firstservicepkg__rosidl_typesupport_cpp
[0.692s] [ 34%] Built target firstservicepkg__rosidl_typesupport_fastrtps_c
[0.858s] [ 42%] Built target firstservicepkg__rosidl_typesupport_introspection_c
[0.947s] [ 51%] Built target firstservicepkg__rosidl_typesupport_fastrtps_cpp
[1.062s] [ 60%] Built target firstservicepkg__rosidl_typesupport_c
[1.104s] [ 68%] Built target firstservicepkg__rosidl_typesupport_introspection_cpp
[1.281s] [ 68%] Built target firstservicepkg
[1.493s] [ 71%] Built target firstservicepkg__py
[1.724s] [ 77%] Built target firstservicepkg__rosidl_generator_py
[1.956s] [ 82%] Built target firstservicepkg__rosidl_typesupport_fastrtps_c__pyext
[2.065s] [ 88%] Built target firstservicepkg__rosidl_typesupport_introspection_c__pyext
[2.310s] [ 94%] Built target firstservicepkg__rosidl_typesupport_c__pyext
[2.902s] running egg_info
[2.905s] writing firstservicepkg.egg-info/PKG-INFO
[2.910s] writing dependency_links to firstservicepkg.egg-info/dependency_links.txt
[2.917s] writing top-level names to firstservicepkg.egg-info/top_level.txt
[2.937s] reading manifest file 'firstservicepkg.egg-info/SOURCES.txt'
[2.942s] writing manifest file 'firstservicepkg.egg-info/SOURCES.txt'
[3.196s] [ 94%] Built target ament_cmake_python_build_firstservicepkg_egg
[6.061s] [01m[K/home/robot/ros_workspaces/project2/firstservicepkg/src/turn_camera_Server.cpp:18:18:[m[K [01;31m[Kerror: [m[K‘[01m[KImage[m[K’ in namespace ‘[01m[Ksensor_msgs[m[K’ does not name a type
[6.061s]    18 |     sensor_msgs::[01;31m[KImage[m[K camera_image;
[6.062s]       |                  [01;31m[K^~~~~[m[K
[6.067s] [01m[K/home/robot/ros_workspaces/project2/firstservicepkg/src/turn_camera_Server.cpp:[m[K In function ‘[01m[Kbool getCameraImage(const TurnCameraRequest&, TurnCameraResponse&)[m[K’:
[6.067s] [01m[K/home/robot/ros_workspaces/project2/firstservicepkg/src/turn_camera_Server.cpp:47:18:[m[K [01;31m[Kerror: [m[K‘[01m[KImagePtr[m[K’ is not a member of ‘[01m[Ksensor_msgs[m[K’
[6.068s]    47 |     sensor_msgs::[01;31m[KImagePtr[m[K img_ptr = cv_bridge::CvImage(std_msgs::Header(), "bgr8", image).toImageMsg();
[6.068s]       |                  [01;31m[K^~~~~~~~[m[K
[6.068s] [01m[K/home/robot/ros_workspaces/project2/firstservicepkg/src/turn_camera_Server.cpp:49:9:[m[K [01;31m[Kerror: [m[K‘[01m[Kstruct TurnCameraResponse[m[K’ has no member named ‘[01m[Kcamera_image[m[K’
[6.069s]    49 |     res.[01;31m[Kcamera_image[m[K = *img_ptr;
[6.069s]       |         [01;31m[K^~~~~~~~~~~~[m[K
[6.081s] [01m[K/home/robot/ros_workspaces/project2/firstservicepkg/src/turn_camera_Server.cpp:49:25:[m[K [01;31m[Kerror: [m[K‘[01m[Kimg_ptr[m[K’ was not declared in this scope
[6.082s]    49 |     res.camera_image = *[01;31m[Kimg_ptr[m[K;
[6.082s]       |                         [01;31m[K^~~~~~~[m[K
[6.090s] [01m[K/home/robot/ros_workspaces/project2/firstservicepkg/src/turn_camera_Server.cpp:[m[K In function ‘[01m[Kint main(int, char**)[m[K’:
[6.091s] [01m[K/home/robot/ros_workspaces/project2/firstservicepkg/src/turn_camera_Server.cpp:54:14:[m[K [01;35m[Kwarning: [m[Kunused parameter ‘[01m[Kargc[m[K’ [[01;35m[K]8;;https://gcc.gnu.org/onlinedocs/gcc/Warning-Options.html#index-Wunused-parameter-Wunused-parameter]8;;[m[K]
[6.091s]    54 | int main([01;35m[Kint argc[m[K, char **argv)
[6.092s]       |          [01;35m[K~~~~^~~~[m[K
[6.134s] [01m[K/home/robot/ros_workspaces/project2/firstservicepkg/src/turn_camera_Client.cpp:17:18:[m[K [01;31m[Kerror: [m[K‘[01m[KImage[m[K’ in namespace ‘[01m[Ksensor_msgs[m[K’ does not name a type
[6.134s]    17 |     sensor_msgs::[01;31m[KImage[m[K camera_image;
[6.135s]       |                  [01;31m[K^~~~~[m[K
[6.142s] [01m[K/home/robot/ros_workspaces/project2/firstservicepkg/src/turn_camera_Client.cpp:[m[K In function ‘[01m[Kbool getCameraImage(const TurnCameraRequest&, TurnCameraResponse&)[m[K’:
[6.142s] [01m[K/home/robot/ros_workspaces/project2/firstservicepkg/src/turn_camera_Client.cpp:46:18:[m[K [01;31m[Kerror: [m[K‘[01m[KImagePtr[m[K’ is not a member of ‘[01m[Ksensor_msgs[m[K’
[6.143s]    46 |     sensor_msgs::[01;31m[KImagePtr[m[K img_ptr = cv_bridge::CvImage(std_msgs::Header(), "bgr8", image).toImageMsg();
[6.143s]       |                  [01;31m[K^~~~~~~~[m[K
[6.144s] [01m[K/home/robot/ros_workspaces/project2/firstservicepkg/src/turn_camera_Client.cpp:48:9:[m[K [01;31m[Kerror: [m[K‘[01m[Kstruct TurnCameraResponse[m[K’ has no member named ‘[01m[Kcamera_image[m[K’
[6.145s]    48 |     res.[01;31m[Kcamera_image[m[K = *img_ptr;
[6.145s]       |         [01;31m[K^~~~~~~~~~~~[m[K
[6.161s] [01m[K/home/robot/ros_workspaces/project2/firstservicepkg/src/turn_camera_Client.cpp:48:25:[m[K [01;31m[Kerror: [m[K‘[01m[Kimg_ptr[m[K’ was not declared in this scope
[6.162s]    48 |     res.camera_image = *[01;31m[Kimg_ptr[m[K;
[6.162s]       |                         [01;31m[K^~~~~~~[m[K
[6.181s] [01m[K/home/robot/ros_workspaces/project2/firstservicepkg/src/turn_camera_Client.cpp:[m[K In function ‘[01m[Kint main(int, char**)[m[K’:
[6.181s] [01m[K/home/robot/ros_workspaces/project2/firstservicepkg/src/turn_camera_Client.cpp:84:46:[m[K [01;31m[Kerror: [m[K‘[01m[Kstruct TurnCameraResponse[m[K’ has no member named ‘[01m[Kcamera_image[m[K’
[6.182s]    84 |             cv_ptr = cv_bridge::toCvCopy(res.[01;31m[Kcamera_image[m[K, sensor_msgs::image_encodings::BGR8);
[6.183s]       |                                              [01;31m[K^~~~~~~~~~~~[m[K
[6.183s] [01m[K/home/robot/ros_workspaces/project2/firstservicepkg/src/turn_camera_Client.cpp:53:14:[m[K [01;35m[Kwarning: [m[Kunused parameter ‘[01m[Kargc[m[K’ [[01;35m[K]8;;https://gcc.gnu.org/onlinedocs/gcc/Warning-Options.html#index-Wunused-parameter-Wunused-parameter]8;;[m[K]
[6.184s]    53 | int main([01;35m[Kint argc[m[K, char **argv)
[6.185s]       |          [01;35m[K~~~~^~~~[m[K
[6.847s] gmake[2]: *** [CMakeFiles/turn_camera_Server.dir/build.make:76: CMakeFiles/turn_camera_Server.dir/src/turn_camera_Server.cpp.o] Error 1
[6.848s] gmake[1]: *** [CMakeFiles/Makefile2:620: CMakeFiles/turn_camera_Server.dir/all] Error 2
[6.849s] gmake[1]: *** Waiting for unfinished jobs....
[6.850s] gmake[2]: *** [CMakeFiles/turn_camera_Client.dir/build.make:76: CMakeFiles/turn_camera_Client.dir/src/turn_camera_Client.cpp.o] Error 1
[6.850s] gmake[1]: *** [CMakeFiles/Makefile2:594: CMakeFiles/turn_camera_Client.dir/all] Error 2
[6.851s] gmake: *** [Makefile:146: all] Error 2
[6.861s] Invoked command in '/home/robot/ros_workspaces/project2/build/firstservicepkg' returned '2': CMAKE_PREFIX_PATH=/opt/ros/humble /usr/bin/cmake --build /home/robot/ros_workspaces/project2/build/firstservicepkg -- -j4 -l4
