[0.062s] Invoking command in '/home/robot/ros_workspaces/first_project/src/rpm_speed_calc/build/rpm_speed_calc': CMAKE_PREFIX_PATH=${CMAKE_PREFIX_PATH}:/opt/ros/humble /usr/bin/cmake --build /home/robot/ros_workspaces/first_project/src/rpm_speed_calc/build/rpm_speed_calc -- -j4 -l4
[0.304s] [35m[1mConsolidate compiler generated dependencies of target publishspeed[0m
[0.362s] [ 33%] Built target publishrmp
[0.375s] [ 66%] Built target subscriber
[0.404s] [ 83%] [32mBuilding CXX object CMakeFiles/publishspeed.dir/src/publishspeed.cpp.o[0m
[38.302s] [100%] [32m[1mLinking CXX executable publishspeed[0m
[40.293s] [100%] Built target publishspeed
[40.336s] Invoked command in '/home/robot/ros_workspaces/first_project/src/rpm_speed_calc/build/rpm_speed_calc' returned '0': CMAKE_PREFIX_PATH=${CMAKE_PREFIX_PATH}:/opt/ros/humble /usr/bin/cmake --build /home/robot/ros_workspaces/first_project/src/rpm_speed_calc/build/rpm_speed_calc -- -j4 -l4
[40.494s] Invoking command in '/home/robot/ros_workspaces/first_project/src/rpm_speed_calc/build/rpm_speed_calc': CMAKE_PREFIX_PATH=${CMAKE_PREFIX_PATH}:/opt/ros/humble /usr/bin/cmake --install /home/robot/ros_workspaces/first_project/src/rpm_speed_calc/build/rpm_speed_calc
[40.523s] -- Install configuration: ""
[40.526s] -- Installing: /home/robot/ros_workspaces/first_project/src/rpm_speed_calc/install/rpm_speed_calc/lib/rpm_speed_calc/publishrmp
[40.533s] -- Set runtime path of "/home/robot/ros_workspaces/first_project/src/rpm_speed_calc/install/rpm_speed_calc/lib/rpm_speed_calc/publishrmp" to ""
[40.534s] -- Installing: /home/robot/ros_workspaces/first_project/src/rpm_speed_calc/install/rpm_speed_calc/lib/rpm_speed_calc/subscriber
[40.556s] -- Set runtime path of "/home/robot/ros_workspaces/first_project/src/rpm_speed_calc/install/rpm_speed_calc/lib/rpm_speed_calc/subscriber" to ""
[40.557s] -- Installing: /home/robot/ros_workspaces/first_project/src/rpm_speed_calc/install/rpm_speed_calc/lib/rpm_speed_calc/publishspeed
[40.582s] -- Set runtime path of "/home/robot/ros_workspaces/first_project/src/rpm_speed_calc/install/rpm_speed_calc/lib/rpm_speed_calc/publishspeed" to ""
[40.583s] -- Up-to-date: /home/robot/ros_workspaces/first_project/src/rpm_speed_calc/install/rpm_speed_calc/share/ament_index/resource_index/package_run_dependencies/rpm_speed_calc
[40.584s] -- Up-to-date: /home/robot/ros_workspaces/first_project/src/rpm_speed_calc/install/rpm_speed_calc/share/ament_index/resource_index/parent_prefix_path/rpm_speed_calc
[40.584s] -- Up-to-date: /home/robot/ros_workspaces/first_project/src/rpm_speed_calc/install/rpm_speed_calc/share/rpm_speed_calc/environment/ament_prefix_path.sh
[40.585s] -- Up-to-date: /home/robot/ros_workspaces/first_project/src/rpm_speed_calc/install/rpm_speed_calc/share/rpm_speed_calc/environment/ament_prefix_path.dsv
[40.585s] -- Up-to-date: /home/robot/ros_workspaces/first_project/src/rpm_speed_calc/install/rpm_speed_calc/share/rpm_speed_calc/environment/path.sh
[40.586s] -- Up-to-date: /home/robot/ros_workspaces/first_project/src/rpm_speed_calc/install/rpm_speed_calc/share/rpm_speed_calc/environment/path.dsv
[40.587s] -- Up-to-date: /home/robot/ros_workspaces/first_project/src/rpm_speed_calc/install/rpm_speed_calc/share/rpm_speed_calc/local_setup.bash
[40.588s] -- Up-to-date: /home/robot/ros_workspaces/first_project/src/rpm_speed_calc/install/rpm_speed_calc/share/rpm_speed_calc/local_setup.sh
[40.588s] -- Up-to-date: /home/robot/ros_workspaces/first_project/src/rpm_speed_calc/install/rpm_speed_calc/share/rpm_speed_calc/local_setup.zsh
[40.589s] -- Up-to-date: /home/robot/ros_workspaces/first_project/src/rpm_speed_calc/install/rpm_speed_calc/share/rpm_speed_calc/local_setup.dsv
[40.590s] -- Installing: /home/robot/ros_workspaces/first_project/src/rpm_speed_calc/install/rpm_speed_calc/share/rpm_speed_calc/package.dsv
[40.590s] -- Up-to-date: /home/robot/ros_workspaces/first_project/src/rpm_speed_calc/install/rpm_speed_calc/share/ament_index/resource_index/packages/rpm_speed_calc
[40.592s] -- Up-to-date: /home/robot/ros_workspaces/first_project/src/rpm_speed_calc/install/rpm_speed_calc/share/rpm_speed_calc/cmake/rpm_speed_calcConfig.cmake
[40.595s] -- Up-to-date: /home/robot/ros_workspaces/first_project/src/rpm_speed_calc/install/rpm_speed_calc/share/rpm_speed_calc/cmake/rpm_speed_calcConfig-version.cmake
[40.595s] -- Up-to-date: /home/robot/ros_workspaces/first_project/src/rpm_speed_calc/install/rpm_speed_calc/share/rpm_speed_calc/package.xml
[40.596s] Invoked command in '/home/robot/ros_workspaces/first_project/src/rpm_speed_calc/build/rpm_speed_calc' returned '0': CMAKE_PREFIX_PATH=${CMAKE_PREFIX_PATH}:/opt/ros/humble /usr/bin/cmake --install /home/robot/ros_workspaces/first_project/src/rpm_speed_calc/build/rpm_speed_calc
