[0.045s] Invoking command in '/home/robot/ros_workspaces/project2/build/firstservicepkg': CMAKE_PREFIX_PATH=/opt/ros/humble /usr/bin/cmake --build /home/robot/ros_workspaces/project2/build/firstservicepkg -- -j4 -l4
[0.272s] [  2%] Built target firstservicepkg__cpp
[0.307s] [  5%] [32mBuilding CXX object CMakeFiles/turn_camera_Client.dir/src/turn_camera_Client.cpp.o[0m
[0.324s] [ 14%] Built target firstservicepkg__rosidl_generator_c
[0.345s] [ 14%] Built target ament_cmake_python_copy_firstservicepkg
[0.363s] [35m[1mConsolidate compiler generated dependencies of target turn_camera_Server[0m
[0.462s] [ 17%] [32mBuilding CXX object CMakeFiles/turn_camera_Server.dir/src/turn_camera_Server.cpp.o[0m
[0.479s] [ 25%] Built target firstservicepkg__rosidl_typesupport_cpp
[0.504s] [ 34%] Built target firstservicepkg__rosidl_typesupport_fastrtps_c
[0.661s] [ 42%] Built target firstservicepkg__rosidl_typesupport_fastrtps_cpp
[0.682s] [ 51%] Built target firstservicepkg__rosidl_typesupport_introspection_c
[0.841s] [ 60%] Built target firstservicepkg__rosidl_typesupport_c
[0.888s] [ 68%] Built target firstservicepkg__rosidl_typesupport_introspection_cpp
[1.082s] [ 68%] Built target firstservicepkg
[1.320s] [ 71%] Built target firstservicepkg__py
[1.569s] [ 77%] Built target firstservicepkg__rosidl_generator_py
[1.820s] [ 82%] Built target firstservicepkg__rosidl_typesupport_fastrtps_c__pyext
[1.976s] [ 88%] Built target firstservicepkg__rosidl_typesupport_introspection_c__pyext
[2.021s] [35m[1mConsolidate compiler generated dependencies of target firstservicepkg__rosidl_typesupport_c__pyext[0m
[2.086s] [ 94%] Built target firstservicepkg__rosidl_typesupport_c__pyext
[2.442s] running egg_info
[2.447s] writing firstservicepkg.egg-info/PKG-INFO
[2.448s] writing dependency_links to firstservicepkg.egg-info/dependency_links.txt
[2.450s] writing top-level names to firstservicepkg.egg-info/top_level.txt
[2.460s] reading manifest file 'firstservicepkg.egg-info/SOURCES.txt'
[2.463s] writing manifest file 'firstservicepkg.egg-info/SOURCES.txt'
[2.604s] [ 94%] Built target ament_cmake_python_build_firstservicepkg_egg
[5.576s] [01m[K/home/robot/ros_workspaces/project2/firstservicepkg/src/turn_camera_Client.cpp:17:18:[m[K [01;31m[Kerror: [m[K‘[01m[KImage[m[K’ in namespace ‘[01m[Ksensor_msgs[m[K’ does not name a type
[5.577s]    17 |     sensor_msgs::[01;31m[KImage[m[K camera_image;
[5.577s]       |                  [01;31m[K^~~~~[m[K
[5.582s] [01m[K/home/robot/ros_workspaces/project2/firstservicepkg/src/turn_camera_Client.cpp:[m[K In function ‘[01m[Kbool getCameraImage(const TurnCameraRequest&, TurnCameraResponse&)[m[K’:
[5.582s] [01m[K/home/robot/ros_workspaces/project2/firstservicepkg/src/turn_camera_Client.cpp:46:18:[m[K [01;31m[Kerror: [m[K‘[01m[KImagePtr[m[K’ is not a member of ‘[01m[Ksensor_msgs[m[K’
[5.583s]    46 |     sensor_msgs::[01;31m[KImagePtr[m[K img_ptr = cv_bridge::CvImage(std_msgs::Header(), "bgr8", image).toImageMsg();
[5.583s]       |                  [01;31m[K^~~~~~~~[m[K
[5.587s] [01m[K/home/robot/ros_workspaces/project2/firstservicepkg/src/turn_camera_Client.cpp:48:9:[m[K [01;31m[Kerror: [m[K‘[01m[Kstruct TurnCameraResponse[m[K’ has no member named ‘[01m[Kcamera_image[m[K’
[5.587s]    48 |     res.[01;31m[Kcamera_image[m[K = *img_ptr;
[5.595s]       |         [01;31m[K^~~~~~~~~~~~[m[K
[5.597s] [01m[K/home/robot/ros_workspaces/project2/firstservicepkg/src/turn_camera_Client.cpp:48:25:[m[K [01;31m[Kerror: [m[K‘[01m[Kimg_ptr[m[K’ was not declared in this scope
[5.598s]    48 |     res.camera_image = *[01;31m[Kimg_ptr[m[K;
[5.598s]       |                         [01;31m[K^~~~~~~[m[K
[5.616s] [01m[K/home/robot/ros_workspaces/project2/firstservicepkg/src/turn_camera_Client.cpp:[m[K In function ‘[01m[Kint main(int, char**)[m[K’:
[5.616s] [01m[K/home/robot/ros_workspaces/project2/firstservicepkg/src/turn_camera_Client.cpp:84:46:[m[K [01;31m[Kerror: [m[K‘[01m[Kstruct TurnCameraResponse[m[K’ has no member named ‘[01m[Kcamera_image[m[K’
[5.617s]    84 |             cv_ptr = cv_bridge::toCvCopy(res.[01;31m[Kcamera_image[m[K, sensor_msgs::image_encodings::BGR8);
[5.618s]       |                                              [01;31m[K^~~~~~~~~~~~[m[K
[5.619s] [01m[K/home/robot/ros_workspaces/project2/firstservicepkg/src/turn_camera_Client.cpp:53:14:[m[K [01;35m[Kwarning: [m[Kunused parameter ‘[01m[Kargc[m[K’ [[01;35m[K]8;;https://gcc.gnu.org/onlinedocs/gcc/Warning-Options.html#index-Wunused-parameter-Wunused-parameter]8;;[m[K]
[5.619s]    53 | int main([01;35m[Kint argc[m[K, char **argv)
[5.620s]       |          [01;35m[K~~~~^~~~[m[K
[6.053s] [01m[K/home/robot/ros_workspaces/project2/firstservicepkg/src/turn_camera_Server.cpp:18:18:[m[K [01;31m[Kerror: [m[K‘[01m[KImage[m[K’ in namespace ‘[01m[Ksensor_msgs[m[K’ does not name a type
[6.054s]    18 |     sensor_msgs::[01;31m[KImage[m[K camera_image;
[6.055s]       |                  [01;31m[K^~~~~[m[K
[6.060s] [01m[K/home/robot/ros_workspaces/project2/firstservicepkg/src/turn_camera_Server.cpp:[m[K In function ‘[01m[Kbool getCameraImage(const TurnCameraRequest&, TurnCameraResponse&)[m[K’:
[6.060s] [01m[K/home/robot/ros_workspaces/project2/firstservicepkg/src/turn_camera_Server.cpp:47:18:[m[K [01;31m[Kerror: [m[K‘[01m[KImagePtr[m[K’ is not a member of ‘[01m[Ksensor_msgs[m[K’
[6.061s]    47 |     sensor_msgs::[01;31m[KImagePtr[m[K img_ptr = cv_bridge::CvImage(std_msgs::Header(), "bgr8", image).toImageMsg();
[6.061s]       |                  [01;31m[K^~~~~~~~[m[K
[6.062s] [01m[K/home/robot/ros_workspaces/project2/firstservicepkg/src/turn_camera_Server.cpp:49:9:[m[K [01;31m[Kerror: [m[K‘[01m[Kstruct TurnCameraResponse[m[K’ has no member named ‘[01m[Kcamera_image[m[K’
[6.063s]    49 |     res.[01;31m[Kcamera_image[m[K = *img_ptr;
[6.063s]       |         [01;31m[K^~~~~~~~~~~~[m[K
[6.084s] [01m[K/home/robot/ros_workspaces/project2/firstservicepkg/src/turn_camera_Server.cpp:49:25:[m[K [01;31m[Kerror: [m[K‘[01m[Kimg_ptr[m[K’ was not declared in this scope
[6.084s]    49 |     res.camera_image = *[01;31m[Kimg_ptr[m[K;
[6.085s]       |                         [01;31m[K^~~~~~~[m[K
[6.094s] [01m[K/home/robot/ros_workspaces/project2/firstservicepkg/src/turn_camera_Server.cpp:[m[K In function ‘[01m[Kint main(int, char**)[m[K’:
[6.095s] [01m[K/home/robot/ros_workspaces/project2/firstservicepkg/src/turn_camera_Server.cpp:54:14:[m[K [01;35m[Kwarning: [m[Kunused parameter ‘[01m[Kargc[m[K’ [[01;35m[K]8;;https://gcc.gnu.org/onlinedocs/gcc/Warning-Options.html#index-Wunused-parameter-Wunused-parameter]8;;[m[K]
[6.096s]    54 | int main([01;35m[Kint argc[m[K, char **argv)
[6.096s]       |          [01;35m[K~~~~^~~~[m[K
[6.201s] gmake[2]: *** [CMakeFiles/turn_camera_Client.dir/build.make:76: CMakeFiles/turn_camera_Client.dir/src/turn_camera_Client.cpp.o] Error 1
[6.201s] gmake[1]: *** [CMakeFiles/Makefile2:594: CMakeFiles/turn_camera_Client.dir/all] Error 2
[6.201s] gmake[1]: *** Waiting for unfinished jobs....
[6.671s] gmake[2]: *** [CMakeFiles/turn_camera_Server.dir/build.make:76: CMakeFiles/turn_camera_Server.dir/src/turn_camera_Server.cpp.o] Error 1
[6.673s] gmake[1]: *** [CMakeFiles/Makefile2:620: CMakeFiles/turn_camera_Server.dir/all] Error 2
[6.674s] gmake: *** [Makefile:146: all] Error 2
[6.685s] Invoked command in '/home/robot/ros_workspaces/project2/build/firstservicepkg' returned '2': CMAKE_PREFIX_PATH=/opt/ros/humble /usr/bin/cmake --build /home/robot/ros_workspaces/project2/build/firstservicepkg -- -j4 -l4
