[0.045s] Invoking command in '/home/robot/ros_workspaces/project2/build/firstservicepkg': CMAKE_PREFIX_PATH=${CMAKE_PREFIX_PATH}:/opt/ros/humble /usr/bin/cmake --build /home/robot/ros_workspaces/project2/build/firstservicepkg -- -j4 -l4
[0.263s] [  2%] Built target firstservicepkg__cpp
[0.300s] [ 11%] Built target firstservicepkg__rosidl_generator_c
[0.334s] [ 11%] Built target ament_cmake_python_copy_firstservicepkg
[0.407s] [ 20%] Built target firstservicepkg__rosidl_typesupport_fastrtps_cpp
[0.433s] [ 28%] Built target firstservicepkg__rosidl_typesupport_cpp
[0.447s] [ 37%] Built target firstservicepkg__rosidl_typesupport_introspection_cpp
[0.498s] [ 45%] Built target firstservicepkg__rosidl_typesupport_fastrtps_c
[0.561s] [ 54%] Built target firstservicepkg__rosidl_typesupport_introspection_c
[0.570s] [ 62%] Built target firstservicepkg__rosidl_typesupport_c
[0.637s] [35m[1mConsolidate compiler generated dependencies of target turn_camera_client[0m
[0.670s] [ 65%] [32mBuilding CXX object CMakeFiles/turn_camera_service.dir/src/turn_camera_service.cpp.o[0m
[0.744s] [ 65%] Built target firstservicepkg
[0.862s] [ 71%] Built target turn_camera_client
[0.943s] [ 74%] Built target firstservicepkg__py
[1.069s] [ 80%] Built target firstservicepkg__rosidl_generator_py
[1.305s] [ 85%] Built target firstservicepkg__rosidl_typesupport_introspection_c__pyext
[1.315s] [ 91%] Built target firstservicepkg__rosidl_typesupport_fastrtps_c__pyext
[1.402s] [ 97%] Built target firstservicepkg__rosidl_typesupport_c__pyext
[2.179s] running egg_info
[2.185s] writing firstservicepkg.egg-info/PKG-INFO
[2.188s] writing dependency_links to firstservicepkg.egg-info/dependency_links.txt
[2.191s] writing top-level names to firstservicepkg.egg-info/top_level.txt
[2.202s] reading manifest file 'firstservicepkg.egg-info/SOURCES.txt'
[2.207s] writing manifest file 'firstservicepkg.egg-info/SOURCES.txt'
[2.339s] [ 97%] Built target ament_cmake_python_build_firstservicepkg_egg
[19.608s] [100%] [32m[1mLinking CXX executable turn_camera_service[0m
[21.632s] [100%] Built target turn_camera_service
[21.709s] Invoked command in '/home/robot/ros_workspaces/project2/build/firstservicepkg' returned '0': CMAKE_PREFIX_PATH=${CMAKE_PREFIX_PATH}:/opt/ros/humble /usr/bin/cmake --build /home/robot/ros_workspaces/project2/build/firstservicepkg -- -j4 -l4
[22.080s] Invoking command in '/home/robot/ros_workspaces/project2/build/firstservicepkg': CMAKE_PREFIX_PATH=${CMAKE_PREFIX_PATH}:/opt/ros/humble /usr/bin/cmake --install /home/robot/ros_workspaces/project2/build/firstservicepkg
[22.121s] -- Install configuration: ""
[22.123s] -- Up-to-date: /home/robot/ros_workspaces/project2/install/firstservicepkg/share/ament_index/resource_index/rosidl_interfaces/firstservicepkg
[22.125s] -- Up-to-date: /home/robot/ros_workspaces/project2/install/firstservicepkg/include/firstservicepkg/firstservicepkg
[22.128s] -- Up-to-date: /home/robot/ros_workspaces/project2/install/firstservicepkg/include/firstservicepkg/firstservicepkg/msg
[22.131s] -- Up-to-date: /home/robot/ros_workspaces/project2/install/firstservicepkg/include/firstservicepkg/firstservicepkg/msg/rosidl_generator_c__visibility_control.h
[22.133s] -- Up-to-date: /home/robot/ros_workspaces/project2/install/firstservicepkg/include/firstservicepkg/firstservicepkg/srv
[22.135s] -- Up-to-date: /home/robot/ros_workspaces/project2/install/firstservicepkg/include/firstservicepkg/firstservicepkg/srv/camera_angle.h
[22.136s] -- Up-to-date: /home/robot/ros_workspaces/project2/install/firstservicepkg/include/firstservicepkg/firstservicepkg/srv/turn_camera.h
[22.137s] -- Up-to-date: /home/robot/ros_workspaces/project2/install/firstservicepkg/include/firstservicepkg/firstservicepkg/srv/detail
[22.137s] -- Up-to-date: /home/robot/ros_workspaces/project2/install/firstservicepkg/include/firstservicepkg/firstservicepkg/srv/detail/turn_camera__functions.c
[22.138s] -- Up-to-date: /home/robot/ros_workspaces/project2/install/firstservicepkg/include/firstservicepkg/firstservicepkg/srv/detail/camera_angle__functions.c
[22.138s] -- Up-to-date: /home/robot/ros_workspaces/project2/install/firstservicepkg/include/firstservicepkg/firstservicepkg/srv/detail/camera_angle__functions.h
[22.139s] -- Up-to-date: /home/robot/ros_workspaces/project2/install/firstservicepkg/include/firstservicepkg/firstservicepkg/srv/detail/turn_camera__type_support.h
[22.139s] -- Up-to-date: /home/robot/ros_workspaces/project2/install/firstservicepkg/include/firstservicepkg/firstservicepkg/srv/detail/turn_camera__functions.h
[22.141s] -- Up-to-date: /home/robot/ros_workspaces/project2/install/firstservicepkg/include/firstservicepkg/firstservicepkg/srv/detail/camera_angle__struct.h
[22.142s] -- Up-to-date: /home/robot/ros_workspaces/project2/install/firstservicepkg/include/firstservicepkg/firstservicepkg/srv/detail/camera_angle__type_support.h
[22.143s] -- Up-to-date: /home/robot/ros_workspaces/project2/install/firstservicepkg/include/firstservicepkg/firstservicepkg/srv/detail/turn_camera__struct.h
[22.145s] -- Up-to-date: /home/robot/ros_workspaces/project2/install/firstservicepkg/share/firstservicepkg/environment/library_path.sh
[22.145s] -- Up-to-date: /home/robot/ros_workspaces/project2/install/firstservicepkg/share/firstservicepkg/environment/library_path.dsv
[22.147s] -- Up-to-date: /home/robot/ros_workspaces/project2/install/firstservicepkg/lib/libfirstservicepkg__rosidl_generator_c.so
[22.149s] -- Up-to-date: /home/robot/ros_workspaces/project2/install/firstservicepkg/include/firstservicepkg/firstservicepkg
[22.150s] -- Up-to-date: /home/robot/ros_workspaces/project2/install/firstservicepkg/include/firstservicepkg/firstservicepkg/msg
[22.151s] -- Up-to-date: /home/robot/ros_workspaces/project2/install/firstservicepkg/include/firstservicepkg/firstservicepkg/msg/rosidl_typesupport_fastrtps_c__visibility_control.h
[22.153s] -- Up-to-date: /home/robot/ros_workspaces/project2/install/firstservicepkg/include/firstservicepkg/firstservicepkg/srv
[22.153s] -- Up-to-date: /home/robot/ros_workspaces/project2/install/firstservicepkg/include/firstservicepkg/firstservicepkg/srv/detail
[22.154s] -- Up-to-date: /home/robot/ros_workspaces/project2/install/firstservicepkg/include/firstservicepkg/firstservicepkg/srv/detail/turn_camera__rosidl_typesupport_fastrtps_c.h
[22.156s] -- Up-to-date: /home/robot/ros_workspaces/project2/install/firstservicepkg/include/firstservicepkg/firstservicepkg/srv/detail/camera_angle__rosidl_typesupport_fastrtps_c.h
[22.156s] -- Up-to-date: /home/robot/ros_workspaces/project2/install/firstservicepkg/lib/libfirstservicepkg__rosidl_typesupport_fastrtps_c.so
[22.158s] -- Up-to-date: /home/robot/ros_workspaces/project2/install/firstservicepkg/include/firstservicepkg/firstservicepkg
[22.159s] -- Up-to-date: /home/robot/ros_workspaces/project2/install/firstservicepkg/include/firstservicepkg/firstservicepkg/srv
[22.160s] -- Up-to-date: /home/robot/ros_workspaces/project2/install/firstservicepkg/include/firstservicepkg/firstservicepkg/srv/camera_angle.hpp
[22.161s] -- Up-to-date: /home/robot/ros_workspaces/project2/install/firstservicepkg/include/firstservicepkg/firstservicepkg/srv/turn_camera.hpp
[22.161s] -- Up-to-date: /home/robot/ros_workspaces/project2/install/firstservicepkg/include/firstservicepkg/firstservicepkg/srv/detail
[22.164s] -- Up-to-date: /home/robot/ros_workspaces/project2/install/firstservicepkg/include/firstservicepkg/firstservicepkg/srv/detail/turn_camera__struct.hpp
[22.167s] -- Up-to-date: /home/robot/ros_workspaces/project2/install/firstservicepkg/include/firstservicepkg/firstservicepkg/srv/detail/turn_camera__traits.hpp
[22.171s] -- Up-to-date: /home/robot/ros_workspaces/project2/install/firstservicepkg/include/firstservicepkg/firstservicepkg/srv/detail/camera_angle__traits.hpp
[22.173s] -- Up-to-date: /home/robot/ros_workspaces/project2/install/firstservicepkg/include/firstservicepkg/firstservicepkg/srv/detail/camera_angle__builder.hpp
[22.176s] -- Up-to-date: /home/robot/ros_workspaces/project2/install/firstservicepkg/include/firstservicepkg/firstservicepkg/srv/detail/turn_camera__builder.hpp
[22.179s] -- Up-to-date: /home/robot/ros_workspaces/project2/install/firstservicepkg/include/firstservicepkg/firstservicepkg/srv/detail/camera_angle__struct.hpp
[22.184s] -- Up-to-date: /home/robot/ros_workspaces/project2/install/firstservicepkg/include/firstservicepkg/firstservicepkg
[22.186s] -- Up-to-date: /home/robot/ros_workspaces/project2/install/firstservicepkg/include/firstservicepkg/firstservicepkg/msg
[22.189s] -- Up-to-date: /home/robot/ros_workspaces/project2/install/firstservicepkg/include/firstservicepkg/firstservicepkg/msg/rosidl_typesupport_fastrtps_cpp__visibility_control.h
[22.190s] -- Up-to-date: /home/robot/ros_workspaces/project2/install/firstservicepkg/include/firstservicepkg/firstservicepkg/srv
[22.190s] -- Up-to-date: /home/robot/ros_workspaces/project2/install/firstservicepkg/include/firstservicepkg/firstservicepkg/srv/detail
[22.190s] -- Up-to-date: /home/robot/ros_workspaces/project2/install/firstservicepkg/include/firstservicepkg/firstservicepkg/srv/detail/camera_angle__rosidl_typesupport_fastrtps_cpp.hpp
[22.191s] -- Up-to-date: /home/robot/ros_workspaces/project2/install/firstservicepkg/include/firstservicepkg/firstservicepkg/srv/detail/turn_camera__rosidl_typesupport_fastrtps_cpp.hpp
[22.191s] -- Up-to-date: /home/robot/ros_workspaces/project2/install/firstservicepkg/include/firstservicepkg/firstservicepkg/srv/detail/dds_fastrtps
[22.192s] -- Up-to-date: /home/robot/ros_workspaces/project2/install/firstservicepkg/lib/libfirstservicepkg__rosidl_typesupport_fastrtps_cpp.so
[22.192s] -- Up-to-date: /home/robot/ros_workspaces/project2/install/firstservicepkg/include/firstservicepkg/firstservicepkg
[22.192s] -- Up-to-date: /home/robot/ros_workspaces/project2/install/firstservicepkg/include/firstservicepkg/firstservicepkg/msg
[22.193s] -- Up-to-date: /home/robot/ros_workspaces/project2/install/firstservicepkg/include/firstservicepkg/firstservicepkg/msg/rosidl_typesupport_introspection_c__visibility_control.h
[22.193s] -- Up-to-date: /home/robot/ros_workspaces/project2/install/firstservicepkg/include/firstservicepkg/firstservicepkg/srv
[22.194s] -- Up-to-date: /home/robot/ros_workspaces/project2/install/firstservicepkg/include/firstservicepkg/firstservicepkg/srv/detail
[22.194s] -- Up-to-date: /home/robot/ros_workspaces/project2/install/firstservicepkg/include/firstservicepkg/firstservicepkg/srv/detail/turn_camera__rosidl_typesupport_introspection_c.h
[22.194s] -- Up-to-date: /home/robot/ros_workspaces/project2/install/firstservicepkg/include/firstservicepkg/firstservicepkg/srv/detail/camera_angle__rosidl_typesupport_introspection_c.h
[22.195s] -- Up-to-date: /home/robot/ros_workspaces/project2/install/firstservicepkg/include/firstservicepkg/firstservicepkg/srv/detail/camera_angle__type_support.c
[22.195s] -- Up-to-date: /home/robot/ros_workspaces/project2/install/firstservicepkg/include/firstservicepkg/firstservicepkg/srv/detail/turn_camera__type_support.c
[22.195s] -- Up-to-date: /home/robot/ros_workspaces/project2/install/firstservicepkg/lib/libfirstservicepkg__rosidl_typesupport_introspection_c.so
[22.196s] -- Up-to-date: /home/robot/ros_workspaces/project2/install/firstservicepkg/lib/libfirstservicepkg__rosidl_typesupport_c.so
[22.196s] -- Up-to-date: /home/robot/ros_workspaces/project2/install/firstservicepkg/include/firstservicepkg/firstservicepkg
[22.197s] -- Up-to-date: /home/robot/ros_workspaces/project2/install/firstservicepkg/include/firstservicepkg/firstservicepkg/srv
[22.197s] -- Up-to-date: /home/robot/ros_workspaces/project2/install/firstservicepkg/include/firstservicepkg/firstservicepkg/srv/detail
[22.197s] -- Up-to-date: /home/robot/ros_workspaces/project2/install/firstservicepkg/include/firstservicepkg/firstservicepkg/srv/detail/camera_angle__type_support.cpp
[22.198s] -- Up-to-date: /home/robot/ros_workspaces/project2/install/firstservicepkg/include/firstservicepkg/firstservicepkg/srv/detail/turn_camera__rosidl_typesupport_introspection_cpp.hpp
[22.198s] -- Up-to-date: /home/robot/ros_workspaces/project2/install/firstservicepkg/include/firstservicepkg/firstservicepkg/srv/detail/turn_camera__type_support.cpp
[22.199s] -- Up-to-date: /home/robot/ros_workspaces/project2/install/firstservicepkg/include/firstservicepkg/firstservicepkg/srv/detail/camera_angle__rosidl_typesupport_introspection_cpp.hpp
[22.199s] -- Up-to-date: /home/robot/ros_workspaces/project2/install/firstservicepkg/lib/libfirstservicepkg__rosidl_typesupport_introspection_cpp.so
[22.199s] -- Up-to-date: /home/robot/ros_workspaces/project2/install/firstservicepkg/lib/libfirstservicepkg__rosidl_typesupport_cpp.so
[22.200s] -- Up-to-date: /home/robot/ros_workspaces/project2/install/firstservicepkg/share/firstservicepkg/environment/pythonpath.sh
[22.209s] -- Up-to-date: /home/robot/ros_workspaces/project2/install/firstservicepkg/share/firstservicepkg/environment/pythonpath.dsv
[22.209s] -- Up-to-date: /home/robot/ros_workspaces/project2/install/firstservicepkg/local/lib/python3.10/dist-packages/firstservicepkg-0.0.0-py3.10.egg-info
[22.210s] -- Installing: /home/robot/ros_workspaces/project2/install/firstservicepkg/local/lib/python3.10/dist-packages/firstservicepkg-0.0.0-py3.10.egg-info/PKG-INFO
[22.210s] -- Installing: /home/robot/ros_workspaces/project2/install/firstservicepkg/local/lib/python3.10/dist-packages/firstservicepkg-0.0.0-py3.10.egg-info/dependency_links.txt
[22.211s] -- Installing: /home/robot/ros_workspaces/project2/install/firstservicepkg/local/lib/python3.10/dist-packages/firstservicepkg-0.0.0-py3.10.egg-info/top_level.txt
[22.211s] -- Installing: /home/robot/ros_workspaces/project2/install/firstservicepkg/local/lib/python3.10/dist-packages/firstservicepkg-0.0.0-py3.10.egg-info/SOURCES.txt
[22.216s] -- Up-to-date: /home/robot/ros_workspaces/project2/install/firstservicepkg/local/lib/python3.10/dist-packages/firstservicepkg
[22.225s] -- Up-to-date: /home/robot/ros_workspaces/project2/install/firstservicepkg/local/lib/python3.10/dist-packages/firstservicepkg/firstservicepkg_s__rosidl_typesupport_introspection_c.cpython-310-x86_64-linux-gnu.so
[22.228s] -- Up-to-date: /home/robot/ros_workspaces/project2/install/firstservicepkg/local/lib/python3.10/dist-packages/firstservicepkg/__init__.py
[22.232s] -- Up-to-date: /home/robot/ros_workspaces/project2/install/firstservicepkg/local/lib/python3.10/dist-packages/firstservicepkg/libfirstservicepkg__rosidl_generator_py.so
[22.235s] -- Up-to-date: /home/robot/ros_workspaces/project2/install/firstservicepkg/local/lib/python3.10/dist-packages/firstservicepkg/srv
[22.239s] -- Up-to-date: /home/robot/ros_workspaces/project2/install/firstservicepkg/local/lib/python3.10/dist-packages/firstservicepkg/srv/_turn_camera.py
[22.242s] -- Up-to-date: /home/robot/ros_workspaces/project2/install/firstservicepkg/local/lib/python3.10/dist-packages/firstservicepkg/srv/_camera_angle.py
[22.246s] -- Up-to-date: /home/robot/ros_workspaces/project2/install/firstservicepkg/local/lib/python3.10/dist-packages/firstservicepkg/srv/__init__.py
[22.250s] -- Up-to-date: /home/robot/ros_workspaces/project2/install/firstservicepkg/local/lib/python3.10/dist-packages/firstservicepkg/srv/_turn_camera_s.c
[22.254s] -- Up-to-date: /home/robot/ros_workspaces/project2/install/firstservicepkg/local/lib/python3.10/dist-packages/firstservicepkg/srv/_camera_angle_s.c
[22.257s] -- Up-to-date: /home/robot/ros_workspaces/project2/install/firstservicepkg/local/lib/python3.10/dist-packages/firstservicepkg/firstservicepkg_s__rosidl_typesupport_c.cpython-310-x86_64-linux-gnu.so
[22.260s] -- Up-to-date: /home/robot/ros_workspaces/project2/install/firstservicepkg/local/lib/python3.10/dist-packages/firstservicepkg/_firstservicepkg_s.ep.rosidl_typesupport_introspection_c.c
[22.263s] -- Up-to-date: /home/robot/ros_workspaces/project2/install/firstservicepkg/local/lib/python3.10/dist-packages/firstservicepkg/_firstservicepkg_s.ep.rosidl_typesupport_fastrtps_c.c
[22.266s] -- Up-to-date: /home/robot/ros_workspaces/project2/install/firstservicepkg/local/lib/python3.10/dist-packages/firstservicepkg/_firstservicepkg_s.ep.rosidl_typesupport_c.c
[22.269s] -- Up-to-date: /home/robot/ros_workspaces/project2/install/firstservicepkg/local/lib/python3.10/dist-packages/firstservicepkg/firstservicepkg_s__rosidl_typesupport_fastrtps_c.cpython-310-x86_64-linux-gnu.so
[22.335s] Listing '/home/robot/ros_workspaces/project2/install/firstservicepkg/local/lib/python3.10/dist-packages/firstservicepkg'...
[22.336s] Listing '/home/robot/ros_workspaces/project2/install/firstservicepkg/local/lib/python3.10/dist-packages/firstservicepkg/srv'...
[22.365s] -- Up-to-date: /home/robot/ros_workspaces/project2/install/firstservicepkg/local/lib/python3.10/dist-packages/firstservicepkg/firstservicepkg_s__rosidl_typesupport_fastrtps_c.cpython-310-x86_64-linux-gnu.so
[22.365s] -- Up-to-date: /home/robot/ros_workspaces/project2/install/firstservicepkg/local/lib/python3.10/dist-packages/firstservicepkg/firstservicepkg_s__rosidl_typesupport_introspection_c.cpython-310-x86_64-linux-gnu.so
[22.366s] -- Up-to-date: /home/robot/ros_workspaces/project2/install/firstservicepkg/local/lib/python3.10/dist-packages/firstservicepkg/firstservicepkg_s__rosidl_typesupport_c.cpython-310-x86_64-linux-gnu.so
[22.366s] -- Up-to-date: /home/robot/ros_workspaces/project2/install/firstservicepkg/lib/libfirstservicepkg__rosidl_generator_py.so
[22.366s] -- Up-to-date: /home/robot/ros_workspaces/project2/install/firstservicepkg/share/firstservicepkg/srv/TurnCamera.idl
[22.367s] -- Up-to-date: /home/robot/ros_workspaces/project2/install/firstservicepkg/share/firstservicepkg/srv/TurnCamera.srv
[22.367s] -- Up-to-date: /home/robot/ros_workspaces/project2/install/firstservicepkg/share/firstservicepkg/srv/TurnCamera_Request.msg
[22.367s] -- Up-to-date: /home/robot/ros_workspaces/project2/install/firstservicepkg/share/firstservicepkg/srv/TurnCamera_Response.msg
[22.375s] -- Installing: /home/robot/ros_workspaces/project2/install/firstservicepkg/lib/firstservicepkg/turn_camera_service
[22.376s] -- Set runtime path of "/home/robot/ros_workspaces/project2/install/firstservicepkg/lib/firstservicepkg/turn_camera_service" to ""
[22.378s] -- Up-to-date: /home/robot/ros_workspaces/project2/install/firstservicepkg/lib/firstservicepkg/turn_camera_client
[22.380s] -- Up-to-date: /home/robot/ros_workspaces/project2/install/firstservicepkg/share/firstservicepkg//launch
[22.381s] -- Up-to-date: /home/robot/ros_workspaces/project2/install/firstservicepkg/share/ament_index/resource_index/package_run_dependencies/firstservicepkg
[22.382s] -- Up-to-date: /home/robot/ros_workspaces/project2/install/firstservicepkg/share/ament_index/resource_index/parent_prefix_path/firstservicepkg
[22.383s] -- Up-to-date: /home/robot/ros_workspaces/project2/install/firstservicepkg/share/firstservicepkg/environment/ament_prefix_path.sh
[22.384s] -- Up-to-date: /home/robot/ros_workspaces/project2/install/firstservicepkg/share/firstservicepkg/environment/ament_prefix_path.dsv
[22.386s] -- Up-to-date: /home/robot/ros_workspaces/project2/install/firstservicepkg/share/firstservicepkg/environment/path.sh
[22.387s] -- Up-to-date: /home/robot/ros_workspaces/project2/install/firstservicepkg/share/firstservicepkg/environment/path.dsv
[22.388s] -- Up-to-date: /home/robot/ros_workspaces/project2/install/firstservicepkg/share/firstservicepkg/local_setup.bash
[22.389s] -- Up-to-date: /home/robot/ros_workspaces/project2/install/firstservicepkg/share/firstservicepkg/local_setup.sh
[22.390s] -- Up-to-date: /home/robot/ros_workspaces/project2/install/firstservicepkg/share/firstservicepkg/local_setup.zsh
[22.391s] -- Up-to-date: /home/robot/ros_workspaces/project2/install/firstservicepkg/share/firstservicepkg/local_setup.dsv
[22.392s] -- Installing: /home/robot/ros_workspaces/project2/install/firstservicepkg/share/firstservicepkg/package.dsv
[22.394s] -- Up-to-date: /home/robot/ros_workspaces/project2/install/firstservicepkg/share/ament_index/resource_index/packages/firstservicepkg
[22.396s] -- Up-to-date: /home/robot/ros_workspaces/project2/install/firstservicepkg/share/firstservicepkg/cmake/export_firstservicepkg__rosidl_generator_cExport.cmake
[22.397s] -- Up-to-date: /home/robot/ros_workspaces/project2/install/firstservicepkg/share/firstservicepkg/cmake/export_firstservicepkg__rosidl_generator_cExport-noconfig.cmake
[22.398s] -- Up-to-date: /home/robot/ros_workspaces/project2/install/firstservicepkg/share/firstservicepkg/cmake/export_firstservicepkg__rosidl_typesupport_fastrtps_cExport.cmake
[22.399s] -- Up-to-date: /home/robot/ros_workspaces/project2/install/firstservicepkg/share/firstservicepkg/cmake/export_firstservicepkg__rosidl_typesupport_fastrtps_cExport-noconfig.cmake
[22.401s] -- Up-to-date: /home/robot/ros_workspaces/project2/install/firstservicepkg/share/firstservicepkg/cmake/export_firstservicepkg__rosidl_generator_cppExport.cmake
[22.402s] -- Up-to-date: /home/robot/ros_workspaces/project2/install/firstservicepkg/share/firstservicepkg/cmake/export_firstservicepkg__rosidl_typesupport_fastrtps_cppExport.cmake
[22.403s] -- Up-to-date: /home/robot/ros_workspaces/project2/install/firstservicepkg/share/firstservicepkg/cmake/export_firstservicepkg__rosidl_typesupport_fastrtps_cppExport-noconfig.cmake
[22.405s] -- Up-to-date: /home/robot/ros_workspaces/project2/install/firstservicepkg/share/firstservicepkg/cmake/firstservicepkg__rosidl_typesupport_introspection_cExport.cmake
[22.406s] -- Up-to-date: /home/robot/ros_workspaces/project2/install/firstservicepkg/share/firstservicepkg/cmake/firstservicepkg__rosidl_typesupport_introspection_cExport-noconfig.cmake
[22.407s] -- Up-to-date: /home/robot/ros_workspaces/project2/install/firstservicepkg/share/firstservicepkg/cmake/firstservicepkg__rosidl_typesupport_cExport.cmake
[22.409s] -- Up-to-date: /home/robot/ros_workspaces/project2/install/firstservicepkg/share/firstservicepkg/cmake/firstservicepkg__rosidl_typesupport_cExport-noconfig.cmake
[22.410s] -- Up-to-date: /home/robot/ros_workspaces/project2/install/firstservicepkg/share/firstservicepkg/cmake/firstservicepkg__rosidl_typesupport_introspection_cppExport.cmake
[22.411s] -- Up-to-date: /home/robot/ros_workspaces/project2/install/firstservicepkg/share/firstservicepkg/cmake/firstservicepkg__rosidl_typesupport_introspection_cppExport-noconfig.cmake
[22.413s] -- Up-to-date: /home/robot/ros_workspaces/project2/install/firstservicepkg/share/firstservicepkg/cmake/firstservicepkg__rosidl_typesupport_cppExport.cmake
[22.413s] -- Up-to-date: /home/robot/ros_workspaces/project2/install/firstservicepkg/share/firstservicepkg/cmake/firstservicepkg__rosidl_typesupport_cppExport-noconfig.cmake
[22.415s] -- Up-to-date: /home/robot/ros_workspaces/project2/install/firstservicepkg/share/firstservicepkg/cmake/export_firstservicepkg__rosidl_generator_pyExport.cmake
[22.416s] -- Up-to-date: /home/robot/ros_workspaces/project2/install/firstservicepkg/share/firstservicepkg/cmake/export_firstservicepkg__rosidl_generator_pyExport-noconfig.cmake
[22.416s] -- Up-to-date: /home/robot/ros_workspaces/project2/install/firstservicepkg/share/firstservicepkg/cmake/rosidl_cmake-extras.cmake
[22.419s] -- Up-to-date: /home/robot/ros_workspaces/project2/install/firstservicepkg/share/firstservicepkg/cmake/ament_cmake_export_dependencies-extras.cmake
[22.421s] -- Up-to-date: /home/robot/ros_workspaces/project2/install/firstservicepkg/share/firstservicepkg/cmake/ament_cmake_export_include_directories-extras.cmake
[22.422s] -- Up-to-date: /home/robot/ros_workspaces/project2/install/firstservicepkg/share/firstservicepkg/cmake/ament_cmake_export_libraries-extras.cmake
[22.422s] -- Up-to-date: /home/robot/ros_workspaces/project2/install/firstservicepkg/share/firstservicepkg/cmake/ament_cmake_export_targets-extras.cmake
[22.423s] -- Up-to-date: /home/robot/ros_workspaces/project2/install/firstservicepkg/share/firstservicepkg/cmake/rosidl_cmake_export_typesupport_targets-extras.cmake
[22.423s] -- Up-to-date: /home/robot/ros_workspaces/project2/install/firstservicepkg/share/firstservicepkg/cmake/rosidl_cmake_export_typesupport_libraries-extras.cmake
[22.424s] -- Up-to-date: /home/robot/ros_workspaces/project2/install/firstservicepkg/share/firstservicepkg/cmake/firstservicepkgConfig.cmake
[22.424s] -- Up-to-date: /home/robot/ros_workspaces/project2/install/firstservicepkg/share/firstservicepkg/cmake/firstservicepkgConfig-version.cmake
[22.444s] -- Up-to-date: /home/robot/ros_workspaces/project2/install/firstservicepkg/share/firstservicepkg/package.xml
[22.445s] Invoked command in '/home/robot/ros_workspaces/project2/build/firstservicepkg' returned '0': CMAKE_PREFIX_PATH=${CMAKE_PREFIX_PATH}:/opt/ros/humble /usr/bin/cmake --install /home/robot/ros_workspaces/project2/build/firstservicepkg
