[0.483s] DEBUG:colcon:Command line arguments: ['/usr/bin/colcon', 'build']
[0.484s] DEBUG:colcon:Parsed command line arguments: Namespace(log_base=None, log_level=None, verb_name='build', build_base='build', install_base='install', merge_install=False, symlink_install=False, test_result_base=None, continue_on_error=False, executor='parallel', parallel_workers=4, event_handlers=None, ignore_user_meta=False, metas=['./colcon.meta'], base_paths=['.'], packages_ignore=None, packages_ignore_regex=None, paths=None, packages_up_to=None, packages_up_to_regex=None, packages_above=None, packages_above_and_dependencies=None, packages_above_depth=None, packages_select_by_dep=None, packages_skip_by_dep=None, packages_skip_up_to=None, packages_select_build_failed=False, packages_skip_build_finished=False, packages_select_test_failures=False, packages_skip_test_passed=False, packages_select=None, packages_skip=None, packages_select_regex=None, packages_skip_regex=None, packages_start=None, packages_end=None, allow_overriding=[], cmake_args=None, cmake_target=None, cmake_target_skip_unavailable=False, cmake_clean_cache=False, cmake_clean_first=False, cmake_force_configure=False, ament_cmake_args=None, catkin_cmake_args=None, catkin_skip_building_tests=False, verb_parser=<colcon_defaults.argument_parser.defaults.DefaultArgumentsDecorator object at 0x78b96741f220>, verb_extension=<colcon_core.verb.build.BuildVerb object at 0x78b967503e20>, main=<bound method BuildVerb.main of <colcon_core.verb.build.BuildVerb object at 0x78b967503e20>>)
[1.260s] Level 1:colcon.colcon_core.package_discovery:discover_packages(colcon_meta) check parameters
[1.260s] Level 1:colcon.colcon_core.package_discovery:discover_packages(recursive) check parameters
[1.261s] Level 1:colcon.colcon_core.package_discovery:discover_packages(ignore) check parameters
[1.261s] Level 1:colcon.colcon_core.package_discovery:discover_packages(path) check parameters
[1.261s] Level 1:colcon.colcon_core.package_discovery:discover_packages(colcon_meta) discover
[1.261s] Level 1:colcon.colcon_core.package_discovery:discover_packages(recursive) discover
[1.261s] INFO:colcon.colcon_core.package_discovery:Crawling recursively for packages in '/home/robot/ros_workspaces/project2'
[1.262s] Level 1:colcon.colcon_core.package_identification:_identify(.) by extensions ['ignore', 'ignore_ament_install']
[1.262s] Level 1:colcon.colcon_core.package_identification:_identify(.) by extension 'ignore'
[1.263s] Level 1:colcon.colcon_core.package_identification:_identify(.) by extension 'ignore_ament_install'
[1.263s] Level 1:colcon.colcon_core.package_identification:_identify(.) by extensions ['colcon_pkg']
[1.263s] Level 1:colcon.colcon_core.package_identification:_identify(.) by extension 'colcon_pkg'
[1.263s] Level 1:colcon.colcon_core.package_identification:_identify(.) by extensions ['colcon_meta']
[1.263s] Level 1:colcon.colcon_core.package_identification:_identify(.) by extension 'colcon_meta'
[1.264s] Level 1:colcon.colcon_core.package_identification:_identify(.) by extensions ['ros']
[1.264s] Level 1:colcon.colcon_core.package_identification:_identify(.) by extension 'ros'
[1.313s] Level 1:colcon.colcon_core.package_identification:_identify(.) by extensions ['cmake', 'python']
[1.314s] Level 1:colcon.colcon_core.package_identification:_identify(.) by extension 'cmake'
[1.314s] Level 1:colcon.colcon_core.package_identification:_identify(.) by extension 'python'
[1.314s] Level 1:colcon.colcon_core.package_identification:_identify(.) by extensions ['python_setup_py']
[1.314s] Level 1:colcon.colcon_core.package_identification:_identify(.) by extension 'python_setup_py'
[1.315s] Level 1:colcon.colcon_core.package_identification:_identify(build) by extensions ['ignore', 'ignore_ament_install']
[1.315s] Level 1:colcon.colcon_core.package_identification:_identify(build) by extension 'ignore'
[1.316s] Level 1:colcon.colcon_core.package_identification:_identify(build) ignored
[1.316s] Level 1:colcon.colcon_core.package_identification:_identify(firstservicepkg) by extensions ['ignore', 'ignore_ament_install']
[1.317s] Level 1:colcon.colcon_core.package_identification:_identify(firstservicepkg) by extension 'ignore'
[1.317s] Level 1:colcon.colcon_core.package_identification:_identify(firstservicepkg) by extension 'ignore_ament_install'
[1.317s] Level 1:colcon.colcon_core.package_identification:_identify(firstservicepkg) by extensions ['colcon_pkg']
[1.317s] Level 1:colcon.colcon_core.package_identification:_identify(firstservicepkg) by extension 'colcon_pkg'
[1.318s] Level 1:colcon.colcon_core.package_identification:_identify(firstservicepkg) by extensions ['colcon_meta']
[1.318s] Level 1:colcon.colcon_core.package_identification:_identify(firstservicepkg) by extension 'colcon_meta'
[1.318s] Level 1:colcon.colcon_core.package_identification:_identify(firstservicepkg) by extensions ['ros']
[1.318s] Level 1:colcon.colcon_core.package_identification:_identify(firstservicepkg) by extension 'ros'
[1.329s] DEBUG:colcon.colcon_core.package_identification:Package 'firstservicepkg' with type 'ros.ament_cmake' and name 'firstservicepkg'
[1.330s] Level 1:colcon.colcon_core.package_identification:_identify(install) by extensions ['ignore', 'ignore_ament_install']
[1.330s] Level 1:colcon.colcon_core.package_identification:_identify(install) by extension 'ignore'
[1.331s] Level 1:colcon.colcon_core.package_identification:_identify(install) ignored
[1.331s] Level 1:colcon.colcon_core.package_identification:_identify(log) by extensions ['ignore', 'ignore_ament_install']
[1.331s] Level 1:colcon.colcon_core.package_identification:_identify(log) by extension 'ignore'
[1.332s] Level 1:colcon.colcon_core.package_identification:_identify(log) ignored
[1.332s] Level 1:colcon.colcon_core.package_discovery:discover_packages(recursive) using defaults
[1.332s] Level 1:colcon.colcon_core.package_discovery:discover_packages(ignore) discover
[1.332s] Level 1:colcon.colcon_core.package_discovery:discover_packages(ignore) using defaults
[1.332s] Level 1:colcon.colcon_core.package_discovery:discover_packages(path) discover
[1.333s] Level 1:colcon.colcon_core.package_discovery:discover_packages(path) using defaults
[1.418s] Level 1:colcon.colcon_core.package_discovery:discover_packages(prefix_path) check parameters
[1.418s] Level 1:colcon.colcon_core.package_discovery:discover_packages(prefix_path) discover
[1.432s] DEBUG:colcon.colcon_installed_package_information.package_discovery:Found 270 installed packages in /opt/ros/humble
[1.441s] Level 1:colcon.colcon_core.package_discovery:discover_packages(prefix_path) using defaults
[1.672s] Level 5:colcon.colcon_core.verb:set package 'firstservicepkg' build argument 'cmake_args' from command line to 'None'
[1.672s] Level 5:colcon.colcon_core.verb:set package 'firstservicepkg' build argument 'cmake_target' from command line to 'None'
[1.673s] Level 5:colcon.colcon_core.verb:set package 'firstservicepkg' build argument 'cmake_target_skip_unavailable' from command line to 'False'
[1.673s] Level 5:colcon.colcon_core.verb:set package 'firstservicepkg' build argument 'cmake_clean_cache' from command line to 'False'
[1.673s] Level 5:colcon.colcon_core.verb:set package 'firstservicepkg' build argument 'cmake_clean_first' from command line to 'False'
[1.673s] Level 5:colcon.colcon_core.verb:set package 'firstservicepkg' build argument 'cmake_force_configure' from command line to 'False'
[1.673s] Level 5:colcon.colcon_core.verb:set package 'firstservicepkg' build argument 'ament_cmake_args' from command line to 'None'
[1.673s] Level 5:colcon.colcon_core.verb:set package 'firstservicepkg' build argument 'catkin_cmake_args' from command line to 'None'
[1.673s] Level 5:colcon.colcon_core.verb:set package 'firstservicepkg' build argument 'catkin_skip_building_tests' from command line to 'False'
[1.674s] DEBUG:colcon.colcon_core.verb:Building package 'firstservicepkg' with the following arguments: {'ament_cmake_args': None, 'build_base': '/home/robot/ros_workspaces/project2/build/firstservicepkg', 'catkin_cmake_args': None, 'catkin_skip_building_tests': False, 'cmake_args': None, 'cmake_clean_cache': False, 'cmake_clean_first': False, 'cmake_force_configure': False, 'cmake_target': None, 'cmake_target_skip_unavailable': False, 'install_base': '/home/robot/ros_workspaces/project2/install/firstservicepkg', 'merge_install': False, 'path': '/home/robot/ros_workspaces/project2/firstservicepkg', 'symlink_install': False, 'test_result_base': None}
[1.674s] INFO:colcon.colcon_core.executor:Executing jobs using 'parallel' executor
[1.681s] DEBUG:colcon.colcon_parallel_executor.executor.parallel:run_until_complete
[1.682s] INFO:colcon.colcon_ros.task.ament_cmake.build:Building ROS package in '/home/robot/ros_workspaces/project2/firstservicepkg' with build type 'ament_cmake'
[1.682s] INFO:colcon.colcon_cmake.task.cmake.build:Building CMake package in '/home/robot/ros_workspaces/project2/firstservicepkg'
[1.692s] INFO:colcon.colcon_core.plugin_system:Skipping extension 'colcon_core.shell.bat': Not used on non-Windows systems
[1.693s] INFO:colcon.colcon_core.shell:Skip shell extension 'powershell' for command environment: Not usable outside of PowerShell
[1.693s] DEBUG:colcon.colcon_core.shell:Skip shell extension 'dsv' for command environment
[1.732s] DEBUG:colcon.colcon_core.event_handler.log_command:Invoking command in '/home/robot/ros_workspaces/project2/build/firstservicepkg': CMAKE_PREFIX_PATH=/opt/ros/humble /usr/bin/cmake --build /home/robot/ros_workspaces/project2/build/firstservicepkg -- -j4 -l4
[24.460s] DEBUG:colcon.colcon_core.event_handler.log_command:Invoked command in '/home/robot/ros_workspaces/project2/build/firstservicepkg' returned '0': CMAKE_PREFIX_PATH=/opt/ros/humble /usr/bin/cmake --build /home/robot/ros_workspaces/project2/build/firstservicepkg -- -j4 -l4
[24.768s] DEBUG:colcon.colcon_core.event_handler.log_command:Invoking command in '/home/robot/ros_workspaces/project2/build/firstservicepkg': CMAKE_PREFIX_PATH=/opt/ros/humble /usr/bin/cmake --install /home/robot/ros_workspaces/project2/build/firstservicepkg
[25.105s] Level 1:colcon.colcon_core.environment:create_environment_scripts_only(firstservicepkg)
[25.109s] DEBUG:colcon.colcon_core.event_handler.log_command:Invoked command in '/home/robot/ros_workspaces/project2/build/firstservicepkg' returned '0': CMAKE_PREFIX_PATH=/opt/ros/humble /usr/bin/cmake --install /home/robot/ros_workspaces/project2/build/firstservicepkg
[25.118s] Level 1:colcon.colcon_core.environment:checking '/home/robot/ros_workspaces/project2/install/firstservicepkg' for CMake module files
[25.122s] Level 1:colcon.colcon_core.environment:checking '/home/robot/ros_workspaces/project2/install/firstservicepkg' for CMake config files
[25.123s] Level 1:colcon.colcon_core.shell:create_environment_hook('firstservicepkg', 'cmake_prefix_path')
[25.124s] INFO:colcon.colcon_core.shell:Creating environment hook '/home/robot/ros_workspaces/project2/install/firstservicepkg/share/firstservicepkg/hook/cmake_prefix_path.ps1'
[25.126s] INFO:colcon.colcon_core.shell:Creating environment descriptor '/home/robot/ros_workspaces/project2/install/firstservicepkg/share/firstservicepkg/hook/cmake_prefix_path.dsv'
[25.128s] INFO:colcon.colcon_core.shell:Creating environment hook '/home/robot/ros_workspaces/project2/install/firstservicepkg/share/firstservicepkg/hook/cmake_prefix_path.sh'
[25.132s] Level 1:colcon.colcon_core.environment:checking '/home/robot/ros_workspaces/project2/install/firstservicepkg/lib'
[25.133s] Level 1:colcon.colcon_core.shell:create_environment_hook('firstservicepkg', 'ld_library_path_lib')
[25.134s] INFO:colcon.colcon_core.shell:Creating environment hook '/home/robot/ros_workspaces/project2/install/firstservicepkg/share/firstservicepkg/hook/ld_library_path_lib.ps1'
[25.135s] INFO:colcon.colcon_core.shell:Creating environment descriptor '/home/robot/ros_workspaces/project2/install/firstservicepkg/share/firstservicepkg/hook/ld_library_path_lib.dsv'
[25.137s] INFO:colcon.colcon_core.shell:Creating environment hook '/home/robot/ros_workspaces/project2/install/firstservicepkg/share/firstservicepkg/hook/ld_library_path_lib.sh'
[25.139s] Level 1:colcon.colcon_core.environment:checking '/home/robot/ros_workspaces/project2/install/firstservicepkg/bin'
[25.139s] Level 1:colcon.colcon_core.environment:checking '/home/robot/ros_workspaces/project2/install/firstservicepkg/lib/pkgconfig/firstservicepkg.pc'
[25.140s] Level 1:colcon.colcon_core.environment:checking '/home/robot/ros_workspaces/project2/install/firstservicepkg/lib/python3.10/site-packages'
[25.141s] Level 1:colcon.colcon_core.environment:checking '/home/robot/ros_workspaces/project2/install/firstservicepkg/bin'
[25.143s] INFO:colcon.colcon_core.shell:Creating package script '/home/robot/ros_workspaces/project2/install/firstservicepkg/share/firstservicepkg/package.ps1'
[25.147s] INFO:colcon.colcon_core.shell:Creating package descriptor '/home/robot/ros_workspaces/project2/install/firstservicepkg/share/firstservicepkg/package.dsv'
[25.149s] INFO:colcon.colcon_core.shell:Creating package script '/home/robot/ros_workspaces/project2/install/firstservicepkg/share/firstservicepkg/package.sh'
[25.153s] INFO:colcon.colcon_core.shell:Creating package script '/home/robot/ros_workspaces/project2/install/firstservicepkg/share/firstservicepkg/package.bash'
[25.156s] INFO:colcon.colcon_core.shell:Creating package script '/home/robot/ros_workspaces/project2/install/firstservicepkg/share/firstservicepkg/package.zsh'
[25.159s] Level 1:colcon.colcon_core.environment:create_file_with_runtime_dependencies(/home/robot/ros_workspaces/project2/install/firstservicepkg/share/colcon-core/packages/firstservicepkg)
[25.405s] Level 1:colcon.colcon_core.environment:create_environment_scripts_only(firstservicepkg)
[25.406s] Level 1:colcon.colcon_core.environment:checking '/home/robot/ros_workspaces/project2/install/firstservicepkg' for CMake module files
[25.415s] Level 1:colcon.colcon_core.environment:checking '/home/robot/ros_workspaces/project2/install/firstservicepkg' for CMake config files
[25.416s] Level 1:colcon.colcon_core.shell:create_environment_hook('firstservicepkg', 'cmake_prefix_path')
[25.417s] INFO:colcon.colcon_core.shell:Creating environment hook '/home/robot/ros_workspaces/project2/install/firstservicepkg/share/firstservicepkg/hook/cmake_prefix_path.ps1'
[25.419s] INFO:colcon.colcon_core.shell:Creating environment descriptor '/home/robot/ros_workspaces/project2/install/firstservicepkg/share/firstservicepkg/hook/cmake_prefix_path.dsv'
[25.422s] INFO:colcon.colcon_core.shell:Creating environment hook '/home/robot/ros_workspaces/project2/install/firstservicepkg/share/firstservicepkg/hook/cmake_prefix_path.sh'
[25.424s] Level 1:colcon.colcon_core.environment:checking '/home/robot/ros_workspaces/project2/install/firstservicepkg/lib'
[25.425s] Level 1:colcon.colcon_core.shell:create_environment_hook('firstservicepkg', 'ld_library_path_lib')
[25.426s] INFO:colcon.colcon_core.shell:Creating environment hook '/home/robot/ros_workspaces/project2/install/firstservicepkg/share/firstservicepkg/hook/ld_library_path_lib.ps1'
[25.427s] INFO:colcon.colcon_core.shell:Creating environment descriptor '/home/robot/ros_workspaces/project2/install/firstservicepkg/share/firstservicepkg/hook/ld_library_path_lib.dsv'
[25.429s] INFO:colcon.colcon_core.shell:Creating environment hook '/home/robot/ros_workspaces/project2/install/firstservicepkg/share/firstservicepkg/hook/ld_library_path_lib.sh'
[25.431s] Level 1:colcon.colcon_core.environment:checking '/home/robot/ros_workspaces/project2/install/firstservicepkg/bin'
[25.431s] Level 1:colcon.colcon_core.environment:checking '/home/robot/ros_workspaces/project2/install/firstservicepkg/lib/pkgconfig/firstservicepkg.pc'
[25.432s] Level 1:colcon.colcon_core.environment:checking '/home/robot/ros_workspaces/project2/install/firstservicepkg/lib/python3.10/site-packages'
[25.433s] Level 1:colcon.colcon_core.environment:checking '/home/robot/ros_workspaces/project2/install/firstservicepkg/bin'
[25.435s] INFO:colcon.colcon_core.shell:Creating package script '/home/robot/ros_workspaces/project2/install/firstservicepkg/share/firstservicepkg/package.ps1'
[25.437s] INFO:colcon.colcon_core.shell:Creating package descriptor '/home/robot/ros_workspaces/project2/install/firstservicepkg/share/firstservicepkg/package.dsv'
[25.440s] INFO:colcon.colcon_core.shell:Creating package script '/home/robot/ros_workspaces/project2/install/firstservicepkg/share/firstservicepkg/package.sh'
[25.442s] INFO:colcon.colcon_core.shell:Creating package script '/home/robot/ros_workspaces/project2/install/firstservicepkg/share/firstservicepkg/package.bash'
[25.444s] INFO:colcon.colcon_core.shell:Creating package script '/home/robot/ros_workspaces/project2/install/firstservicepkg/share/firstservicepkg/package.zsh'
[25.446s] Level 1:colcon.colcon_core.environment:create_file_with_runtime_dependencies(/home/robot/ros_workspaces/project2/install/firstservicepkg/share/colcon-core/packages/firstservicepkg)
[25.447s] DEBUG:colcon.colcon_parallel_executor.executor.parallel:closing loop
[25.449s] DEBUG:colcon.colcon_parallel_executor.executor.parallel:loop closed
[25.449s] DEBUG:colcon.colcon_parallel_executor.executor.parallel:run_until_complete finished with '0'
[25.450s] DEBUG:colcon.colcon_core.event_reactor:joining thread
[25.472s] INFO:colcon.colcon_core.plugin_system:Skipping extension 'colcon_notification.desktop_notification.terminal_notifier': Not used on non-Darwin systems
[25.472s] INFO:colcon.colcon_core.plugin_system:Skipping extension 'colcon_notification.desktop_notification.win32': Not used on non-Windows systems
[25.472s] INFO:colcon.colcon_notification.desktop_notification:Sending desktop notification using 'notify2'
[25.525s] DEBUG:colcon.colcon_core.event_reactor:joined thread
[25.526s] INFO:colcon.colcon_core.shell:Creating prefix script '/home/robot/ros_workspaces/project2/install/local_setup.ps1'
[25.530s] INFO:colcon.colcon_core.shell:Creating prefix util module '/home/robot/ros_workspaces/project2/install/_local_setup_util_ps1.py'
[25.536s] INFO:colcon.colcon_core.shell:Creating prefix chain script '/home/robot/ros_workspaces/project2/install/setup.ps1'
[25.540s] INFO:colcon.colcon_core.shell:Creating prefix script '/home/robot/ros_workspaces/project2/install/local_setup.sh'
[25.542s] INFO:colcon.colcon_core.shell:Creating prefix util module '/home/robot/ros_workspaces/project2/install/_local_setup_util_sh.py'
[25.545s] INFO:colcon.colcon_core.shell:Creating prefix chain script '/home/robot/ros_workspaces/project2/install/setup.sh'
[25.549s] INFO:colcon.colcon_core.shell:Creating prefix script '/home/robot/ros_workspaces/project2/install/local_setup.bash'
[25.551s] INFO:colcon.colcon_core.shell:Creating prefix chain script '/home/robot/ros_workspaces/project2/install/setup.bash'
[25.555s] INFO:colcon.colcon_core.shell:Creating prefix script '/home/robot/ros_workspaces/project2/install/local_setup.zsh'
[25.557s] INFO:colcon.colcon_core.shell:Creating prefix chain script '/home/robot/ros_workspaces/project2/install/setup.zsh'
