[0.902s] DEBUG:colcon:Command line arguments: ['/usr/bin/colcon', 'build']
[0.902s] DEBUG:colcon:Parsed command line arguments: Namespace(log_base=None, log_level=None, verb_name='build', build_base='build', install_base='install', merge_install=False, symlink_install=False, test_result_base=None, continue_on_error=False, executor='parallel', parallel_workers=4, event_handlers=None, ignore_user_meta=False, metas=['./colcon.meta'], base_paths=['.'], packages_ignore=None, packages_ignore_regex=None, paths=None, packages_up_to=None, packages_up_to_regex=None, packages_above=None, packages_above_and_dependencies=None, packages_above_depth=None, packages_select_by_dep=None, packages_skip_by_dep=None, packages_skip_up_to=None, packages_select_build_failed=False, packages_skip_build_finished=False, packages_select_test_failures=False, packages_skip_test_passed=False, packages_select=None, packages_skip=None, packages_select_regex=None, packages_skip_regex=None, packages_start=None, packages_end=None, allow_overriding=[], cmake_args=None, cmake_target=None, cmake_target_skip_unavailable=False, cmake_clean_cache=False, cmake_clean_first=False, cmake_force_configure=False, ament_cmake_args=None, catkin_cmake_args=None, catkin_skip_building_tests=False, verb_parser=<colcon_defaults.argument_parser.defaults.DefaultArgumentsDecorator object at 0x7fb76e713220>, verb_extension=<colcon_core.verb.build.BuildVerb object at 0x7fb76e9f7e20>, main=<bound method BuildVerb.main of <colcon_core.verb.build.BuildVerb object at 0x7fb76e9f7e20>>)
[1.964s] Level 1:colcon.colcon_core.package_discovery:discover_packages(colcon_meta) check parameters
[1.964s] Level 1:colcon.colcon_core.package_discovery:discover_packages(recursive) check parameters
[1.964s] Level 1:colcon.colcon_core.package_discovery:discover_packages(ignore) check parameters
[1.965s] Level 1:colcon.colcon_core.package_discovery:discover_packages(path) check parameters
[1.965s] Level 1:colcon.colcon_core.package_discovery:discover_packages(colcon_meta) discover
[1.965s] Level 1:colcon.colcon_core.package_discovery:discover_packages(recursive) discover
[1.965s] INFO:colcon.colcon_core.package_discovery:Crawling recursively for packages in '/home/robot/ros_workspaces/project2/firstservicepkg'
[1.965s] Level 1:colcon.colcon_core.package_identification:_identify(.) by extensions ['ignore', 'ignore_ament_install']
[1.966s] Level 1:colcon.colcon_core.package_identification:_identify(.) by extension 'ignore'
[1.966s] Level 1:colcon.colcon_core.package_identification:_identify(.) by extension 'ignore_ament_install'
[1.966s] Level 1:colcon.colcon_core.package_identification:_identify(.) by extensions ['colcon_pkg']
[1.967s] Level 1:colcon.colcon_core.package_identification:_identify(.) by extension 'colcon_pkg'
[1.967s] Level 1:colcon.colcon_core.package_identification:_identify(.) by extensions ['colcon_meta']
[1.967s] Level 1:colcon.colcon_core.package_identification:_identify(.) by extension 'colcon_meta'
[1.967s] Level 1:colcon.colcon_core.package_identification:_identify(.) by extensions ['ros']
[1.967s] Level 1:colcon.colcon_core.package_identification:_identify(.) by extension 'ros'
[2.040s] DEBUG:colcon.colcon_core.package_identification:Package '.' with type 'ros.ament_cmake' and name 'firstservicepkg'
[2.041s] Level 1:colcon.colcon_core.package_discovery:discover_packages(recursive) using defaults
[2.041s] Level 1:colcon.colcon_core.package_discovery:discover_packages(ignore) discover
[2.041s] Level 1:colcon.colcon_core.package_discovery:discover_packages(ignore) using defaults
[2.041s] Level 1:colcon.colcon_core.package_discovery:discover_packages(path) discover
[2.041s] Level 1:colcon.colcon_core.package_discovery:discover_packages(path) using defaults
[2.153s] Level 1:colcon.colcon_core.package_discovery:discover_packages(prefix_path) check parameters
[2.153s] Level 1:colcon.colcon_core.package_discovery:discover_packages(prefix_path) discover
[2.171s] DEBUG:colcon.colcon_installed_package_information.package_discovery:Found 270 installed packages in /opt/ros/humble
[2.180s] Level 1:colcon.colcon_core.package_discovery:discover_packages(prefix_path) using defaults
[2.507s] Level 5:colcon.colcon_core.verb:set package 'firstservicepkg' build argument 'cmake_args' from command line to 'None'
[2.507s] Level 5:colcon.colcon_core.verb:set package 'firstservicepkg' build argument 'cmake_target' from command line to 'None'
[2.507s] Level 5:colcon.colcon_core.verb:set package 'firstservicepkg' build argument 'cmake_target_skip_unavailable' from command line to 'False'
[2.508s] Level 5:colcon.colcon_core.verb:set package 'firstservicepkg' build argument 'cmake_clean_cache' from command line to 'False'
[2.508s] Level 5:colcon.colcon_core.verb:set package 'firstservicepkg' build argument 'cmake_clean_first' from command line to 'False'
[2.508s] Level 5:colcon.colcon_core.verb:set package 'firstservicepkg' build argument 'cmake_force_configure' from command line to 'False'
[2.508s] Level 5:colcon.colcon_core.verb:set package 'firstservicepkg' build argument 'ament_cmake_args' from command line to 'None'
[2.508s] Level 5:colcon.colcon_core.verb:set package 'firstservicepkg' build argument 'catkin_cmake_args' from command line to 'None'
[2.508s] Level 5:colcon.colcon_core.verb:set package 'firstservicepkg' build argument 'catkin_skip_building_tests' from command line to 'False'
[2.508s] DEBUG:colcon.colcon_core.verb:Building package 'firstservicepkg' with the following arguments: {'ament_cmake_args': None, 'build_base': '/home/robot/ros_workspaces/project2/firstservicepkg/build/firstservicepkg', 'catkin_cmake_args': None, 'catkin_skip_building_tests': False, 'cmake_args': None, 'cmake_clean_cache': False, 'cmake_clean_first': False, 'cmake_force_configure': False, 'cmake_target': None, 'cmake_target_skip_unavailable': False, 'install_base': '/home/robot/ros_workspaces/project2/firstservicepkg/install/firstservicepkg', 'merge_install': False, 'path': '/home/robot/ros_workspaces/project2/firstservicepkg', 'symlink_install': False, 'test_result_base': None}
[2.509s] INFO:colcon.colcon_core.executor:Executing jobs using 'parallel' executor
[2.513s] DEBUG:colcon.colcon_parallel_executor.executor.parallel:run_until_complete
[2.514s] INFO:colcon.colcon_ros.task.ament_cmake.build:Building ROS package in '/home/robot/ros_workspaces/project2/firstservicepkg' with build type 'ament_cmake'
[2.515s] INFO:colcon.colcon_cmake.task.cmake.build:Building CMake package in '/home/robot/ros_workspaces/project2/firstservicepkg'
[2.530s] INFO:colcon.colcon_core.plugin_system:Skipping extension 'colcon_core.shell.bat': Not used on non-Windows systems
[2.531s] INFO:colcon.colcon_core.shell:Skip shell extension 'powershell' for command environment: Not usable outside of PowerShell
[2.531s] DEBUG:colcon.colcon_core.shell:Skip shell extension 'dsv' for command environment
[2.572s] DEBUG:colcon.colcon_core.event_handler.log_command:Invoking command in '/home/robot/ros_workspaces/project2/firstservicepkg/build/firstservicepkg': CMAKE_PREFIX_PATH=/opt/ros/humble /usr/bin/cmake /home/robot/ros_workspaces/project2/firstservicepkg -DCMAKE_INSTALL_PREFIX=/home/robot/ros_workspaces/project2/firstservicepkg/install/firstservicepkg
[16.533s] DEBUG:colcon.colcon_core.event_handler.log_command:Invoked command in '/home/robot/ros_workspaces/project2/firstservicepkg/build/firstservicepkg' returned '0': CMAKE_PREFIX_PATH=/opt/ros/humble /usr/bin/cmake /home/robot/ros_workspaces/project2/firstservicepkg -DCMAKE_INSTALL_PREFIX=/home/robot/ros_workspaces/project2/firstservicepkg/install/firstservicepkg
[16.542s] DEBUG:colcon.colcon_core.event_handler.log_command:Invoking command in '/home/robot/ros_workspaces/project2/firstservicepkg/build/firstservicepkg': CMAKE_PREFIX_PATH=/opt/ros/humble /usr/bin/cmake --build /home/robot/ros_workspaces/project2/firstservicepkg/build/firstservicepkg -- -j4 -l4
[51.133s] DEBUG:colcon.colcon_core.event_handler.log_command:Invoked command in '/home/robot/ros_workspaces/project2/firstservicepkg/build/firstservicepkg' returned '0': CMAKE_PREFIX_PATH=/opt/ros/humble /usr/bin/cmake --build /home/robot/ros_workspaces/project2/firstservicepkg/build/firstservicepkg -- -j4 -l4
[51.506s] DEBUG:colcon.colcon_core.event_handler.log_command:Invoking command in '/home/robot/ros_workspaces/project2/firstservicepkg/build/firstservicepkg': CMAKE_PREFIX_PATH=/opt/ros/humble /usr/bin/cmake --install /home/robot/ros_workspaces/project2/firstservicepkg/build/firstservicepkg
[51.892s] Level 1:colcon.colcon_core.environment:create_environment_scripts_only(firstservicepkg)
[51.894s] DEBUG:colcon.colcon_core.event_handler.log_command:Invoked command in '/home/robot/ros_workspaces/project2/firstservicepkg/build/firstservicepkg' returned '0': CMAKE_PREFIX_PATH=/opt/ros/humble /usr/bin/cmake --install /home/robot/ros_workspaces/project2/firstservicepkg/build/firstservicepkg
[51.911s] Level 1:colcon.colcon_core.environment:checking '/home/robot/ros_workspaces/project2/firstservicepkg/install/firstservicepkg' for CMake module files
[51.915s] Level 1:colcon.colcon_core.environment:checking '/home/robot/ros_workspaces/project2/firstservicepkg/install/firstservicepkg' for CMake config files
[51.916s] Level 1:colcon.colcon_core.shell:create_environment_hook('firstservicepkg', 'cmake_prefix_path')
[51.917s] INFO:colcon.colcon_core.shell:Creating environment hook '/home/robot/ros_workspaces/project2/firstservicepkg/install/firstservicepkg/share/firstservicepkg/hook/cmake_prefix_path.ps1'
[51.920s] INFO:colcon.colcon_core.shell:Creating environment descriptor '/home/robot/ros_workspaces/project2/firstservicepkg/install/firstservicepkg/share/firstservicepkg/hook/cmake_prefix_path.dsv'
[51.922s] INFO:colcon.colcon_core.shell:Creating environment hook '/home/robot/ros_workspaces/project2/firstservicepkg/install/firstservicepkg/share/firstservicepkg/hook/cmake_prefix_path.sh'
[51.926s] Level 1:colcon.colcon_core.environment:checking '/home/robot/ros_workspaces/project2/firstservicepkg/install/firstservicepkg/lib'
[51.927s] Level 1:colcon.colcon_core.shell:create_environment_hook('firstservicepkg', 'ld_library_path_lib')
[51.928s] INFO:colcon.colcon_core.shell:Creating environment hook '/home/robot/ros_workspaces/project2/firstservicepkg/install/firstservicepkg/share/firstservicepkg/hook/ld_library_path_lib.ps1'
[51.930s] INFO:colcon.colcon_core.shell:Creating environment descriptor '/home/robot/ros_workspaces/project2/firstservicepkg/install/firstservicepkg/share/firstservicepkg/hook/ld_library_path_lib.dsv'
[51.931s] INFO:colcon.colcon_core.shell:Creating environment hook '/home/robot/ros_workspaces/project2/firstservicepkg/install/firstservicepkg/share/firstservicepkg/hook/ld_library_path_lib.sh'
[51.933s] Level 1:colcon.colcon_core.environment:checking '/home/robot/ros_workspaces/project2/firstservicepkg/install/firstservicepkg/bin'
[51.933s] Level 1:colcon.colcon_core.environment:checking '/home/robot/ros_workspaces/project2/firstservicepkg/install/firstservicepkg/lib/pkgconfig/firstservicepkg.pc'
[51.934s] Level 1:colcon.colcon_core.environment:checking '/home/robot/ros_workspaces/project2/firstservicepkg/install/firstservicepkg/lib/python3.10/site-packages'
[51.936s] Level 1:colcon.colcon_core.environment:checking '/home/robot/ros_workspaces/project2/firstservicepkg/install/firstservicepkg/bin'
[51.937s] INFO:colcon.colcon_core.shell:Creating package script '/home/robot/ros_workspaces/project2/firstservicepkg/install/firstservicepkg/share/firstservicepkg/package.ps1'
[51.941s] INFO:colcon.colcon_core.shell:Creating package descriptor '/home/robot/ros_workspaces/project2/firstservicepkg/install/firstservicepkg/share/firstservicepkg/package.dsv'
[51.944s] INFO:colcon.colcon_core.shell:Creating package script '/home/robot/ros_workspaces/project2/firstservicepkg/install/firstservicepkg/share/firstservicepkg/package.sh'
[51.948s] INFO:colcon.colcon_core.shell:Creating package script '/home/robot/ros_workspaces/project2/firstservicepkg/install/firstservicepkg/share/firstservicepkg/package.bash'
[51.952s] INFO:colcon.colcon_core.shell:Creating package script '/home/robot/ros_workspaces/project2/firstservicepkg/install/firstservicepkg/share/firstservicepkg/package.zsh'
[51.955s] Level 1:colcon.colcon_core.environment:create_file_with_runtime_dependencies(/home/robot/ros_workspaces/project2/firstservicepkg/install/firstservicepkg/share/colcon-core/packages/firstservicepkg)
[52.304s] Level 1:colcon.colcon_core.environment:create_environment_scripts_only(firstservicepkg)
[52.305s] Level 1:colcon.colcon_core.environment:checking '/home/robot/ros_workspaces/project2/firstservicepkg/install/firstservicepkg' for CMake module files
[52.309s] Level 1:colcon.colcon_core.environment:checking '/home/robot/ros_workspaces/project2/firstservicepkg/install/firstservicepkg' for CMake config files
[52.310s] Level 1:colcon.colcon_core.shell:create_environment_hook('firstservicepkg', 'cmake_prefix_path')
[52.311s] INFO:colcon.colcon_core.shell:Creating environment hook '/home/robot/ros_workspaces/project2/firstservicepkg/install/firstservicepkg/share/firstservicepkg/hook/cmake_prefix_path.ps1'
[52.313s] INFO:colcon.colcon_core.shell:Creating environment descriptor '/home/robot/ros_workspaces/project2/firstservicepkg/install/firstservicepkg/share/firstservicepkg/hook/cmake_prefix_path.dsv'
[52.315s] INFO:colcon.colcon_core.shell:Creating environment hook '/home/robot/ros_workspaces/project2/firstservicepkg/install/firstservicepkg/share/firstservicepkg/hook/cmake_prefix_path.sh'
[52.317s] Level 1:colcon.colcon_core.environment:checking '/home/robot/ros_workspaces/project2/firstservicepkg/install/firstservicepkg/lib'
[52.317s] Level 1:colcon.colcon_core.shell:create_environment_hook('firstservicepkg', 'ld_library_path_lib')
[52.318s] INFO:colcon.colcon_core.shell:Creating environment hook '/home/robot/ros_workspaces/project2/firstservicepkg/install/firstservicepkg/share/firstservicepkg/hook/ld_library_path_lib.ps1'
[52.320s] INFO:colcon.colcon_core.shell:Creating environment descriptor '/home/robot/ros_workspaces/project2/firstservicepkg/install/firstservicepkg/share/firstservicepkg/hook/ld_library_path_lib.dsv'
[52.322s] INFO:colcon.colcon_core.shell:Creating environment hook '/home/robot/ros_workspaces/project2/firstservicepkg/install/firstservicepkg/share/firstservicepkg/hook/ld_library_path_lib.sh'
[52.323s] Level 1:colcon.colcon_core.environment:checking '/home/robot/ros_workspaces/project2/firstservicepkg/install/firstservicepkg/bin'
[52.324s] Level 1:colcon.colcon_core.environment:checking '/home/robot/ros_workspaces/project2/firstservicepkg/install/firstservicepkg/lib/pkgconfig/firstservicepkg.pc'
[52.325s] Level 1:colcon.colcon_core.environment:checking '/home/robot/ros_workspaces/project2/firstservicepkg/install/firstservicepkg/lib/python3.10/site-packages'
[52.326s] Level 1:colcon.colcon_core.environment:checking '/home/robot/ros_workspaces/project2/firstservicepkg/install/firstservicepkg/bin'
[52.327s] INFO:colcon.colcon_core.shell:Creating package script '/home/robot/ros_workspaces/project2/firstservicepkg/install/firstservicepkg/share/firstservicepkg/package.ps1'
[52.329s] INFO:colcon.colcon_core.shell:Creating package descriptor '/home/robot/ros_workspaces/project2/firstservicepkg/install/firstservicepkg/share/firstservicepkg/package.dsv'
[52.332s] INFO:colcon.colcon_core.shell:Creating package script '/home/robot/ros_workspaces/project2/firstservicepkg/install/firstservicepkg/share/firstservicepkg/package.sh'
[52.334s] INFO:colcon.colcon_core.shell:Creating package script '/home/robot/ros_workspaces/project2/firstservicepkg/install/firstservicepkg/share/firstservicepkg/package.bash'
[52.336s] INFO:colcon.colcon_core.shell:Creating package script '/home/robot/ros_workspaces/project2/firstservicepkg/install/firstservicepkg/share/firstservicepkg/package.zsh'
[52.338s] Level 1:colcon.colcon_core.environment:create_file_with_runtime_dependencies(/home/robot/ros_workspaces/project2/firstservicepkg/install/firstservicepkg/share/colcon-core/packages/firstservicepkg)
[52.340s] DEBUG:colcon.colcon_parallel_executor.executor.parallel:closing loop
[52.342s] DEBUG:colcon.colcon_parallel_executor.executor.parallel:loop closed
[52.342s] DEBUG:colcon.colcon_parallel_executor.executor.parallel:run_until_complete finished with '0'
[52.342s] DEBUG:colcon.colcon_core.event_reactor:joining thread
[52.380s] INFO:colcon.colcon_core.plugin_system:Skipping extension 'colcon_notification.desktop_notification.terminal_notifier': Not used on non-Darwin systems
[52.380s] INFO:colcon.colcon_core.plugin_system:Skipping extension 'colcon_notification.desktop_notification.win32': Not used on non-Windows systems
[52.380s] INFO:colcon.colcon_notification.desktop_notification:Sending desktop notification using 'notify2'
[52.547s] DEBUG:colcon.colcon_core.event_reactor:joined thread
[52.549s] INFO:colcon.colcon_core.shell:Creating prefix script '/home/robot/ros_workspaces/project2/firstservicepkg/install/local_setup.ps1'
[52.553s] INFO:colcon.colcon_core.shell:Creating prefix util module '/home/robot/ros_workspaces/project2/firstservicepkg/install/_local_setup_util_ps1.py'
[52.559s] INFO:colcon.colcon_core.shell:Creating prefix chain script '/home/robot/ros_workspaces/project2/firstservicepkg/install/setup.ps1'
[52.565s] INFO:colcon.colcon_core.shell:Creating prefix script '/home/robot/ros_workspaces/project2/firstservicepkg/install/local_setup.sh'
[52.569s] INFO:colcon.colcon_core.shell:Creating prefix util module '/home/robot/ros_workspaces/project2/firstservicepkg/install/_local_setup_util_sh.py'
[52.572s] INFO:colcon.colcon_core.shell:Creating prefix chain script '/home/robot/ros_workspaces/project2/firstservicepkg/install/setup.sh'
[52.577s] INFO:colcon.colcon_core.shell:Creating prefix script '/home/robot/ros_workspaces/project2/firstservicepkg/install/local_setup.bash'
[52.579s] INFO:colcon.colcon_core.shell:Creating prefix chain script '/home/robot/ros_workspaces/project2/firstservicepkg/install/setup.bash'
[52.583s] INFO:colcon.colcon_core.shell:Creating prefix script '/home/robot/ros_workspaces/project2/firstservicepkg/install/local_setup.zsh'
[52.586s] INFO:colcon.colcon_core.shell:Creating prefix chain script '/home/robot/ros_workspaces/project2/firstservicepkg/install/setup.zsh'
