[  2%] Built target firstservicepkg__cpp
[ 10%] Built target firstservicepkg__rosidl_generator_c
[ 10%] Built target ament_cmake_python_copy_firstservicepkg
[ 19%] Built target firstservicepkg__rosidl_typesupport_fastrtps_cpp
[ 27%] Built target firstservicepkg__rosidl_typesupport_cpp
[ 36%] Built target firstservicepkg__rosidl_typesupport_fastrtps_c
[ 44%] Built target firstservicepkg__rosidl_typesupport_introspection_cpp
[ 53%] Built target firstservicepkg__rosidl_typesupport_introspection_c
[ 61%] Built target firstservicepkg__rosidl_typesupport_c
[ 65%] Built target turn_camera_service
[ 70%] Built target turn_camera_client
[35m[1mConsolidate compiler generated dependencies of target action_client[0m
[ 74%] Built target action_server
[ 74%] Built target firstservicepkg
[ 76%] [32mBuilding CXX object CMakeFiles/action_client.dir/src/action_client.cpp.o[0m
[ 78%] Built target firstservicepkg__py
[ 85%] Built target firstservicepkg__rosidl_generator_py
[ 89%] Built target firstservicepkg__rosidl_typesupport_fastrtps_c__pyext
[ 93%] Built target firstservicepkg__rosidl_typesupport_introspection_c__pyext
[ 97%] Built target firstservicepkg__rosidl_typesupport_c__pyext
running egg_info
writing firstservicepkg.egg-info/PKG-INFO
writing dependency_links to firstservicepkg.egg-info/dependency_links.txt
writing top-level names to firstservicepkg.egg-info/top_level.txt
reading manifest file 'firstservicepkg.egg-info/SOURCES.txt'
writing manifest file 'firstservicepkg.egg-info/SOURCES.txt'
[ 97%] Built target ament_cmake_python_build_firstservicepkg_egg
[100%] [32m[1mLinking CXX executable action_client[0m
[100%] Built target action_client
-- Install configuration: ""
-- Up-to-date: /home/robot/ros_workspaces/project2/firstservicepkg/install/firstservicepkg/share/ament_index/resource_index/rosidl_interfaces/firstservicepkg
-- Up-to-date: /home/robot/ros_workspaces/project2/firstservicepkg/install/firstservicepkg/include/firstservicepkg/firstservicepkg
-- Up-to-date: /home/robot/ros_workspaces/project2/firstservicepkg/install/firstservicepkg/include/firstservicepkg/firstservicepkg/msg
-- Up-to-date: /home/robot/ros_workspaces/project2/firstservicepkg/install/firstservicepkg/include/firstservicepkg/firstservicepkg/msg/rosidl_generator_c__visibility_control.h
-- Up-to-date: /home/robot/ros_workspaces/project2/firstservicepkg/install/firstservicepkg/include/firstservicepkg/firstservicepkg/srv
-- Up-to-date: /home/robot/ros_workspaces/project2/firstservicepkg/install/firstservicepkg/include/firstservicepkg/firstservicepkg/srv/turn_camera.h
-- Up-to-date: /home/robot/ros_workspaces/project2/firstservicepkg/install/firstservicepkg/include/firstservicepkg/firstservicepkg/srv/detail
-- Up-to-date: /home/robot/ros_workspaces/project2/firstservicepkg/install/firstservicepkg/include/firstservicepkg/firstservicepkg/srv/detail/turn_camera__functions.c
-- Up-to-date: /home/robot/ros_workspaces/project2/firstservicepkg/install/firstservicepkg/include/firstservicepkg/firstservicepkg/srv/detail/turn_camera__type_support.h
-- Up-to-date: /home/robot/ros_workspaces/project2/firstservicepkg/install/firstservicepkg/include/firstservicepkg/firstservicepkg/srv/detail/turn_camera__functions.h
-- Up-to-date: /home/robot/ros_workspaces/project2/firstservicepkg/install/firstservicepkg/include/firstservicepkg/firstservicepkg/srv/detail/turn_camera__struct.h
-- Up-to-date: /home/robot/ros_workspaces/project2/firstservicepkg/install/firstservicepkg/include/firstservicepkg/firstservicepkg/action
-- Up-to-date: /home/robot/ros_workspaces/project2/firstservicepkg/install/firstservicepkg/include/firstservicepkg/firstservicepkg/action/detail
-- Up-to-date: /home/robot/ros_workspaces/project2/firstservicepkg/install/firstservicepkg/include/firstservicepkg/firstservicepkg/action/detail/navigate__functions.c
-- Up-to-date: /home/robot/ros_workspaces/project2/firstservicepkg/install/firstservicepkg/include/firstservicepkg/firstservicepkg/action/detail/navigate__struct.h
-- Up-to-date: /home/robot/ros_workspaces/project2/firstservicepkg/install/firstservicepkg/include/firstservicepkg/firstservicepkg/action/detail/navigate__functions.h
-- Up-to-date: /home/robot/ros_workspaces/project2/firstservicepkg/install/firstservicepkg/include/firstservicepkg/firstservicepkg/action/detail/navigate__type_support.h
-- Up-to-date: /home/robot/ros_workspaces/project2/firstservicepkg/install/firstservicepkg/include/firstservicepkg/firstservicepkg/action/navigate.h
-- Up-to-date: /home/robot/ros_workspaces/project2/firstservicepkg/install/firstservicepkg/share/firstservicepkg/environment/library_path.sh
-- Installing: /home/robot/ros_workspaces/project2/firstservicepkg/install/firstservicepkg/share/firstservicepkg/environment/library_path.dsv
-- Up-to-date: /home/robot/ros_workspaces/project2/firstservicepkg/install/firstservicepkg/lib/libfirstservicepkg__rosidl_generator_c.so
-- Up-to-date: /home/robot/ros_workspaces/project2/firstservicepkg/install/firstservicepkg/include/firstservicepkg/firstservicepkg
-- Up-to-date: /home/robot/ros_workspaces/project2/firstservicepkg/install/firstservicepkg/include/firstservicepkg/firstservicepkg/msg
-- Up-to-date: /home/robot/ros_workspaces/project2/firstservicepkg/install/firstservicepkg/include/firstservicepkg/firstservicepkg/msg/rosidl_typesupport_fastrtps_c__visibility_control.h
-- Up-to-date: /home/robot/ros_workspaces/project2/firstservicepkg/install/firstservicepkg/include/firstservicepkg/firstservicepkg/srv
-- Up-to-date: /home/robot/ros_workspaces/project2/firstservicepkg/install/firstservicepkg/include/firstservicepkg/firstservicepkg/srv/detail
-- Up-to-date: /home/robot/ros_workspaces/project2/firstservicepkg/install/firstservicepkg/include/firstservicepkg/firstservicepkg/srv/detail/turn_camera__rosidl_typesupport_fastrtps_c.h
-- Up-to-date: /home/robot/ros_workspaces/project2/firstservicepkg/install/firstservicepkg/include/firstservicepkg/firstservicepkg/action
-- Up-to-date: /home/robot/ros_workspaces/project2/firstservicepkg/install/firstservicepkg/include/firstservicepkg/firstservicepkg/action/detail
-- Up-to-date: /home/robot/ros_workspaces/project2/firstservicepkg/install/firstservicepkg/include/firstservicepkg/firstservicepkg/action/detail/navigate__rosidl_typesupport_fastrtps_c.h
-- Up-to-date: /home/robot/ros_workspaces/project2/firstservicepkg/install/firstservicepkg/lib/libfirstservicepkg__rosidl_typesupport_fastrtps_c.so
-- Up-to-date: /home/robot/ros_workspaces/project2/firstservicepkg/install/firstservicepkg/include/firstservicepkg/firstservicepkg
-- Up-to-date: /home/robot/ros_workspaces/project2/firstservicepkg/install/firstservicepkg/include/firstservicepkg/firstservicepkg/srv
-- Up-to-date: /home/robot/ros_workspaces/project2/firstservicepkg/install/firstservicepkg/include/firstservicepkg/firstservicepkg/srv/turn_camera.hpp
-- Up-to-date: /home/robot/ros_workspaces/project2/firstservicepkg/install/firstservicepkg/include/firstservicepkg/firstservicepkg/srv/detail
-- Up-to-date: /home/robot/ros_workspaces/project2/firstservicepkg/install/firstservicepkg/include/firstservicepkg/firstservicepkg/srv/detail/turn_camera__struct.hpp
-- Up-to-date: /home/robot/ros_workspaces/project2/firstservicepkg/install/firstservicepkg/include/firstservicepkg/firstservicepkg/srv/detail/turn_camera__traits.hpp
-- Up-to-date: /home/robot/ros_workspaces/project2/firstservicepkg/install/firstservicepkg/include/firstservicepkg/firstservicepkg/srv/detail/turn_camera__builder.hpp
-- Up-to-date: /home/robot/ros_workspaces/project2/firstservicepkg/install/firstservicepkg/include/firstservicepkg/firstservicepkg/action
-- Up-to-date: /home/robot/ros_workspaces/project2/firstservicepkg/install/firstservicepkg/include/firstservicepkg/firstservicepkg/action/navigate.hpp
-- Up-to-date: /home/robot/ros_workspaces/project2/firstservicepkg/install/firstservicepkg/include/firstservicepkg/firstservicepkg/action/detail
-- Up-to-date: /home/robot/ros_workspaces/project2/firstservicepkg/install/firstservicepkg/include/firstservicepkg/firstservicepkg/action/detail/navigate__struct.hpp
-- Up-to-date: /home/robot/ros_workspaces/project2/firstservicepkg/install/firstservicepkg/include/firstservicepkg/firstservicepkg/action/detail/navigate__builder.hpp
-- Up-to-date: /home/robot/ros_workspaces/project2/firstservicepkg/install/firstservicepkg/include/firstservicepkg/firstservicepkg/action/detail/navigate__traits.hpp
-- Up-to-date: /home/robot/ros_workspaces/project2/firstservicepkg/install/firstservicepkg/include/firstservicepkg/firstservicepkg
-- Up-to-date: /home/robot/ros_workspaces/project2/firstservicepkg/install/firstservicepkg/include/firstservicepkg/firstservicepkg/msg
-- Up-to-date: /home/robot/ros_workspaces/project2/firstservicepkg/install/firstservicepkg/include/firstservicepkg/firstservicepkg/msg/rosidl_typesupport_fastrtps_cpp__visibility_control.h
-- Up-to-date: /home/robot/ros_workspaces/project2/firstservicepkg/install/firstservicepkg/include/firstservicepkg/firstservicepkg/srv
-- Up-to-date: /home/robot/ros_workspaces/project2/firstservicepkg/install/firstservicepkg/include/firstservicepkg/firstservicepkg/srv/detail
-- Up-to-date: /home/robot/ros_workspaces/project2/firstservicepkg/install/firstservicepkg/include/firstservicepkg/firstservicepkg/srv/detail/turn_camera__rosidl_typesupport_fastrtps_cpp.hpp
-- Up-to-date: /home/robot/ros_workspaces/project2/firstservicepkg/install/firstservicepkg/include/firstservicepkg/firstservicepkg/srv/detail/dds_fastrtps
-- Up-to-date: /home/robot/ros_workspaces/project2/firstservicepkg/install/firstservicepkg/include/firstservicepkg/firstservicepkg/action
-- Up-to-date: /home/robot/ros_workspaces/project2/firstservicepkg/install/firstservicepkg/include/firstservicepkg/firstservicepkg/action/detail
-- Up-to-date: /home/robot/ros_workspaces/project2/firstservicepkg/install/firstservicepkg/include/firstservicepkg/firstservicepkg/action/detail/dds_fastrtps
-- Up-to-date: /home/robot/ros_workspaces/project2/firstservicepkg/install/firstservicepkg/include/firstservicepkg/firstservicepkg/action/detail/navigate__rosidl_typesupport_fastrtps_cpp.hpp
-- Up-to-date: /home/robot/ros_workspaces/project2/firstservicepkg/install/firstservicepkg/lib/libfirstservicepkg__rosidl_typesupport_fastrtps_cpp.so
-- Up-to-date: /home/robot/ros_workspaces/project2/firstservicepkg/install/firstservicepkg/include/firstservicepkg/firstservicepkg
-- Up-to-date: /home/robot/ros_workspaces/project2/firstservicepkg/install/firstservicepkg/include/firstservicepkg/firstservicepkg/msg
-- Up-to-date: /home/robot/ros_workspaces/project2/firstservicepkg/install/firstservicepkg/include/firstservicepkg/firstservicepkg/msg/rosidl_typesupport_introspection_c__visibility_control.h
-- Up-to-date: /home/robot/ros_workspaces/project2/firstservicepkg/install/firstservicepkg/include/firstservicepkg/firstservicepkg/srv
-- Up-to-date: /home/robot/ros_workspaces/project2/firstservicepkg/install/firstservicepkg/include/firstservicepkg/firstservicepkg/srv/detail
-- Up-to-date: /home/robot/ros_workspaces/project2/firstservicepkg/install/firstservicepkg/include/firstservicepkg/firstservicepkg/srv/detail/turn_camera__rosidl_typesupport_introspection_c.h
-- Up-to-date: /home/robot/ros_workspaces/project2/firstservicepkg/install/firstservicepkg/include/firstservicepkg/firstservicepkg/srv/detail/turn_camera__type_support.c
-- Up-to-date: /home/robot/ros_workspaces/project2/firstservicepkg/install/firstservicepkg/include/firstservicepkg/firstservicepkg/action
-- Up-to-date: /home/robot/ros_workspaces/project2/firstservicepkg/install/firstservicepkg/include/firstservicepkg/firstservicepkg/action/detail
-- Up-to-date: /home/robot/ros_workspaces/project2/firstservicepkg/install/firstservicepkg/include/firstservicepkg/firstservicepkg/action/detail/navigate__type_support.c
-- Up-to-date: /home/robot/ros_workspaces/project2/firstservicepkg/install/firstservicepkg/include/firstservicepkg/firstservicepkg/action/detail/navigate__rosidl_typesupport_introspection_c.h
-- Up-to-date: /home/robot/ros_workspaces/project2/firstservicepkg/install/firstservicepkg/lib/libfirstservicepkg__rosidl_typesupport_introspection_c.so
-- Up-to-date: /home/robot/ros_workspaces/project2/firstservicepkg/install/firstservicepkg/lib/libfirstservicepkg__rosidl_typesupport_c.so
-- Up-to-date: /home/robot/ros_workspaces/project2/firstservicepkg/install/firstservicepkg/include/firstservicepkg/firstservicepkg
-- Up-to-date: /home/robot/ros_workspaces/project2/firstservicepkg/install/firstservicepkg/include/firstservicepkg/firstservicepkg/srv
-- Up-to-date: /home/robot/ros_workspaces/project2/firstservicepkg/install/firstservicepkg/include/firstservicepkg/firstservicepkg/srv/detail
-- Up-to-date: /home/robot/ros_workspaces/project2/firstservicepkg/install/firstservicepkg/include/firstservicepkg/firstservicepkg/srv/detail/turn_camera__rosidl_typesupport_introspection_cpp.hpp
-- Up-to-date: /home/robot/ros_workspaces/project2/firstservicepkg/install/firstservicepkg/include/firstservicepkg/firstservicepkg/srv/detail/turn_camera__type_support.cpp
-- Up-to-date: /home/robot/ros_workspaces/project2/firstservicepkg/install/firstservicepkg/include/firstservicepkg/firstservicepkg/action
-- Up-to-date: /home/robot/ros_workspaces/project2/firstservicepkg/install/firstservicepkg/include/firstservicepkg/firstservicepkg/action/detail
-- Up-to-date: /home/robot/ros_workspaces/project2/firstservicepkg/install/firstservicepkg/include/firstservicepkg/firstservicepkg/action/detail/navigate__rosidl_typesupport_introspection_cpp.hpp
-- Up-to-date: /home/robot/ros_workspaces/project2/firstservicepkg/install/firstservicepkg/include/firstservicepkg/firstservicepkg/action/detail/navigate__type_support.cpp
-- Up-to-date: /home/robot/ros_workspaces/project2/firstservicepkg/install/firstservicepkg/lib/libfirstservicepkg__rosidl_typesupport_introspection_cpp.so
-- Up-to-date: /home/robot/ros_workspaces/project2/firstservicepkg/install/firstservicepkg/lib/libfirstservicepkg__rosidl_typesupport_cpp.so
-- Up-to-date: /home/robot/ros_workspaces/project2/firstservicepkg/install/firstservicepkg/share/firstservicepkg/environment/pythonpath.sh
-- Installing: /home/robot/ros_workspaces/project2/firstservicepkg/install/firstservicepkg/share/firstservicepkg/environment/pythonpath.dsv
-- Up-to-date: /home/robot/ros_workspaces/project2/firstservicepkg/install/firstservicepkg/local/lib/python3.10/dist-packages/firstservicepkg-0.0.0-py3.10.egg-info
-- Installing: /home/robot/ros_workspaces/project2/firstservicepkg/install/firstservicepkg/local/lib/python3.10/dist-packages/firstservicepkg-0.0.0-py3.10.egg-info/PKG-INFO
-- Installing: /home/robot/ros_workspaces/project2/firstservicepkg/install/firstservicepkg/local/lib/python3.10/dist-packages/firstservicepkg-0.0.0-py3.10.egg-info/dependency_links.txt
-- Installing: /home/robot/ros_workspaces/project2/firstservicepkg/install/firstservicepkg/local/lib/python3.10/dist-packages/firstservicepkg-0.0.0-py3.10.egg-info/top_level.txt
-- Installing: /home/robot/ros_workspaces/project2/firstservicepkg/install/firstservicepkg/local/lib/python3.10/dist-packages/firstservicepkg-0.0.0-py3.10.egg-info/SOURCES.txt
-- Up-to-date: /home/robot/ros_workspaces/project2/firstservicepkg/install/firstservicepkg/local/lib/python3.10/dist-packages/firstservicepkg
-- Up-to-date: /home/robot/ros_workspaces/project2/firstservicepkg/install/firstservicepkg/local/lib/python3.10/dist-packages/firstservicepkg/firstservicepkg_s__rosidl_typesupport_introspection_c.cpython-310-x86_64-linux-gnu.so
-- Installing: /home/robot/ros_workspaces/project2/firstservicepkg/install/firstservicepkg/local/lib/python3.10/dist-packages/firstservicepkg/__init__.py
-- Up-to-date: /home/robot/ros_workspaces/project2/firstservicepkg/install/firstservicepkg/local/lib/python3.10/dist-packages/firstservicepkg/libfirstservicepkg__rosidl_generator_py.so
-- Up-to-date: /home/robot/ros_workspaces/project2/firstservicepkg/install/firstservicepkg/local/lib/python3.10/dist-packages/firstservicepkg/srv
-- Up-to-date: /home/robot/ros_workspaces/project2/firstservicepkg/install/firstservicepkg/local/lib/python3.10/dist-packages/firstservicepkg/srv/_turn_camera.py
-- Up-to-date: /home/robot/ros_workspaces/project2/firstservicepkg/install/firstservicepkg/local/lib/python3.10/dist-packages/firstservicepkg/srv/__init__.py
-- Up-to-date: /home/robot/ros_workspaces/project2/firstservicepkg/install/firstservicepkg/local/lib/python3.10/dist-packages/firstservicepkg/srv/_turn_camera_s.c
-- Up-to-date: /home/robot/ros_workspaces/project2/firstservicepkg/install/firstservicepkg/local/lib/python3.10/dist-packages/firstservicepkg/firstservicepkg_s__rosidl_typesupport_c.cpython-310-x86_64-linux-gnu.so
-- Up-to-date: /home/robot/ros_workspaces/project2/firstservicepkg/install/firstservicepkg/local/lib/python3.10/dist-packages/firstservicepkg/_firstservicepkg_s.ep.rosidl_typesupport_introspection_c.c
-- Up-to-date: /home/robot/ros_workspaces/project2/firstservicepkg/install/firstservicepkg/local/lib/python3.10/dist-packages/firstservicepkg/_firstservicepkg_s.ep.rosidl_typesupport_fastrtps_c.c
-- Up-to-date: /home/robot/ros_workspaces/project2/firstservicepkg/install/firstservicepkg/local/lib/python3.10/dist-packages/firstservicepkg/_firstservicepkg_s.ep.rosidl_typesupport_c.c
-- Up-to-date: /home/robot/ros_workspaces/project2/firstservicepkg/install/firstservicepkg/local/lib/python3.10/dist-packages/firstservicepkg/action
-- Up-to-date: /home/robot/ros_workspaces/project2/firstservicepkg/install/firstservicepkg/local/lib/python3.10/dist-packages/firstservicepkg/action/_navigate_s.c
-- Up-to-date: /home/robot/ros_workspaces/project2/firstservicepkg/install/firstservicepkg/local/lib/python3.10/dist-packages/firstservicepkg/action/_navigate.py
-- Up-to-date: /home/robot/ros_workspaces/project2/firstservicepkg/install/firstservicepkg/local/lib/python3.10/dist-packages/firstservicepkg/action/__init__.py
-- Up-to-date: /home/robot/ros_workspaces/project2/firstservicepkg/install/firstservicepkg/local/lib/python3.10/dist-packages/firstservicepkg/firstservicepkg_s__rosidl_typesupport_fastrtps_c.cpython-310-x86_64-linux-gnu.so
Listing '/home/robot/ros_workspaces/project2/firstservicepkg/install/firstservicepkg/local/lib/python3.10/dist-packages/firstservicepkg'...
Compiling '/home/robot/ros_workspaces/project2/firstservicepkg/install/firstservicepkg/local/lib/python3.10/dist-packages/firstservicepkg/__init__.py'...
Listing '/home/robot/ros_workspaces/project2/firstservicepkg/install/firstservicepkg/local/lib/python3.10/dist-packages/firstservicepkg/action'...
Listing '/home/robot/ros_workspaces/project2/firstservicepkg/install/firstservicepkg/local/lib/python3.10/dist-packages/firstservicepkg/srv'...
-- Up-to-date: /home/robot/ros_workspaces/project2/firstservicepkg/install/firstservicepkg/local/lib/python3.10/dist-packages/firstservicepkg/firstservicepkg_s__rosidl_typesupport_fastrtps_c.cpython-310-x86_64-linux-gnu.so
-- Up-to-date: /home/robot/ros_workspaces/project2/firstservicepkg/install/firstservicepkg/local/lib/python3.10/dist-packages/firstservicepkg/firstservicepkg_s__rosidl_typesupport_introspection_c.cpython-310-x86_64-linux-gnu.so
-- Up-to-date: /home/robot/ros_workspaces/project2/firstservicepkg/install/firstservicepkg/local/lib/python3.10/dist-packages/firstservicepkg/firstservicepkg_s__rosidl_typesupport_c.cpython-310-x86_64-linux-gnu.so
-- Up-to-date: /home/robot/ros_workspaces/project2/firstservicepkg/install/firstservicepkg/lib/libfirstservicepkg__rosidl_generator_py.so
-- Up-to-date: /home/robot/ros_workspaces/project2/firstservicepkg/install/firstservicepkg/share/firstservicepkg/srv/TurnCamera.idl
-- Up-to-date: /home/robot/ros_workspaces/project2/firstservicepkg/install/firstservicepkg/share/firstservicepkg/action/Navigate.idl
-- Up-to-date: /home/robot/ros_workspaces/project2/firstservicepkg/install/firstservicepkg/share/firstservicepkg/srv/TurnCamera.srv
-- Up-to-date: /home/robot/ros_workspaces/project2/firstservicepkg/install/firstservicepkg/share/firstservicepkg/srv/TurnCamera_Request.msg
-- Up-to-date: /home/robot/ros_workspaces/project2/firstservicepkg/install/firstservicepkg/share/firstservicepkg/srv/TurnCamera_Response.msg
-- Up-to-date: /home/robot/ros_workspaces/project2/firstservicepkg/install/firstservicepkg/share/firstservicepkg/action/Navigate.action
-- Up-to-date: /home/robot/ros_workspaces/project2/firstservicepkg/install/firstservicepkg/lib/firstservicepkg/turn_camera_service
-- Up-to-date: /home/robot/ros_workspaces/project2/firstservicepkg/install/firstservicepkg/lib/firstservicepkg/turn_camera_client
-- Up-to-date: /home/robot/ros_workspaces/project2/firstservicepkg/install/firstservicepkg/lib/firstservicepkg/action_server
-- Installing: /home/robot/ros_workspaces/project2/firstservicepkg/install/firstservicepkg/lib/firstservicepkg/action_client
-- Set runtime path of "/home/robot/ros_workspaces/project2/firstservicepkg/install/firstservicepkg/lib/firstservicepkg/action_client" to ""
-- Up-to-date: /home/robot/ros_workspaces/project2/firstservicepkg/install/firstservicepkg/share/firstservicepkg//launch
-- Up-to-date: /home/robot/ros_workspaces/project2/firstservicepkg/install/firstservicepkg/share/ament_index/resource_index/package_run_dependencies/firstservicepkg
-- Installing: /home/robot/ros_workspaces/project2/firstservicepkg/install/firstservicepkg/share/ament_index/resource_index/parent_prefix_path/firstservicepkg
-- Up-to-date: /home/robot/ros_workspaces/project2/firstservicepkg/install/firstservicepkg/share/firstservicepkg/environment/ament_prefix_path.sh
-- Installing: /home/robot/ros_workspaces/project2/firstservicepkg/install/firstservicepkg/share/firstservicepkg/environment/ament_prefix_path.dsv
-- Up-to-date: /home/robot/ros_workspaces/project2/firstservicepkg/install/firstservicepkg/share/firstservicepkg/environment/path.sh
-- Installing: /home/robot/ros_workspaces/project2/firstservicepkg/install/firstservicepkg/share/firstservicepkg/environment/path.dsv
-- Up-to-date: /home/robot/ros_workspaces/project2/firstservicepkg/install/firstservicepkg/share/firstservicepkg/local_setup.bash
-- Up-to-date: /home/robot/ros_workspaces/project2/firstservicepkg/install/firstservicepkg/share/firstservicepkg/local_setup.sh
-- Up-to-date: /home/robot/ros_workspaces/project2/firstservicepkg/install/firstservicepkg/share/firstservicepkg/local_setup.zsh
-- Installing: /home/robot/ros_workspaces/project2/firstservicepkg/install/firstservicepkg/share/firstservicepkg/local_setup.dsv
-- Installing: /home/robot/ros_workspaces/project2/firstservicepkg/install/firstservicepkg/share/firstservicepkg/package.dsv
-- Up-to-date: /home/robot/ros_workspaces/project2/firstservicepkg/install/firstservicepkg/share/ament_index/resource_index/packages/firstservicepkg
-- Up-to-date: /home/robot/ros_workspaces/project2/firstservicepkg/install/firstservicepkg/share/firstservicepkg/cmake/export_firstservicepkg__rosidl_generator_cExport.cmake
-- Up-to-date: /home/robot/ros_workspaces/project2/firstservicepkg/install/firstservicepkg/share/firstservicepkg/cmake/export_firstservicepkg__rosidl_generator_cExport-noconfig.cmake
-- Up-to-date: /home/robot/ros_workspaces/project2/firstservicepkg/install/firstservicepkg/share/firstservicepkg/cmake/export_firstservicepkg__rosidl_typesupport_fastrtps_cExport.cmake
-- Up-to-date: /home/robot/ros_workspaces/project2/firstservicepkg/install/firstservicepkg/share/firstservicepkg/cmake/export_firstservicepkg__rosidl_typesupport_fastrtps_cExport-noconfig.cmake
-- Up-to-date: /home/robot/ros_workspaces/project2/firstservicepkg/install/firstservicepkg/share/firstservicepkg/cmake/export_firstservicepkg__rosidl_generator_cppExport.cmake
-- Up-to-date: /home/robot/ros_workspaces/project2/firstservicepkg/install/firstservicepkg/share/firstservicepkg/cmake/export_firstservicepkg__rosidl_typesupport_fastrtps_cppExport.cmake
-- Up-to-date: /home/robot/ros_workspaces/project2/firstservicepkg/install/firstservicepkg/share/firstservicepkg/cmake/export_firstservicepkg__rosidl_typesupport_fastrtps_cppExport-noconfig.cmake
-- Up-to-date: /home/robot/ros_workspaces/project2/firstservicepkg/install/firstservicepkg/share/firstservicepkg/cmake/firstservicepkg__rosidl_typesupport_introspection_cExport.cmake
-- Up-to-date: /home/robot/ros_workspaces/project2/firstservicepkg/install/firstservicepkg/share/firstservicepkg/cmake/firstservicepkg__rosidl_typesupport_introspection_cExport-noconfig.cmake
-- Up-to-date: /home/robot/ros_workspaces/project2/firstservicepkg/install/firstservicepkg/share/firstservicepkg/cmake/firstservicepkg__rosidl_typesupport_cExport.cmake
-- Up-to-date: /home/robot/ros_workspaces/project2/firstservicepkg/install/firstservicepkg/share/firstservicepkg/cmake/firstservicepkg__rosidl_typesupport_cExport-noconfig.cmake
-- Up-to-date: /home/robot/ros_workspaces/project2/firstservicepkg/install/firstservicepkg/share/firstservicepkg/cmake/firstservicepkg__rosidl_typesupport_introspection_cppExport.cmake
-- Up-to-date: /home/robot/ros_workspaces/project2/firstservicepkg/install/firstservicepkg/share/firstservicepkg/cmake/firstservicepkg__rosidl_typesupport_introspection_cppExport-noconfig.cmake
-- Up-to-date: /home/robot/ros_workspaces/project2/firstservicepkg/install/firstservicepkg/share/firstservicepkg/cmake/firstservicepkg__rosidl_typesupport_cppExport.cmake
-- Up-to-date: /home/robot/ros_workspaces/project2/firstservicepkg/install/firstservicepkg/share/firstservicepkg/cmake/firstservicepkg__rosidl_typesupport_cppExport-noconfig.cmake
-- Up-to-date: /home/robot/ros_workspaces/project2/firstservicepkg/install/firstservicepkg/share/firstservicepkg/cmake/export_firstservicepkg__rosidl_generator_pyExport.cmake
-- Up-to-date: /home/robot/ros_workspaces/project2/firstservicepkg/install/firstservicepkg/share/firstservicepkg/cmake/export_firstservicepkg__rosidl_generator_pyExport-noconfig.cmake
-- Up-to-date: /home/robot/ros_workspaces/project2/firstservicepkg/install/firstservicepkg/share/firstservicepkg/cmake/rosidl_cmake-extras.cmake
-- Up-to-date: /home/robot/ros_workspaces/project2/firstservicepkg/install/firstservicepkg/share/firstservicepkg/cmake/ament_cmake_export_dependencies-extras.cmake
-- Up-to-date: /home/robot/ros_workspaces/project2/firstservicepkg/install/firstservicepkg/share/firstservicepkg/cmake/ament_cmake_export_include_directories-extras.cmake
-- Up-to-date: /home/robot/ros_workspaces/project2/firstservicepkg/install/firstservicepkg/share/firstservicepkg/cmake/ament_cmake_export_libraries-extras.cmake
-- Up-to-date: /home/robot/ros_workspaces/project2/firstservicepkg/install/firstservicepkg/share/firstservicepkg/cmake/ament_cmake_export_targets-extras.cmake
-- Up-to-date: /home/robot/ros_workspaces/project2/firstservicepkg/install/firstservicepkg/share/firstservicepkg/cmake/rosidl_cmake_export_typesupport_targets-extras.cmake
-- Up-to-date: /home/robot/ros_workspaces/project2/firstservicepkg/install/firstservicepkg/share/firstservicepkg/cmake/rosidl_cmake_export_typesupport_libraries-extras.cmake
-- Up-to-date: /home/robot/ros_workspaces/project2/firstservicepkg/install/firstservicepkg/share/firstservicepkg/cmake/firstservicepkgConfig.cmake
-- Up-to-date: /home/robot/ros_workspaces/project2/firstservicepkg/install/firstservicepkg/share/firstservicepkg/cmake/firstservicepkgConfig-version.cmake
-- Up-to-date: /home/robot/ros_workspaces/project2/firstservicepkg/install/firstservicepkg/share/firstservicepkg/package.xml
