-- The C compiler identification is GNU 11.4.0
-- The CXX compiler identification is GNU 11.4.0
-- Detecting C compiler ABI info
-- Detecting C compiler ABI info - done
-- Check for working C compiler: /usr/bin/cc - skipped
-- Detecting C compile features
-- Detecting C compile features - done
-- Detecting CXX compiler ABI info
-- Detecting CXX compiler ABI info - done
-- Check for working CXX compiler: /usr/bin/c++ - skipped
-- Detecting CXX compile features
-- Detecting CXX compile features - done
-- Found ament_cmake: 1.3.9 (/opt/ros/humble/share/ament_cmake/cmake)
-- Found Python3: /usr/bin/python3 (found version "3.10.12") found components: Interpreter 
-- Found rclcpp: 16.0.9 (/opt/ros/humble/share/rclcpp/cmake)
-- Found rosidl_generator_c: 3.1.5 (/opt/ros/humble/share/rosidl_generator_c/cmake)
-- Found rosidl_adapter: 3.1.5 (/opt/ros/humble/share/rosidl_adapter/cmake)
-- Found rosidl_generator_cpp: 3.1.5 (/opt/ros/humble/share/rosidl_generator_cpp/cmake)
-- Using all available rosidl_typesupport_c: rosidl_typesupport_fastrtps_c;rosidl_typesupport_introspection_c
-- Using all available rosidl_typesupport_cpp: rosidl_typesupport_fastrtps_cpp;rosidl_typesupport_introspection_cpp
-- Found rmw_implementation_cmake: 6.1.2 (/opt/ros/humble/share/rmw_implementation_cmake/cmake)
-- Found rmw_fastrtps_cpp: 6.2.6 (/opt/ros/humble/share/rmw_fastrtps_cpp/cmake)
-- Found OpenSSL: /usr/lib/x86_64-linux-gnu/libcrypto.so (found version "3.0.2")  
-- Found FastRTPS: /opt/ros/humble/include  
-- Using RMW implementation 'rmw_fastrtps_cpp' as default
-- Looking for pthread.h
-- Looking for pthread.h - found
-- Performing Test CMAKE_HAVE_LIBC_PTHREAD
-- Performing Test CMAKE_HAVE_LIBC_PTHREAD - Success
-- Found Threads: TRUE  
-- Found rosidl_default_generators: 1.2.0 (/opt/ros/humble/share/rosidl_default_generators/cmake)
-- Found sensor_msgs: 4.2.4 (/opt/ros/humble/share/sensor_msgs/cmake)
-- Found OpenCV: /usr (found version "4.5.4") 
-- Found action_msgs: 1.2.1 (/opt/ros/humble/share/action_msgs/cmake)
-- Found cv_bridge: 3.2.1 (/opt/ros/humble/share/cv_bridge/cmake)
-- Found ament_cmake_cppcheck: 0.12.11 (/opt/ros/humble/share/ament_cmake_cppcheck/cmake)
-- Found ament_cmake_cpplint: 0.12.11 (/opt/ros/humble/share/ament_cmake_cpplint/cmake)
-- Found ament_cmake_uncrustify: 0.12.11 (/opt/ros/humble/share/ament_cmake_uncrustify/cmake)
-- Found ament_cmake_ros: 0.10.0 (/opt/ros/humble/share/ament_cmake_ros/cmake)
-- Using all available rosidl_typesupport_c: rosidl_typesupport_fastrtps_c;rosidl_typesupport_introspection_c
-- Using all available rosidl_typesupport_cpp: rosidl_typesupport_fastrtps_cpp;rosidl_typesupport_introspection_cpp
-- Found PythonInterp: /usr/bin/python3 (found suitable version "3.10.12", minimum required is "3.6") 
-- Found python_cmake_module: 0.10.0 (/opt/ros/humble/share/python_cmake_module/cmake)
-- Found PythonLibs: /usr/lib/x86_64-linux-gnu/libpython3.10.so (found suitable version "3.10.12", minimum required is "3.5") 
-- Using PYTHON_EXECUTABLE: /usr/bin/python3
-- Using PYTHON_INCLUDE_DIRS: /usr/include/python3.10
-- Using PYTHON_LIBRARIES: /usr/lib/x86_64-linux-gnu/libpython3.10.so
-- Found PythonExtra: .so  
-- Found ament_cmake_flake8: 0.12.11 (/opt/ros/humble/share/ament_cmake_flake8/cmake)
-- Found ament_cmake_pep257: 0.12.11 (/opt/ros/humble/share/ament_cmake_pep257/cmake)
-- Found ament_lint_auto: 0.12.11 (/opt/ros/humble/share/ament_lint_auto/cmake)
-- Added test 'cppcheck' to perform static code analysis on C / C++ code
-- Configured cppcheck include dirs: $<BUILD_INTERFACE:/home/robot/ros_workspaces/project2/firstservicepkg/build/firstservicepkg/rosidl_generator_c>;$<BUILD_INTERFACE:/home/robot/ros_workspaces/project2/firstservicepkg/build/firstservicepkg/rosidl_typesupport_fastrtps_c>;$<BUILD_INTERFACE:/home/robot/ros_workspaces/project2/firstservicepkg/build/firstservicepkg/rosidl_generator_cpp>;$<BUILD_INTERFACE:/home/robot/ros_workspaces/project2/firstservicepkg/build/firstservicepkg/rosidl_typesupport_fastrtps_cpp>;$<BUILD_INTERFACE:/home/robot/ros_workspaces/project2/firstservicepkg/build/firstservicepkg/rosidl_typesupport_introspection_c>;$<BUILD_INTERFACE:/home/robot/ros_workspaces/project2/firstservicepkg/build/firstservicepkg/rosidl_typesupport_introspection_cpp>;/home/robot/ros_workspaces/project2/firstservicepkg/build/firstservicepkg/rosidl_generator_c;/home/robot/ros_workspaces/project2/firstservicepkg/build/firstservicepkg/rosidl_generator_py
-- Configured cppcheck exclude dirs and/or files: 
-- Added test 'cpplint' to check C / C++ code against the Google style
-- Configured cpplint exclude dirs and/or files: 
-- Added test 'uncrustify' to check C / C++ code style
-- Configured uncrustify additional arguments: 
-- Added test 'flake8' to check Python code syntax and style conventions
-- Added test 'pep257' to check Python code against some of the docstring style conventions in PEP 257
-- Added test 'lint_cmake' to check CMake code style
-- Added test 'xmllint' to check XML markup files
-- Configuring done
-- Generating done
-- Build files have been written to: /home/robot/ros_workspaces/project2/firstservicepkg/build/firstservicepkg
[  2%] [34m[1mGenerating C code for ROS interfaces[0m
[  4%] [34m[1mGenerating C++ code for ROS interfaces[0m
[  4%] Built target ament_cmake_python_copy_firstservicepkg
running egg_info
creating firstservicepkg.egg-info
writing firstservicepkg.egg-info/PKG-INFO
writing dependency_links to firstservicepkg.egg-info/dependency_links.txt
writing top-level names to firstservicepkg.egg-info/top_level.txt
writing manifest file 'firstservicepkg.egg-info/SOURCES.txt'
reading manifest file 'firstservicepkg.egg-info/SOURCES.txt'
writing manifest file 'firstservicepkg.egg-info/SOURCES.txt'
[  4%] Built target ament_cmake_python_build_firstservicepkg_egg
[  4%] Built target firstservicepkg__cpp
[  9%] [34m[1mGenerating C++ type support for eProsima Fast-RTPS[0m
[  9%] [34m[1mGenerating C++ type support dispatch for ROS interfaces[0m
[ 11%] [34m[1mGenerating C++ introspection for ROS interfaces[0m
[ 13%] [32mBuilding C object CMakeFiles/firstservicepkg__rosidl_generator_c.dir/rosidl_generator_c/firstservicepkg/srv/detail/turn_camera__functions.c.o[0m
[ 16%] [32mBuilding C object CMakeFiles/firstservicepkg__rosidl_generator_c.dir/rosidl_generator_c/firstservicepkg/action/detail/navigate__functions.c.o[0m
[ 18%] [32m[1mLinking C shared library libfirstservicepkg__rosidl_generator_c.so[0m
[ 18%] Built target firstservicepkg__rosidl_generator_c
[ 20%] [34m[1mGenerating C type support for eProsima Fast-RTPS[0m
[ 23%] [32mBuilding CXX object CMakeFiles/firstservicepkg__rosidl_typesupport_cpp.dir/rosidl_typesupport_cpp/firstservicepkg/srv/turn_camera__type_support.cpp.o[0m
[ 25%] [32mBuilding CXX object CMakeFiles/firstservicepkg__rosidl_typesupport_introspection_cpp.dir/rosidl_typesupport_introspection_cpp/firstservicepkg/srv/detail/turn_camera__type_support.cpp.o[0m
[ 27%] [32mBuilding CXX object CMakeFiles/firstservicepkg__rosidl_typesupport_fastrtps_cpp.dir/rosidl_typesupport_fastrtps_cpp/firstservicepkg/srv/detail/dds_fastrtps/turn_camera__type_support.cpp.o[0m
[ 30%] [32mBuilding CXX object CMakeFiles/firstservicepkg__rosidl_typesupport_cpp.dir/rosidl_typesupport_cpp/firstservicepkg/action/navigate__type_support.cpp.o[0m
[ 32%] [32mBuilding CXX object CMakeFiles/firstservicepkg__rosidl_typesupport_fastrtps_c.dir/rosidl_typesupport_fastrtps_c/firstservicepkg/srv/detail/turn_camera__type_support_c.cpp.o[0m
[ 34%] [32mBuilding CXX object CMakeFiles/firstservicepkg__rosidl_typesupport_introspection_cpp.dir/rosidl_typesupport_introspection_cpp/firstservicepkg/action/detail/navigate__type_support.cpp.o[0m
[ 37%] [32mBuilding CXX object CMakeFiles/firstservicepkg__rosidl_typesupport_fastrtps_cpp.dir/rosidl_typesupport_fastrtps_cpp/firstservicepkg/action/detail/dds_fastrtps/navigate__type_support.cpp.o[0m
[ 39%] [32m[1mLinking CXX shared library libfirstservicepkg__rosidl_typesupport_cpp.so[0m
[ 41%] [32mBuilding CXX object CMakeFiles/firstservicepkg__rosidl_typesupport_fastrtps_c.dir/rosidl_typesupport_fastrtps_c/firstservicepkg/action/detail/navigate__type_support_c.cpp.o[0m
[ 41%] Built target firstservicepkg__rosidl_typesupport_cpp
[ 44%] [34m[1mGenerating C introspection for ROS interfaces[0m
[ 46%] [32m[1mLinking CXX shared library libfirstservicepkg__rosidl_typesupport_introspection_cpp.so[0m
[ 48%] [32m[1mLinking CXX shared library libfirstservicepkg__rosidl_typesupport_fastrtps_cpp.so[0m
[ 51%] [32m[1mLinking CXX shared library libfirstservicepkg__rosidl_typesupport_fastrtps_c.so[0m
[ 51%] Built target firstservicepkg__rosidl_typesupport_introspection_cpp
[ 53%] [34m[1mGenerating C type support dispatch for ROS interfaces[0m
[ 53%] Built target firstservicepkg__rosidl_typesupport_fastrtps_c
[ 53%] Built target firstservicepkg__rosidl_typesupport_fastrtps_cpp
[ 55%] [32mBuilding CXX object CMakeFiles/turn_camera_service.dir/src/turn_camera_service.cpp.o[0m
[ 58%] [32mBuilding CXX object CMakeFiles/turn_camera_client.dir/src/turn_camera_client.cpp.o[0m
[ 60%] [32mBuilding C object CMakeFiles/firstservicepkg__rosidl_typesupport_introspection_c.dir/rosidl_typesupport_introspection_c/firstservicepkg/srv/detail/turn_camera__type_support.c.o[0m
[ 62%] [32mBuilding C object CMakeFiles/firstservicepkg__rosidl_typesupport_introspection_c.dir/rosidl_typesupport_introspection_c/firstservicepkg/action/detail/navigate__type_support.c.o[0m
[ 65%] [32m[1mLinking C shared library libfirstservicepkg__rosidl_typesupport_introspection_c.so[0m
[ 65%] Built target firstservicepkg__rosidl_typesupport_introspection_c
[ 67%] [32mBuilding CXX object CMakeFiles/firstservicepkg__rosidl_typesupport_c.dir/rosidl_typesupport_c/firstservicepkg/action/navigate__type_support.cpp.o[0m
[ 69%] [32mBuilding CXX object CMakeFiles/firstservicepkg__rosidl_typesupport_c.dir/rosidl_typesupport_c/firstservicepkg/srv/turn_camera__type_support.cpp.o[0m
[ 72%] [32m[1mLinking CXX shared library libfirstservicepkg__rosidl_typesupport_c.so[0m
[ 72%] Built target firstservicepkg__rosidl_typesupport_c
[ 72%] Built target firstservicepkg
[ 74%] [34m[1mGenerating Python code for ROS interfaces[0m
[ 74%] Built target firstservicepkg__py
[ 76%] [32mBuilding C object CMakeFiles/firstservicepkg__rosidl_generator_py.dir/rosidl_generator_py/firstservicepkg/srv/_turn_camera_s.c.o[0m
[ 79%] [32mBuilding C object CMakeFiles/firstservicepkg__rosidl_generator_py.dir/rosidl_generator_py/firstservicepkg/action/_navigate_s.c.o[0m
[ 81%] [32m[1mLinking C shared library rosidl_generator_py/firstservicepkg/libfirstservicepkg__rosidl_generator_py.so[0m
[ 81%] Built target firstservicepkg__rosidl_generator_py
[ 83%] [32mBuilding C object CMakeFiles/firstservicepkg__rosidl_typesupport_fastrtps_c__pyext.dir/rosidl_generator_py/firstservicepkg/_firstservicepkg_s.ep.rosidl_typesupport_fastrtps_c.c.o[0m
[ 86%] [32mBuilding C object CMakeFiles/firstservicepkg__rosidl_typesupport_introspection_c__pyext.dir/rosidl_generator_py/firstservicepkg/_firstservicepkg_s.ep.rosidl_typesupport_introspection_c.c.o[0m
[ 88%] [32m[1mLinking C shared library rosidl_generator_py/firstservicepkg/firstservicepkg_s__rosidl_typesupport_fastrtps_c.cpython-310-x86_64-linux-gnu.so[0m
[ 90%] [32m[1mLinking C shared library rosidl_generator_py/firstservicepkg/firstservicepkg_s__rosidl_typesupport_introspection_c.cpython-310-x86_64-linux-gnu.so[0m
[ 90%] Built target firstservicepkg__rosidl_typesupport_fastrtps_c__pyext
[ 93%] [32mBuilding C object CMakeFiles/firstservicepkg__rosidl_typesupport_c__pyext.dir/rosidl_generator_py/firstservicepkg/_firstservicepkg_s.ep.rosidl_typesupport_c.c.o[0m
[ 93%] Built target firstservicepkg__rosidl_typesupport_introspection_c__pyext
[ 95%] [32m[1mLinking C shared library rosidl_generator_py/firstservicepkg/firstservicepkg_s__rosidl_typesupport_c.cpython-310-x86_64-linux-gnu.so[0m
[ 95%] Built target firstservicepkg__rosidl_typesupport_c__pyext
[ 97%] [32m[1mLinking CXX executable turn_camera_client[0m
[100%] [32m[1mLinking CXX executable turn_camera_service[0m
[100%] Built target turn_camera_service
[100%] Built target turn_camera_client
-- Install configuration: ""
-- Installing: /home/robot/ros_workspaces/project2/firstservicepkg/install/firstservicepkg/share/ament_index/resource_index/rosidl_interfaces/firstservicepkg
-- Installing: /home/robot/ros_workspaces/project2/firstservicepkg/install/firstservicepkg/include/firstservicepkg/firstservicepkg
-- Installing: /home/robot/ros_workspaces/project2/firstservicepkg/install/firstservicepkg/include/firstservicepkg/firstservicepkg/msg
-- Installing: /home/robot/ros_workspaces/project2/firstservicepkg/install/firstservicepkg/include/firstservicepkg/firstservicepkg/msg/rosidl_generator_c__visibility_control.h
-- Installing: /home/robot/ros_workspaces/project2/firstservicepkg/install/firstservicepkg/include/firstservicepkg/firstservicepkg/srv
-- Installing: /home/robot/ros_workspaces/project2/firstservicepkg/install/firstservicepkg/include/firstservicepkg/firstservicepkg/srv/turn_camera.h
-- Installing: /home/robot/ros_workspaces/project2/firstservicepkg/install/firstservicepkg/include/firstservicepkg/firstservicepkg/srv/detail
-- Installing: /home/robot/ros_workspaces/project2/firstservicepkg/install/firstservicepkg/include/firstservicepkg/firstservicepkg/srv/detail/turn_camera__functions.c
-- Installing: /home/robot/ros_workspaces/project2/firstservicepkg/install/firstservicepkg/include/firstservicepkg/firstservicepkg/srv/detail/turn_camera__type_support.h
-- Installing: /home/robot/ros_workspaces/project2/firstservicepkg/install/firstservicepkg/include/firstservicepkg/firstservicepkg/srv/detail/turn_camera__functions.h
-- Installing: /home/robot/ros_workspaces/project2/firstservicepkg/install/firstservicepkg/include/firstservicepkg/firstservicepkg/srv/detail/turn_camera__struct.h
-- Installing: /home/robot/ros_workspaces/project2/firstservicepkg/install/firstservicepkg/include/firstservicepkg/firstservicepkg/action
-- Installing: /home/robot/ros_workspaces/project2/firstservicepkg/install/firstservicepkg/include/firstservicepkg/firstservicepkg/action/detail
-- Installing: /home/robot/ros_workspaces/project2/firstservicepkg/install/firstservicepkg/include/firstservicepkg/firstservicepkg/action/detail/navigate__functions.c
-- Installing: /home/robot/ros_workspaces/project2/firstservicepkg/install/firstservicepkg/include/firstservicepkg/firstservicepkg/action/detail/navigate__struct.h
-- Installing: /home/robot/ros_workspaces/project2/firstservicepkg/install/firstservicepkg/include/firstservicepkg/firstservicepkg/action/detail/navigate__functions.h
-- Installing: /home/robot/ros_workspaces/project2/firstservicepkg/install/firstservicepkg/include/firstservicepkg/firstservicepkg/action/detail/navigate__type_support.h
-- Installing: /home/robot/ros_workspaces/project2/firstservicepkg/install/firstservicepkg/include/firstservicepkg/firstservicepkg/action/navigate.h
-- Installing: /home/robot/ros_workspaces/project2/firstservicepkg/install/firstservicepkg/share/firstservicepkg/environment/library_path.sh
-- Installing: /home/robot/ros_workspaces/project2/firstservicepkg/install/firstservicepkg/share/firstservicepkg/environment/library_path.dsv
-- Installing: /home/robot/ros_workspaces/project2/firstservicepkg/install/firstservicepkg/lib/libfirstservicepkg__rosidl_generator_c.so
-- Set runtime path of "/home/robot/ros_workspaces/project2/firstservicepkg/install/firstservicepkg/lib/libfirstservicepkg__rosidl_generator_c.so" to ""
-- Up-to-date: /home/robot/ros_workspaces/project2/firstservicepkg/install/firstservicepkg/include/firstservicepkg/firstservicepkg
-- Up-to-date: /home/robot/ros_workspaces/project2/firstservicepkg/install/firstservicepkg/include/firstservicepkg/firstservicepkg/msg
-- Installing: /home/robot/ros_workspaces/project2/firstservicepkg/install/firstservicepkg/include/firstservicepkg/firstservicepkg/msg/rosidl_typesupport_fastrtps_c__visibility_control.h
-- Up-to-date: /home/robot/ros_workspaces/project2/firstservicepkg/install/firstservicepkg/include/firstservicepkg/firstservicepkg/srv
-- Up-to-date: /home/robot/ros_workspaces/project2/firstservicepkg/install/firstservicepkg/include/firstservicepkg/firstservicepkg/srv/detail
-- Installing: /home/robot/ros_workspaces/project2/firstservicepkg/install/firstservicepkg/include/firstservicepkg/firstservicepkg/srv/detail/turn_camera__rosidl_typesupport_fastrtps_c.h
-- Up-to-date: /home/robot/ros_workspaces/project2/firstservicepkg/install/firstservicepkg/include/firstservicepkg/firstservicepkg/action
-- Up-to-date: /home/robot/ros_workspaces/project2/firstservicepkg/install/firstservicepkg/include/firstservicepkg/firstservicepkg/action/detail
-- Installing: /home/robot/ros_workspaces/project2/firstservicepkg/install/firstservicepkg/include/firstservicepkg/firstservicepkg/action/detail/navigate__rosidl_typesupport_fastrtps_c.h
-- Installing: /home/robot/ros_workspaces/project2/firstservicepkg/install/firstservicepkg/lib/libfirstservicepkg__rosidl_typesupport_fastrtps_c.so
-- Set runtime path of "/home/robot/ros_workspaces/project2/firstservicepkg/install/firstservicepkg/lib/libfirstservicepkg__rosidl_typesupport_fastrtps_c.so" to ""
-- Up-to-date: /home/robot/ros_workspaces/project2/firstservicepkg/install/firstservicepkg/include/firstservicepkg/firstservicepkg
-- Up-to-date: /home/robot/ros_workspaces/project2/firstservicepkg/install/firstservicepkg/include/firstservicepkg/firstservicepkg/srv
-- Installing: /home/robot/ros_workspaces/project2/firstservicepkg/install/firstservicepkg/include/firstservicepkg/firstservicepkg/srv/turn_camera.hpp
-- Up-to-date: /home/robot/ros_workspaces/project2/firstservicepkg/install/firstservicepkg/include/firstservicepkg/firstservicepkg/srv/detail
-- Installing: /home/robot/ros_workspaces/project2/firstservicepkg/install/firstservicepkg/include/firstservicepkg/firstservicepkg/srv/detail/turn_camera__struct.hpp
-- Installing: /home/robot/ros_workspaces/project2/firstservicepkg/install/firstservicepkg/include/firstservicepkg/firstservicepkg/srv/detail/turn_camera__traits.hpp
-- Installing: /home/robot/ros_workspaces/project2/firstservicepkg/install/firstservicepkg/include/firstservicepkg/firstservicepkg/srv/detail/turn_camera__builder.hpp
-- Up-to-date: /home/robot/ros_workspaces/project2/firstservicepkg/install/firstservicepkg/include/firstservicepkg/firstservicepkg/action
-- Installing: /home/robot/ros_workspaces/project2/firstservicepkg/install/firstservicepkg/include/firstservicepkg/firstservicepkg/action/navigate.hpp
-- Up-to-date: /home/robot/ros_workspaces/project2/firstservicepkg/install/firstservicepkg/include/firstservicepkg/firstservicepkg/action/detail
-- Installing: /home/robot/ros_workspaces/project2/firstservicepkg/install/firstservicepkg/include/firstservicepkg/firstservicepkg/action/detail/navigate__struct.hpp
-- Installing: /home/robot/ros_workspaces/project2/firstservicepkg/install/firstservicepkg/include/firstservicepkg/firstservicepkg/action/detail/navigate__builder.hpp
-- Installing: /home/robot/ros_workspaces/project2/firstservicepkg/install/firstservicepkg/include/firstservicepkg/firstservicepkg/action/detail/navigate__traits.hpp
-- Up-to-date: /home/robot/ros_workspaces/project2/firstservicepkg/install/firstservicepkg/include/firstservicepkg/firstservicepkg
-- Up-to-date: /home/robot/ros_workspaces/project2/firstservicepkg/install/firstservicepkg/include/firstservicepkg/firstservicepkg/msg
-- Installing: /home/robot/ros_workspaces/project2/firstservicepkg/install/firstservicepkg/include/firstservicepkg/firstservicepkg/msg/rosidl_typesupport_fastrtps_cpp__visibility_control.h
-- Up-to-date: /home/robot/ros_workspaces/project2/firstservicepkg/install/firstservicepkg/include/firstservicepkg/firstservicepkg/srv
-- Up-to-date: /home/robot/ros_workspaces/project2/firstservicepkg/install/firstservicepkg/include/firstservicepkg/firstservicepkg/srv/detail
-- Installing: /home/robot/ros_workspaces/project2/firstservicepkg/install/firstservicepkg/include/firstservicepkg/firstservicepkg/srv/detail/turn_camera__rosidl_typesupport_fastrtps_cpp.hpp
-- Installing: /home/robot/ros_workspaces/project2/firstservicepkg/install/firstservicepkg/include/firstservicepkg/firstservicepkg/srv/detail/dds_fastrtps
-- Up-to-date: /home/robot/ros_workspaces/project2/firstservicepkg/install/firstservicepkg/include/firstservicepkg/firstservicepkg/action
-- Up-to-date: /home/robot/ros_workspaces/project2/firstservicepkg/install/firstservicepkg/include/firstservicepkg/firstservicepkg/action/detail
-- Installing: /home/robot/ros_workspaces/project2/firstservicepkg/install/firstservicepkg/include/firstservicepkg/firstservicepkg/action/detail/dds_fastrtps
-- Installing: /home/robot/ros_workspaces/project2/firstservicepkg/install/firstservicepkg/include/firstservicepkg/firstservicepkg/action/detail/navigate__rosidl_typesupport_fastrtps_cpp.hpp
-- Installing: /home/robot/ros_workspaces/project2/firstservicepkg/install/firstservicepkg/lib/libfirstservicepkg__rosidl_typesupport_fastrtps_cpp.so
-- Set runtime path of "/home/robot/ros_workspaces/project2/firstservicepkg/install/firstservicepkg/lib/libfirstservicepkg__rosidl_typesupport_fastrtps_cpp.so" to ""
-- Up-to-date: /home/robot/ros_workspaces/project2/firstservicepkg/install/firstservicepkg/include/firstservicepkg/firstservicepkg
-- Up-to-date: /home/robot/ros_workspaces/project2/firstservicepkg/install/firstservicepkg/include/firstservicepkg/firstservicepkg/msg
-- Installing: /home/robot/ros_workspaces/project2/firstservicepkg/install/firstservicepkg/include/firstservicepkg/firstservicepkg/msg/rosidl_typesupport_introspection_c__visibility_control.h
-- Up-to-date: /home/robot/ros_workspaces/project2/firstservicepkg/install/firstservicepkg/include/firstservicepkg/firstservicepkg/srv
-- Up-to-date: /home/robot/ros_workspaces/project2/firstservicepkg/install/firstservicepkg/include/firstservicepkg/firstservicepkg/srv/detail
-- Installing: /home/robot/ros_workspaces/project2/firstservicepkg/install/firstservicepkg/include/firstservicepkg/firstservicepkg/srv/detail/turn_camera__rosidl_typesupport_introspection_c.h
-- Installing: /home/robot/ros_workspaces/project2/firstservicepkg/install/firstservicepkg/include/firstservicepkg/firstservicepkg/srv/detail/turn_camera__type_support.c
-- Up-to-date: /home/robot/ros_workspaces/project2/firstservicepkg/install/firstservicepkg/include/firstservicepkg/firstservicepkg/action
-- Up-to-date: /home/robot/ros_workspaces/project2/firstservicepkg/install/firstservicepkg/include/firstservicepkg/firstservicepkg/action/detail
-- Installing: /home/robot/ros_workspaces/project2/firstservicepkg/install/firstservicepkg/include/firstservicepkg/firstservicepkg/action/detail/navigate__type_support.c
-- Installing: /home/robot/ros_workspaces/project2/firstservicepkg/install/firstservicepkg/include/firstservicepkg/firstservicepkg/action/detail/navigate__rosidl_typesupport_introspection_c.h
-- Installing: /home/robot/ros_workspaces/project2/firstservicepkg/install/firstservicepkg/lib/libfirstservicepkg__rosidl_typesupport_introspection_c.so
-- Set runtime path of "/home/robot/ros_workspaces/project2/firstservicepkg/install/firstservicepkg/lib/libfirstservicepkg__rosidl_typesupport_introspection_c.so" to ""
-- Installing: /home/robot/ros_workspaces/project2/firstservicepkg/install/firstservicepkg/lib/libfirstservicepkg__rosidl_typesupport_c.so
-- Set runtime path of "/home/robot/ros_workspaces/project2/firstservicepkg/install/firstservicepkg/lib/libfirstservicepkg__rosidl_typesupport_c.so" to ""
-- Up-to-date: /home/robot/ros_workspaces/project2/firstservicepkg/install/firstservicepkg/include/firstservicepkg/firstservicepkg
-- Up-to-date: /home/robot/ros_workspaces/project2/firstservicepkg/install/firstservicepkg/include/firstservicepkg/firstservicepkg/srv
-- Up-to-date: /home/robot/ros_workspaces/project2/firstservicepkg/install/firstservicepkg/include/firstservicepkg/firstservicepkg/srv/detail
-- Installing: /home/robot/ros_workspaces/project2/firstservicepkg/install/firstservicepkg/include/firstservicepkg/firstservicepkg/srv/detail/turn_camera__rosidl_typesupport_introspection_cpp.hpp
-- Installing: /home/robot/ros_workspaces/project2/firstservicepkg/install/firstservicepkg/include/firstservicepkg/firstservicepkg/srv/detail/turn_camera__type_support.cpp
-- Up-to-date: /home/robot/ros_workspaces/project2/firstservicepkg/install/firstservicepkg/include/firstservicepkg/firstservicepkg/action
-- Up-to-date: /home/robot/ros_workspaces/project2/firstservicepkg/install/firstservicepkg/include/firstservicepkg/firstservicepkg/action/detail
-- Installing: /home/robot/ros_workspaces/project2/firstservicepkg/install/firstservicepkg/include/firstservicepkg/firstservicepkg/action/detail/navigate__rosidl_typesupport_introspection_cpp.hpp
-- Installing: /home/robot/ros_workspaces/project2/firstservicepkg/install/firstservicepkg/include/firstservicepkg/firstservicepkg/action/detail/navigate__type_support.cpp
-- Installing: /home/robot/ros_workspaces/project2/firstservicepkg/install/firstservicepkg/lib/libfirstservicepkg__rosidl_typesupport_introspection_cpp.so
-- Set runtime path of "/home/robot/ros_workspaces/project2/firstservicepkg/install/firstservicepkg/lib/libfirstservicepkg__rosidl_typesupport_introspection_cpp.so" to ""
-- Installing: /home/robot/ros_workspaces/project2/firstservicepkg/install/firstservicepkg/lib/libfirstservicepkg__rosidl_typesupport_cpp.so
-- Set runtime path of "/home/robot/ros_workspaces/project2/firstservicepkg/install/firstservicepkg/lib/libfirstservicepkg__rosidl_typesupport_cpp.so" to ""
-- Installing: /home/robot/ros_workspaces/project2/firstservicepkg/install/firstservicepkg/share/firstservicepkg/environment/pythonpath.sh
-- Installing: /home/robot/ros_workspaces/project2/firstservicepkg/install/firstservicepkg/share/firstservicepkg/environment/pythonpath.dsv
-- Installing: /home/robot/ros_workspaces/project2/firstservicepkg/install/firstservicepkg/local/lib/python3.10/dist-packages/firstservicepkg-0.0.0-py3.10.egg-info
-- Installing: /home/robot/ros_workspaces/project2/firstservicepkg/install/firstservicepkg/local/lib/python3.10/dist-packages/firstservicepkg-0.0.0-py3.10.egg-info/PKG-INFO
-- Installing: /home/robot/ros_workspaces/project2/firstservicepkg/install/firstservicepkg/local/lib/python3.10/dist-packages/firstservicepkg-0.0.0-py3.10.egg-info/dependency_links.txt
-- Installing: /home/robot/ros_workspaces/project2/firstservicepkg/install/firstservicepkg/local/lib/python3.10/dist-packages/firstservicepkg-0.0.0-py3.10.egg-info/top_level.txt
-- Installing: /home/robot/ros_workspaces/project2/firstservicepkg/install/firstservicepkg/local/lib/python3.10/dist-packages/firstservicepkg-0.0.0-py3.10.egg-info/SOURCES.txt
-- Installing: /home/robot/ros_workspaces/project2/firstservicepkg/install/firstservicepkg/local/lib/python3.10/dist-packages/firstservicepkg
-- Installing: /home/robot/ros_workspaces/project2/firstservicepkg/install/firstservicepkg/local/lib/python3.10/dist-packages/firstservicepkg/firstservicepkg_s__rosidl_typesupport_introspection_c.cpython-310-x86_64-linux-gnu.so
-- Installing: /home/robot/ros_workspaces/project2/firstservicepkg/install/firstservicepkg/local/lib/python3.10/dist-packages/firstservicepkg/__init__.py
-- Installing: /home/robot/ros_workspaces/project2/firstservicepkg/install/firstservicepkg/local/lib/python3.10/dist-packages/firstservicepkg/libfirstservicepkg__rosidl_generator_py.so
-- Installing: /home/robot/ros_workspaces/project2/firstservicepkg/install/firstservicepkg/local/lib/python3.10/dist-packages/firstservicepkg/srv
-- Installing: /home/robot/ros_workspaces/project2/firstservicepkg/install/firstservicepkg/local/lib/python3.10/dist-packages/firstservicepkg/srv/_turn_camera.py
-- Installing: /home/robot/ros_workspaces/project2/firstservicepkg/install/firstservicepkg/local/lib/python3.10/dist-packages/firstservicepkg/srv/__init__.py
-- Installing: /home/robot/ros_workspaces/project2/firstservicepkg/install/firstservicepkg/local/lib/python3.10/dist-packages/firstservicepkg/srv/_turn_camera_s.c
-- Installing: /home/robot/ros_workspaces/project2/firstservicepkg/install/firstservicepkg/local/lib/python3.10/dist-packages/firstservicepkg/firstservicepkg_s__rosidl_typesupport_c.cpython-310-x86_64-linux-gnu.so
-- Installing: /home/robot/ros_workspaces/project2/firstservicepkg/install/firstservicepkg/local/lib/python3.10/dist-packages/firstservicepkg/_firstservicepkg_s.ep.rosidl_typesupport_introspection_c.c
-- Installing: /home/robot/ros_workspaces/project2/firstservicepkg/install/firstservicepkg/local/lib/python3.10/dist-packages/firstservicepkg/_firstservicepkg_s.ep.rosidl_typesupport_fastrtps_c.c
-- Installing: /home/robot/ros_workspaces/project2/firstservicepkg/install/firstservicepkg/local/lib/python3.10/dist-packages/firstservicepkg/_firstservicepkg_s.ep.rosidl_typesupport_c.c
-- Installing: /home/robot/ros_workspaces/project2/firstservicepkg/install/firstservicepkg/local/lib/python3.10/dist-packages/firstservicepkg/action
-- Installing: /home/robot/ros_workspaces/project2/firstservicepkg/install/firstservicepkg/local/lib/python3.10/dist-packages/firstservicepkg/action/_navigate_s.c
-- Installing: /home/robot/ros_workspaces/project2/firstservicepkg/install/firstservicepkg/local/lib/python3.10/dist-packages/firstservicepkg/action/_navigate.py
-- Installing: /home/robot/ros_workspaces/project2/firstservicepkg/install/firstservicepkg/local/lib/python3.10/dist-packages/firstservicepkg/action/__init__.py
-- Installing: /home/robot/ros_workspaces/project2/firstservicepkg/install/firstservicepkg/local/lib/python3.10/dist-packages/firstservicepkg/firstservicepkg_s__rosidl_typesupport_fastrtps_c.cpython-310-x86_64-linux-gnu.so
Listing '/home/robot/ros_workspaces/project2/firstservicepkg/install/firstservicepkg/local/lib/python3.10/dist-packages/firstservicepkg'...
Compiling '/home/robot/ros_workspaces/project2/firstservicepkg/install/firstservicepkg/local/lib/python3.10/dist-packages/firstservicepkg/__init__.py'...
Listing '/home/robot/ros_workspaces/project2/firstservicepkg/install/firstservicepkg/local/lib/python3.10/dist-packages/firstservicepkg/action'...
Compiling '/home/robot/ros_workspaces/project2/firstservicepkg/install/firstservicepkg/local/lib/python3.10/dist-packages/firstservicepkg/action/__init__.py'...
Compiling '/home/robot/ros_workspaces/project2/firstservicepkg/install/firstservicepkg/local/lib/python3.10/dist-packages/firstservicepkg/action/_navigate.py'...
Listing '/home/robot/ros_workspaces/project2/firstservicepkg/install/firstservicepkg/local/lib/python3.10/dist-packages/firstservicepkg/srv'...
Compiling '/home/robot/ros_workspaces/project2/firstservicepkg/install/firstservicepkg/local/lib/python3.10/dist-packages/firstservicepkg/srv/__init__.py'...
Compiling '/home/robot/ros_workspaces/project2/firstservicepkg/install/firstservicepkg/local/lib/python3.10/dist-packages/firstservicepkg/srv/_turn_camera.py'...
-- Installing: /home/robot/ros_workspaces/project2/firstservicepkg/install/firstservicepkg/local/lib/python3.10/dist-packages/firstservicepkg/firstservicepkg_s__rosidl_typesupport_fastrtps_c.cpython-310-x86_64-linux-gnu.so
-- Set runtime path of "/home/robot/ros_workspaces/project2/firstservicepkg/install/firstservicepkg/local/lib/python3.10/dist-packages/firstservicepkg/firstservicepkg_s__rosidl_typesupport_fastrtps_c.cpython-310-x86_64-linux-gnu.so" to ""
-- Installing: /home/robot/ros_workspaces/project2/firstservicepkg/install/firstservicepkg/local/lib/python3.10/dist-packages/firstservicepkg/firstservicepkg_s__rosidl_typesupport_introspection_c.cpython-310-x86_64-linux-gnu.so
-- Set runtime path of "/home/robot/ros_workspaces/project2/firstservicepkg/install/firstservicepkg/local/lib/python3.10/dist-packages/firstservicepkg/firstservicepkg_s__rosidl_typesupport_introspection_c.cpython-310-x86_64-linux-gnu.so" to ""
-- Installing: /home/robot/ros_workspaces/project2/firstservicepkg/install/firstservicepkg/local/lib/python3.10/dist-packages/firstservicepkg/firstservicepkg_s__rosidl_typesupport_c.cpython-310-x86_64-linux-gnu.so
-- Set runtime path of "/home/robot/ros_workspaces/project2/firstservicepkg/install/firstservicepkg/local/lib/python3.10/dist-packages/firstservicepkg/firstservicepkg_s__rosidl_typesupport_c.cpython-310-x86_64-linux-gnu.so" to ""
-- Installing: /home/robot/ros_workspaces/project2/firstservicepkg/install/firstservicepkg/lib/libfirstservicepkg__rosidl_generator_py.so
-- Set runtime path of "/home/robot/ros_workspaces/project2/firstservicepkg/install/firstservicepkg/lib/libfirstservicepkg__rosidl_generator_py.so" to ""
-- Installing: /home/robot/ros_workspaces/project2/firstservicepkg/install/firstservicepkg/share/firstservicepkg/srv/TurnCamera.idl
-- Installing: /home/robot/ros_workspaces/project2/firstservicepkg/install/firstservicepkg/share/firstservicepkg/action/Navigate.idl
-- Installing: /home/robot/ros_workspaces/project2/firstservicepkg/install/firstservicepkg/share/firstservicepkg/srv/TurnCamera.srv
-- Installing: /home/robot/ros_workspaces/project2/firstservicepkg/install/firstservicepkg/share/firstservicepkg/srv/TurnCamera_Request.msg
-- Installing: /home/robot/ros_workspaces/project2/firstservicepkg/install/firstservicepkg/share/firstservicepkg/srv/TurnCamera_Response.msg
-- Installing: /home/robot/ros_workspaces/project2/firstservicepkg/install/firstservicepkg/share/firstservicepkg/action/Navigate.action
-- Installing: /home/robot/ros_workspaces/project2/firstservicepkg/install/firstservicepkg/lib/firstservicepkg/turn_camera_service
-- Set runtime path of "/home/robot/ros_workspaces/project2/firstservicepkg/install/firstservicepkg/lib/firstservicepkg/turn_camera_service" to ""
-- Installing: /home/robot/ros_workspaces/project2/firstservicepkg/install/firstservicepkg/lib/firstservicepkg/turn_camera_client
-- Set runtime path of "/home/robot/ros_workspaces/project2/firstservicepkg/install/firstservicepkg/lib/firstservicepkg/turn_camera_client" to ""
-- Installing: /home/robot/ros_workspaces/project2/firstservicepkg/install/firstservicepkg/share/firstservicepkg//launch
-- Installing: /home/robot/ros_workspaces/project2/firstservicepkg/install/firstservicepkg/share/ament_index/resource_index/package_run_dependencies/firstservicepkg
-- Installing: /home/robot/ros_workspaces/project2/firstservicepkg/install/firstservicepkg/share/ament_index/resource_index/parent_prefix_path/firstservicepkg
-- Installing: /home/robot/ros_workspaces/project2/firstservicepkg/install/firstservicepkg/share/firstservicepkg/environment/ament_prefix_path.sh
-- Installing: /home/robot/ros_workspaces/project2/firstservicepkg/install/firstservicepkg/share/firstservicepkg/environment/ament_prefix_path.dsv
-- Installing: /home/robot/ros_workspaces/project2/firstservicepkg/install/firstservicepkg/share/firstservicepkg/environment/path.sh
-- Installing: /home/robot/ros_workspaces/project2/firstservicepkg/install/firstservicepkg/share/firstservicepkg/environment/path.dsv
-- Installing: /home/robot/ros_workspaces/project2/firstservicepkg/install/firstservicepkg/share/firstservicepkg/local_setup.bash
-- Installing: /home/robot/ros_workspaces/project2/firstservicepkg/install/firstservicepkg/share/firstservicepkg/local_setup.sh
-- Installing: /home/robot/ros_workspaces/project2/firstservicepkg/install/firstservicepkg/share/firstservicepkg/local_setup.zsh
-- Installing: /home/robot/ros_workspaces/project2/firstservicepkg/install/firstservicepkg/share/firstservicepkg/local_setup.dsv
-- Installing: /home/robot/ros_workspaces/project2/firstservicepkg/install/firstservicepkg/share/firstservicepkg/package.dsv
-- Installing: /home/robot/ros_workspaces/project2/firstservicepkg/install/firstservicepkg/share/ament_index/resource_index/packages/firstservicepkg
-- Installing: /home/robot/ros_workspaces/project2/firstservicepkg/install/firstservicepkg/share/firstservicepkg/cmake/export_firstservicepkg__rosidl_generator_cExport.cmake
-- Installing: /home/robot/ros_workspaces/project2/firstservicepkg/install/firstservicepkg/share/firstservicepkg/cmake/export_firstservicepkg__rosidl_generator_cExport-noconfig.cmake
-- Installing: /home/robot/ros_workspaces/project2/firstservicepkg/install/firstservicepkg/share/firstservicepkg/cmake/export_firstservicepkg__rosidl_typesupport_fastrtps_cExport.cmake
-- Installing: /home/robot/ros_workspaces/project2/firstservicepkg/install/firstservicepkg/share/firstservicepkg/cmake/export_firstservicepkg__rosidl_typesupport_fastrtps_cExport-noconfig.cmake
-- Installing: /home/robot/ros_workspaces/project2/firstservicepkg/install/firstservicepkg/share/firstservicepkg/cmake/export_firstservicepkg__rosidl_generator_cppExport.cmake
-- Installing: /home/robot/ros_workspaces/project2/firstservicepkg/install/firstservicepkg/share/firstservicepkg/cmake/export_firstservicepkg__rosidl_typesupport_fastrtps_cppExport.cmake
-- Installing: /home/robot/ros_workspaces/project2/firstservicepkg/install/firstservicepkg/share/firstservicepkg/cmake/export_firstservicepkg__rosidl_typesupport_fastrtps_cppExport-noconfig.cmake
-- Installing: /home/robot/ros_workspaces/project2/firstservicepkg/install/firstservicepkg/share/firstservicepkg/cmake/firstservicepkg__rosidl_typesupport_introspection_cExport.cmake
-- Installing: /home/robot/ros_workspaces/project2/firstservicepkg/install/firstservicepkg/share/firstservicepkg/cmake/firstservicepkg__rosidl_typesupport_introspection_cExport-noconfig.cmake
-- Installing: /home/robot/ros_workspaces/project2/firstservicepkg/install/firstservicepkg/share/firstservicepkg/cmake/firstservicepkg__rosidl_typesupport_cExport.cmake
-- Installing: /home/robot/ros_workspaces/project2/firstservicepkg/install/firstservicepkg/share/firstservicepkg/cmake/firstservicepkg__rosidl_typesupport_cExport-noconfig.cmake
-- Installing: /home/robot/ros_workspaces/project2/firstservicepkg/install/firstservicepkg/share/firstservicepkg/cmake/firstservicepkg__rosidl_typesupport_introspection_cppExport.cmake
-- Installing: /home/robot/ros_workspaces/project2/firstservicepkg/install/firstservicepkg/share/firstservicepkg/cmake/firstservicepkg__rosidl_typesupport_introspection_cppExport-noconfig.cmake
-- Installing: /home/robot/ros_workspaces/project2/firstservicepkg/install/firstservicepkg/share/firstservicepkg/cmake/firstservicepkg__rosidl_typesupport_cppExport.cmake
-- Installing: /home/robot/ros_workspaces/project2/firstservicepkg/install/firstservicepkg/share/firstservicepkg/cmake/firstservicepkg__rosidl_typesupport_cppExport-noconfig.cmake
-- Installing: /home/robot/ros_workspaces/project2/firstservicepkg/install/firstservicepkg/share/firstservicepkg/cmake/export_firstservicepkg__rosidl_generator_pyExport.cmake
-- Installing: /home/robot/ros_workspaces/project2/firstservicepkg/install/firstservicepkg/share/firstservicepkg/cmake/export_firstservicepkg__rosidl_generator_pyExport-noconfig.cmake
-- Installing: /home/robot/ros_workspaces/project2/firstservicepkg/install/firstservicepkg/share/firstservicepkg/cmake/rosidl_cmake-extras.cmake
-- Installing: /home/robot/ros_workspaces/project2/firstservicepkg/install/firstservicepkg/share/firstservicepkg/cmake/ament_cmake_export_dependencies-extras.cmake
-- Installing: /home/robot/ros_workspaces/project2/firstservicepkg/install/firstservicepkg/share/firstservicepkg/cmake/ament_cmake_export_include_directories-extras.cmake
-- Installing: /home/robot/ros_workspaces/project2/firstservicepkg/install/firstservicepkg/share/firstservicepkg/cmake/ament_cmake_export_libraries-extras.cmake
-- Installing: /home/robot/ros_workspaces/project2/firstservicepkg/install/firstservicepkg/share/firstservicepkg/cmake/ament_cmake_export_targets-extras.cmake
-- Installing: /home/robot/ros_workspaces/project2/firstservicepkg/install/firstservicepkg/share/firstservicepkg/cmake/rosidl_cmake_export_typesupport_targets-extras.cmake
-- Installing: /home/robot/ros_workspaces/project2/firstservicepkg/install/firstservicepkg/share/firstservicepkg/cmake/rosidl_cmake_export_typesupport_libraries-extras.cmake
-- Installing: /home/robot/ros_workspaces/project2/firstservicepkg/install/firstservicepkg/share/firstservicepkg/cmake/firstservicepkgConfig.cmake
-- Installing: /home/robot/ros_workspaces/project2/firstservicepkg/install/firstservicepkg/share/firstservicepkg/cmake/firstservicepkgConfig-version.cmake
-- Installing: /home/robot/ros_workspaces/project2/firstservicepkg/install/firstservicepkg/share/firstservicepkg/package.xml
