-- Found ament_cmake: 1.3.9 (/opt/ros/humble/share/ament_cmake/cmake)
-- Found rclcpp: 16.0.9 (/opt/ros/humble/share/rclcpp/cmake)
-- Found rosidl_generator_c: 3.1.5 (/opt/ros/humble/share/rosidl_generator_c/cmake)
-- Found rosidl_adapter: 3.1.5 (/opt/ros/humble/share/rosidl_adapter/cmake)
-- Found rosidl_generator_cpp: 3.1.5 (/opt/ros/humble/share/rosidl_generator_cpp/cmake)
-- Using all available rosidl_typesupport_c: rosidl_typesupport_fastrtps_c;rosidl_typesupport_introspection_c
-- Using all available rosidl_typesupport_cpp: rosidl_typesupport_fastrtps_cpp;rosidl_typesupport_introspection_cpp
-- Found rmw_implementation_cmake: 6.1.2 (/opt/ros/humble/share/rmw_implementation_cmake/cmake)
-- Found rmw_fastrtps_cpp: 6.2.6 (/opt/ros/humble/share/rmw_fastrtps_cpp/cmake)
-- Found OpenSSL: /usr/lib/x86_64-linux-gnu/libcrypto.so (found version "3.0.2")  
-- Found FastRTPS: /opt/ros/humble/include  
-- Using RMW implementation 'rmw_fastrtps_cpp' as default
-- Looking for pthread.h
-- Looking for pthread.h - found
-- Performing Test CMAKE_HAVE_LIBC_PTHREAD
-- Performing Test CMAKE_HAVE_LIBC_PTHREAD - Success
-- Found Threads: TRUE  
-- Found ament_lint_auto: 0.12.11 (/opt/ros/humble/share/ament_lint_auto/cmake)
-- Added test 'cppcheck' to perform static code analysis on C / C++ code
-- Configured cppcheck include dirs: 
-- Configured cppcheck exclude dirs and/or files: 
-- Added test 'flake8' to check Python code syntax and style conventions
-- Added test 'lint_cmake' to check CMake code style
-- Added test 'pep257' to check Python code against some of the docstring style conventions in PEP 257
-- Added test 'uncrustify' to check C / C++ code style
-- Configured uncrustify additional arguments: 
-- Added test 'xmllint' to check XML markup files
-- Configuring done
-- Generating done
-- Build files have been written to: /home/robot/ros_workspaces/first_project/src/rpm_speed_calc/build/rpm_speed_calc
[ 16%] [32mBuilding CXX object CMakeFiles/publishrmp.dir/src/publishrmp.cpp.o[0m
[ 33%] [32mBuilding CXX object CMakeFiles/subscriber.dir/src/subscriber.cpp.o[0m
[ 50%] [32mBuilding CXX object CMakeFiles/publishspeed.dir/src/publishspeed.cpp.o[0m
[01m[K/home/robot/ros_workspaces/first_project/src/rpm_speed_calc/src/publishrmp.cpp:[m[K In member function ‘[01m[Kvoid RPMNODE::publish_rpm()[m[K’:
[01m[K/home/robot/ros_workspaces/first_project/src/rpm_speed_calc/src/publishrmp.cpp:24:15:[m[K [01;35m[Kwarning: [m[Kstatement has no effect [[01;35m[K]8;;https://gcc.gnu.org/onlinedocs/gcc/Warning-Options.html#index-Wunused-value-Wunused-value]8;;[m[K]
   24 |       [01;35m[Kcounter_+10[m[K;
      |       [01;35m[K~~~~~~~~^~~[m[K
[ 66%] [32m[1mLinking CXX executable publishrmp[0m
[ 66%] Built target publishrmp
[ 83%] [32m[1mLinking CXX executable subscriber[0m
[ 83%] Built target subscriber
[100%] [32m[1mLinking CXX executable publishspeed[0m
[100%] Built target publishspeed
-- Install configuration: ""
-- Installing: /home/robot/ros_workspaces/first_project/src/rpm_speed_calc/install/rpm_speed_calc/lib/rpm_speed_calc/publishrmp
-- Set runtime path of "/home/robot/ros_workspaces/first_project/src/rpm_speed_calc/install/rpm_speed_calc/lib/rpm_speed_calc/publishrmp" to ""
-- Installing: /home/robot/ros_workspaces/first_project/src/rpm_speed_calc/install/rpm_speed_calc/lib/rpm_speed_calc/subscriber
-- Set runtime path of "/home/robot/ros_workspaces/first_project/src/rpm_speed_calc/install/rpm_speed_calc/lib/rpm_speed_calc/subscriber" to ""
-- Installing: /home/robot/ros_workspaces/first_project/src/rpm_speed_calc/install/rpm_speed_calc/lib/rpm_speed_calc/publishspeed
-- Set runtime path of "/home/robot/ros_workspaces/first_project/src/rpm_speed_calc/install/rpm_speed_calc/lib/rpm_speed_calc/publishspeed" to ""
-- Installing: /home/robot/ros_workspaces/first_project/src/rpm_speed_calc/install/rpm_speed_calc/share/ament_index/resource_index/package_run_dependencies/rpm_speed_calc
-- Installing: /home/robot/ros_workspaces/first_project/src/rpm_speed_calc/install/rpm_speed_calc/share/ament_index/resource_index/parent_prefix_path/rpm_speed_calc
-- Installing: /home/robot/ros_workspaces/first_project/src/rpm_speed_calc/install/rpm_speed_calc/share/rpm_speed_calc/environment/ament_prefix_path.sh
-- Installing: /home/robot/ros_workspaces/first_project/src/rpm_speed_calc/install/rpm_speed_calc/share/rpm_speed_calc/environment/ament_prefix_path.dsv
-- Installing: /home/robot/ros_workspaces/first_project/src/rpm_speed_calc/install/rpm_speed_calc/share/rpm_speed_calc/environment/path.sh
-- Installing: /home/robot/ros_workspaces/first_project/src/rpm_speed_calc/install/rpm_speed_calc/share/rpm_speed_calc/environment/path.dsv
-- Installing: /home/robot/ros_workspaces/first_project/src/rpm_speed_calc/install/rpm_speed_calc/share/rpm_speed_calc/local_setup.bash
-- Installing: /home/robot/ros_workspaces/first_project/src/rpm_speed_calc/install/rpm_speed_calc/share/rpm_speed_calc/local_setup.sh
-- Installing: /home/robot/ros_workspaces/first_project/src/rpm_speed_calc/install/rpm_speed_calc/share/rpm_speed_calc/local_setup.zsh
-- Installing: /home/robot/ros_workspaces/first_project/src/rpm_speed_calc/install/rpm_speed_calc/share/rpm_speed_calc/local_setup.dsv
-- Installing: /home/robot/ros_workspaces/first_project/src/rpm_speed_calc/install/rpm_speed_calc/share/rpm_speed_calc/package.dsv
-- Installing: /home/robot/ros_workspaces/first_project/src/rpm_speed_calc/install/rpm_speed_calc/share/ament_index/resource_index/packages/rpm_speed_calc
-- Installing: /home/robot/ros_workspaces/first_project/src/rpm_speed_calc/install/rpm_speed_calc/share/rpm_speed_calc/cmake/rpm_speed_calcConfig.cmake
-- Installing: /home/robot/ros_workspaces/first_project/src/rpm_speed_calc/install/rpm_speed_calc/share/rpm_speed_calc/cmake/rpm_speed_calcConfig-version.cmake
-- Installing: /home/robot/ros_workspaces/first_project/src/rpm_speed_calc/install/rpm_speed_calc/share/rpm_speed_calc/package.xml
