[0.040s] Invoking command in '/home/robot/ros_workspaces/first_project/src/rpm_speed_calc/build/rpm_speed_calc': CMAKE_PREFIX_PATH=/opt/ros/humble /usr/bin/cmake /home/robot/ros_workspaces/first_project/src/rpm_speed_calc -DCMAKE_INSTALL_PREFIX=/home/robot/ros_workspaces/first_project/src/rpm_speed_calc/install/rpm_speed_calc
[0.092s] -- Found ament_cmake: 1.3.9 (/opt/ros/humble/share/ament_cmake/cmake)
[0.658s] -- Found rclcpp: 16.0.9 (/opt/ros/humble/share/rclcpp/cmake)
[0.856s] -- Found rosidl_generator_c: 3.1.5 (/opt/ros/humble/share/rosidl_generator_c/cmake)
[0.879s] -- Found rosidl_adapter: 3.1.5 (/opt/ros/humble/share/rosidl_adapter/cmake)
[0.921s] -- Found rosidl_generator_cpp: 3.1.5 (/opt/ros/humble/share/rosidl_generator_cpp/cmake)
[0.995s] -- Using all available rosidl_typesupport_c: rosidl_typesupport_fastrtps_c;rosidl_typesupport_introspection_c
[1.099s] -- Using all available rosidl_typesupport_cpp: rosidl_typesupport_fastrtps_cpp;rosidl_typesupport_introspection_cpp
[1.460s] -- Found rmw_implementation_cmake: 6.1.2 (/opt/ros/humble/share/rmw_implementation_cmake/cmake)
[1.471s] -- Found rmw_fastrtps_cpp: 6.2.6 (/opt/ros/humble/share/rmw_fastrtps_cpp/cmake)
[1.925s] -- Found OpenSSL: /usr/lib/x86_64-linux-gnu/libcrypto.so (found version "3.0.2")  
[2.022s] -- Found FastRTPS: /opt/ros/humble/include  
[2.201s] -- Using RMW implementation 'rmw_fastrtps_cpp' as default
[2.247s] -- Looking for pthread.h
[2.571s] -- Looking for pthread.h - found
[2.573s] -- Performing Test CMAKE_HAVE_LIBC_PTHREAD
[2.881s] -- Performing Test CMAKE_HAVE_LIBC_PTHREAD - Success
[2.885s] -- Found Threads: TRUE  
[3.778s] -- Found ament_lint_auto: 0.12.11 (/opt/ros/humble/share/ament_lint_auto/cmake)
[4.159s] -- Added test 'cppcheck' to perform static code analysis on C / C++ code
[4.160s] -- Configured cppcheck include dirs: 
[4.160s] -- Configured cppcheck exclude dirs and/or files: 
[4.166s] -- Added test 'flake8' to check Python code syntax and style conventions
[4.176s] -- Added test 'lint_cmake' to check CMake code style
[4.183s] -- Added test 'pep257' to check Python code against some of the docstring style conventions in PEP 257
[4.216s] -- Added test 'uncrustify' to check C / C++ code style
[4.216s] -- Configured uncrustify additional arguments: 
[4.223s] -- Added test 'xmllint' to check XML markup files
[4.229s] -- Configuring done
[4.294s] -- Generating done
[4.302s] -- Build files have been written to: /home/robot/ros_workspaces/first_project/src/rpm_speed_calc/build/rpm_speed_calc
[4.334s] Invoked command in '/home/robot/ros_workspaces/first_project/src/rpm_speed_calc/build/rpm_speed_calc' returned '0': CMAKE_PREFIX_PATH=/opt/ros/humble /usr/bin/cmake /home/robot/ros_workspaces/first_project/src/rpm_speed_calc -DCMAKE_INSTALL_PREFIX=/home/robot/ros_workspaces/first_project/src/rpm_speed_calc/install/rpm_speed_calc
[4.343s] Invoking command in '/home/robot/ros_workspaces/first_project/src/rpm_speed_calc/build/rpm_speed_calc': CMAKE_PREFIX_PATH=/opt/ros/humble /usr/bin/cmake --build /home/robot/ros_workspaces/first_project/src/rpm_speed_calc/build/rpm_speed_calc -- -j4 -l4
[4.546s] [ 16%] [32mBuilding CXX object CMakeFiles/publishrmp.dir/src/publishrmp.cpp.o[0m
[4.579s] [ 33%] [32mBuilding CXX object CMakeFiles/subscriber.dir/src/subscriber.cpp.o[0m
[4.594s] [ 50%] [32mBuilding CXX object CMakeFiles/publishspeed.dir/src/publishspeed.cpp.o[0m
[17.148s] [01m[K/home/robot/ros_workspaces/first_project/src/rpm_speed_calc/src/publishrmp.cpp:[m[K In member function ‘[01m[Kvoid RPMNODE::publish_rpm()[m[K’:
[17.149s] [01m[K/home/robot/ros_workspaces/first_project/src/rpm_speed_calc/src/publishrmp.cpp:24:15:[m[K [01;35m[Kwarning: [m[Kstatement has no effect [[01;35m[K]8;;https://gcc.gnu.org/onlinedocs/gcc/Warning-Options.html#index-Wunused-value-Wunused-value]8;;[m[K]
[17.150s]    24 |       [01;35m[Kcounter_+10[m[K;
[17.150s]       |       [01;35m[K~~~~~~~~^~~[m[K
[26.769s] [ 66%] [32m[1mLinking CXX executable publishrmp[0m
[28.025s] [ 66%] Built target publishrmp
[41.058s] [ 83%] [32m[1mLinking CXX executable subscriber[0m
[43.024s] [ 83%] Built target subscriber
[45.356s] [100%] [32m[1mLinking CXX executable publishspeed[0m
[47.339s] [100%] Built target publishspeed
[47.384s] Invoked command in '/home/robot/ros_workspaces/first_project/src/rpm_speed_calc/build/rpm_speed_calc' returned '0': CMAKE_PREFIX_PATH=/opt/ros/humble /usr/bin/cmake --build /home/robot/ros_workspaces/first_project/src/rpm_speed_calc/build/rpm_speed_calc -- -j4 -l4
[47.550s] Invoking command in '/home/robot/ros_workspaces/first_project/src/rpm_speed_calc/build/rpm_speed_calc': CMAKE_PREFIX_PATH=/opt/ros/humble /usr/bin/cmake --install /home/robot/ros_workspaces/first_project/src/rpm_speed_calc/build/rpm_speed_calc
[47.581s] -- Install configuration: ""
[47.582s] -- Installing: /home/robot/ros_workspaces/first_project/src/rpm_speed_calc/install/rpm_speed_calc/lib/rpm_speed_calc/publishrmp
[47.590s] -- Set runtime path of "/home/robot/ros_workspaces/first_project/src/rpm_speed_calc/install/rpm_speed_calc/lib/rpm_speed_calc/publishrmp" to ""
[47.591s] -- Installing: /home/robot/ros_workspaces/first_project/src/rpm_speed_calc/install/rpm_speed_calc/lib/rpm_speed_calc/subscriber
[47.612s] -- Set runtime path of "/home/robot/ros_workspaces/first_project/src/rpm_speed_calc/install/rpm_speed_calc/lib/rpm_speed_calc/subscriber" to ""
[47.613s] -- Installing: /home/robot/ros_workspaces/first_project/src/rpm_speed_calc/install/rpm_speed_calc/lib/rpm_speed_calc/publishspeed
[47.635s] -- Set runtime path of "/home/robot/ros_workspaces/first_project/src/rpm_speed_calc/install/rpm_speed_calc/lib/rpm_speed_calc/publishspeed" to ""
[47.636s] -- Installing: /home/robot/ros_workspaces/first_project/src/rpm_speed_calc/install/rpm_speed_calc/share/ament_index/resource_index/package_run_dependencies/rpm_speed_calc
[47.637s] -- Installing: /home/robot/ros_workspaces/first_project/src/rpm_speed_calc/install/rpm_speed_calc/share/ament_index/resource_index/parent_prefix_path/rpm_speed_calc
[47.638s] -- Installing: /home/robot/ros_workspaces/first_project/src/rpm_speed_calc/install/rpm_speed_calc/share/rpm_speed_calc/environment/ament_prefix_path.sh
[47.638s] -- Installing: /home/robot/ros_workspaces/first_project/src/rpm_speed_calc/install/rpm_speed_calc/share/rpm_speed_calc/environment/ament_prefix_path.dsv
[47.639s] -- Installing: /home/robot/ros_workspaces/first_project/src/rpm_speed_calc/install/rpm_speed_calc/share/rpm_speed_calc/environment/path.sh
[47.640s] -- Installing: /home/robot/ros_workspaces/first_project/src/rpm_speed_calc/install/rpm_speed_calc/share/rpm_speed_calc/environment/path.dsv
[47.642s] -- Installing: /home/robot/ros_workspaces/first_project/src/rpm_speed_calc/install/rpm_speed_calc/share/rpm_speed_calc/local_setup.bash
[47.642s] -- Installing: /home/robot/ros_workspaces/first_project/src/rpm_speed_calc/install/rpm_speed_calc/share/rpm_speed_calc/local_setup.sh
[47.643s] -- Installing: /home/robot/ros_workspaces/first_project/src/rpm_speed_calc/install/rpm_speed_calc/share/rpm_speed_calc/local_setup.zsh
[47.644s] -- Installing: /home/robot/ros_workspaces/first_project/src/rpm_speed_calc/install/rpm_speed_calc/share/rpm_speed_calc/local_setup.dsv
[47.644s] -- Installing: /home/robot/ros_workspaces/first_project/src/rpm_speed_calc/install/rpm_speed_calc/share/rpm_speed_calc/package.dsv
[47.645s] -- Installing: /home/robot/ros_workspaces/first_project/src/rpm_speed_calc/install/rpm_speed_calc/share/ament_index/resource_index/packages/rpm_speed_calc
[47.646s] -- Installing: /home/robot/ros_workspaces/first_project/src/rpm_speed_calc/install/rpm_speed_calc/share/rpm_speed_calc/cmake/rpm_speed_calcConfig.cmake
[47.647s] -- Installing: /home/robot/ros_workspaces/first_project/src/rpm_speed_calc/install/rpm_speed_calc/share/rpm_speed_calc/cmake/rpm_speed_calcConfig-version.cmake
[47.647s] -- Installing: /home/robot/ros_workspaces/first_project/src/rpm_speed_calc/install/rpm_speed_calc/share/rpm_speed_calc/package.xml
[47.655s] Invoked command in '/home/robot/ros_workspaces/first_project/src/rpm_speed_calc/build/rpm_speed_calc' returned '0': CMAKE_PREFIX_PATH=/opt/ros/humble /usr/bin/cmake --install /home/robot/ros_workspaces/first_project/src/rpm_speed_calc/build/rpm_speed_calc
