[0.698s] DEBUG:colcon:Command line arguments: ['/usr/bin/colcon', 'build']
[0.699s] DEBUG:colcon:Parsed command line arguments: Namespace(log_base=None, log_level=None, verb_name='build', build_base='build', install_base='install', merge_install=False, symlink_install=False, test_result_base=None, continue_on_error=False, executor='parallel', parallel_workers=4, event_handlers=None, ignore_user_meta=False, metas=['./colcon.meta'], base_paths=['.'], packages_ignore=None, packages_ignore_regex=None, paths=None, packages_up_to=None, packages_up_to_regex=None, packages_above=None, packages_above_and_dependencies=None, packages_above_depth=None, packages_select_by_dep=None, packages_skip_by_dep=None, packages_skip_up_to=None, packages_select_build_failed=False, packages_skip_build_finished=False, packages_select_test_failures=False, packages_skip_test_passed=False, packages_select=None, packages_skip=None, packages_select_regex=None, packages_skip_regex=None, packages_start=None, packages_end=None, allow_overriding=[], cmake_args=None, cmake_target=None, cmake_target_skip_unavailable=False, cmake_clean_cache=False, cmake_clean_first=False, cmake_force_configure=False, ament_cmake_args=None, catkin_cmake_args=None, catkin_skip_building_tests=False, verb_parser=<colcon_defaults.argument_parser.defaults.DefaultArgumentsDecorator object at 0x7adb97503220>, verb_extension=<colcon_core.verb.build.BuildVerb object at 0x7adb977e7e20>, main=<bound method BuildVerb.main of <colcon_core.verb.build.BuildVerb object at 0x7adb977e7e20>>)
[1.658s] Level 1:colcon.colcon_core.package_discovery:discover_packages(colcon_meta) check parameters
[1.659s] Level 1:colcon.colcon_core.package_discovery:discover_packages(recursive) check parameters
[1.659s] Level 1:colcon.colcon_core.package_discovery:discover_packages(ignore) check parameters
[1.659s] Level 1:colcon.colcon_core.package_discovery:discover_packages(path) check parameters
[1.659s] Level 1:colcon.colcon_core.package_discovery:discover_packages(colcon_meta) discover
[1.659s] Level 1:colcon.colcon_core.package_discovery:discover_packages(recursive) discover
[1.660s] INFO:colcon.colcon_core.package_discovery:Crawling recursively for packages in '/home/robot/ros_workspaces/project2'
[1.660s] Level 1:colcon.colcon_core.package_identification:_identify(.) by extensions ['ignore', 'ignore_ament_install']
[1.660s] Level 1:colcon.colcon_core.package_identification:_identify(.) by extension 'ignore'
[1.661s] Level 1:colcon.colcon_core.package_identification:_identify(.) by extension 'ignore_ament_install'
[1.661s] Level 1:colcon.colcon_core.package_identification:_identify(.) by extensions ['colcon_pkg']
[1.661s] Level 1:colcon.colcon_core.package_identification:_identify(.) by extension 'colcon_pkg'
[1.662s] Level 1:colcon.colcon_core.package_identification:_identify(.) by extensions ['colcon_meta']
[1.662s] Level 1:colcon.colcon_core.package_identification:_identify(.) by extension 'colcon_meta'
[1.662s] Level 1:colcon.colcon_core.package_identification:_identify(.) by extensions ['ros']
[1.662s] Level 1:colcon.colcon_core.package_identification:_identify(.) by extension 'ros'
[1.719s] Level 1:colcon.colcon_core.package_identification:_identify(.) by extensions ['cmake', 'python']
[1.719s] Level 1:colcon.colcon_core.package_identification:_identify(.) by extension 'cmake'
[1.720s] Level 1:colcon.colcon_core.package_identification:_identify(.) by extension 'python'
[1.720s] Level 1:colcon.colcon_core.package_identification:_identify(.) by extensions ['python_setup_py']
[1.720s] Level 1:colcon.colcon_core.package_identification:_identify(.) by extension 'python_setup_py'
[1.721s] Level 1:colcon.colcon_core.package_identification:_identify(build) by extensions ['ignore', 'ignore_ament_install']
[1.721s] Level 1:colcon.colcon_core.package_identification:_identify(build) by extension 'ignore'
[1.721s] Level 1:colcon.colcon_core.package_identification:_identify(build) ignored
[1.722s] Level 1:colcon.colcon_core.package_identification:_identify(firstservicepkg) by extensions ['ignore', 'ignore_ament_install']
[1.723s] Level 1:colcon.colcon_core.package_identification:_identify(firstservicepkg) by extension 'ignore'
[1.723s] Level 1:colcon.colcon_core.package_identification:_identify(firstservicepkg) by extension 'ignore_ament_install'
[1.723s] Level 1:colcon.colcon_core.package_identification:_identify(firstservicepkg) by extensions ['colcon_pkg']
[1.723s] Level 1:colcon.colcon_core.package_identification:_identify(firstservicepkg) by extension 'colcon_pkg'
[1.724s] Level 1:colcon.colcon_core.package_identification:_identify(firstservicepkg) by extensions ['colcon_meta']
[1.724s] Level 1:colcon.colcon_core.package_identification:_identify(firstservicepkg) by extension 'colcon_meta'
[1.724s] Level 1:colcon.colcon_core.package_identification:_identify(firstservicepkg) by extensions ['ros']
[1.724s] Level 1:colcon.colcon_core.package_identification:_identify(firstservicepkg) by extension 'ros'
[1.738s] DEBUG:colcon.colcon_core.package_identification:Package 'firstservicepkg' with type 'ros.ament_cmake' and name 'firstservicepkg'
[1.739s] Level 1:colcon.colcon_core.package_identification:_identify(install) by extensions ['ignore', 'ignore_ament_install']
[1.739s] Level 1:colcon.colcon_core.package_identification:_identify(install) by extension 'ignore'
[1.739s] Level 1:colcon.colcon_core.package_identification:_identify(install) ignored
[1.740s] Level 1:colcon.colcon_core.package_identification:_identify(log) by extensions ['ignore', 'ignore_ament_install']
[1.740s] Level 1:colcon.colcon_core.package_identification:_identify(log) by extension 'ignore'
[1.741s] Level 1:colcon.colcon_core.package_identification:_identify(log) ignored
[1.741s] Level 1:colcon.colcon_core.package_discovery:discover_packages(recursive) using defaults
[1.741s] Level 1:colcon.colcon_core.package_discovery:discover_packages(ignore) discover
[1.741s] Level 1:colcon.colcon_core.package_discovery:discover_packages(ignore) using defaults
[1.741s] Level 1:colcon.colcon_core.package_discovery:discover_packages(path) discover
[1.742s] Level 1:colcon.colcon_core.package_discovery:discover_packages(path) using defaults
[1.849s] Level 1:colcon.colcon_core.package_discovery:discover_packages(prefix_path) check parameters
[1.850s] Level 1:colcon.colcon_core.package_discovery:discover_packages(prefix_path) discover
[1.870s] DEBUG:colcon.colcon_installed_package_information.package_discovery:Found 270 installed packages in /opt/ros/humble
[1.879s] Level 1:colcon.colcon_core.package_discovery:discover_packages(prefix_path) using defaults
[2.169s] Level 5:colcon.colcon_core.verb:set package 'firstservicepkg' build argument 'cmake_args' from command line to 'None'
[2.169s] Level 5:colcon.colcon_core.verb:set package 'firstservicepkg' build argument 'cmake_target' from command line to 'None'
[2.169s] Level 5:colcon.colcon_core.verb:set package 'firstservicepkg' build argument 'cmake_target_skip_unavailable' from command line to 'False'
[2.169s] Level 5:colcon.colcon_core.verb:set package 'firstservicepkg' build argument 'cmake_clean_cache' from command line to 'False'
[2.169s] Level 5:colcon.colcon_core.verb:set package 'firstservicepkg' build argument 'cmake_clean_first' from command line to 'False'
[2.170s] Level 5:colcon.colcon_core.verb:set package 'firstservicepkg' build argument 'cmake_force_configure' from command line to 'False'
[2.170s] Level 5:colcon.colcon_core.verb:set package 'firstservicepkg' build argument 'ament_cmake_args' from command line to 'None'
[2.170s] Level 5:colcon.colcon_core.verb:set package 'firstservicepkg' build argument 'catkin_cmake_args' from command line to 'None'
[2.170s] Level 5:colcon.colcon_core.verb:set package 'firstservicepkg' build argument 'catkin_skip_building_tests' from command line to 'False'
[2.170s] DEBUG:colcon.colcon_core.verb:Building package 'firstservicepkg' with the following arguments: {'ament_cmake_args': None, 'build_base': '/home/robot/ros_workspaces/project2/build/firstservicepkg', 'catkin_cmake_args': None, 'catkin_skip_building_tests': False, 'cmake_args': None, 'cmake_clean_cache': False, 'cmake_clean_first': False, 'cmake_force_configure': False, 'cmake_target': None, 'cmake_target_skip_unavailable': False, 'install_base': '/home/robot/ros_workspaces/project2/install/firstservicepkg', 'merge_install': False, 'path': '/home/robot/ros_workspaces/project2/firstservicepkg', 'symlink_install': False, 'test_result_base': None}
[2.171s] INFO:colcon.colcon_core.executor:Executing jobs using 'parallel' executor
[2.174s] DEBUG:colcon.colcon_parallel_executor.executor.parallel:run_until_complete
[2.175s] INFO:colcon.colcon_ros.task.ament_cmake.build:Building ROS package in '/home/robot/ros_workspaces/project2/firstservicepkg' with build type 'ament_cmake'
[2.176s] INFO:colcon.colcon_cmake.task.cmake.build:Building CMake package in '/home/robot/ros_workspaces/project2/firstservicepkg'
[2.191s] INFO:colcon.colcon_core.plugin_system:Skipping extension 'colcon_core.shell.bat': Not used on non-Windows systems
[2.192s] INFO:colcon.colcon_core.shell:Skip shell extension 'powershell' for command environment: Not usable outside of PowerShell
[2.192s] DEBUG:colcon.colcon_core.shell:Skip shell extension 'dsv' for command environment
[2.227s] DEBUG:colcon.colcon_core.event_handler.log_command:Invoking command in '/home/robot/ros_workspaces/project2/build/firstservicepkg': CMAKE_PREFIX_PATH=/opt/ros/humble /usr/bin/cmake --build /home/robot/ros_workspaces/project2/build/firstservicepkg -- -j4 -l4
[6.654s] DEBUG:colcon.colcon_core.event_handler.log_command:Invoked command in '/home/robot/ros_workspaces/project2/build/firstservicepkg' returned '2': CMAKE_PREFIX_PATH=/opt/ros/humble /usr/bin/cmake --build /home/robot/ros_workspaces/project2/build/firstservicepkg -- -j4 -l4
[6.931s] Level 1:colcon.colcon_core.environment:create_environment_scripts_only(firstservicepkg)
[6.950s] Level 1:colcon.colcon_core.environment:checking '/home/robot/ros_workspaces/project2/install/firstservicepkg' for CMake module files
[6.954s] Level 1:colcon.colcon_core.environment:checking '/home/robot/ros_workspaces/project2/install/firstservicepkg' for CMake config files
[6.955s] Level 1:colcon.colcon_core.shell:create_environment_hook('firstservicepkg', 'cmake_prefix_path')
[6.956s] INFO:colcon.colcon_core.shell:Creating environment hook '/home/robot/ros_workspaces/project2/install/firstservicepkg/share/firstservicepkg/hook/cmake_prefix_path.ps1'
[6.960s] INFO:colcon.colcon_core.shell:Creating environment descriptor '/home/robot/ros_workspaces/project2/install/firstservicepkg/share/firstservicepkg/hook/cmake_prefix_path.dsv'
[6.962s] INFO:colcon.colcon_core.shell:Creating environment hook '/home/robot/ros_workspaces/project2/install/firstservicepkg/share/firstservicepkg/hook/cmake_prefix_path.sh'
[6.966s] Level 1:colcon.colcon_core.environment:checking '/home/robot/ros_workspaces/project2/install/firstservicepkg/lib'
[6.967s] Level 1:colcon.colcon_core.shell:create_environment_hook('firstservicepkg', 'ld_library_path_lib')
[6.969s] INFO:colcon.colcon_core.shell:Creating environment hook '/home/robot/ros_workspaces/project2/install/firstservicepkg/share/firstservicepkg/hook/ld_library_path_lib.ps1'
[6.970s] INFO:colcon.colcon_core.shell:Creating environment descriptor '/home/robot/ros_workspaces/project2/install/firstservicepkg/share/firstservicepkg/hook/ld_library_path_lib.dsv'
[6.972s] INFO:colcon.colcon_core.shell:Creating environment hook '/home/robot/ros_workspaces/project2/install/firstservicepkg/share/firstservicepkg/hook/ld_library_path_lib.sh'
[6.974s] Level 1:colcon.colcon_core.environment:checking '/home/robot/ros_workspaces/project2/install/firstservicepkg/bin'
[6.975s] Level 1:colcon.colcon_core.environment:checking '/home/robot/ros_workspaces/project2/install/firstservicepkg/lib/pkgconfig/firstservicepkg.pc'
[6.976s] Level 1:colcon.colcon_core.environment:checking '/home/robot/ros_workspaces/project2/install/firstservicepkg/lib/python3.10/site-packages'
[6.977s] Level 1:colcon.colcon_core.environment:checking '/home/robot/ros_workspaces/project2/install/firstservicepkg/bin'
[6.979s] INFO:colcon.colcon_core.shell:Creating package script '/home/robot/ros_workspaces/project2/install/firstservicepkg/share/firstservicepkg/package.ps1'
[6.983s] INFO:colcon.colcon_core.shell:Creating package descriptor '/home/robot/ros_workspaces/project2/install/firstservicepkg/share/firstservicepkg/package.dsv'
[6.986s] INFO:colcon.colcon_core.shell:Creating package script '/home/robot/ros_workspaces/project2/install/firstservicepkg/share/firstservicepkg/package.sh'
[6.990s] INFO:colcon.colcon_core.shell:Creating package script '/home/robot/ros_workspaces/project2/install/firstservicepkg/share/firstservicepkg/package.bash'
[6.995s] INFO:colcon.colcon_core.shell:Creating package script '/home/robot/ros_workspaces/project2/install/firstservicepkg/share/firstservicepkg/package.zsh'
[6.999s] Level 1:colcon.colcon_core.environment:create_file_with_runtime_dependencies(/home/robot/ros_workspaces/project2/install/firstservicepkg/share/colcon-core/packages/firstservicepkg)
[7.010s] DEBUG:colcon.colcon_parallel_executor.executor.parallel:closing loop
[7.011s] DEBUG:colcon.colcon_parallel_executor.executor.parallel:loop closed
[7.011s] DEBUG:colcon.colcon_parallel_executor.executor.parallel:run_until_complete finished with '2'
[7.011s] DEBUG:colcon.colcon_core.event_reactor:joining thread
[7.044s] INFO:colcon.colcon_core.plugin_system:Skipping extension 'colcon_notification.desktop_notification.terminal_notifier': Not used on non-Darwin systems
[7.045s] INFO:colcon.colcon_core.plugin_system:Skipping extension 'colcon_notification.desktop_notification.win32': Not used on non-Windows systems
[7.045s] INFO:colcon.colcon_notification.desktop_notification:Sending desktop notification using 'notify2'
[7.304s] DEBUG:colcon.colcon_core.event_reactor:joined thread
[7.305s] INFO:colcon.colcon_core.shell:Creating prefix script '/home/robot/ros_workspaces/project2/install/local_setup.ps1'
[7.311s] INFO:colcon.colcon_core.shell:Creating prefix util module '/home/robot/ros_workspaces/project2/install/_local_setup_util_ps1.py'
[7.324s] INFO:colcon.colcon_core.shell:Creating prefix chain script '/home/robot/ros_workspaces/project2/install/setup.ps1'
[7.330s] INFO:colcon.colcon_core.shell:Creating prefix script '/home/robot/ros_workspaces/project2/install/local_setup.sh'
[7.333s] INFO:colcon.colcon_core.shell:Creating prefix util module '/home/robot/ros_workspaces/project2/install/_local_setup_util_sh.py'
[7.335s] INFO:colcon.colcon_core.shell:Creating prefix chain script '/home/robot/ros_workspaces/project2/install/setup.sh'
[7.340s] INFO:colcon.colcon_core.shell:Creating prefix script '/home/robot/ros_workspaces/project2/install/local_setup.bash'
[7.342s] INFO:colcon.colcon_core.shell:Creating prefix chain script '/home/robot/ros_workspaces/project2/install/setup.bash'
[7.346s] INFO:colcon.colcon_core.shell:Creating prefix script '/home/robot/ros_workspaces/project2/install/local_setup.zsh'
[7.349s] INFO:colcon.colcon_core.shell:Creating prefix chain script '/home/robot/ros_workspaces/project2/install/setup.zsh'
