[0.982s] DEBUG:colcon:Command line arguments: ['/usr/bin/colcon', 'build']
[0.982s] DEBUG:colcon:Parsed command line arguments: Namespace(log_base=None, log_level=None, verb_name='build', build_base='build', install_base='install', merge_install=False, symlink_install=False, test_result_base=None, continue_on_error=False, executor='parallel', parallel_workers=4, event_handlers=None, ignore_user_meta=False, metas=['./colcon.meta'], base_paths=['.'], packages_ignore=None, packages_ignore_regex=None, paths=None, packages_up_to=None, packages_up_to_regex=None, packages_above=None, packages_above_and_dependencies=None, packages_above_depth=None, packages_select_by_dep=None, packages_skip_by_dep=None, packages_skip_up_to=None, packages_select_build_failed=False, packages_skip_build_finished=False, packages_select_test_failures=False, packages_skip_test_passed=False, packages_select=None, packages_skip=None, packages_select_regex=None, packages_skip_regex=None, packages_start=None, packages_end=None, allow_overriding=[], cmake_args=None, cmake_target=None, cmake_target_skip_unavailable=False, cmake_clean_cache=False, cmake_clean_first=False, cmake_force_configure=False, ament_cmake_args=None, catkin_cmake_args=None, catkin_skip_building_tests=False, verb_parser=<colcon_defaults.argument_parser.defaults.DefaultArgumentsDecorator object at 0x7d239c903160>, verb_extension=<colcon_core.verb.build.BuildVerb object at 0x7d239cbe3d60>, main=<bound method BuildVerb.main of <colcon_core.verb.build.BuildVerb object at 0x7d239cbe3d60>>)
[1.982s] Level 1:colcon.colcon_core.package_discovery:discover_packages(colcon_meta) check parameters
[1.982s] Level 1:colcon.colcon_core.package_discovery:discover_packages(recursive) check parameters
[1.982s] Level 1:colcon.colcon_core.package_discovery:discover_packages(ignore) check parameters
[1.983s] Level 1:colcon.colcon_core.package_discovery:discover_packages(path) check parameters
[1.983s] Level 1:colcon.colcon_core.package_discovery:discover_packages(colcon_meta) discover
[1.983s] Level 1:colcon.colcon_core.package_discovery:discover_packages(recursive) discover
[1.983s] INFO:colcon.colcon_core.package_discovery:Crawling recursively for packages in '/home/robot/ros_workspaces/first_project/src/rpm_speed_calc'
[1.984s] Level 1:colcon.colcon_core.package_identification:_identify(.) by extensions ['ignore', 'ignore_ament_install']
[1.984s] Level 1:colcon.colcon_core.package_identification:_identify(.) by extension 'ignore'
[1.984s] Level 1:colcon.colcon_core.package_identification:_identify(.) by extension 'ignore_ament_install'
[1.985s] Level 1:colcon.colcon_core.package_identification:_identify(.) by extensions ['colcon_pkg']
[1.985s] Level 1:colcon.colcon_core.package_identification:_identify(.) by extension 'colcon_pkg'
[1.985s] Level 1:colcon.colcon_core.package_identification:_identify(.) by extensions ['colcon_meta']
[1.985s] Level 1:colcon.colcon_core.package_identification:_identify(.) by extension 'colcon_meta'
[1.986s] Level 1:colcon.colcon_core.package_identification:_identify(.) by extensions ['ros']
[1.986s] Level 1:colcon.colcon_core.package_identification:_identify(.) by extension 'ros'
[2.052s] DEBUG:colcon.colcon_core.package_identification:Package '.' with type 'ros.ament_cmake' and name 'rpm_speed_calc'
[2.052s] Level 1:colcon.colcon_core.package_discovery:discover_packages(recursive) using defaults
[2.052s] Level 1:colcon.colcon_core.package_discovery:discover_packages(ignore) discover
[2.052s] Level 1:colcon.colcon_core.package_discovery:discover_packages(ignore) using defaults
[2.053s] Level 1:colcon.colcon_core.package_discovery:discover_packages(path) discover
[2.053s] Level 1:colcon.colcon_core.package_discovery:discover_packages(path) using defaults
[2.158s] Level 1:colcon.colcon_core.package_discovery:discover_packages(prefix_path) check parameters
[2.158s] Level 1:colcon.colcon_core.package_discovery:discover_packages(prefix_path) discover
[2.172s] DEBUG:colcon.colcon_installed_package_information.package_discovery:Found 1 installed packages in /home/robot/ros_workspaces/first_project/src/rpm_speed_calc/install
[2.182s] DEBUG:colcon.colcon_installed_package_information.package_discovery:Found 270 installed packages in /opt/ros/humble
[2.192s] Level 1:colcon.colcon_core.package_discovery:discover_packages(prefix_path) using defaults
[2.490s] Level 5:colcon.colcon_core.verb:set package 'rpm_speed_calc' build argument 'cmake_args' from command line to 'None'
[2.491s] Level 5:colcon.colcon_core.verb:set package 'rpm_speed_calc' build argument 'cmake_target' from command line to 'None'
[2.491s] Level 5:colcon.colcon_core.verb:set package 'rpm_speed_calc' build argument 'cmake_target_skip_unavailable' from command line to 'False'
[2.491s] Level 5:colcon.colcon_core.verb:set package 'rpm_speed_calc' build argument 'cmake_clean_cache' from command line to 'False'
[2.491s] Level 5:colcon.colcon_core.verb:set package 'rpm_speed_calc' build argument 'cmake_clean_first' from command line to 'False'
[2.491s] Level 5:colcon.colcon_core.verb:set package 'rpm_speed_calc' build argument 'cmake_force_configure' from command line to 'False'
[2.491s] Level 5:colcon.colcon_core.verb:set package 'rpm_speed_calc' build argument 'ament_cmake_args' from command line to 'None'
[2.491s] Level 5:colcon.colcon_core.verb:set package 'rpm_speed_calc' build argument 'catkin_cmake_args' from command line to 'None'
[2.492s] Level 5:colcon.colcon_core.verb:set package 'rpm_speed_calc' build argument 'catkin_skip_building_tests' from command line to 'False'
[2.492s] DEBUG:colcon.colcon_core.verb:Building package 'rpm_speed_calc' with the following arguments: {'ament_cmake_args': None, 'build_base': '/home/robot/ros_workspaces/first_project/src/rpm_speed_calc/build/rpm_speed_calc', 'catkin_cmake_args': None, 'catkin_skip_building_tests': False, 'cmake_args': None, 'cmake_clean_cache': False, 'cmake_clean_first': False, 'cmake_force_configure': False, 'cmake_target': None, 'cmake_target_skip_unavailable': False, 'install_base': '/home/robot/ros_workspaces/first_project/src/rpm_speed_calc/install/rpm_speed_calc', 'merge_install': False, 'path': '/home/robot/ros_workspaces/first_project/src/rpm_speed_calc', 'symlink_install': False, 'test_result_base': None}
[2.492s] INFO:colcon.colcon_core.executor:Executing jobs using 'parallel' executor
[2.496s] DEBUG:colcon.colcon_parallel_executor.executor.parallel:run_until_complete
[2.497s] INFO:colcon.colcon_ros.task.ament_cmake.build:Building ROS package in '/home/robot/ros_workspaces/first_project/src/rpm_speed_calc' with build type 'ament_cmake'
[2.498s] INFO:colcon.colcon_cmake.task.cmake.build:Building CMake package in '/home/robot/ros_workspaces/first_project/src/rpm_speed_calc'
[2.514s] INFO:colcon.colcon_core.plugin_system:Skipping extension 'colcon_core.shell.bat': Not used on non-Windows systems
[2.515s] INFO:colcon.colcon_core.shell:Skip shell extension 'powershell' for command environment: Not usable outside of PowerShell
[2.516s] DEBUG:colcon.colcon_core.shell:Skip shell extension 'dsv' for command environment
[2.562s] DEBUG:colcon.colcon_core.event_handler.log_command:Invoking command in '/home/robot/ros_workspaces/first_project/src/rpm_speed_calc/build/rpm_speed_calc': CMAKE_PREFIX_PATH=${CMAKE_PREFIX_PATH}:/opt/ros/humble /usr/bin/cmake --build /home/robot/ros_workspaces/first_project/src/rpm_speed_calc/build/rpm_speed_calc -- -j4 -l4
[43.385s] DEBUG:colcon.colcon_core.event_handler.log_command:Invoked command in '/home/robot/ros_workspaces/first_project/src/rpm_speed_calc/build/rpm_speed_calc' returned '2': CMAKE_PREFIX_PATH=${CMAKE_PREFIX_PATH}:/opt/ros/humble /usr/bin/cmake --build /home/robot/ros_workspaces/first_project/src/rpm_speed_calc/build/rpm_speed_calc -- -j4 -l4
[43.513s] Level 1:colcon.colcon_core.environment:create_environment_scripts_only(rpm_speed_calc)
[43.526s] Level 1:colcon.colcon_core.environment:checking '/home/robot/ros_workspaces/first_project/src/rpm_speed_calc/install/rpm_speed_calc' for CMake module files
[43.529s] Level 1:colcon.colcon_core.environment:checking '/home/robot/ros_workspaces/first_project/src/rpm_speed_calc/install/rpm_speed_calc' for CMake config files
[43.531s] Level 1:colcon.colcon_core.shell:create_environment_hook('rpm_speed_calc', 'cmake_prefix_path')
[43.532s] INFO:colcon.colcon_core.shell:Creating environment hook '/home/robot/ros_workspaces/first_project/src/rpm_speed_calc/install/rpm_speed_calc/share/rpm_speed_calc/hook/cmake_prefix_path.ps1'
[43.535s] INFO:colcon.colcon_core.shell:Creating environment descriptor '/home/robot/ros_workspaces/first_project/src/rpm_speed_calc/install/rpm_speed_calc/share/rpm_speed_calc/hook/cmake_prefix_path.dsv'
[43.537s] INFO:colcon.colcon_core.shell:Creating environment hook '/home/robot/ros_workspaces/first_project/src/rpm_speed_calc/install/rpm_speed_calc/share/rpm_speed_calc/hook/cmake_prefix_path.sh'
[43.542s] Level 1:colcon.colcon_core.environment:checking '/home/robot/ros_workspaces/first_project/src/rpm_speed_calc/install/rpm_speed_calc/lib'
[43.544s] Level 1:colcon.colcon_core.environment:checking '/home/robot/ros_workspaces/first_project/src/rpm_speed_calc/install/rpm_speed_calc/bin'
[43.544s] Level 1:colcon.colcon_core.environment:checking '/home/robot/ros_workspaces/first_project/src/rpm_speed_calc/install/rpm_speed_calc/lib/pkgconfig/rpm_speed_calc.pc'
[43.546s] Level 1:colcon.colcon_core.environment:checking '/home/robot/ros_workspaces/first_project/src/rpm_speed_calc/install/rpm_speed_calc/lib/python3.10/site-packages'
[43.547s] Level 1:colcon.colcon_core.environment:checking '/home/robot/ros_workspaces/first_project/src/rpm_speed_calc/install/rpm_speed_calc/bin'
[43.549s] INFO:colcon.colcon_core.shell:Creating package script '/home/robot/ros_workspaces/first_project/src/rpm_speed_calc/install/rpm_speed_calc/share/rpm_speed_calc/package.ps1'
[43.553s] INFO:colcon.colcon_core.shell:Creating package descriptor '/home/robot/ros_workspaces/first_project/src/rpm_speed_calc/install/rpm_speed_calc/share/rpm_speed_calc/package.dsv'
[43.556s] INFO:colcon.colcon_core.shell:Creating package script '/home/robot/ros_workspaces/first_project/src/rpm_speed_calc/install/rpm_speed_calc/share/rpm_speed_calc/package.sh'
[43.560s] INFO:colcon.colcon_core.shell:Creating package script '/home/robot/ros_workspaces/first_project/src/rpm_speed_calc/install/rpm_speed_calc/share/rpm_speed_calc/package.bash'
[43.563s] INFO:colcon.colcon_core.shell:Creating package script '/home/robot/ros_workspaces/first_project/src/rpm_speed_calc/install/rpm_speed_calc/share/rpm_speed_calc/package.zsh'
[43.566s] Level 1:colcon.colcon_core.environment:create_file_with_runtime_dependencies(/home/robot/ros_workspaces/first_project/src/rpm_speed_calc/install/rpm_speed_calc/share/colcon-core/packages/rpm_speed_calc)
[43.578s] DEBUG:colcon.colcon_parallel_executor.executor.parallel:closing loop
[43.579s] DEBUG:colcon.colcon_parallel_executor.executor.parallel:loop closed
[43.579s] DEBUG:colcon.colcon_parallel_executor.executor.parallel:run_until_complete finished with '2'
[43.579s] DEBUG:colcon.colcon_core.event_reactor:joining thread
[43.606s] INFO:colcon.colcon_core.plugin_system:Skipping extension 'colcon_notification.desktop_notification.terminal_notifier': Not used on non-Darwin systems
[43.607s] INFO:colcon.colcon_core.plugin_system:Skipping extension 'colcon_notification.desktop_notification.win32': Not used on non-Windows systems
[43.607s] INFO:colcon.colcon_notification.desktop_notification:Sending desktop notification using 'notify2'
[43.612s] DEBUG:colcon.colcon_notification.desktop_notification.notify2:Failed to initialize notify2: org.freedesktop.DBus.Error.ServiceUnknown: The name org.freedesktop.Notifications was not provided by any .service files
[43.612s] DEBUG:colcon.colcon_core.event_reactor:joined thread
[43.613s] INFO:colcon.colcon_core.shell:Creating prefix script '/home/robot/ros_workspaces/first_project/src/rpm_speed_calc/install/local_setup.ps1'
[43.617s] INFO:colcon.colcon_core.shell:Creating prefix util module '/home/robot/ros_workspaces/first_project/src/rpm_speed_calc/install/_local_setup_util_ps1.py'
[43.623s] INFO:colcon.colcon_core.shell:Creating prefix chain script '/home/robot/ros_workspaces/first_project/src/rpm_speed_calc/install/setup.ps1'
[43.628s] INFO:colcon.colcon_core.shell:Creating prefix script '/home/robot/ros_workspaces/first_project/src/rpm_speed_calc/install/local_setup.sh'
[43.631s] INFO:colcon.colcon_core.shell:Creating prefix util module '/home/robot/ros_workspaces/first_project/src/rpm_speed_calc/install/_local_setup_util_sh.py'
[43.634s] INFO:colcon.colcon_core.shell:Creating prefix chain script '/home/robot/ros_workspaces/first_project/src/rpm_speed_calc/install/setup.sh'
[43.639s] INFO:colcon.colcon_core.shell:Creating prefix script '/home/robot/ros_workspaces/first_project/src/rpm_speed_calc/install/local_setup.bash'
[43.641s] INFO:colcon.colcon_core.shell:Creating prefix chain script '/home/robot/ros_workspaces/first_project/src/rpm_speed_calc/install/setup.bash'
[43.646s] INFO:colcon.colcon_core.shell:Creating prefix script '/home/robot/ros_workspaces/first_project/src/rpm_speed_calc/install/local_setup.zsh'
[43.649s] INFO:colcon.colcon_core.shell:Creating prefix chain script '/home/robot/ros_workspaces/first_project/src/rpm_speed_calc/install/setup.zsh'
