[0.049s] Invoking command in '/home/robot/ros_workspaces/project2/build/firstservicepkg': CMAKE_PREFIX_PATH=/opt/ros/humble /usr/bin/cmake --build /home/robot/ros_workspaces/project2/build/firstservicepkg -- -j4 -l4
[0.150s] -- Found ament_cmake: 1.3.9 (/opt/ros/humble/share/ament_cmake/cmake)
[0.724s] -- Found rclcpp: 16.0.9 (/opt/ros/humble/share/rclcpp/cmake)
[0.871s] -- Found rosidl_generator_c: 3.1.5 (/opt/ros/humble/share/rosidl_generator_c/cmake)
[0.885s] -- Found rosidl_adapter: 3.1.5 (/opt/ros/humble/share/rosidl_adapter/cmake)
[0.914s] -- Found rosidl_generator_cpp: 3.1.5 (/opt/ros/humble/share/rosidl_generator_cpp/cmake)
[0.974s] -- Using all available rosidl_typesupport_c: rosidl_typesupport_fastrtps_c;rosidl_typesupport_introspection_c
[1.058s] -- Using all available rosidl_typesupport_cpp: rosidl_typesupport_fastrtps_cpp;rosidl_typesupport_introspection_cpp
[1.360s] -- Found rmw_implementation_cmake: 6.1.2 (/opt/ros/humble/share/rmw_implementation_cmake/cmake)
[1.366s] -- Found rmw_fastrtps_cpp: 6.2.6 (/opt/ros/humble/share/rmw_fastrtps_cpp/cmake)
[1.838s] -- Using RMW implementation 'rmw_fastrtps_cpp' as default
[2.664s] -- Found rosidl_default_generators: 1.2.0 (/opt/ros/humble/share/rosidl_default_generators/cmake)
[2.697s] -- Found sensor_msgs: 4.2.4 (/opt/ros/humble/share/sensor_msgs/cmake)
[3.363s] -- Found cv_bridge: 3.2.1 (/opt/ros/humble/share/cv_bridge/cmake)
[4.810s] -- Found ament_cmake_cppcheck: 0.12.11 (/opt/ros/humble/share/ament_cmake_cppcheck/cmake)
[4.816s] -- Found ament_cmake_cpplint: 0.12.11 (/opt/ros/humble/share/ament_cmake_cpplint/cmake)
[4.819s] -- Found ament_cmake_uncrustify: 0.12.11 (/opt/ros/humble/share/ament_cmake_uncrustify/cmake)
[4.823s] -- Found ament_cmake_ros: 0.10.0 (/opt/ros/humble/share/ament_cmake_ros/cmake)
[7.282s] -- Using all available rosidl_typesupport_c: rosidl_typesupport_fastrtps_c;rosidl_typesupport_introspection_c
[8.265s] -- Using all available rosidl_typesupport_cpp: rosidl_typesupport_fastrtps_cpp;rosidl_typesupport_introspection_cpp
[8.369s] -- Found python_cmake_module: 0.10.0 (/opt/ros/humble/share/python_cmake_module/cmake)
[8.471s] -- Using PYTHON_EXECUTABLE: /usr/bin/python3
[8.473s] -- Using PYTHON_INCLUDE_DIRS: /usr/include/python3.10
[8.476s] -- Using PYTHON_LIBRARIES: /usr/lib/x86_64-linux-gnu/libpython3.10.so
[8.796s] -- Found ament_cmake_flake8: 0.12.11 (/opt/ros/humble/share/ament_cmake_flake8/cmake)
[8.799s] -- Found ament_cmake_pep257: 0.12.11 (/opt/ros/humble/share/ament_cmake_pep257/cmake)
[8.837s] -- Found ament_lint_auto: 0.12.11 (/opt/ros/humble/share/ament_lint_auto/cmake)
[8.874s] -- Added test 'cppcheck' to perform static code analysis on C / C++ code
[8.878s] -- Configured cppcheck include dirs: 
[8.878s] -- Configured cppcheck exclude dirs and/or files: 
[8.884s] -- Added test 'cpplint' to check C / C++ code against the Google style
[8.884s] -- Configured cpplint exclude dirs and/or files: 
[8.889s] -- Added test 'uncrustify' to check C / C++ code style
[8.890s] -- Configured uncrustify additional arguments: 
[8.894s] -- Added test 'lint_cmake' to check CMake code style
[8.896s] -- Added test 'xmllint' to check XML markup files
[8.910s] -- Configuring done
[9.190s] -- Generating done
[9.210s] -- Build files have been written to: /home/robot/ros_workspaces/project2/build/firstservicepkg
[9.359s] [35m[1mConsolidate compiler generated dependencies of target firstservicepkg__rosidl_generator_c[0m
[9.420s] [  5%] [32mBuilding CXX object CMakeFiles/turn_camera_Client.dir/src/turn_camera_client.cpp.o[0m
[9.438s] [  5%] Built target firstservicepkg__cpp
[9.445s] [ 14%] Built target firstservicepkg__rosidl_generator_c
[9.573s] [ 14%] Built target ament_cmake_python_copy_firstservicepkg
[9.595s] [35m[1mConsolidate compiler generated dependencies of target firstservicepkg__rosidl_typesupport_cpp[0m
[9.598s] [ 17%] [32mBuilding CXX object CMakeFiles/turn_camera_Server.dir/src/turn_camera_service.cpp.o[0m
[9.646s] [35m[1mConsolidate compiler generated dependencies of target firstservicepkg__rosidl_typesupport_fastrtps_c[0m
[9.723s] [ 25%] Built target firstservicepkg__rosidl_typesupport_cpp
[9.789s] [35m[1mConsolidate compiler generated dependencies of target firstservicepkg__rosidl_typesupport_fastrtps_cpp[0m
[9.821s] [ 34%] Built target firstservicepkg__rosidl_typesupport_fastrtps_c
[9.893s] [35m[1mConsolidate compiler generated dependencies of target firstservicepkg__rosidl_typesupport_introspection_c[0m
[10.000s] [ 42%] Built target firstservicepkg__rosidl_typesupport_fastrtps_cpp
[10.032s] [ 51%] Built target firstservicepkg__rosidl_typesupport_introspection_c
[10.102s] [35m[1mConsolidate compiler generated dependencies of target firstservicepkg__rosidl_typesupport_introspection_cpp[0m
[10.123s] [35m[1mConsolidate compiler generated dependencies of target firstservicepkg__rosidl_typesupport_c[0m
[10.212s] [ 60%] Built target firstservicepkg__rosidl_typesupport_c
[10.260s] [ 68%] Built target firstservicepkg__rosidl_typesupport_introspection_cpp
[10.456s] [ 68%] Built target firstservicepkg
[10.649s] [ 71%] Built target firstservicepkg__py
[10.698s] [35m[1mConsolidate compiler generated dependencies of target firstservicepkg__rosidl_generator_py[0m
[10.818s] [ 77%] Built target firstservicepkg__rosidl_generator_py
[10.938s] [35m[1mConsolidate compiler generated dependencies of target firstservicepkg__rosidl_typesupport_fastrtps_c__pyext[0m
[11.063s] [ 82%] Built target firstservicepkg__rosidl_typesupport_fastrtps_c__pyext
[11.110s] [35m[1mConsolidate compiler generated dependencies of target firstservicepkg__rosidl_typesupport_introspection_c__pyext[0m
[11.204s] [ 88%] Built target firstservicepkg__rosidl_typesupport_introspection_c__pyext
[11.245s] [01m[K/home/robot/ros_workspaces/project2/firstservicepkg/src/turn_camera_client.cpp:2:10:[m[K [01;31m[Kfatal error: [m[Kfirstservicepkg/srv/turn_camera.hpp: No such file or directory
[11.247s]     2 | #include [01;31m[K"firstservicepkg/srv/turn_camera.hpp"[m[K
[11.249s]       |          [01;31m[K^~~~~~~~~~~~~~~~~~~~~~~~~~~~~~~~~~~~~[m[K
[11.252s] compilation terminated.
[11.262s] gmake[2]: *** [CMakeFiles/turn_camera_Client.dir/build.make:76: CMakeFiles/turn_camera_Client.dir/src/turn_camera_client.cpp.o] Error 1
[11.264s] gmake[1]: *** [CMakeFiles/Makefile2:594: CMakeFiles/turn_camera_Client.dir/all] Error 2
[11.266s] gmake[1]: *** Waiting for unfinished jobs....
[11.273s] [35m[1mConsolidate compiler generated dependencies of target firstservicepkg__rosidl_typesupport_c__pyext[0m
[11.355s] [ 94%] Built target firstservicepkg__rosidl_typesupport_c__pyext
[11.367s] [01m[K/home/robot/ros_workspaces/project2/firstservicepkg/src/turn_camera_service.cpp:2:10:[m[K [01;31m[Kfatal error: [m[Kfirstservicepkg/srv/turn_camera.hpp: No such file or directory
[11.367s]     2 | #include [01;31m[K"firstservicepkg/srv/turn_camera.hpp"[m[K
[11.370s]       |          [01;31m[K^~~~~~~~~~~~~~~~~~~~~~~~~~~~~~~~~~~~~[m[K
[11.372s] compilation terminated.
[11.384s] gmake[2]: *** [CMakeFiles/turn_camera_Server.dir/build.make:76: CMakeFiles/turn_camera_Server.dir/src/turn_camera_service.cpp.o] Error 1
[11.384s] gmake[1]: *** [CMakeFiles/Makefile2:620: CMakeFiles/turn_camera_Server.dir/all] Error 2
[11.801s] running egg_info
[11.807s] writing firstservicepkg.egg-info/PKG-INFO
[11.808s] writing dependency_links to firstservicepkg.egg-info/dependency_links.txt
[11.808s] writing top-level names to firstservicepkg.egg-info/top_level.txt
[11.818s] reading manifest file 'firstservicepkg.egg-info/SOURCES.txt'
[11.821s] writing manifest file 'firstservicepkg.egg-info/SOURCES.txt'
[11.939s] [ 94%] Built target ament_cmake_python_build_firstservicepkg_egg
[11.943s] gmake: *** [Makefile:146: all] Error 2
[11.950s] Invoked command in '/home/robot/ros_workspaces/project2/build/firstservicepkg' returned '2': CMAKE_PREFIX_PATH=/opt/ros/humble /usr/bin/cmake --build /home/robot/ros_workspaces/project2/build/firstservicepkg -- -j4 -l4
