[  2%] Built target firstservicepkg__cpp
[ 11%] Built target firstservicepkg__rosidl_generator_c
[ 11%] Built target ament_cmake_python_copy_firstservicepkg
[ 20%] Built target firstservicepkg__rosidl_typesupport_cpp
[ 28%] Built target firstservicepkg__rosidl_typesupport_introspection_cpp
[ 37%] Built target firstservicepkg__rosidl_typesupport_fastrtps_cpp
[ 46%] Built target firstservicepkg__rosidl_typesupport_fastrtps_c
[ 55%] Built target firstservicepkg__rosidl_typesupport_introspection_c
[ 64%] Built target firstservicepkg__rosidl_typesupport_c
[ 68%] Built target turn_camera_service
[35m[1mConsolidate compiler generated dependencies of target action_server[0m
[ 68%] Built target firstservicepkg
[ 73%] Built target turn_camera_client
[ 75%] [32mBuilding CXX object CMakeFiles/action_server.dir/src/action_server.cpp.o[0m
[ 77%] Built target firstservicepkg__py
[ 84%] Built target firstservicepkg__rosidl_generator_py
[ 88%] Built target firstservicepkg__rosidl_typesupport_introspection_c__pyext
[ 93%] Built target firstservicepkg__rosidl_typesupport_fastrtps_c__pyext
[ 97%] Built target firstservicepkg__rosidl_typesupport_c__pyext
running egg_info
writing firstservicepkg.egg-info/PKG-INFO
writing dependency_links to firstservicepkg.egg-info/dependency_links.txt
writing top-level names to firstservicepkg.egg-info/top_level.txt
reading manifest file 'firstservicepkg.egg-info/SOURCES.txt'
writing manifest file 'firstservicepkg.egg-info/SOURCES.txt'
[ 97%] Built target ament_cmake_python_build_firstservicepkg_egg
