[0.043s] Invoking command in '/home/robot/ros_workspaces/project2/build/firstservicepkg': CMAKE_PREFIX_PATH=/opt/ros/humble /usr/bin/cmake --build /home/robot/ros_workspaces/project2/build/firstservicepkg -- -j4 -l4
[0.145s] -- Found ament_cmake: 1.3.9 (/opt/ros/humble/share/ament_cmake/cmake)
[0.693s] -- Found rclcpp: 16.0.9 (/opt/ros/humble/share/rclcpp/cmake)
[0.821s] -- Found rosidl_generator_c: 3.1.5 (/opt/ros/humble/share/rosidl_generator_c/cmake)
[0.836s] -- Found rosidl_adapter: 3.1.5 (/opt/ros/humble/share/rosidl_adapter/cmake)
[0.865s] -- Found rosidl_generator_cpp: 3.1.5 (/opt/ros/humble/share/rosidl_generator_cpp/cmake)
[0.929s] -- Using all available rosidl_typesupport_c: rosidl_typesupport_fastrtps_c;rosidl_typesupport_introspection_c
[1.019s] -- Using all available rosidl_typesupport_cpp: rosidl_typesupport_fastrtps_cpp;rosidl_typesupport_introspection_cpp
[1.325s] -- Found rmw_implementation_cmake: 6.1.2 (/opt/ros/humble/share/rmw_implementation_cmake/cmake)
[1.331s] -- Found rmw_fastrtps_cpp: 6.2.6 (/opt/ros/humble/share/rmw_fastrtps_cpp/cmake)
[1.797s] -- Using RMW implementation 'rmw_fastrtps_cpp' as default
[2.626s] -- Found rosidl_default_generators: 1.2.0 (/opt/ros/humble/share/rosidl_default_generators/cmake)
[2.660s] -- Found sensor_msgs: 4.2.4 (/opt/ros/humble/share/sensor_msgs/cmake)
[3.334s] -- Found cv_bridge: 3.2.1 (/opt/ros/humble/share/cv_bridge/cmake)
[3.375s] [31mCMake Error at /opt/ros/humble/share/rosidl_cmake/cmake/rosidl_generate_interfaces.cmake:93 (message):
[3.376s]   rosidl_generate_interfaces() the passed file 'srv/CameraAngle.srv' doesn't
[3.376s]   exist relative to the CMAKE_CURRENT_SOURCE_DIR
[3.377s]   '/home/robot/ros_workspaces/project2/firstservicepkg'
[3.377s] Call Stack (most recent call first):
[3.378s]   CMakeLists.txt:20 (rosidl_generate_interfaces)
[3.378s] 
[3.379s] [0m
[3.383s] -- Configuring incomplete, errors occurred!
[3.383s] See also "/home/robot/ros_workspaces/project2/build/firstservicepkg/CMakeFiles/CMakeOutput.log".
[3.408s] gmake: *** [Makefile:747: cmake_check_build_system] Error 1
[3.416s] Invoked command in '/home/robot/ros_workspaces/project2/build/firstservicepkg' returned '2': CMAKE_PREFIX_PATH=/opt/ros/humble /usr/bin/cmake --build /home/robot/ros_workspaces/project2/build/firstservicepkg -- -j4 -l4
