[0.480s] DEBUG:colcon:Command line arguments: ['/usr/bin/colcon', 'build']
[0.480s] DEBUG:colcon:Parsed command line arguments: Namespace(log_base=None, log_level=None, verb_name='build', build_base='build', install_base='install', merge_install=False, symlink_install=False, test_result_base=None, continue_on_error=False, executor='parallel', parallel_workers=4, event_handlers=None, ignore_user_meta=False, metas=['./colcon.meta'], base_paths=['.'], packages_ignore=None, packages_ignore_regex=None, paths=None, packages_up_to=None, packages_up_to_regex=None, packages_above=None, packages_above_and_dependencies=None, packages_above_depth=None, packages_select_by_dep=None, packages_skip_by_dep=None, packages_skip_up_to=None, packages_select_build_failed=False, packages_skip_build_finished=False, packages_select_test_failures=False, packages_skip_test_passed=False, packages_select=None, packages_skip=None, packages_select_regex=None, packages_skip_regex=None, packages_start=None, packages_end=None, allow_overriding=[], cmake_args=None, cmake_target=None, cmake_target_skip_unavailable=False, cmake_clean_cache=False, cmake_clean_first=False, cmake_force_configure=False, ament_cmake_args=None, catkin_cmake_args=None, catkin_skip_building_tests=False, verb_parser=<colcon_defaults.argument_parser.defaults.DefaultArgumentsDecorator object at 0x789337517220>, verb_extension=<colcon_core.verb.build.BuildVerb object at 0x7893377fbe20>, main=<bound method BuildVerb.main of <colcon_core.verb.build.BuildVerb object at 0x7893377fbe20>>)
[1.265s] Level 1:colcon.colcon_core.package_discovery:discover_packages(colcon_meta) check parameters
[1.266s] Level 1:colcon.colcon_core.package_discovery:discover_packages(recursive) check parameters
[1.266s] Level 1:colcon.colcon_core.package_discovery:discover_packages(ignore) check parameters
[1.266s] Level 1:colcon.colcon_core.package_discovery:discover_packages(path) check parameters
[1.266s] Level 1:colcon.colcon_core.package_discovery:discover_packages(colcon_meta) discover
[1.266s] Level 1:colcon.colcon_core.package_discovery:discover_packages(recursive) discover
[1.266s] INFO:colcon.colcon_core.package_discovery:Crawling recursively for packages in '/home/robot/ros_workspaces/project2/firstservicepkg'
[1.267s] Level 1:colcon.colcon_core.package_identification:_identify(.) by extensions ['ignore', 'ignore_ament_install']
[1.267s] Level 1:colcon.colcon_core.package_identification:_identify(.) by extension 'ignore'
[1.268s] Level 1:colcon.colcon_core.package_identification:_identify(.) by extension 'ignore_ament_install'
[1.268s] Level 1:colcon.colcon_core.package_identification:_identify(.) by extensions ['colcon_pkg']
[1.268s] Level 1:colcon.colcon_core.package_identification:_identify(.) by extension 'colcon_pkg'
[1.268s] Level 1:colcon.colcon_core.package_identification:_identify(.) by extensions ['colcon_meta']
[1.268s] Level 1:colcon.colcon_core.package_identification:_identify(.) by extension 'colcon_meta'
[1.269s] Level 1:colcon.colcon_core.package_identification:_identify(.) by extensions ['ros']
[1.269s] Level 1:colcon.colcon_core.package_identification:_identify(.) by extension 'ros'
[1.331s] DEBUG:colcon.colcon_core.package_identification:Package '.' with type 'ros.ament_cmake' and name 'firstservicepkg'
[1.332s] Level 1:colcon.colcon_core.package_discovery:discover_packages(recursive) using defaults
[1.332s] Level 1:colcon.colcon_core.package_discovery:discover_packages(ignore) discover
[1.332s] Level 1:colcon.colcon_core.package_discovery:discover_packages(ignore) using defaults
[1.332s] Level 1:colcon.colcon_core.package_discovery:discover_packages(path) discover
[1.332s] Level 1:colcon.colcon_core.package_discovery:discover_packages(path) using defaults
[1.420s] Level 1:colcon.colcon_core.package_discovery:discover_packages(prefix_path) check parameters
[1.421s] Level 1:colcon.colcon_core.package_discovery:discover_packages(prefix_path) discover
[1.436s] DEBUG:colcon.colcon_installed_package_information.package_discovery:Found 270 installed packages in /opt/ros/humble
[1.445s] Level 1:colcon.colcon_core.package_discovery:discover_packages(prefix_path) using defaults
[1.680s] Level 5:colcon.colcon_core.verb:set package 'firstservicepkg' build argument 'cmake_args' from command line to 'None'
[1.680s] Level 5:colcon.colcon_core.verb:set package 'firstservicepkg' build argument 'cmake_target' from command line to 'None'
[1.680s] Level 5:colcon.colcon_core.verb:set package 'firstservicepkg' build argument 'cmake_target_skip_unavailable' from command line to 'False'
[1.680s] Level 5:colcon.colcon_core.verb:set package 'firstservicepkg' build argument 'cmake_clean_cache' from command line to 'False'
[1.680s] Level 5:colcon.colcon_core.verb:set package 'firstservicepkg' build argument 'cmake_clean_first' from command line to 'False'
[1.680s] Level 5:colcon.colcon_core.verb:set package 'firstservicepkg' build argument 'cmake_force_configure' from command line to 'False'
[1.680s] Level 5:colcon.colcon_core.verb:set package 'firstservicepkg' build argument 'ament_cmake_args' from command line to 'None'
[1.681s] Level 5:colcon.colcon_core.verb:set package 'firstservicepkg' build argument 'catkin_cmake_args' from command line to 'None'
[1.681s] Level 5:colcon.colcon_core.verb:set package 'firstservicepkg' build argument 'catkin_skip_building_tests' from command line to 'False'
[1.681s] DEBUG:colcon.colcon_core.verb:Building package 'firstservicepkg' with the following arguments: {'ament_cmake_args': None, 'build_base': '/home/robot/ros_workspaces/project2/firstservicepkg/build/firstservicepkg', 'catkin_cmake_args': None, 'catkin_skip_building_tests': False, 'cmake_args': None, 'cmake_clean_cache': False, 'cmake_clean_first': False, 'cmake_force_configure': False, 'cmake_target': None, 'cmake_target_skip_unavailable': False, 'install_base': '/home/robot/ros_workspaces/project2/firstservicepkg/install/firstservicepkg', 'merge_install': False, 'path': '/home/robot/ros_workspaces/project2/firstservicepkg', 'symlink_install': False, 'test_result_base': None}
[1.682s] INFO:colcon.colcon_core.executor:Executing jobs using 'parallel' executor
[1.687s] DEBUG:colcon.colcon_parallel_executor.executor.parallel:run_until_complete
[1.688s] INFO:colcon.colcon_ros.task.ament_cmake.build:Building ROS package in '/home/robot/ros_workspaces/project2/firstservicepkg' with build type 'ament_cmake'
[1.689s] INFO:colcon.colcon_cmake.task.cmake.build:Building CMake package in '/home/robot/ros_workspaces/project2/firstservicepkg'
[1.698s] INFO:colcon.colcon_core.plugin_system:Skipping extension 'colcon_core.shell.bat': Not used on non-Windows systems
[1.699s] INFO:colcon.colcon_core.shell:Skip shell extension 'powershell' for command environment: Not usable outside of PowerShell
[1.699s] DEBUG:colcon.colcon_core.shell:Skip shell extension 'dsv' for command environment
[1.735s] DEBUG:colcon.colcon_core.event_handler.log_command:Invoking command in '/home/robot/ros_workspaces/project2/firstservicepkg/build/firstservicepkg': CMAKE_PREFIX_PATH=/opt/ros/humble /usr/bin/cmake --build /home/robot/ros_workspaces/project2/firstservicepkg/build/firstservicepkg -- -j4 -l4
[45.426s] DEBUG:colcon.colcon_core.event_handler.log_command:Invoked command in '/home/robot/ros_workspaces/project2/firstservicepkg/build/firstservicepkg' returned '0': CMAKE_PREFIX_PATH=/opt/ros/humble /usr/bin/cmake --build /home/robot/ros_workspaces/project2/firstservicepkg/build/firstservicepkg -- -j4 -l4
[45.836s] DEBUG:colcon.colcon_core.event_handler.log_command:Invoking command in '/home/robot/ros_workspaces/project2/firstservicepkg/build/firstservicepkg': CMAKE_PREFIX_PATH=/opt/ros/humble /usr/bin/cmake --install /home/robot/ros_workspaces/project2/firstservicepkg/build/firstservicepkg
[46.131s] Level 1:colcon.colcon_core.environment:create_environment_scripts_only(firstservicepkg)
[46.149s] DEBUG:colcon.colcon_core.event_handler.log_command:Invoked command in '/home/robot/ros_workspaces/project2/firstservicepkg/build/firstservicepkg' returned '0': CMAKE_PREFIX_PATH=/opt/ros/humble /usr/bin/cmake --install /home/robot/ros_workspaces/project2/firstservicepkg/build/firstservicepkg
[46.156s] Level 1:colcon.colcon_core.environment:checking '/home/robot/ros_workspaces/project2/firstservicepkg/install/firstservicepkg' for CMake module files
[46.161s] Level 1:colcon.colcon_core.environment:checking '/home/robot/ros_workspaces/project2/firstservicepkg/install/firstservicepkg' for CMake config files
[46.162s] Level 1:colcon.colcon_core.shell:create_environment_hook('firstservicepkg', 'cmake_prefix_path')
[46.163s] INFO:colcon.colcon_core.shell:Creating environment hook '/home/robot/ros_workspaces/project2/firstservicepkg/install/firstservicepkg/share/firstservicepkg/hook/cmake_prefix_path.ps1'
[46.166s] INFO:colcon.colcon_core.shell:Creating environment descriptor '/home/robot/ros_workspaces/project2/firstservicepkg/install/firstservicepkg/share/firstservicepkg/hook/cmake_prefix_path.dsv'
[46.169s] INFO:colcon.colcon_core.shell:Creating environment hook '/home/robot/ros_workspaces/project2/firstservicepkg/install/firstservicepkg/share/firstservicepkg/hook/cmake_prefix_path.sh'
[46.173s] Level 1:colcon.colcon_core.environment:checking '/home/robot/ros_workspaces/project2/firstservicepkg/install/firstservicepkg/lib'
[46.174s] Level 1:colcon.colcon_core.shell:create_environment_hook('firstservicepkg', 'ld_library_path_lib')
[46.175s] INFO:colcon.colcon_core.shell:Creating environment hook '/home/robot/ros_workspaces/project2/firstservicepkg/install/firstservicepkg/share/firstservicepkg/hook/ld_library_path_lib.ps1'
[46.177s] INFO:colcon.colcon_core.shell:Creating environment descriptor '/home/robot/ros_workspaces/project2/firstservicepkg/install/firstservicepkg/share/firstservicepkg/hook/ld_library_path_lib.dsv'
[46.179s] INFO:colcon.colcon_core.shell:Creating environment hook '/home/robot/ros_workspaces/project2/firstservicepkg/install/firstservicepkg/share/firstservicepkg/hook/ld_library_path_lib.sh'
[46.181s] Level 1:colcon.colcon_core.environment:checking '/home/robot/ros_workspaces/project2/firstservicepkg/install/firstservicepkg/bin'
[46.182s] Level 1:colcon.colcon_core.environment:checking '/home/robot/ros_workspaces/project2/firstservicepkg/install/firstservicepkg/lib/pkgconfig/firstservicepkg.pc'
[46.183s] Level 1:colcon.colcon_core.environment:checking '/home/robot/ros_workspaces/project2/firstservicepkg/install/firstservicepkg/lib/python3.10/site-packages'
[46.184s] Level 1:colcon.colcon_core.environment:checking '/home/robot/ros_workspaces/project2/firstservicepkg/install/firstservicepkg/bin'
[46.186s] INFO:colcon.colcon_core.shell:Creating package script '/home/robot/ros_workspaces/project2/firstservicepkg/install/firstservicepkg/share/firstservicepkg/package.ps1'
[46.190s] INFO:colcon.colcon_core.shell:Creating package descriptor '/home/robot/ros_workspaces/project2/firstservicepkg/install/firstservicepkg/share/firstservicepkg/package.dsv'
[46.193s] INFO:colcon.colcon_core.shell:Creating package script '/home/robot/ros_workspaces/project2/firstservicepkg/install/firstservicepkg/share/firstservicepkg/package.sh'
[46.197s] INFO:colcon.colcon_core.shell:Creating package script '/home/robot/ros_workspaces/project2/firstservicepkg/install/firstservicepkg/share/firstservicepkg/package.bash'
[46.200s] INFO:colcon.colcon_core.shell:Creating package script '/home/robot/ros_workspaces/project2/firstservicepkg/install/firstservicepkg/share/firstservicepkg/package.zsh'
[46.204s] Level 1:colcon.colcon_core.environment:create_file_with_runtime_dependencies(/home/robot/ros_workspaces/project2/firstservicepkg/install/firstservicepkg/share/colcon-core/packages/firstservicepkg)
[46.573s] Level 1:colcon.colcon_core.environment:create_environment_scripts_only(firstservicepkg)
[46.574s] Level 1:colcon.colcon_core.environment:checking '/home/robot/ros_workspaces/project2/firstservicepkg/install/firstservicepkg' for CMake module files
[46.579s] Level 1:colcon.colcon_core.environment:checking '/home/robot/ros_workspaces/project2/firstservicepkg/install/firstservicepkg' for CMake config files
[46.580s] Level 1:colcon.colcon_core.shell:create_environment_hook('firstservicepkg', 'cmake_prefix_path')
[46.582s] INFO:colcon.colcon_core.shell:Creating environment hook '/home/robot/ros_workspaces/project2/firstservicepkg/install/firstservicepkg/share/firstservicepkg/hook/cmake_prefix_path.ps1'
[46.584s] INFO:colcon.colcon_core.shell:Creating environment descriptor '/home/robot/ros_workspaces/project2/firstservicepkg/install/firstservicepkg/share/firstservicepkg/hook/cmake_prefix_path.dsv'
[46.586s] INFO:colcon.colcon_core.shell:Creating environment hook '/home/robot/ros_workspaces/project2/firstservicepkg/install/firstservicepkg/share/firstservicepkg/hook/cmake_prefix_path.sh'
[46.589s] Level 1:colcon.colcon_core.environment:checking '/home/robot/ros_workspaces/project2/firstservicepkg/install/firstservicepkg/lib'
[46.590s] Level 1:colcon.colcon_core.shell:create_environment_hook('firstservicepkg', 'ld_library_path_lib')
[46.591s] INFO:colcon.colcon_core.shell:Creating environment hook '/home/robot/ros_workspaces/project2/firstservicepkg/install/firstservicepkg/share/firstservicepkg/hook/ld_library_path_lib.ps1'
[46.593s] INFO:colcon.colcon_core.shell:Creating environment descriptor '/home/robot/ros_workspaces/project2/firstservicepkg/install/firstservicepkg/share/firstservicepkg/hook/ld_library_path_lib.dsv'
[46.595s] INFO:colcon.colcon_core.shell:Creating environment hook '/home/robot/ros_workspaces/project2/firstservicepkg/install/firstservicepkg/share/firstservicepkg/hook/ld_library_path_lib.sh'
[46.597s] Level 1:colcon.colcon_core.environment:checking '/home/robot/ros_workspaces/project2/firstservicepkg/install/firstservicepkg/bin'
[46.598s] Level 1:colcon.colcon_core.environment:checking '/home/robot/ros_workspaces/project2/firstservicepkg/install/firstservicepkg/lib/pkgconfig/firstservicepkg.pc'
[46.599s] Level 1:colcon.colcon_core.environment:checking '/home/robot/ros_workspaces/project2/firstservicepkg/install/firstservicepkg/lib/python3.10/site-packages'
[46.600s] Level 1:colcon.colcon_core.environment:checking '/home/robot/ros_workspaces/project2/firstservicepkg/install/firstservicepkg/bin'
[46.602s] INFO:colcon.colcon_core.shell:Creating package script '/home/robot/ros_workspaces/project2/firstservicepkg/install/firstservicepkg/share/firstservicepkg/package.ps1'
[46.605s] INFO:colcon.colcon_core.shell:Creating package descriptor '/home/robot/ros_workspaces/project2/firstservicepkg/install/firstservicepkg/share/firstservicepkg/package.dsv'
[46.608s] INFO:colcon.colcon_core.shell:Creating package script '/home/robot/ros_workspaces/project2/firstservicepkg/install/firstservicepkg/share/firstservicepkg/package.sh'
[46.611s] INFO:colcon.colcon_core.shell:Creating package script '/home/robot/ros_workspaces/project2/firstservicepkg/install/firstservicepkg/share/firstservicepkg/package.bash'
[46.613s] INFO:colcon.colcon_core.shell:Creating package script '/home/robot/ros_workspaces/project2/firstservicepkg/install/firstservicepkg/share/firstservicepkg/package.zsh'
[46.615s] Level 1:colcon.colcon_core.environment:create_file_with_runtime_dependencies(/home/robot/ros_workspaces/project2/firstservicepkg/install/firstservicepkg/share/colcon-core/packages/firstservicepkg)
[46.619s] DEBUG:colcon.colcon_parallel_executor.executor.parallel:closing loop
[46.620s] DEBUG:colcon.colcon_parallel_executor.executor.parallel:loop closed
[46.620s] DEBUG:colcon.colcon_parallel_executor.executor.parallel:run_until_complete finished with '0'
[46.621s] DEBUG:colcon.colcon_core.event_reactor:joining thread
[46.643s] INFO:colcon.colcon_core.plugin_system:Skipping extension 'colcon_notification.desktop_notification.terminal_notifier': Not used on non-Darwin systems
[46.643s] INFO:colcon.colcon_core.plugin_system:Skipping extension 'colcon_notification.desktop_notification.win32': Not used on non-Windows systems
[46.643s] INFO:colcon.colcon_notification.desktop_notification:Sending desktop notification using 'notify2'
[46.712s] DEBUG:colcon.colcon_core.event_reactor:joined thread
[46.713s] INFO:colcon.colcon_core.shell:Creating prefix script '/home/robot/ros_workspaces/project2/firstservicepkg/install/local_setup.ps1'
[46.718s] INFO:colcon.colcon_core.shell:Creating prefix util module '/home/robot/ros_workspaces/project2/firstservicepkg/install/_local_setup_util_ps1.py'
[46.724s] INFO:colcon.colcon_core.shell:Creating prefix chain script '/home/robot/ros_workspaces/project2/firstservicepkg/install/setup.ps1'
[46.727s] INFO:colcon.colcon_core.shell:Creating prefix script '/home/robot/ros_workspaces/project2/firstservicepkg/install/local_setup.sh'
[46.731s] INFO:colcon.colcon_core.shell:Creating prefix util module '/home/robot/ros_workspaces/project2/firstservicepkg/install/_local_setup_util_sh.py'
[46.733s] INFO:colcon.colcon_core.shell:Creating prefix chain script '/home/robot/ros_workspaces/project2/firstservicepkg/install/setup.sh'
[46.737s] INFO:colcon.colcon_core.shell:Creating prefix script '/home/robot/ros_workspaces/project2/firstservicepkg/install/local_setup.bash'
[46.739s] INFO:colcon.colcon_core.shell:Creating prefix chain script '/home/robot/ros_workspaces/project2/firstservicepkg/install/setup.bash'
[46.743s] INFO:colcon.colcon_core.shell:Creating prefix script '/home/robot/ros_workspaces/project2/firstservicepkg/install/local_setup.zsh'
[46.745s] INFO:colcon.colcon_core.shell:Creating prefix chain script '/home/robot/ros_workspaces/project2/firstservicepkg/install/setup.zsh'
