[0.043s] Invoking command in '/home/robot/ros_workspaces/project2/build/firstservicepkg': CMAKE_PREFIX_PATH=/opt/ros/humble /usr/bin/cmake --build /home/robot/ros_workspaces/project2/build/firstservicepkg -- -j4 -l4
[0.150s] -- Found ament_cmake: 1.3.9 (/opt/ros/humble/share/ament_cmake/cmake)
[0.698s] -- Found rclcpp: 16.0.9 (/opt/ros/humble/share/rclcpp/cmake)
[0.821s] -- Found rosidl_generator_c: 3.1.5 (/opt/ros/humble/share/rosidl_generator_c/cmake)
[0.835s] -- Found rosidl_adapter: 3.1.5 (/opt/ros/humble/share/rosidl_adapter/cmake)
[0.868s] -- Found rosidl_generator_cpp: 3.1.5 (/opt/ros/humble/share/rosidl_generator_cpp/cmake)
[0.928s] -- Using all available rosidl_typesupport_c: rosidl_typesupport_fastrtps_c;rosidl_typesupport_introspection_c
[1.013s] -- Using all available rosidl_typesupport_cpp: rosidl_typesupport_fastrtps_cpp;rosidl_typesupport_introspection_cpp
[1.314s] -- Found rmw_implementation_cmake: 6.1.2 (/opt/ros/humble/share/rmw_implementation_cmake/cmake)
[1.320s] -- Found rmw_fastrtps_cpp: 6.2.6 (/opt/ros/humble/share/rmw_fastrtps_cpp/cmake)
[1.801s] -- Using RMW implementation 'rmw_fastrtps_cpp' as default
[2.630s] -- Found rosidl_default_generators: 1.2.0 (/opt/ros/humble/share/rosidl_default_generators/cmake)
[2.664s] -- Found sensor_msgs: 4.2.4 (/opt/ros/humble/share/sensor_msgs/cmake)
[3.343s] -- Found cv_bridge: 3.2.1 (/opt/ros/humble/share/cv_bridge/cmake)
[4.777s] -- Found ament_cmake_cppcheck: 0.12.11 (/opt/ros/humble/share/ament_cmake_cppcheck/cmake)
[4.784s] -- Found ament_cmake_cpplint: 0.12.11 (/opt/ros/humble/share/ament_cmake_cpplint/cmake)
[4.788s] -- Found ament_cmake_uncrustify: 0.12.11 (/opt/ros/humble/share/ament_cmake_uncrustify/cmake)
[4.792s] -- Found ament_cmake_ros: 0.10.0 (/opt/ros/humble/share/ament_cmake_ros/cmake)
[7.253s] -- Using all available rosidl_typesupport_c: rosidl_typesupport_fastrtps_c;rosidl_typesupport_introspection_c
[8.224s] -- Using all available rosidl_typesupport_cpp: rosidl_typesupport_fastrtps_cpp;rosidl_typesupport_introspection_cpp
[8.335s] -- Found python_cmake_module: 0.10.0 (/opt/ros/humble/share/python_cmake_module/cmake)
[8.451s] -- Using PYTHON_EXECUTABLE: /usr/bin/python3
[8.452s] -- Using PYTHON_INCLUDE_DIRS: /usr/include/python3.10
[8.452s] -- Using PYTHON_LIBRARIES: /usr/lib/x86_64-linux-gnu/libpython3.10.so
[8.783s] -- Found ament_cmake_flake8: 0.12.11 (/opt/ros/humble/share/ament_cmake_flake8/cmake)
[8.787s] -- Found ament_cmake_pep257: 0.12.11 (/opt/ros/humble/share/ament_cmake_pep257/cmake)
[8.827s] -- Found ament_lint_auto: 0.12.11 (/opt/ros/humble/share/ament_lint_auto/cmake)
[8.860s] -- Added test 'cppcheck' to perform static code analysis on C / C++ code
[8.864s] -- Configured cppcheck include dirs: 
[8.865s] -- Configured cppcheck exclude dirs and/or files: 
[8.870s] -- Added test 'cpplint' to check C / C++ code against the Google style
[8.871s] -- Configured cpplint exclude dirs and/or files: 
[8.876s] -- Added test 'uncrustify' to check C / C++ code style
[8.877s] -- Configured uncrustify additional arguments: 
[8.881s] -- Added test 'lint_cmake' to check CMake code style
[8.883s] -- Added test 'xmllint' to check XML markup files
[8.891s] -- Configuring done
[9.136s] -- Generating done
[9.155s] -- Build files have been written to: /home/robot/ros_workspaces/project2/build/firstservicepkg
[9.295s] [35m[1mConsolidate compiler generated dependencies of target firstservicepkg__rosidl_generator_c[0m
[9.357s] [  8%] Built target firstservicepkg__rosidl_generator_c
[9.385s] [ 11%] Built target firstservicepkg__cpp
[9.394s] [ 14%] [32mBuilding CXX object CMakeFiles/turn_camera_Client.dir/src/turn_camera_Client.cpp.o[0m
[9.433s] [ 14%] Built target ament_cmake_python_copy_firstservicepkg
[9.485s] [35m[1mConsolidate compiler generated dependencies of target firstservicepkg__rosidl_typesupport_cpp[0m
[9.487s] [ 17%] [32mBuilding CXX object CMakeFiles/turn_camera_Server.dir/src/turn_camera_Server.cpp.o[0m
[9.525s] [35m[1mConsolidate compiler generated dependencies of target firstservicepkg__rosidl_typesupport_fastrtps_c[0m
[9.602s] [ 25%] Built target firstservicepkg__rosidl_typesupport_cpp
[9.644s] [ 34%] Built target firstservicepkg__rosidl_typesupport_fastrtps_c
[9.691s] [35m[1mConsolidate compiler generated dependencies of target firstservicepkg__rosidl_typesupport_fastrtps_cpp[0m
[9.761s] [35m[1mConsolidate compiler generated dependencies of target firstservicepkg__rosidl_typesupport_introspection_c[0m
[9.835s] [ 42%] Built target firstservicepkg__rosidl_typesupport_fastrtps_cpp
[9.895s] [ 51%] Built target firstservicepkg__rosidl_typesupport_introspection_c
[9.920s] [35m[1mConsolidate compiler generated dependencies of target firstservicepkg__rosidl_typesupport_c[0m
[9.961s] [35m[1mConsolidate compiler generated dependencies of target firstservicepkg__rosidl_typesupport_introspection_cpp[0m
[10.013s] [ 60%] Built target firstservicepkg__rosidl_typesupport_c
[10.053s] [ 68%] Built target firstservicepkg__rosidl_typesupport_introspection_cpp
[10.217s] [ 68%] Built target firstservicepkg
[10.410s] [ 71%] Built target firstservicepkg__py
[10.539s] [35m[1mConsolidate compiler generated dependencies of target firstservicepkg__rosidl_generator_py[0m
[10.677s] [01m[K/home/robot/ros_workspaces/project2/firstservicepkg/src/turn_camera_Server.cpp:4:10:[m[K [01;31m[Kfatal error: [m[Kimage_transport/image_transport.h: No such file or directory
[10.680s]     4 | #include [01;31m[K<image_transport/image_transport.h>[m[K
[10.682s]       |          [01;31m[K^~~~~~~~~~~~~~~~~~~~~~~~~~~~~~~~~~~[m[K
[10.682s] compilation terminated.
[10.686s] [01m[K/home/robot/ros_workspaces/project2/firstservicepkg/src/turn_camera_Client.cpp:3:10:[m[K [01;31m[Kfatal error: [m[Ksensor_msgs/image_encodings.h: No such file or directory
[10.687s]     3 | #include [01;31m[K<sensor_msgs/image_encodings.h>[m[K
[10.693s]       |          [01;31m[K^~~~~~~~~~~~~~~~~~~~~~~~~~~~~~~[m[K
[10.695s] compilation terminated.
[10.697s] gmake[2]: *** [CMakeFiles/turn_camera_Server.dir/build.make:76: CMakeFiles/turn_camera_Server.dir/src/turn_camera_Server.cpp.o] Error 1
[10.700s] gmake[1]: *** [CMakeFiles/Makefile2:620: CMakeFiles/turn_camera_Server.dir/all] Error 2
[10.703s] gmake[1]: *** Waiting for unfinished jobs....
[10.707s] [ 77%] Built target firstservicepkg__rosidl_generator_py
[10.707s] gmake[2]: *** [CMakeFiles/turn_camera_Client.dir/build.make:76: CMakeFiles/turn_camera_Client.dir/src/turn_camera_Client.cpp.o] Error 1
[10.708s] gmake[1]: *** [CMakeFiles/Makefile2:594: CMakeFiles/turn_camera_Client.dir/all] Error 2
[11.399s] running egg_info
[11.403s] writing firstservicepkg.egg-info/PKG-INFO
[11.404s] writing dependency_links to firstservicepkg.egg-info/dependency_links.txt
[11.405s] writing top-level names to firstservicepkg.egg-info/top_level.txt
[11.414s] reading manifest file 'firstservicepkg.egg-info/SOURCES.txt'
[11.417s] writing manifest file 'firstservicepkg.egg-info/SOURCES.txt'
[11.543s] [ 77%] Built target ament_cmake_python_build_firstservicepkg_egg
[11.547s] gmake: *** [Makefile:146: all] Error 2
[11.554s] Invoked command in '/home/robot/ros_workspaces/project2/build/firstservicepkg' returned '2': CMAKE_PREFIX_PATH=/opt/ros/humble /usr/bin/cmake --build /home/robot/ros_workspaces/project2/build/firstservicepkg -- -j4 -l4
