[0.700s] DEBUG:colcon:Command line arguments: ['/usr/bin/colcon', 'build']
[0.700s] DEBUG:colcon:Parsed command line arguments: Namespace(log_base=None, log_level=None, verb_name='build', build_base='build', install_base='install', merge_install=False, symlink_install=False, test_result_base=None, continue_on_error=False, executor='parallel', parallel_workers=4, event_handlers=None, ignore_user_meta=False, metas=['./colcon.meta'], base_paths=['.'], packages_ignore=None, packages_ignore_regex=None, paths=None, packages_up_to=None, packages_up_to_regex=None, packages_above=None, packages_above_and_dependencies=None, packages_above_depth=None, packages_select_by_dep=None, packages_skip_by_dep=None, packages_skip_up_to=None, packages_select_build_failed=False, packages_skip_build_finished=False, packages_select_test_failures=False, packages_skip_test_passed=False, packages_select=None, packages_skip=None, packages_select_regex=None, packages_skip_regex=None, packages_start=None, packages_end=None, allow_overriding=[], cmake_args=None, cmake_target=None, cmake_target_skip_unavailable=False, cmake_clean_cache=False, cmake_clean_first=False, cmake_force_configure=False, ament_cmake_args=None, catkin_cmake_args=None, catkin_skip_building_tests=False, verb_parser=<colcon_defaults.argument_parser.defaults.DefaultArgumentsDecorator object at 0x771ea850b460>, verb_extension=<colcon_core.verb.build.BuildVerb object at 0x771ea87e7520>, main=<bound method BuildVerb.main of <colcon_core.verb.build.BuildVerb object at 0x771ea87e7520>>)
[1.813s] Level 1:colcon.colcon_core.package_discovery:discover_packages(colcon_meta) check parameters
[1.814s] Level 1:colcon.colcon_core.package_discovery:discover_packages(recursive) check parameters
[1.814s] Level 1:colcon.colcon_core.package_discovery:discover_packages(ignore) check parameters
[1.814s] Level 1:colcon.colcon_core.package_discovery:discover_packages(path) check parameters
[1.814s] Level 1:colcon.colcon_core.package_discovery:discover_packages(colcon_meta) discover
[1.815s] Level 1:colcon.colcon_core.package_discovery:discover_packages(recursive) discover
[1.815s] INFO:colcon.colcon_core.package_discovery:Crawling recursively for packages in '/home/robot/ros_workspaces/project2/firstservicepkg'
[1.816s] Level 1:colcon.colcon_core.package_identification:_identify(.) by extensions ['ignore', 'ignore_ament_install']
[1.816s] Level 1:colcon.colcon_core.package_identification:_identify(.) by extension 'ignore'
[1.816s] Level 1:colcon.colcon_core.package_identification:_identify(.) by extension 'ignore_ament_install'
[1.817s] Level 1:colcon.colcon_core.package_identification:_identify(.) by extensions ['colcon_pkg']
[1.817s] Level 1:colcon.colcon_core.package_identification:_identify(.) by extension 'colcon_pkg'
[1.817s] Level 1:colcon.colcon_core.package_identification:_identify(.) by extensions ['colcon_meta']
[1.817s] Level 1:colcon.colcon_core.package_identification:_identify(.) by extension 'colcon_meta'
[1.818s] Level 1:colcon.colcon_core.package_identification:_identify(.) by extensions ['ros']
[1.818s] Level 1:colcon.colcon_core.package_identification:_identify(.) by extension 'ros'
[1.888s] DEBUG:colcon.colcon_core.package_identification:Package '.' with type 'ros.ament_cmake' and name 'firstservicepkg'
[1.888s] Level 1:colcon.colcon_core.package_discovery:discover_packages(recursive) using defaults
[1.889s] Level 1:colcon.colcon_core.package_discovery:discover_packages(ignore) discover
[1.889s] Level 1:colcon.colcon_core.package_discovery:discover_packages(ignore) using defaults
[1.889s] Level 1:colcon.colcon_core.package_discovery:discover_packages(path) discover
[1.889s] Level 1:colcon.colcon_core.package_discovery:discover_packages(path) using defaults
[2.000s] Level 1:colcon.colcon_core.package_discovery:discover_packages(prefix_path) check parameters
[2.000s] Level 1:colcon.colcon_core.package_discovery:discover_packages(prefix_path) discover
[2.012s] DEBUG:colcon.colcon_installed_package_information.package_discovery:Found 1 installed packages in /home/robot/ros_workspaces/project2/firstservicepkg/install
[2.020s] DEBUG:colcon.colcon_installed_package_information.package_discovery:Found 270 installed packages in /opt/ros/humble
[2.029s] Level 1:colcon.colcon_core.package_discovery:discover_packages(prefix_path) using defaults
[2.337s] Level 5:colcon.colcon_core.verb:set package 'firstservicepkg' build argument 'cmake_args' from command line to 'None'
[2.337s] Level 5:colcon.colcon_core.verb:set package 'firstservicepkg' build argument 'cmake_target' from command line to 'None'
[2.337s] Level 5:colcon.colcon_core.verb:set package 'firstservicepkg' build argument 'cmake_target_skip_unavailable' from command line to 'False'
[2.337s] Level 5:colcon.colcon_core.verb:set package 'firstservicepkg' build argument 'cmake_clean_cache' from command line to 'False'
[2.337s] Level 5:colcon.colcon_core.verb:set package 'firstservicepkg' build argument 'cmake_clean_first' from command line to 'False'
[2.337s] Level 5:colcon.colcon_core.verb:set package 'firstservicepkg' build argument 'cmake_force_configure' from command line to 'False'
[2.338s] Level 5:colcon.colcon_core.verb:set package 'firstservicepkg' build argument 'ament_cmake_args' from command line to 'None'
[2.338s] Level 5:colcon.colcon_core.verb:set package 'firstservicepkg' build argument 'catkin_cmake_args' from command line to 'None'
[2.338s] Level 5:colcon.colcon_core.verb:set package 'firstservicepkg' build argument 'catkin_skip_building_tests' from command line to 'False'
[2.338s] DEBUG:colcon.colcon_core.verb:Building package 'firstservicepkg' with the following arguments: {'ament_cmake_args': None, 'build_base': '/home/robot/ros_workspaces/project2/firstservicepkg/build/firstservicepkg', 'catkin_cmake_args': None, 'catkin_skip_building_tests': False, 'cmake_args': None, 'cmake_clean_cache': False, 'cmake_clean_first': False, 'cmake_force_configure': False, 'cmake_target': None, 'cmake_target_skip_unavailable': False, 'install_base': '/home/robot/ros_workspaces/project2/firstservicepkg/install/firstservicepkg', 'merge_install': False, 'path': '/home/robot/ros_workspaces/project2/firstservicepkg', 'symlink_install': False, 'test_result_base': None}
[2.339s] INFO:colcon.colcon_core.executor:Executing jobs using 'parallel' executor
[2.343s] DEBUG:colcon.colcon_parallel_executor.executor.parallel:run_until_complete
[2.344s] INFO:colcon.colcon_ros.task.ament_cmake.build:Building ROS package in '/home/robot/ros_workspaces/project2/firstservicepkg' with build type 'ament_cmake'
[2.344s] INFO:colcon.colcon_cmake.task.cmake.build:Building CMake package in '/home/robot/ros_workspaces/project2/firstservicepkg'
[2.360s] INFO:colcon.colcon_core.plugin_system:Skipping extension 'colcon_core.shell.bat': Not used on non-Windows systems
[2.361s] INFO:colcon.colcon_core.shell:Skip shell extension 'powershell' for command environment: Not usable outside of PowerShell
[2.361s] DEBUG:colcon.colcon_core.shell:Skip shell extension 'dsv' for command environment
[2.398s] DEBUG:colcon.colcon_core.event_handler.log_command:Invoking command in '/home/robot/ros_workspaces/project2/firstservicepkg/build/firstservicepkg': CMAKE_PREFIX_PATH=${CMAKE_PREFIX_PATH}:/opt/ros/humble /usr/bin/cmake --build /home/robot/ros_workspaces/project2/firstservicepkg/build/firstservicepkg -- -j4 -l4
[30.208s] DEBUG:colcon.colcon_core.event_handler.log_command:Invoked command in '/home/robot/ros_workspaces/project2/firstservicepkg/build/firstservicepkg' returned '2': CMAKE_PREFIX_PATH=${CMAKE_PREFIX_PATH}:/opt/ros/humble /usr/bin/cmake --build /home/robot/ros_workspaces/project2/firstservicepkg/build/firstservicepkg -- -j4 -l4
[30.610s] Level 1:colcon.colcon_core.environment:create_environment_scripts_only(firstservicepkg)
[30.630s] Level 1:colcon.colcon_core.environment:checking '/home/robot/ros_workspaces/project2/firstservicepkg/install/firstservicepkg' for CMake module files
[30.634s] Level 1:colcon.colcon_core.environment:checking '/home/robot/ros_workspaces/project2/firstservicepkg/install/firstservicepkg' for CMake config files
[30.635s] Level 1:colcon.colcon_core.shell:create_environment_hook('firstservicepkg', 'cmake_prefix_path')
[30.636s] INFO:colcon.colcon_core.shell:Creating environment hook '/home/robot/ros_workspaces/project2/firstservicepkg/install/firstservicepkg/share/firstservicepkg/hook/cmake_prefix_path.ps1'
[30.639s] INFO:colcon.colcon_core.shell:Creating environment descriptor '/home/robot/ros_workspaces/project2/firstservicepkg/install/firstservicepkg/share/firstservicepkg/hook/cmake_prefix_path.dsv'
[30.641s] INFO:colcon.colcon_core.shell:Creating environment hook '/home/robot/ros_workspaces/project2/firstservicepkg/install/firstservicepkg/share/firstservicepkg/hook/cmake_prefix_path.sh'
[30.645s] Level 1:colcon.colcon_core.environment:checking '/home/robot/ros_workspaces/project2/firstservicepkg/install/firstservicepkg/lib'
[30.646s] Level 1:colcon.colcon_core.shell:create_environment_hook('firstservicepkg', 'ld_library_path_lib')
[30.647s] INFO:colcon.colcon_core.shell:Creating environment hook '/home/robot/ros_workspaces/project2/firstservicepkg/install/firstservicepkg/share/firstservicepkg/hook/ld_library_path_lib.ps1'
[30.649s] INFO:colcon.colcon_core.shell:Creating environment descriptor '/home/robot/ros_workspaces/project2/firstservicepkg/install/firstservicepkg/share/firstservicepkg/hook/ld_library_path_lib.dsv'
[30.651s] INFO:colcon.colcon_core.shell:Creating environment hook '/home/robot/ros_workspaces/project2/firstservicepkg/install/firstservicepkg/share/firstservicepkg/hook/ld_library_path_lib.sh'
[30.653s] Level 1:colcon.colcon_core.environment:checking '/home/robot/ros_workspaces/project2/firstservicepkg/install/firstservicepkg/bin'
[30.653s] Level 1:colcon.colcon_core.environment:checking '/home/robot/ros_workspaces/project2/firstservicepkg/install/firstservicepkg/lib/pkgconfig/firstservicepkg.pc'
[30.654s] Level 1:colcon.colcon_core.environment:checking '/home/robot/ros_workspaces/project2/firstservicepkg/install/firstservicepkg/lib/python3.10/site-packages'
[30.655s] Level 1:colcon.colcon_core.environment:checking '/home/robot/ros_workspaces/project2/firstservicepkg/install/firstservicepkg/bin'
[30.657s] INFO:colcon.colcon_core.shell:Creating package script '/home/robot/ros_workspaces/project2/firstservicepkg/install/firstservicepkg/share/firstservicepkg/package.ps1'
[30.661s] INFO:colcon.colcon_core.shell:Creating package descriptor '/home/robot/ros_workspaces/project2/firstservicepkg/install/firstservicepkg/share/firstservicepkg/package.dsv'
[30.665s] INFO:colcon.colcon_core.shell:Creating package script '/home/robot/ros_workspaces/project2/firstservicepkg/install/firstservicepkg/share/firstservicepkg/package.sh'
[30.669s] INFO:colcon.colcon_core.shell:Creating package script '/home/robot/ros_workspaces/project2/firstservicepkg/install/firstservicepkg/share/firstservicepkg/package.bash'
[30.673s] INFO:colcon.colcon_core.shell:Creating package script '/home/robot/ros_workspaces/project2/firstservicepkg/install/firstservicepkg/share/firstservicepkg/package.zsh'
[30.677s] Level 1:colcon.colcon_core.environment:create_file_with_runtime_dependencies(/home/robot/ros_workspaces/project2/firstservicepkg/install/firstservicepkg/share/colcon-core/packages/firstservicepkg)
[30.689s] DEBUG:colcon.colcon_parallel_executor.executor.parallel:closing loop
[30.691s] DEBUG:colcon.colcon_parallel_executor.executor.parallel:loop closed
[30.692s] DEBUG:colcon.colcon_parallel_executor.executor.parallel:run_until_complete finished with '2'
[30.692s] DEBUG:colcon.colcon_core.event_reactor:joining thread
[30.724s] INFO:colcon.colcon_core.plugin_system:Skipping extension 'colcon_notification.desktop_notification.terminal_notifier': Not used on non-Darwin systems
[30.724s] INFO:colcon.colcon_core.plugin_system:Skipping extension 'colcon_notification.desktop_notification.win32': Not used on non-Windows systems
[30.725s] INFO:colcon.colcon_notification.desktop_notification:Sending desktop notification using 'notify2'
[30.784s] DEBUG:colcon.colcon_core.event_reactor:joined thread
[30.785s] INFO:colcon.colcon_core.shell:Creating prefix script '/home/robot/ros_workspaces/project2/firstservicepkg/install/local_setup.ps1'
[30.790s] INFO:colcon.colcon_core.shell:Creating prefix util module '/home/robot/ros_workspaces/project2/firstservicepkg/install/_local_setup_util_ps1.py'
[30.798s] INFO:colcon.colcon_core.shell:Creating prefix chain script '/home/robot/ros_workspaces/project2/firstservicepkg/install/setup.ps1'
[30.804s] INFO:colcon.colcon_core.shell:Creating prefix script '/home/robot/ros_workspaces/project2/firstservicepkg/install/local_setup.sh'
[30.809s] INFO:colcon.colcon_core.shell:Creating prefix util module '/home/robot/ros_workspaces/project2/firstservicepkg/install/_local_setup_util_sh.py'
[30.814s] INFO:colcon.colcon_core.shell:Creating prefix chain script '/home/robot/ros_workspaces/project2/firstservicepkg/install/setup.sh'
[30.820s] INFO:colcon.colcon_core.shell:Creating prefix script '/home/robot/ros_workspaces/project2/firstservicepkg/install/local_setup.bash'
[30.823s] INFO:colcon.colcon_core.shell:Creating prefix chain script '/home/robot/ros_workspaces/project2/firstservicepkg/install/setup.bash'
[30.828s] INFO:colcon.colcon_core.shell:Creating prefix script '/home/robot/ros_workspaces/project2/firstservicepkg/install/local_setup.zsh'
[30.831s] INFO:colcon.colcon_core.shell:Creating prefix chain script '/home/robot/ros_workspaces/project2/firstservicepkg/install/setup.zsh'
