[  2%] Built target firstservicepkg__cpp
[ 10%] Built target firstservicepkg__rosidl_generator_c
[ 10%] Built target ament_cmake_python_copy_firstservicepkg
[ 19%] Built target firstservicepkg__rosidl_typesupport_fastrtps_cpp
[ 27%] Built target firstservicepkg__rosidl_typesupport_cpp
[ 36%] Built target firstservicepkg__rosidl_typesupport_introspection_cpp
[ 44%] Built target firstservicepkg__rosidl_typesupport_introspection_c
[ 53%] Built target firstservicepkg__rosidl_typesupport_fastrtps_c
[ 61%] Built target firstservicepkg__rosidl_typesupport_c
[ 65%] Built target turn_camera_service
[35m[1mConsolidate compiler generated dependencies of target action_client[0m
[ 74%] Built target turn_camera_client
[ 70%] Built target action_server
[ 74%] Built target firstservicepkg
[ 76%] [32mBuilding CXX object CMakeFiles/action_client.dir/src/action_client.cpp.o[0m
[ 78%] Built target firstservicepkg__py
[ 85%] Built target firstservicepkg__rosidl_generator_py
[ 89%] Built target firstservicepkg__rosidl_typesupport_fastrtps_c__pyext
[ 93%] Built target firstservicepkg__rosidl_typesupport_introspection_c__pyext
[ 97%] Built target firstservicepkg__rosidl_typesupport_c__pyext
running egg_info
writing firstservicepkg.egg-info/PKG-INFO
writing dependency_links to firstservicepkg.egg-info/dependency_links.txt
writing top-level names to firstservicepkg.egg-info/top_level.txt
reading manifest file 'firstservicepkg.egg-info/SOURCES.txt'
writing manifest file 'firstservicepkg.egg-info/SOURCES.txt'
[ 97%] Built target ament_cmake_python_build_firstservicepkg_egg
