[0.601s] DEBUG:colcon:Command line arguments: ['/usr/bin/colcon', 'build']
[0.602s] DEBUG:colcon:Parsed command line arguments: Namespace(log_base=None, log_level=None, verb_name='build', build_base='build', install_base='install', merge_install=False, symlink_install=False, test_result_base=None, continue_on_error=False, executor='parallel', parallel_workers=4, event_handlers=None, ignore_user_meta=False, metas=['./colcon.meta'], base_paths=['.'], packages_ignore=None, packages_ignore_regex=None, paths=None, packages_up_to=None, packages_up_to_regex=None, packages_above=None, packages_above_and_dependencies=None, packages_above_depth=None, packages_select_by_dep=None, packages_skip_by_dep=None, packages_skip_up_to=None, packages_select_build_failed=False, packages_skip_build_finished=False, packages_select_test_failures=False, packages_skip_test_passed=False, packages_select=None, packages_skip=None, packages_select_regex=None, packages_skip_regex=None, packages_start=None, packages_end=None, allow_overriding=[], cmake_args=None, cmake_target=None, cmake_target_skip_unavailable=False, cmake_clean_cache=False, cmake_clean_first=False, cmake_force_configure=False, ament_cmake_args=None, catkin_cmake_args=None, catkin_skip_building_tests=False, verb_parser=<colcon_defaults.argument_parser.defaults.DefaultArgumentsDecorator object at 0x7d45802ef220>, verb_extension=<colcon_core.verb.build.BuildVerb object at 0x7d4580a33e20>, main=<bound method BuildVerb.main of <colcon_core.verb.build.BuildVerb object at 0x7d4580a33e20>>)
[1.408s] Level 1:colcon.colcon_core.package_discovery:discover_packages(colcon_meta) check parameters
[1.408s] Level 1:colcon.colcon_core.package_discovery:discover_packages(recursive) check parameters
[1.408s] Level 1:colcon.colcon_core.package_discovery:discover_packages(ignore) check parameters
[1.408s] Level 1:colcon.colcon_core.package_discovery:discover_packages(path) check parameters
[1.409s] Level 1:colcon.colcon_core.package_discovery:discover_packages(colcon_meta) discover
[1.409s] Level 1:colcon.colcon_core.package_discovery:discover_packages(recursive) discover
[1.409s] INFO:colcon.colcon_core.package_discovery:Crawling recursively for packages in '/home/robot/ros_workspaces/project2'
[1.409s] Level 1:colcon.colcon_core.package_identification:_identify(.) by extensions ['ignore', 'ignore_ament_install']
[1.410s] Level 1:colcon.colcon_core.package_identification:_identify(.) by extension 'ignore'
[1.410s] Level 1:colcon.colcon_core.package_identification:_identify(.) by extension 'ignore_ament_install'
[1.411s] Level 1:colcon.colcon_core.package_identification:_identify(.) by extensions ['colcon_pkg']
[1.411s] Level 1:colcon.colcon_core.package_identification:_identify(.) by extension 'colcon_pkg'
[1.411s] Level 1:colcon.colcon_core.package_identification:_identify(.) by extensions ['colcon_meta']
[1.411s] Level 1:colcon.colcon_core.package_identification:_identify(.) by extension 'colcon_meta'
[1.411s] Level 1:colcon.colcon_core.package_identification:_identify(.) by extensions ['ros']
[1.412s] Level 1:colcon.colcon_core.package_identification:_identify(.) by extension 'ros'
[1.462s] Level 1:colcon.colcon_core.package_identification:_identify(.) by extensions ['cmake', 'python']
[1.462s] Level 1:colcon.colcon_core.package_identification:_identify(.) by extension 'cmake'
[1.463s] Level 1:colcon.colcon_core.package_identification:_identify(.) by extension 'python'
[1.463s] Level 1:colcon.colcon_core.package_identification:_identify(.) by extensions ['python_setup_py']
[1.463s] Level 1:colcon.colcon_core.package_identification:_identify(.) by extension 'python_setup_py'
[1.464s] Level 1:colcon.colcon_core.package_identification:_identify(build) by extensions ['ignore', 'ignore_ament_install']
[1.464s] Level 1:colcon.colcon_core.package_identification:_identify(build) by extension 'ignore'
[1.465s] Level 1:colcon.colcon_core.package_identification:_identify(build) ignored
[1.465s] Level 1:colcon.colcon_core.package_identification:_identify(firstservicepkg) by extensions ['ignore', 'ignore_ament_install']
[1.466s] Level 1:colcon.colcon_core.package_identification:_identify(firstservicepkg) by extension 'ignore'
[1.466s] Level 1:colcon.colcon_core.package_identification:_identify(firstservicepkg) by extension 'ignore_ament_install'
[1.466s] Level 1:colcon.colcon_core.package_identification:_identify(firstservicepkg) by extensions ['colcon_pkg']
[1.467s] Level 1:colcon.colcon_core.package_identification:_identify(firstservicepkg) by extension 'colcon_pkg'
[1.467s] Level 1:colcon.colcon_core.package_identification:_identify(firstservicepkg) by extensions ['colcon_meta']
[1.467s] Level 1:colcon.colcon_core.package_identification:_identify(firstservicepkg) by extension 'colcon_meta'
[1.467s] Level 1:colcon.colcon_core.package_identification:_identify(firstservicepkg) by extensions ['ros']
[1.467s] Level 1:colcon.colcon_core.package_identification:_identify(firstservicepkg) by extension 'ros'
[1.479s] DEBUG:colcon.colcon_core.package_identification:Package 'firstservicepkg' with type 'ros.ament_cmake' and name 'firstservicepkg'
[1.480s] Level 1:colcon.colcon_core.package_identification:_identify(install) by extensions ['ignore', 'ignore_ament_install']
[1.480s] Level 1:colcon.colcon_core.package_identification:_identify(install) by extension 'ignore'
[1.480s] Level 1:colcon.colcon_core.package_identification:_identify(install) ignored
[1.481s] Level 1:colcon.colcon_core.package_identification:_identify(log) by extensions ['ignore', 'ignore_ament_install']
[1.481s] Level 1:colcon.colcon_core.package_identification:_identify(log) by extension 'ignore'
[1.482s] Level 1:colcon.colcon_core.package_identification:_identify(log) ignored
[1.482s] Level 1:colcon.colcon_core.package_discovery:discover_packages(recursive) using defaults
[1.482s] Level 1:colcon.colcon_core.package_discovery:discover_packages(ignore) discover
[1.482s] Level 1:colcon.colcon_core.package_discovery:discover_packages(ignore) using defaults
[1.482s] Level 1:colcon.colcon_core.package_discovery:discover_packages(path) discover
[1.483s] Level 1:colcon.colcon_core.package_discovery:discover_packages(path) using defaults
[1.571s] Level 1:colcon.colcon_core.package_discovery:discover_packages(prefix_path) check parameters
[1.572s] Level 1:colcon.colcon_core.package_discovery:discover_packages(prefix_path) discover
[1.585s] DEBUG:colcon.colcon_installed_package_information.package_discovery:Found 270 installed packages in /opt/ros/humble
[1.595s] Level 1:colcon.colcon_core.package_discovery:discover_packages(prefix_path) using defaults
[1.831s] Level 5:colcon.colcon_core.verb:set package 'firstservicepkg' build argument 'cmake_args' from command line to 'None'
[1.832s] Level 5:colcon.colcon_core.verb:set package 'firstservicepkg' build argument 'cmake_target' from command line to 'None'
[1.832s] Level 5:colcon.colcon_core.verb:set package 'firstservicepkg' build argument 'cmake_target_skip_unavailable' from command line to 'False'
[1.832s] Level 5:colcon.colcon_core.verb:set package 'firstservicepkg' build argument 'cmake_clean_cache' from command line to 'False'
[1.832s] Level 5:colcon.colcon_core.verb:set package 'firstservicepkg' build argument 'cmake_clean_first' from command line to 'False'
[1.832s] Level 5:colcon.colcon_core.verb:set package 'firstservicepkg' build argument 'cmake_force_configure' from command line to 'False'
[1.832s] Level 5:colcon.colcon_core.verb:set package 'firstservicepkg' build argument 'ament_cmake_args' from command line to 'None'
[1.833s] Level 5:colcon.colcon_core.verb:set package 'firstservicepkg' build argument 'catkin_cmake_args' from command line to 'None'
[1.833s] Level 5:colcon.colcon_core.verb:set package 'firstservicepkg' build argument 'catkin_skip_building_tests' from command line to 'False'
[1.833s] DEBUG:colcon.colcon_core.verb:Building package 'firstservicepkg' with the following arguments: {'ament_cmake_args': None, 'build_base': '/home/robot/ros_workspaces/project2/build/firstservicepkg', 'catkin_cmake_args': None, 'catkin_skip_building_tests': False, 'cmake_args': None, 'cmake_clean_cache': False, 'cmake_clean_first': False, 'cmake_force_configure': False, 'cmake_target': None, 'cmake_target_skip_unavailable': False, 'install_base': '/home/robot/ros_workspaces/project2/install/firstservicepkg', 'merge_install': False, 'path': '/home/robot/ros_workspaces/project2/firstservicepkg', 'symlink_install': False, 'test_result_base': None}
[1.834s] INFO:colcon.colcon_core.executor:Executing jobs using 'parallel' executor
[1.838s] DEBUG:colcon.colcon_parallel_executor.executor.parallel:run_until_complete
[1.838s] INFO:colcon.colcon_ros.task.ament_cmake.build:Building ROS package in '/home/robot/ros_workspaces/project2/firstservicepkg' with build type 'ament_cmake'
[1.839s] INFO:colcon.colcon_cmake.task.cmake.build:Building CMake package in '/home/robot/ros_workspaces/project2/firstservicepkg'
[1.850s] INFO:colcon.colcon_core.plugin_system:Skipping extension 'colcon_core.shell.bat': Not used on non-Windows systems
[1.851s] INFO:colcon.colcon_core.shell:Skip shell extension 'powershell' for command environment: Not usable outside of PowerShell
[1.851s] DEBUG:colcon.colcon_core.shell:Skip shell extension 'dsv' for command environment
[1.887s] DEBUG:colcon.colcon_core.event_handler.log_command:Invoking command in '/home/robot/ros_workspaces/project2/build/firstservicepkg': CMAKE_PREFIX_PATH=/opt/ros/humble /usr/bin/cmake --build /home/robot/ros_workspaces/project2/build/firstservicepkg -- -j4 -l4
[14.157s] DEBUG:colcon.colcon_core.event_handler.log_command:Invoked command in '/home/robot/ros_workspaces/project2/build/firstservicepkg' returned '0': CMAKE_PREFIX_PATH=/opt/ros/humble /usr/bin/cmake --build /home/robot/ros_workspaces/project2/build/firstservicepkg -- -j4 -l4
[14.505s] DEBUG:colcon.colcon_core.event_handler.log_command:Invoking command in '/home/robot/ros_workspaces/project2/build/firstservicepkg': CMAKE_PREFIX_PATH=/opt/ros/humble /usr/bin/cmake --install /home/robot/ros_workspaces/project2/build/firstservicepkg
[14.939s] Level 1:colcon.colcon_core.environment:create_environment_scripts_only(firstservicepkg)
[14.953s] Level 1:colcon.colcon_core.environment:checking '/home/robot/ros_workspaces/project2/install/firstservicepkg' for CMake module files
[14.967s] DEBUG:colcon.colcon_core.event_handler.log_command:Invoked command in '/home/robot/ros_workspaces/project2/build/firstservicepkg' returned '0': CMAKE_PREFIX_PATH=/opt/ros/humble /usr/bin/cmake --install /home/robot/ros_workspaces/project2/build/firstservicepkg
[14.969s] Level 1:colcon.colcon_core.environment:checking '/home/robot/ros_workspaces/project2/install/firstservicepkg' for CMake config files
[14.970s] Level 1:colcon.colcon_core.shell:create_environment_hook('firstservicepkg', 'cmake_prefix_path')
[14.971s] INFO:colcon.colcon_core.shell:Creating environment hook '/home/robot/ros_workspaces/project2/install/firstservicepkg/share/firstservicepkg/hook/cmake_prefix_path.ps1'
[14.980s] INFO:colcon.colcon_core.shell:Creating environment descriptor '/home/robot/ros_workspaces/project2/install/firstservicepkg/share/firstservicepkg/hook/cmake_prefix_path.dsv'
[14.982s] INFO:colcon.colcon_core.shell:Creating environment hook '/home/robot/ros_workspaces/project2/install/firstservicepkg/share/firstservicepkg/hook/cmake_prefix_path.sh'
[14.986s] Level 1:colcon.colcon_core.environment:checking '/home/robot/ros_workspaces/project2/install/firstservicepkg/lib'
[14.987s] Level 1:colcon.colcon_core.shell:create_environment_hook('firstservicepkg', 'ld_library_path_lib')
[14.988s] INFO:colcon.colcon_core.shell:Creating environment hook '/home/robot/ros_workspaces/project2/install/firstservicepkg/share/firstservicepkg/hook/ld_library_path_lib.ps1'
[14.990s] INFO:colcon.colcon_core.shell:Creating environment descriptor '/home/robot/ros_workspaces/project2/install/firstservicepkg/share/firstservicepkg/hook/ld_library_path_lib.dsv'
[14.992s] INFO:colcon.colcon_core.shell:Creating environment hook '/home/robot/ros_workspaces/project2/install/firstservicepkg/share/firstservicepkg/hook/ld_library_path_lib.sh'
[14.994s] Level 1:colcon.colcon_core.environment:checking '/home/robot/ros_workspaces/project2/install/firstservicepkg/bin'
[14.995s] Level 1:colcon.colcon_core.environment:checking '/home/robot/ros_workspaces/project2/install/firstservicepkg/lib/pkgconfig/firstservicepkg.pc'
[14.996s] Level 1:colcon.colcon_core.environment:checking '/home/robot/ros_workspaces/project2/install/firstservicepkg/lib/python3.10/site-packages'
[14.997s] Level 1:colcon.colcon_core.environment:checking '/home/robot/ros_workspaces/project2/install/firstservicepkg/bin'
[15.000s] INFO:colcon.colcon_core.shell:Creating package script '/home/robot/ros_workspaces/project2/install/firstservicepkg/share/firstservicepkg/package.ps1'
[15.004s] INFO:colcon.colcon_core.shell:Creating package descriptor '/home/robot/ros_workspaces/project2/install/firstservicepkg/share/firstservicepkg/package.dsv'
[15.007s] INFO:colcon.colcon_core.shell:Creating package script '/home/robot/ros_workspaces/project2/install/firstservicepkg/share/firstservicepkg/package.sh'
[15.011s] INFO:colcon.colcon_core.shell:Creating package script '/home/robot/ros_workspaces/project2/install/firstservicepkg/share/firstservicepkg/package.bash'
[15.015s] INFO:colcon.colcon_core.shell:Creating package script '/home/robot/ros_workspaces/project2/install/firstservicepkg/share/firstservicepkg/package.zsh'
[15.018s] Level 1:colcon.colcon_core.environment:create_file_with_runtime_dependencies(/home/robot/ros_workspaces/project2/install/firstservicepkg/share/colcon-core/packages/firstservicepkg)
[15.302s] Level 1:colcon.colcon_core.environment:create_environment_scripts_only(firstservicepkg)
[15.303s] Level 1:colcon.colcon_core.environment:checking '/home/robot/ros_workspaces/project2/install/firstservicepkg' for CMake module files
[15.307s] Level 1:colcon.colcon_core.environment:checking '/home/robot/ros_workspaces/project2/install/firstservicepkg' for CMake config files
[15.308s] Level 1:colcon.colcon_core.shell:create_environment_hook('firstservicepkg', 'cmake_prefix_path')
[15.311s] INFO:colcon.colcon_core.shell:Creating environment hook '/home/robot/ros_workspaces/project2/install/firstservicepkg/share/firstservicepkg/hook/cmake_prefix_path.ps1'
[15.317s] INFO:colcon.colcon_core.shell:Creating environment descriptor '/home/robot/ros_workspaces/project2/install/firstservicepkg/share/firstservicepkg/hook/cmake_prefix_path.dsv'
[15.322s] INFO:colcon.colcon_core.shell:Creating environment hook '/home/robot/ros_workspaces/project2/install/firstservicepkg/share/firstservicepkg/hook/cmake_prefix_path.sh'
[15.325s] Level 1:colcon.colcon_core.environment:checking '/home/robot/ros_workspaces/project2/install/firstservicepkg/lib'
[15.326s] Level 1:colcon.colcon_core.shell:create_environment_hook('firstservicepkg', 'ld_library_path_lib')
[15.329s] INFO:colcon.colcon_core.shell:Creating environment hook '/home/robot/ros_workspaces/project2/install/firstservicepkg/share/firstservicepkg/hook/ld_library_path_lib.ps1'
[15.334s] INFO:colcon.colcon_core.shell:Creating environment descriptor '/home/robot/ros_workspaces/project2/install/firstservicepkg/share/firstservicepkg/hook/ld_library_path_lib.dsv'
[15.336s] INFO:colcon.colcon_core.shell:Creating environment hook '/home/robot/ros_workspaces/project2/install/firstservicepkg/share/firstservicepkg/hook/ld_library_path_lib.sh'
[15.341s] Level 1:colcon.colcon_core.environment:checking '/home/robot/ros_workspaces/project2/install/firstservicepkg/bin'
[15.341s] Level 1:colcon.colcon_core.environment:checking '/home/robot/ros_workspaces/project2/install/firstservicepkg/lib/pkgconfig/firstservicepkg.pc'
[15.342s] Level 1:colcon.colcon_core.environment:checking '/home/robot/ros_workspaces/project2/install/firstservicepkg/lib/python3.10/site-packages'
[15.347s] Level 1:colcon.colcon_core.environment:checking '/home/robot/ros_workspaces/project2/install/firstservicepkg/bin'
[15.349s] INFO:colcon.colcon_core.shell:Creating package script '/home/robot/ros_workspaces/project2/install/firstservicepkg/share/firstservicepkg/package.ps1'
[15.355s] INFO:colcon.colcon_core.shell:Creating package descriptor '/home/robot/ros_workspaces/project2/install/firstservicepkg/share/firstservicepkg/package.dsv'
[15.362s] INFO:colcon.colcon_core.shell:Creating package script '/home/robot/ros_workspaces/project2/install/firstservicepkg/share/firstservicepkg/package.sh'
[15.367s] INFO:colcon.colcon_core.shell:Creating package script '/home/robot/ros_workspaces/project2/install/firstservicepkg/share/firstservicepkg/package.bash'
[15.373s] INFO:colcon.colcon_core.shell:Creating package script '/home/robot/ros_workspaces/project2/install/firstservicepkg/share/firstservicepkg/package.zsh'
[15.378s] Level 1:colcon.colcon_core.environment:create_file_with_runtime_dependencies(/home/robot/ros_workspaces/project2/install/firstservicepkg/share/colcon-core/packages/firstservicepkg)
[15.381s] DEBUG:colcon.colcon_parallel_executor.executor.parallel:closing loop
[15.385s] DEBUG:colcon.colcon_parallel_executor.executor.parallel:loop closed
[15.385s] DEBUG:colcon.colcon_parallel_executor.executor.parallel:run_until_complete finished with '0'
[15.386s] DEBUG:colcon.colcon_core.event_reactor:joining thread
[15.409s] INFO:colcon.colcon_core.plugin_system:Skipping extension 'colcon_notification.desktop_notification.terminal_notifier': Not used on non-Darwin systems
[15.410s] INFO:colcon.colcon_core.plugin_system:Skipping extension 'colcon_notification.desktop_notification.win32': Not used on non-Windows systems
[15.410s] INFO:colcon.colcon_notification.desktop_notification:Sending desktop notification using 'notify2'
[15.484s] DEBUG:colcon.colcon_core.event_reactor:joined thread
[15.485s] INFO:colcon.colcon_core.shell:Creating prefix script '/home/robot/ros_workspaces/project2/install/local_setup.ps1'
[15.490s] INFO:colcon.colcon_core.shell:Creating prefix util module '/home/robot/ros_workspaces/project2/install/_local_setup_util_ps1.py'
[15.504s] INFO:colcon.colcon_core.shell:Creating prefix chain script '/home/robot/ros_workspaces/project2/install/setup.ps1'
[15.518s] INFO:colcon.colcon_core.shell:Creating prefix script '/home/robot/ros_workspaces/project2/install/local_setup.sh'
[15.522s] INFO:colcon.colcon_core.shell:Creating prefix util module '/home/robot/ros_workspaces/project2/install/_local_setup_util_sh.py'
[15.525s] INFO:colcon.colcon_core.shell:Creating prefix chain script '/home/robot/ros_workspaces/project2/install/setup.sh'
[15.530s] INFO:colcon.colcon_core.shell:Creating prefix script '/home/robot/ros_workspaces/project2/install/local_setup.bash'
[15.542s] INFO:colcon.colcon_core.shell:Creating prefix chain script '/home/robot/ros_workspaces/project2/install/setup.bash'
[15.550s] INFO:colcon.colcon_core.shell:Creating prefix script '/home/robot/ros_workspaces/project2/install/local_setup.zsh'
[15.555s] INFO:colcon.colcon_core.shell:Creating prefix chain script '/home/robot/ros_workspaces/project2/install/setup.zsh'
