-- Found ament_cmake: 1.3.9 (/opt/ros/humble/share/ament_cmake/cmake)
-- Found rclcpp: 16.0.9 (/opt/ros/humble/share/rclcpp/cmake)
-- Found rosidl_generator_c: 3.1.5 (/opt/ros/humble/share/rosidl_generator_c/cmake)
-- Found rosidl_adapter: 3.1.5 (/opt/ros/humble/share/rosidl_adapter/cmake)
-- Found rosidl_generator_cpp: 3.1.5 (/opt/ros/humble/share/rosidl_generator_cpp/cmake)
-- Using all available rosidl_typesupport_c: rosidl_typesupport_fastrtps_c;rosidl_typesupport_introspection_c
-- Using all available rosidl_typesupport_cpp: rosidl_typesupport_fastrtps_cpp;rosidl_typesupport_introspection_cpp
-- Found rmw_implementation_cmake: 6.1.2 (/opt/ros/humble/share/rmw_implementation_cmake/cmake)
-- Found rmw_fastrtps_cpp: 6.2.6 (/opt/ros/humble/share/rmw_fastrtps_cpp/cmake)
-- Using RMW implementation 'rmw_fastrtps_cpp' as default
-- Found rosidl_default_generators: 1.2.0 (/opt/ros/humble/share/rosidl_default_generators/cmake)
-- Found sensor_msgs: 4.2.4 (/opt/ros/humble/share/sensor_msgs/cmake)
-- Found cv_bridge: 3.2.1 (/opt/ros/humble/share/cv_bridge/cmake)
-- Found ament_cmake_cppcheck: 0.12.11 (/opt/ros/humble/share/ament_cmake_cppcheck/cmake)
-- Found ament_cmake_cpplint: 0.12.11 (/opt/ros/humble/share/ament_cmake_cpplint/cmake)
-- Found ament_cmake_uncrustify: 0.12.11 (/opt/ros/humble/share/ament_cmake_uncrustify/cmake)
-- Found ament_cmake_ros: 0.10.0 (/opt/ros/humble/share/ament_cmake_ros/cmake)
-- Using all available rosidl_typesupport_c: rosidl_typesupport_fastrtps_c;rosidl_typesupport_introspection_c
-- Using all available rosidl_typesupport_cpp: rosidl_typesupport_fastrtps_cpp;rosidl_typesupport_introspection_cpp
-- Found python_cmake_module: 0.10.0 (/opt/ros/humble/share/python_cmake_module/cmake)
-- Using PYTHON_EXECUTABLE: /usr/bin/python3
-- Using PYTHON_INCLUDE_DIRS: /usr/include/python3.10
-- Using PYTHON_LIBRARIES: /usr/lib/x86_64-linux-gnu/libpython3.10.so
-- Found ament_cmake_flake8: 0.12.11 (/opt/ros/humble/share/ament_cmake_flake8/cmake)
-- Found ament_cmake_pep257: 0.12.11 (/opt/ros/humble/share/ament_cmake_pep257/cmake)
-- Found ament_lint_auto: 0.12.11 (/opt/ros/humble/share/ament_lint_auto/cmake)
-- Added test 'cppcheck' to perform static code analysis on C / C++ code
-- Configured cppcheck include dirs: 
-- Configured cppcheck exclude dirs and/or files: 
-- Added test 'cpplint' to check C / C++ code against the Google style
-- Configured cpplint exclude dirs and/or files: 
-- Added test 'uncrustify' to check C / C++ code style
-- Configured uncrustify additional arguments: 
-- Added test 'lint_cmake' to check CMake code style
-- Added test 'xmllint' to check XML markup files
-- Configuring done
-- Generating done
-- Build files have been written to: /home/robot/ros_workspaces/project2/build/firstservicepkg
[35m[1mConsolidate compiler generated dependencies of target firstservicepkg__rosidl_generator_c[0m
[  9%] Built target firstservicepkg__rosidl_generator_c
[35m[1mConsolidate compiler generated dependencies of target firstservicepkg__rosidl_typesupport_introspection_c[0m
[35m[1mConsolidate compiler generated dependencies of target firstservicepkg__rosidl_typesupport_fastrtps_c[0m
[ 12%] Built target firstservicepkg__cpp
[ 12%] Built target ament_cmake_python_copy_firstservicepkg
[ 22%] Built target firstservicepkg__rosidl_typesupport_introspection_c
[35m[1mConsolidate compiler generated dependencies of target firstservicepkg__rosidl_typesupport_c[0m
[ 32%] Built target firstservicepkg__rosidl_typesupport_fastrtps_c
[35m[1mConsolidate compiler generated dependencies of target firstservicepkg__rosidl_typesupport_introspection_cpp[0m
[ 41%] Built target firstservicepkg__rosidl_typesupport_c
[35m[1mConsolidate compiler generated dependencies of target firstservicepkg__rosidl_typesupport_cpp[0m
[ 51%] Built target firstservicepkg__rosidl_typesupport_introspection_cpp
[35m[1mConsolidate compiler generated dependencies of target firstservicepkg__rosidl_typesupport_fastrtps_cpp[0m
[ 61%] Built target firstservicepkg__rosidl_typesupport_cpp
[ 70%] Built target firstservicepkg__rosidl_typesupport_fastrtps_cpp
[ 70%] Built target firstservicepkg
[ 74%] Built target firstservicepkg__py
[35m[1mConsolidate compiler generated dependencies of target firstservicepkg__rosidl_generator_py[0m
[ 80%] Built target firstservicepkg__rosidl_generator_py
[35m[1mConsolidate compiler generated dependencies of target firstservicepkg__rosidl_typesupport_introspection_c__pyext[0m
[35m[1mConsolidate compiler generated dependencies of target firstservicepkg__rosidl_typesupport_fastrtps_c__pyext[0m
[35m[1mConsolidate compiler generated dependencies of target firstservicepkg__rosidl_typesupport_c__pyext[0m
[ 87%] Built target firstservicepkg__rosidl_typesupport_introspection_c__pyext
[ 93%] Built target firstservicepkg__rosidl_typesupport_fastrtps_c__pyext
[100%] Built target firstservicepkg__rosidl_typesupport_c__pyext
running egg_info
writing firstservicepkg.egg-info/PKG-INFO
writing dependency_links to firstservicepkg.egg-info/dependency_links.txt
writing top-level names to firstservicepkg.egg-info/top_level.txt
reading manifest file 'firstservicepkg.egg-info/SOURCES.txt'
writing manifest file 'firstservicepkg.egg-info/SOURCES.txt'
[100%] Built target ament_cmake_python_build_firstservicepkg_egg
-- Install configuration: ""
-- Up-to-date: /home/robot/ros_workspaces/project2/install/firstservicepkg/share/ament_index/resource_index/rosidl_interfaces/firstservicepkg
-- Up-to-date: /home/robot/ros_workspaces/project2/install/firstservicepkg/include/firstservicepkg/firstservicepkg
-- Up-to-date: /home/robot/ros_workspaces/project2/install/firstservicepkg/include/firstservicepkg/firstservicepkg/msg
-- Up-to-date: /home/robot/ros_workspaces/project2/install/firstservicepkg/include/firstservicepkg/firstservicepkg/msg/rosidl_generator_c__visibility_control.h
-- Up-to-date: /home/robot/ros_workspaces/project2/install/firstservicepkg/include/firstservicepkg/firstservicepkg/srv
-- Up-to-date: /home/robot/ros_workspaces/project2/install/firstservicepkg/include/firstservicepkg/firstservicepkg/srv/camera_angle.h
-- Up-to-date: /home/robot/ros_workspaces/project2/install/firstservicepkg/include/firstservicepkg/firstservicepkg/srv/turn_camera.h
-- Up-to-date: /home/robot/ros_workspaces/project2/install/firstservicepkg/include/firstservicepkg/firstservicepkg/srv/detail
-- Up-to-date: /home/robot/ros_workspaces/project2/install/firstservicepkg/include/firstservicepkg/firstservicepkg/srv/detail/turn_camera__functions.c
-- Up-to-date: /home/robot/ros_workspaces/project2/install/firstservicepkg/include/firstservicepkg/firstservicepkg/srv/detail/camera_angle__functions.c
-- Up-to-date: /home/robot/ros_workspaces/project2/install/firstservicepkg/include/firstservicepkg/firstservicepkg/srv/detail/camera_angle__functions.h
-- Up-to-date: /home/robot/ros_workspaces/project2/install/firstservicepkg/include/firstservicepkg/firstservicepkg/srv/detail/turn_camera__type_support.h
-- Up-to-date: /home/robot/ros_workspaces/project2/install/firstservicepkg/include/firstservicepkg/firstservicepkg/srv/detail/turn_camera__functions.h
-- Up-to-date: /home/robot/ros_workspaces/project2/install/firstservicepkg/include/firstservicepkg/firstservicepkg/srv/detail/camera_angle__struct.h
-- Up-to-date: /home/robot/ros_workspaces/project2/install/firstservicepkg/include/firstservicepkg/firstservicepkg/srv/detail/camera_angle__type_support.h
-- Up-to-date: /home/robot/ros_workspaces/project2/install/firstservicepkg/include/firstservicepkg/firstservicepkg/srv/detail/turn_camera__struct.h
-- Up-to-date: /home/robot/ros_workspaces/project2/install/firstservicepkg/share/firstservicepkg/environment/library_path.sh
-- Installing: /home/robot/ros_workspaces/project2/install/firstservicepkg/share/firstservicepkg/environment/library_path.dsv
-- Up-to-date: /home/robot/ros_workspaces/project2/install/firstservicepkg/lib/libfirstservicepkg__rosidl_generator_c.so
-- Up-to-date: /home/robot/ros_workspaces/project2/install/firstservicepkg/include/firstservicepkg/firstservicepkg
-- Up-to-date: /home/robot/ros_workspaces/project2/install/firstservicepkg/include/firstservicepkg/firstservicepkg/msg
-- Up-to-date: /home/robot/ros_workspaces/project2/install/firstservicepkg/include/firstservicepkg/firstservicepkg/msg/rosidl_typesupport_fastrtps_c__visibility_control.h
-- Up-to-date: /home/robot/ros_workspaces/project2/install/firstservicepkg/include/firstservicepkg/firstservicepkg/srv
-- Up-to-date: /home/robot/ros_workspaces/project2/install/firstservicepkg/include/firstservicepkg/firstservicepkg/srv/detail
-- Up-to-date: /home/robot/ros_workspaces/project2/install/firstservicepkg/include/firstservicepkg/firstservicepkg/srv/detail/turn_camera__rosidl_typesupport_fastrtps_c.h
-- Up-to-date: /home/robot/ros_workspaces/project2/install/firstservicepkg/include/firstservicepkg/firstservicepkg/srv/detail/camera_angle__rosidl_typesupport_fastrtps_c.h
-- Up-to-date: /home/robot/ros_workspaces/project2/install/firstservicepkg/lib/libfirstservicepkg__rosidl_typesupport_fastrtps_c.so
-- Up-to-date: /home/robot/ros_workspaces/project2/install/firstservicepkg/include/firstservicepkg/firstservicepkg
-- Up-to-date: /home/robot/ros_workspaces/project2/install/firstservicepkg/include/firstservicepkg/firstservicepkg/srv
-- Up-to-date: /home/robot/ros_workspaces/project2/install/firstservicepkg/include/firstservicepkg/firstservicepkg/srv/camera_angle.hpp
-- Up-to-date: /home/robot/ros_workspaces/project2/install/firstservicepkg/include/firstservicepkg/firstservicepkg/srv/turn_camera.hpp
-- Up-to-date: /home/robot/ros_workspaces/project2/install/firstservicepkg/include/firstservicepkg/firstservicepkg/srv/detail
-- Up-to-date: /home/robot/ros_workspaces/project2/install/firstservicepkg/include/firstservicepkg/firstservicepkg/srv/detail/turn_camera__struct.hpp
-- Up-to-date: /home/robot/ros_workspaces/project2/install/firstservicepkg/include/firstservicepkg/firstservicepkg/srv/detail/turn_camera__traits.hpp
-- Up-to-date: /home/robot/ros_workspaces/project2/install/firstservicepkg/include/firstservicepkg/firstservicepkg/srv/detail/camera_angle__traits.hpp
-- Up-to-date: /home/robot/ros_workspaces/project2/install/firstservicepkg/include/firstservicepkg/firstservicepkg/srv/detail/camera_angle__builder.hpp
-- Up-to-date: /home/robot/ros_workspaces/project2/install/firstservicepkg/include/firstservicepkg/firstservicepkg/srv/detail/turn_camera__builder.hpp
-- Up-to-date: /home/robot/ros_workspaces/project2/install/firstservicepkg/include/firstservicepkg/firstservicepkg/srv/detail/camera_angle__struct.hpp
-- Up-to-date: /home/robot/ros_workspaces/project2/install/firstservicepkg/include/firstservicepkg/firstservicepkg
-- Up-to-date: /home/robot/ros_workspaces/project2/install/firstservicepkg/include/firstservicepkg/firstservicepkg/msg
-- Up-to-date: /home/robot/ros_workspaces/project2/install/firstservicepkg/include/firstservicepkg/firstservicepkg/msg/rosidl_typesupport_fastrtps_cpp__visibility_control.h
-- Up-to-date: /home/robot/ros_workspaces/project2/install/firstservicepkg/include/firstservicepkg/firstservicepkg/srv
-- Up-to-date: /home/robot/ros_workspaces/project2/install/firstservicepkg/include/firstservicepkg/firstservicepkg/srv/detail
-- Up-to-date: /home/robot/ros_workspaces/project2/install/firstservicepkg/include/firstservicepkg/firstservicepkg/srv/detail/camera_angle__rosidl_typesupport_fastrtps_cpp.hpp
-- Up-to-date: /home/robot/ros_workspaces/project2/install/firstservicepkg/include/firstservicepkg/firstservicepkg/srv/detail/turn_camera__rosidl_typesupport_fastrtps_cpp.hpp
-- Up-to-date: /home/robot/ros_workspaces/project2/install/firstservicepkg/include/firstservicepkg/firstservicepkg/srv/detail/dds_fastrtps
-- Up-to-date: /home/robot/ros_workspaces/project2/install/firstservicepkg/lib/libfirstservicepkg__rosidl_typesupport_fastrtps_cpp.so
-- Up-to-date: /home/robot/ros_workspaces/project2/install/firstservicepkg/include/firstservicepkg/firstservicepkg
-- Up-to-date: /home/robot/ros_workspaces/project2/install/firstservicepkg/include/firstservicepkg/firstservicepkg/msg
-- Up-to-date: /home/robot/ros_workspaces/project2/install/firstservicepkg/include/firstservicepkg/firstservicepkg/msg/rosidl_typesupport_introspection_c__visibility_control.h
-- Up-to-date: /home/robot/ros_workspaces/project2/install/firstservicepkg/include/firstservicepkg/firstservicepkg/srv
-- Up-to-date: /home/robot/ros_workspaces/project2/install/firstservicepkg/include/firstservicepkg/firstservicepkg/srv/detail
-- Up-to-date: /home/robot/ros_workspaces/project2/install/firstservicepkg/include/firstservicepkg/firstservicepkg/srv/detail/turn_camera__rosidl_typesupport_introspection_c.h
-- Up-to-date: /home/robot/ros_workspaces/project2/install/firstservicepkg/include/firstservicepkg/firstservicepkg/srv/detail/camera_angle__rosidl_typesupport_introspection_c.h
-- Up-to-date: /home/robot/ros_workspaces/project2/install/firstservicepkg/include/firstservicepkg/firstservicepkg/srv/detail/camera_angle__type_support.c
-- Up-to-date: /home/robot/ros_workspaces/project2/install/firstservicepkg/include/firstservicepkg/firstservicepkg/srv/detail/turn_camera__type_support.c
-- Up-to-date: /home/robot/ros_workspaces/project2/install/firstservicepkg/lib/libfirstservicepkg__rosidl_typesupport_introspection_c.so
-- Up-to-date: /home/robot/ros_workspaces/project2/install/firstservicepkg/lib/libfirstservicepkg__rosidl_typesupport_c.so
-- Up-to-date: /home/robot/ros_workspaces/project2/install/firstservicepkg/include/firstservicepkg/firstservicepkg
-- Up-to-date: /home/robot/ros_workspaces/project2/install/firstservicepkg/include/firstservicepkg/firstservicepkg/srv
-- Up-to-date: /home/robot/ros_workspaces/project2/install/firstservicepkg/include/firstservicepkg/firstservicepkg/srv/detail
-- Up-to-date: /home/robot/ros_workspaces/project2/install/firstservicepkg/include/firstservicepkg/firstservicepkg/srv/detail/camera_angle__type_support.cpp
-- Up-to-date: /home/robot/ros_workspaces/project2/install/firstservicepkg/include/firstservicepkg/firstservicepkg/srv/detail/turn_camera__rosidl_typesupport_introspection_cpp.hpp
-- Up-to-date: /home/robot/ros_workspaces/project2/install/firstservicepkg/include/firstservicepkg/firstservicepkg/srv/detail/turn_camera__type_support.cpp
-- Up-to-date: /home/robot/ros_workspaces/project2/install/firstservicepkg/include/firstservicepkg/firstservicepkg/srv/detail/camera_angle__rosidl_typesupport_introspection_cpp.hpp
-- Up-to-date: /home/robot/ros_workspaces/project2/install/firstservicepkg/lib/libfirstservicepkg__rosidl_typesupport_introspection_cpp.so
-- Up-to-date: /home/robot/ros_workspaces/project2/install/firstservicepkg/lib/libfirstservicepkg__rosidl_typesupport_cpp.so
-- Up-to-date: /home/robot/ros_workspaces/project2/install/firstservicepkg/share/firstservicepkg/environment/pythonpath.sh
-- Installing: /home/robot/ros_workspaces/project2/install/firstservicepkg/share/firstservicepkg/environment/pythonpath.dsv
-- Up-to-date: /home/robot/ros_workspaces/project2/install/firstservicepkg/local/lib/python3.10/dist-packages/firstservicepkg-0.0.0-py3.10.egg-info
-- Installing: /home/robot/ros_workspaces/project2/install/firstservicepkg/local/lib/python3.10/dist-packages/firstservicepkg-0.0.0-py3.10.egg-info/PKG-INFO
-- Installing: /home/robot/ros_workspaces/project2/install/firstservicepkg/local/lib/python3.10/dist-packages/firstservicepkg-0.0.0-py3.10.egg-info/dependency_links.txt
-- Installing: /home/robot/ros_workspaces/project2/install/firstservicepkg/local/lib/python3.10/dist-packages/firstservicepkg-0.0.0-py3.10.egg-info/top_level.txt
-- Installing: /home/robot/ros_workspaces/project2/install/firstservicepkg/local/lib/python3.10/dist-packages/firstservicepkg-0.0.0-py3.10.egg-info/SOURCES.txt
-- Up-to-date: /home/robot/ros_workspaces/project2/install/firstservicepkg/local/lib/python3.10/dist-packages/firstservicepkg
-- Up-to-date: /home/robot/ros_workspaces/project2/install/firstservicepkg/local/lib/python3.10/dist-packages/firstservicepkg/firstservicepkg_s__rosidl_typesupport_introspection_c.cpython-310-x86_64-linux-gnu.so
-- Installing: /home/robot/ros_workspaces/project2/install/firstservicepkg/local/lib/python3.10/dist-packages/firstservicepkg/__init__.py
-- Up-to-date: /home/robot/ros_workspaces/project2/install/firstservicepkg/local/lib/python3.10/dist-packages/firstservicepkg/libfirstservicepkg__rosidl_generator_py.so
-- Up-to-date: /home/robot/ros_workspaces/project2/install/firstservicepkg/local/lib/python3.10/dist-packages/firstservicepkg/srv
-- Up-to-date: /home/robot/ros_workspaces/project2/install/firstservicepkg/local/lib/python3.10/dist-packages/firstservicepkg/srv/_turn_camera.py
-- Up-to-date: /home/robot/ros_workspaces/project2/install/firstservicepkg/local/lib/python3.10/dist-packages/firstservicepkg/srv/_camera_angle.py
-- Up-to-date: /home/robot/ros_workspaces/project2/install/firstservicepkg/local/lib/python3.10/dist-packages/firstservicepkg/srv/__init__.py
-- Up-to-date: /home/robot/ros_workspaces/project2/install/firstservicepkg/local/lib/python3.10/dist-packages/firstservicepkg/srv/_turn_camera_s.c
-- Up-to-date: /home/robot/ros_workspaces/project2/install/firstservicepkg/local/lib/python3.10/dist-packages/firstservicepkg/srv/_camera_angle_s.c
-- Up-to-date: /home/robot/ros_workspaces/project2/install/firstservicepkg/local/lib/python3.10/dist-packages/firstservicepkg/firstservicepkg_s__rosidl_typesupport_c.cpython-310-x86_64-linux-gnu.so
-- Up-to-date: /home/robot/ros_workspaces/project2/install/firstservicepkg/local/lib/python3.10/dist-packages/firstservicepkg/_firstservicepkg_s.ep.rosidl_typesupport_introspection_c.c
-- Up-to-date: /home/robot/ros_workspaces/project2/install/firstservicepkg/local/lib/python3.10/dist-packages/firstservicepkg/_firstservicepkg_s.ep.rosidl_typesupport_fastrtps_c.c
-- Up-to-date: /home/robot/ros_workspaces/project2/install/firstservicepkg/local/lib/python3.10/dist-packages/firstservicepkg/_firstservicepkg_s.ep.rosidl_typesupport_c.c
-- Up-to-date: /home/robot/ros_workspaces/project2/install/firstservicepkg/local/lib/python3.10/dist-packages/firstservicepkg/firstservicepkg_s__rosidl_typesupport_fastrtps_c.cpython-310-x86_64-linux-gnu.so
Listing '/home/robot/ros_workspaces/project2/install/firstservicepkg/local/lib/python3.10/dist-packages/firstservicepkg'...
Compiling '/home/robot/ros_workspaces/project2/install/firstservicepkg/local/lib/python3.10/dist-packages/firstservicepkg/__init__.py'...
Listing '/home/robot/ros_workspaces/project2/install/firstservicepkg/local/lib/python3.10/dist-packages/firstservicepkg/srv'...
-- Up-to-date: /home/robot/ros_workspaces/project2/install/firstservicepkg/local/lib/python3.10/dist-packages/firstservicepkg/firstservicepkg_s__rosidl_typesupport_fastrtps_c.cpython-310-x86_64-linux-gnu.so
-- Up-to-date: /home/robot/ros_workspaces/project2/install/firstservicepkg/local/lib/python3.10/dist-packages/firstservicepkg/firstservicepkg_s__rosidl_typesupport_introspection_c.cpython-310-x86_64-linux-gnu.so
-- Up-to-date: /home/robot/ros_workspaces/project2/install/firstservicepkg/local/lib/python3.10/dist-packages/firstservicepkg/firstservicepkg_s__rosidl_typesupport_c.cpython-310-x86_64-linux-gnu.so
-- Up-to-date: /home/robot/ros_workspaces/project2/install/firstservicepkg/lib/libfirstservicepkg__rosidl_generator_py.so
-- Up-to-date: /home/robot/ros_workspaces/project2/install/firstservicepkg/share/firstservicepkg/srv/TurnCamera.idl
-- Up-to-date: /home/robot/ros_workspaces/project2/install/firstservicepkg/share/firstservicepkg/srv/TurnCamera.srv
-- Up-to-date: /home/robot/ros_workspaces/project2/install/firstservicepkg/share/firstservicepkg/srv/TurnCamera_Request.msg
-- Up-to-date: /home/robot/ros_workspaces/project2/install/firstservicepkg/share/firstservicepkg/srv/TurnCamera_Response.msg
-- Up-to-date: /home/robot/ros_workspaces/project2/install/firstservicepkg/share/ament_index/resource_index/package_run_dependencies/firstservicepkg
-- Up-to-date: /home/robot/ros_workspaces/project2/install/firstservicepkg/share/ament_index/resource_index/parent_prefix_path/firstservicepkg
-- Up-to-date: /home/robot/ros_workspaces/project2/install/firstservicepkg/share/firstservicepkg/environment/ament_prefix_path.sh
-- Installing: /home/robot/ros_workspaces/project2/install/firstservicepkg/share/firstservicepkg/environment/ament_prefix_path.dsv
-- Up-to-date: /home/robot/ros_workspaces/project2/install/firstservicepkg/share/firstservicepkg/environment/path.sh
-- Installing: /home/robot/ros_workspaces/project2/install/firstservicepkg/share/firstservicepkg/environment/path.dsv
-- Up-to-date: /home/robot/ros_workspaces/project2/install/firstservicepkg/share/firstservicepkg/local_setup.bash
-- Up-to-date: /home/robot/ros_workspaces/project2/install/firstservicepkg/share/firstservicepkg/local_setup.sh
-- Up-to-date: /home/robot/ros_workspaces/project2/install/firstservicepkg/share/firstservicepkg/local_setup.zsh
-- Installing: /home/robot/ros_workspaces/project2/install/firstservicepkg/share/firstservicepkg/local_setup.dsv
-- Installing: /home/robot/ros_workspaces/project2/install/firstservicepkg/share/firstservicepkg/package.dsv
-- Up-to-date: /home/robot/ros_workspaces/project2/install/firstservicepkg/share/ament_index/resource_index/packages/firstservicepkg
-- Up-to-date: /home/robot/ros_workspaces/project2/install/firstservicepkg/share/firstservicepkg/cmake/export_firstservicepkg__rosidl_generator_cExport.cmake
-- Up-to-date: /home/robot/ros_workspaces/project2/install/firstservicepkg/share/firstservicepkg/cmake/export_firstservicepkg__rosidl_generator_cExport-noconfig.cmake
-- Up-to-date: /home/robot/ros_workspaces/project2/install/firstservicepkg/share/firstservicepkg/cmake/export_firstservicepkg__rosidl_typesupport_fastrtps_cExport.cmake
-- Up-to-date: /home/robot/ros_workspaces/project2/install/firstservicepkg/share/firstservicepkg/cmake/export_firstservicepkg__rosidl_typesupport_fastrtps_cExport-noconfig.cmake
-- Up-to-date: /home/robot/ros_workspaces/project2/install/firstservicepkg/share/firstservicepkg/cmake/export_firstservicepkg__rosidl_generator_cppExport.cmake
-- Up-to-date: /home/robot/ros_workspaces/project2/install/firstservicepkg/share/firstservicepkg/cmake/export_firstservicepkg__rosidl_typesupport_fastrtps_cppExport.cmake
-- Up-to-date: /home/robot/ros_workspaces/project2/install/firstservicepkg/share/firstservicepkg/cmake/export_firstservicepkg__rosidl_typesupport_fastrtps_cppExport-noconfig.cmake
-- Up-to-date: /home/robot/ros_workspaces/project2/install/firstservicepkg/share/firstservicepkg/cmake/firstservicepkg__rosidl_typesupport_introspection_cExport.cmake
-- Up-to-date: /home/robot/ros_workspaces/project2/install/firstservicepkg/share/firstservicepkg/cmake/firstservicepkg__rosidl_typesupport_introspection_cExport-noconfig.cmake
-- Up-to-date: /home/robot/ros_workspaces/project2/install/firstservicepkg/share/firstservicepkg/cmake/firstservicepkg__rosidl_typesupport_cExport.cmake
-- Up-to-date: /home/robot/ros_workspaces/project2/install/firstservicepkg/share/firstservicepkg/cmake/firstservicepkg__rosidl_typesupport_cExport-noconfig.cmake
-- Up-to-date: /home/robot/ros_workspaces/project2/install/firstservicepkg/share/firstservicepkg/cmake/firstservicepkg__rosidl_typesupport_introspection_cppExport.cmake
-- Up-to-date: /home/robot/ros_workspaces/project2/install/firstservicepkg/share/firstservicepkg/cmake/firstservicepkg__rosidl_typesupport_introspection_cppExport-noconfig.cmake
-- Up-to-date: /home/robot/ros_workspaces/project2/install/firstservicepkg/share/firstservicepkg/cmake/firstservicepkg__rosidl_typesupport_cppExport.cmake
-- Up-to-date: /home/robot/ros_workspaces/project2/install/firstservicepkg/share/firstservicepkg/cmake/firstservicepkg__rosidl_typesupport_cppExport-noconfig.cmake
-- Up-to-date: /home/robot/ros_workspaces/project2/install/firstservicepkg/share/firstservicepkg/cmake/export_firstservicepkg__rosidl_generator_pyExport.cmake
-- Up-to-date: /home/robot/ros_workspaces/project2/install/firstservicepkg/share/firstservicepkg/cmake/export_firstservicepkg__rosidl_generator_pyExport-noconfig.cmake
-- Up-to-date: /home/robot/ros_workspaces/project2/install/firstservicepkg/share/firstservicepkg/cmake/rosidl_cmake-extras.cmake
-- Up-to-date: /home/robot/ros_workspaces/project2/install/firstservicepkg/share/firstservicepkg/cmake/ament_cmake_export_dependencies-extras.cmake
-- Up-to-date: /home/robot/ros_workspaces/project2/install/firstservicepkg/share/firstservicepkg/cmake/ament_cmake_export_include_directories-extras.cmake
-- Up-to-date: /home/robot/ros_workspaces/project2/install/firstservicepkg/share/firstservicepkg/cmake/ament_cmake_export_libraries-extras.cmake
-- Up-to-date: /home/robot/ros_workspaces/project2/install/firstservicepkg/share/firstservicepkg/cmake/ament_cmake_export_targets-extras.cmake
-- Up-to-date: /home/robot/ros_workspaces/project2/install/firstservicepkg/share/firstservicepkg/cmake/rosidl_cmake_export_typesupport_targets-extras.cmake
-- Up-to-date: /home/robot/ros_workspaces/project2/install/firstservicepkg/share/firstservicepkg/cmake/rosidl_cmake_export_typesupport_libraries-extras.cmake
-- Up-to-date: /home/robot/ros_workspaces/project2/install/firstservicepkg/share/firstservicepkg/cmake/firstservicepkgConfig.cmake
-- Up-to-date: /home/robot/ros_workspaces/project2/install/firstservicepkg/share/firstservicepkg/cmake/firstservicepkgConfig-version.cmake
-- Up-to-date: /home/robot/ros_workspaces/project2/install/firstservicepkg/share/firstservicepkg/package.xml
