[  2%] Built target firstservicepkg__cpp
[ 11%] Built target firstservicepkg__rosidl_generator_c
[35m[1mConsolidate compiler generated dependencies of target firstservicepkg__rosidl_typesupport_cpp[0m
[35m[1mConsolidate compiler generated dependencies of target firstservicepkg__rosidl_typesupport_fastrtps_cpp[0m
[ 11%] Built target ament_cmake_python_copy_firstservicepkg
[35m[1mConsolidate compiler generated dependencies of target firstservicepkg__rosidl_typesupport_introspection_cpp[0m
[35m[1mConsolidate compiler generated dependencies of target firstservicepkg__rosidl_typesupport_fastrtps_c[0m
[ 20%] Built target firstservicepkg__rosidl_typesupport_cpp
[ 28%] Built target firstservicepkg__rosidl_typesupport_fastrtps_c
[35m[1mConsolidate compiler generated dependencies of target firstservicepkg__rosidl_typesupport_introspection_c[0m
[ 40%] Built target firstservicepkg__rosidl_typesupport_introspection_cpp
[ 45%] Built target firstservicepkg__rosidl_typesupport_fastrtps_cpp
[35m[1mConsolidate compiler generated dependencies of target firstservicepkg__rosidl_typesupport_c[0m
[ 54%] Built target firstservicepkg__rosidl_typesupport_introspection_c
[35m[1mConsolidate compiler generated dependencies of target turn_camera_service[0m
[35m[1mConsolidate compiler generated dependencies of target turn_camera_client[0m
[ 62%] Built target firstservicepkg__rosidl_typesupport_c
[ 68%] Built target firstservicepkg
[ 68%] Built target turn_camera_service
[ 74%] Built target turn_camera_client
[ 77%] Built target firstservicepkg__py
[35m[1mConsolidate compiler generated dependencies of target firstservicepkg__rosidl_generator_py[0m
[ 82%] Built target firstservicepkg__rosidl_generator_py
[35m[1mConsolidate compiler generated dependencies of target firstservicepkg__rosidl_typesupport_c__pyext[0m
[35m[1mConsolidate compiler generated dependencies of target firstservicepkg__rosidl_typesupport_introspection_c__pyext[0m
[35m[1mConsolidate compiler generated dependencies of target firstservicepkg__rosidl_typesupport_fastrtps_c__pyext[0m
[ 88%] Built target firstservicepkg__rosidl_typesupport_c__pyext
[ 94%] Built target firstservicepkg__rosidl_typesupport_introspection_c__pyext
[100%] Built target firstservicepkg__rosidl_typesupport_fastrtps_c__pyext
running egg_info
writing firstservicepkg.egg-info/PKG-INFO
writing dependency_links to firstservicepkg.egg-info/dependency_links.txt
writing top-level names to firstservicepkg.egg-info/top_level.txt
reading manifest file 'firstservicepkg.egg-info/SOURCES.txt'
writing manifest file 'firstservicepkg.egg-info/SOURCES.txt'
[100%] Built target ament_cmake_python_build_firstservicepkg_egg
-- Install configuration: ""
-- Up-to-date: /home/robot/ros_workspaces/project2/install/firstservicepkg/share/ament_index/resource_index/rosidl_interfaces/firstservicepkg
-- Up-to-date: /home/robot/ros_workspaces/project2/install/firstservicepkg/include/firstservicepkg/firstservicepkg
-- Up-to-date: /home/robot/ros_workspaces/project2/install/firstservicepkg/include/firstservicepkg/firstservicepkg/msg
-- Up-to-date: /home/robot/ros_workspaces/project2/install/firstservicepkg/include/firstservicepkg/firstservicepkg/msg/rosidl_generator_c__visibility_control.h
-- Up-to-date: /home/robot/ros_workspaces/project2/install/firstservicepkg/include/firstservicepkg/firstservicepkg/srv
-- Up-to-date: /home/robot/ros_workspaces/project2/install/firstservicepkg/include/firstservicepkg/firstservicepkg/srv/camera_angle.h
-- Up-to-date: /home/robot/ros_workspaces/project2/install/firstservicepkg/include/firstservicepkg/firstservicepkg/srv/turn_camera.h
-- Up-to-date: /home/robot/ros_workspaces/project2/install/firstservicepkg/include/firstservicepkg/firstservicepkg/srv/detail
-- Up-to-date: /home/robot/ros_workspaces/project2/install/firstservicepkg/include/firstservicepkg/firstservicepkg/srv/detail/turn_camera__functions.c
-- Up-to-date: /home/robot/ros_workspaces/project2/install/firstservicepkg/include/firstservicepkg/firstservicepkg/srv/detail/camera_angle__functions.c
-- Up-to-date: /home/robot/ros_workspaces/project2/install/firstservicepkg/include/firstservicepkg/firstservicepkg/srv/detail/camera_angle__functions.h
-- Up-to-date: /home/robot/ros_workspaces/project2/install/firstservicepkg/include/firstservicepkg/firstservicepkg/srv/detail/turn_camera__type_support.h
-- Up-to-date: /home/robot/ros_workspaces/project2/install/firstservicepkg/include/firstservicepkg/firstservicepkg/srv/detail/turn_camera__functions.h
-- Up-to-date: /home/robot/ros_workspaces/project2/install/firstservicepkg/include/firstservicepkg/firstservicepkg/srv/detail/camera_angle__struct.h
-- Up-to-date: /home/robot/ros_workspaces/project2/install/firstservicepkg/include/firstservicepkg/firstservicepkg/srv/detail/camera_angle__type_support.h
-- Up-to-date: /home/robot/ros_workspaces/project2/install/firstservicepkg/include/firstservicepkg/firstservicepkg/srv/detail/turn_camera__struct.h
-- Up-to-date: /home/robot/ros_workspaces/project2/install/firstservicepkg/share/firstservicepkg/environment/library_path.sh
-- Up-to-date: /home/robot/ros_workspaces/project2/install/firstservicepkg/share/firstservicepkg/environment/library_path.dsv
-- Up-to-date: /home/robot/ros_workspaces/project2/install/firstservicepkg/lib/libfirstservicepkg__rosidl_generator_c.so
-- Up-to-date: /home/robot/ros_workspaces/project2/install/firstservicepkg/include/firstservicepkg/firstservicepkg
-- Up-to-date: /home/robot/ros_workspaces/project2/install/firstservicepkg/include/firstservicepkg/firstservicepkg/msg
-- Up-to-date: /home/robot/ros_workspaces/project2/install/firstservicepkg/include/firstservicepkg/firstservicepkg/msg/rosidl_typesupport_fastrtps_c__visibility_control.h
-- Up-to-date: /home/robot/ros_workspaces/project2/install/firstservicepkg/include/firstservicepkg/firstservicepkg/srv
-- Up-to-date: /home/robot/ros_workspaces/project2/install/firstservicepkg/include/firstservicepkg/firstservicepkg/srv/detail
-- Up-to-date: /home/robot/ros_workspaces/project2/install/firstservicepkg/include/firstservicepkg/firstservicepkg/srv/detail/turn_camera__rosidl_typesupport_fastrtps_c.h
-- Up-to-date: /home/robot/ros_workspaces/project2/install/firstservicepkg/include/firstservicepkg/firstservicepkg/srv/detail/camera_angle__rosidl_typesupport_fastrtps_c.h
-- Up-to-date: /home/robot/ros_workspaces/project2/install/firstservicepkg/lib/libfirstservicepkg__rosidl_typesupport_fastrtps_c.so
-- Up-to-date: /home/robot/ros_workspaces/project2/install/firstservicepkg/include/firstservicepkg/firstservicepkg
-- Up-to-date: /home/robot/ros_workspaces/project2/install/firstservicepkg/include/firstservicepkg/firstservicepkg/srv
-- Up-to-date: /home/robot/ros_workspaces/project2/install/firstservicepkg/include/firstservicepkg/firstservicepkg/srv/camera_angle.hpp
-- Up-to-date: /home/robot/ros_workspaces/project2/install/firstservicepkg/include/firstservicepkg/firstservicepkg/srv/turn_camera.hpp
-- Up-to-date: /home/robot/ros_workspaces/project2/install/firstservicepkg/include/firstservicepkg/firstservicepkg/srv/detail
-- Up-to-date: /home/robot/ros_workspaces/project2/install/firstservicepkg/include/firstservicepkg/firstservicepkg/srv/detail/turn_camera__struct.hpp
-- Up-to-date: /home/robot/ros_workspaces/project2/install/firstservicepkg/include/firstservicepkg/firstservicepkg/srv/detail/turn_camera__traits.hpp
-- Up-to-date: /home/robot/ros_workspaces/project2/install/firstservicepkg/include/firstservicepkg/firstservicepkg/srv/detail/camera_angle__traits.hpp
-- Up-to-date: /home/robot/ros_workspaces/project2/install/firstservicepkg/include/firstservicepkg/firstservicepkg/srv/detail/camera_angle__builder.hpp
-- Up-to-date: /home/robot/ros_workspaces/project2/install/firstservicepkg/include/firstservicepkg/firstservicepkg/srv/detail/turn_camera__builder.hpp
-- Up-to-date: /home/robot/ros_workspaces/project2/install/firstservicepkg/include/firstservicepkg/firstservicepkg/srv/detail/camera_angle__struct.hpp
-- Up-to-date: /home/robot/ros_workspaces/project2/install/firstservicepkg/include/firstservicepkg/firstservicepkg
-- Up-to-date: /home/robot/ros_workspaces/project2/install/firstservicepkg/include/firstservicepkg/firstservicepkg/msg
-- Up-to-date: /home/robot/ros_workspaces/project2/install/firstservicepkg/include/firstservicepkg/firstservicepkg/msg/rosidl_typesupport_fastrtps_cpp__visibility_control.h
-- Up-to-date: /home/robot/ros_workspaces/project2/install/firstservicepkg/include/firstservicepkg/firstservicepkg/srv
-- Up-to-date: /home/robot/ros_workspaces/project2/install/firstservicepkg/include/firstservicepkg/firstservicepkg/srv/detail
-- Up-to-date: /home/robot/ros_workspaces/project2/install/firstservicepkg/include/firstservicepkg/firstservicepkg/srv/detail/camera_angle__rosidl_typesupport_fastrtps_cpp.hpp
-- Up-to-date: /home/robot/ros_workspaces/project2/install/firstservicepkg/include/firstservicepkg/firstservicepkg/srv/detail/turn_camera__rosidl_typesupport_fastrtps_cpp.hpp
-- Up-to-date: /home/robot/ros_workspaces/project2/install/firstservicepkg/include/firstservicepkg/firstservicepkg/srv/detail/dds_fastrtps
-- Up-to-date: /home/robot/ros_workspaces/project2/install/firstservicepkg/lib/libfirstservicepkg__rosidl_typesupport_fastrtps_cpp.so
-- Up-to-date: /home/robot/ros_workspaces/project2/install/firstservicepkg/include/firstservicepkg/firstservicepkg
-- Up-to-date: /home/robot/ros_workspaces/project2/install/firstservicepkg/include/firstservicepkg/firstservicepkg/msg
-- Up-to-date: /home/robot/ros_workspaces/project2/install/firstservicepkg/include/firstservicepkg/firstservicepkg/msg/rosidl_typesupport_introspection_c__visibility_control.h
-- Up-to-date: /home/robot/ros_workspaces/project2/install/firstservicepkg/include/firstservicepkg/firstservicepkg/srv
-- Up-to-date: /home/robot/ros_workspaces/project2/install/firstservicepkg/include/firstservicepkg/firstservicepkg/srv/detail
-- Up-to-date: /home/robot/ros_workspaces/project2/install/firstservicepkg/include/firstservicepkg/firstservicepkg/srv/detail/turn_camera__rosidl_typesupport_introspection_c.h
-- Up-to-date: /home/robot/ros_workspaces/project2/install/firstservicepkg/include/firstservicepkg/firstservicepkg/srv/detail/camera_angle__rosidl_typesupport_introspection_c.h
-- Up-to-date: /home/robot/ros_workspaces/project2/install/firstservicepkg/include/firstservicepkg/firstservicepkg/srv/detail/camera_angle__type_support.c
-- Up-to-date: /home/robot/ros_workspaces/project2/install/firstservicepkg/include/firstservicepkg/firstservicepkg/srv/detail/turn_camera__type_support.c
-- Up-to-date: /home/robot/ros_workspaces/project2/install/firstservicepkg/lib/libfirstservicepkg__rosidl_typesupport_introspection_c.so
-- Up-to-date: /home/robot/ros_workspaces/project2/install/firstservicepkg/lib/libfirstservicepkg__rosidl_typesupport_c.so
-- Up-to-date: /home/robot/ros_workspaces/project2/install/firstservicepkg/include/firstservicepkg/firstservicepkg
-- Up-to-date: /home/robot/ros_workspaces/project2/install/firstservicepkg/include/firstservicepkg/firstservicepkg/srv
-- Up-to-date: /home/robot/ros_workspaces/project2/install/firstservicepkg/include/firstservicepkg/firstservicepkg/srv/detail
-- Up-to-date: /home/robot/ros_workspaces/project2/install/firstservicepkg/include/firstservicepkg/firstservicepkg/srv/detail/camera_angle__type_support.cpp
-- Up-to-date: /home/robot/ros_workspaces/project2/install/firstservicepkg/include/firstservicepkg/firstservicepkg/srv/detail/turn_camera__rosidl_typesupport_introspection_cpp.hpp
-- Up-to-date: /home/robot/ros_workspaces/project2/install/firstservicepkg/include/firstservicepkg/firstservicepkg/srv/detail/turn_camera__type_support.cpp
-- Up-to-date: /home/robot/ros_workspaces/project2/install/firstservicepkg/include/firstservicepkg/firstservicepkg/srv/detail/camera_angle__rosidl_typesupport_introspection_cpp.hpp
-- Up-to-date: /home/robot/ros_workspaces/project2/install/firstservicepkg/lib/libfirstservicepkg__rosidl_typesupport_introspection_cpp.so
-- Up-to-date: /home/robot/ros_workspaces/project2/install/firstservicepkg/lib/libfirstservicepkg__rosidl_typesupport_cpp.so
-- Up-to-date: /home/robot/ros_workspaces/project2/install/firstservicepkg/share/firstservicepkg/environment/pythonpath.sh
-- Up-to-date: /home/robot/ros_workspaces/project2/install/firstservicepkg/share/firstservicepkg/environment/pythonpath.dsv
-- Up-to-date: /home/robot/ros_workspaces/project2/install/firstservicepkg/local/lib/python3.10/dist-packages/firstservicepkg-0.0.0-py3.10.egg-info
-- Installing: /home/robot/ros_workspaces/project2/install/firstservicepkg/local/lib/python3.10/dist-packages/firstservicepkg-0.0.0-py3.10.egg-info/PKG-INFO
-- Installing: /home/robot/ros_workspaces/project2/install/firstservicepkg/local/lib/python3.10/dist-packages/firstservicepkg-0.0.0-py3.10.egg-info/dependency_links.txt
-- Installing: /home/robot/ros_workspaces/project2/install/firstservicepkg/local/lib/python3.10/dist-packages/firstservicepkg-0.0.0-py3.10.egg-info/top_level.txt
-- Installing: /home/robot/ros_workspaces/project2/install/firstservicepkg/local/lib/python3.10/dist-packages/firstservicepkg-0.0.0-py3.10.egg-info/SOURCES.txt
-- Up-to-date: /home/robot/ros_workspaces/project2/install/firstservicepkg/local/lib/python3.10/dist-packages/firstservicepkg
-- Up-to-date: /home/robot/ros_workspaces/project2/install/firstservicepkg/local/lib/python3.10/dist-packages/firstservicepkg/firstservicepkg_s__rosidl_typesupport_introspection_c.cpython-310-x86_64-linux-gnu.so
-- Up-to-date: /home/robot/ros_workspaces/project2/install/firstservicepkg/local/lib/python3.10/dist-packages/firstservicepkg/__init__.py
-- Up-to-date: /home/robot/ros_workspaces/project2/install/firstservicepkg/local/lib/python3.10/dist-packages/firstservicepkg/libfirstservicepkg__rosidl_generator_py.so
-- Up-to-date: /home/robot/ros_workspaces/project2/install/firstservicepkg/local/lib/python3.10/dist-packages/firstservicepkg/srv
-- Up-to-date: /home/robot/ros_workspaces/project2/install/firstservicepkg/local/lib/python3.10/dist-packages/firstservicepkg/srv/_turn_camera.py
-- Up-to-date: /home/robot/ros_workspaces/project2/install/firstservicepkg/local/lib/python3.10/dist-packages/firstservicepkg/srv/_camera_angle.py
-- Up-to-date: /home/robot/ros_workspaces/project2/install/firstservicepkg/local/lib/python3.10/dist-packages/firstservicepkg/srv/__init__.py
-- Up-to-date: /home/robot/ros_workspaces/project2/install/firstservicepkg/local/lib/python3.10/dist-packages/firstservicepkg/srv/_turn_camera_s.c
-- Up-to-date: /home/robot/ros_workspaces/project2/install/firstservicepkg/local/lib/python3.10/dist-packages/firstservicepkg/srv/_camera_angle_s.c
-- Up-to-date: /home/robot/ros_workspaces/project2/install/firstservicepkg/local/lib/python3.10/dist-packages/firstservicepkg/firstservicepkg_s__rosidl_typesupport_c.cpython-310-x86_64-linux-gnu.so
-- Up-to-date: /home/robot/ros_workspaces/project2/install/firstservicepkg/local/lib/python3.10/dist-packages/firstservicepkg/_firstservicepkg_s.ep.rosidl_typesupport_introspection_c.c
-- Up-to-date: /home/robot/ros_workspaces/project2/install/firstservicepkg/local/lib/python3.10/dist-packages/firstservicepkg/_firstservicepkg_s.ep.rosidl_typesupport_fastrtps_c.c
-- Up-to-date: /home/robot/ros_workspaces/project2/install/firstservicepkg/local/lib/python3.10/dist-packages/firstservicepkg/_firstservicepkg_s.ep.rosidl_typesupport_c.c
-- Up-to-date: /home/robot/ros_workspaces/project2/install/firstservicepkg/local/lib/python3.10/dist-packages/firstservicepkg/firstservicepkg_s__rosidl_typesupport_fastrtps_c.cpython-310-x86_64-linux-gnu.so
Listing '/home/robot/ros_workspaces/project2/install/firstservicepkg/local/lib/python3.10/dist-packages/firstservicepkg'...
Listing '/home/robot/ros_workspaces/project2/install/firstservicepkg/local/lib/python3.10/dist-packages/firstservicepkg/srv'...
-- Up-to-date: /home/robot/ros_workspaces/project2/install/firstservicepkg/local/lib/python3.10/dist-packages/firstservicepkg/firstservicepkg_s__rosidl_typesupport_fastrtps_c.cpython-310-x86_64-linux-gnu.so
-- Up-to-date: /home/robot/ros_workspaces/project2/install/firstservicepkg/local/lib/python3.10/dist-packages/firstservicepkg/firstservicepkg_s__rosidl_typesupport_introspection_c.cpython-310-x86_64-linux-gnu.so
-- Up-to-date: /home/robot/ros_workspaces/project2/install/firstservicepkg/local/lib/python3.10/dist-packages/firstservicepkg/firstservicepkg_s__rosidl_typesupport_c.cpython-310-x86_64-linux-gnu.so
-- Up-to-date: /home/robot/ros_workspaces/project2/install/firstservicepkg/lib/libfirstservicepkg__rosidl_generator_py.so
-- Up-to-date: /home/robot/ros_workspaces/project2/install/firstservicepkg/share/firstservicepkg/srv/TurnCamera.idl
-- Up-to-date: /home/robot/ros_workspaces/project2/install/firstservicepkg/share/firstservicepkg/srv/TurnCamera.srv
-- Up-to-date: /home/robot/ros_workspaces/project2/install/firstservicepkg/share/firstservicepkg/srv/TurnCamera_Request.msg
-- Up-to-date: /home/robot/ros_workspaces/project2/install/firstservicepkg/share/firstservicepkg/srv/TurnCamera_Response.msg
-- Up-to-date: /home/robot/ros_workspaces/project2/install/firstservicepkg/lib/firstservicepkg/turn_camera_service
-- Up-to-date: /home/robot/ros_workspaces/project2/install/firstservicepkg/lib/firstservicepkg/turn_camera_client
-- Installing: /home/robot/ros_workspaces/project2/install/firstservicepkg/share/firstservicepkg//launch
-- Up-to-date: /home/robot/ros_workspaces/project2/install/firstservicepkg/share/ament_index/resource_index/package_run_dependencies/firstservicepkg
-- Up-to-date: /home/robot/ros_workspaces/project2/install/firstservicepkg/share/ament_index/resource_index/parent_prefix_path/firstservicepkg
-- Up-to-date: /home/robot/ros_workspaces/project2/install/firstservicepkg/share/firstservicepkg/environment/ament_prefix_path.sh
-- Installing: /home/robot/ros_workspaces/project2/install/firstservicepkg/share/firstservicepkg/environment/ament_prefix_path.dsv
-- Up-to-date: /home/robot/ros_workspaces/project2/install/firstservicepkg/share/firstservicepkg/environment/path.sh
-- Installing: /home/robot/ros_workspaces/project2/install/firstservicepkg/share/firstservicepkg/environment/path.dsv
-- Up-to-date: /home/robot/ros_workspaces/project2/install/firstservicepkg/share/firstservicepkg/local_setup.bash
-- Up-to-date: /home/robot/ros_workspaces/project2/install/firstservicepkg/share/firstservicepkg/local_setup.sh
-- Up-to-date: /home/robot/ros_workspaces/project2/install/firstservicepkg/share/firstservicepkg/local_setup.zsh
-- Installing: /home/robot/ros_workspaces/project2/install/firstservicepkg/share/firstservicepkg/local_setup.dsv
-- Installing: /home/robot/ros_workspaces/project2/install/firstservicepkg/share/firstservicepkg/package.dsv
-- Up-to-date: /home/robot/ros_workspaces/project2/install/firstservicepkg/share/ament_index/resource_index/packages/firstservicepkg
-- Up-to-date: /home/robot/ros_workspaces/project2/install/firstservicepkg/share/firstservicepkg/cmake/export_firstservicepkg__rosidl_generator_cExport.cmake
-- Up-to-date: /home/robot/ros_workspaces/project2/install/firstservicepkg/share/firstservicepkg/cmake/export_firstservicepkg__rosidl_generator_cExport-noconfig.cmake
-- Up-to-date: /home/robot/ros_workspaces/project2/install/firstservicepkg/share/firstservicepkg/cmake/export_firstservicepkg__rosidl_typesupport_fastrtps_cExport.cmake
-- Up-to-date: /home/robot/ros_workspaces/project2/install/firstservicepkg/share/firstservicepkg/cmake/export_firstservicepkg__rosidl_typesupport_fastrtps_cExport-noconfig.cmake
-- Up-to-date: /home/robot/ros_workspaces/project2/install/firstservicepkg/share/firstservicepkg/cmake/export_firstservicepkg__rosidl_generator_cppExport.cmake
-- Up-to-date: /home/robot/ros_workspaces/project2/install/firstservicepkg/share/firstservicepkg/cmake/export_firstservicepkg__rosidl_typesupport_fastrtps_cppExport.cmake
-- Up-to-date: /home/robot/ros_workspaces/project2/install/firstservicepkg/share/firstservicepkg/cmake/export_firstservicepkg__rosidl_typesupport_fastrtps_cppExport-noconfig.cmake
-- Up-to-date: /home/robot/ros_workspaces/project2/install/firstservicepkg/share/firstservicepkg/cmake/firstservicepkg__rosidl_typesupport_introspection_cExport.cmake
-- Up-to-date: /home/robot/ros_workspaces/project2/install/firstservicepkg/share/firstservicepkg/cmake/firstservicepkg__rosidl_typesupport_introspection_cExport-noconfig.cmake
-- Up-to-date: /home/robot/ros_workspaces/project2/install/firstservicepkg/share/firstservicepkg/cmake/firstservicepkg__rosidl_typesupport_cExport.cmake
-- Up-to-date: /home/robot/ros_workspaces/project2/install/firstservicepkg/share/firstservicepkg/cmake/firstservicepkg__rosidl_typesupport_cExport-noconfig.cmake
-- Up-to-date: /home/robot/ros_workspaces/project2/install/firstservicepkg/share/firstservicepkg/cmake/firstservicepkg__rosidl_typesupport_introspection_cppExport.cmake
-- Up-to-date: /home/robot/ros_workspaces/project2/install/firstservicepkg/share/firstservicepkg/cmake/firstservicepkg__rosidl_typesupport_introspection_cppExport-noconfig.cmake
-- Up-to-date: /home/robot/ros_workspaces/project2/install/firstservicepkg/share/firstservicepkg/cmake/firstservicepkg__rosidl_typesupport_cppExport.cmake
-- Up-to-date: /home/robot/ros_workspaces/project2/install/firstservicepkg/share/firstservicepkg/cmake/firstservicepkg__rosidl_typesupport_cppExport-noconfig.cmake
-- Up-to-date: /home/robot/ros_workspaces/project2/install/firstservicepkg/share/firstservicepkg/cmake/export_firstservicepkg__rosidl_generator_pyExport.cmake
-- Up-to-date: /home/robot/ros_workspaces/project2/install/firstservicepkg/share/firstservicepkg/cmake/export_firstservicepkg__rosidl_generator_pyExport-noconfig.cmake
-- Up-to-date: /home/robot/ros_workspaces/project2/install/firstservicepkg/share/firstservicepkg/cmake/rosidl_cmake-extras.cmake
-- Up-to-date: /home/robot/ros_workspaces/project2/install/firstservicepkg/share/firstservicepkg/cmake/ament_cmake_export_dependencies-extras.cmake
-- Up-to-date: /home/robot/ros_workspaces/project2/install/firstservicepkg/share/firstservicepkg/cmake/ament_cmake_export_include_directories-extras.cmake
-- Up-to-date: /home/robot/ros_workspaces/project2/install/firstservicepkg/share/firstservicepkg/cmake/ament_cmake_export_libraries-extras.cmake
-- Up-to-date: /home/robot/ros_workspaces/project2/install/firstservicepkg/share/firstservicepkg/cmake/ament_cmake_export_targets-extras.cmake
-- Up-to-date: /home/robot/ros_workspaces/project2/install/firstservicepkg/share/firstservicepkg/cmake/rosidl_cmake_export_typesupport_targets-extras.cmake
-- Up-to-date: /home/robot/ros_workspaces/project2/install/firstservicepkg/share/firstservicepkg/cmake/rosidl_cmake_export_typesupport_libraries-extras.cmake
-- Up-to-date: /home/robot/ros_workspaces/project2/install/firstservicepkg/share/firstservicepkg/cmake/firstservicepkgConfig.cmake
-- Up-to-date: /home/robot/ros_workspaces/project2/install/firstservicepkg/share/firstservicepkg/cmake/firstservicepkgConfig-version.cmake
-- Installing: /home/robot/ros_workspaces/project2/install/firstservicepkg/share/firstservicepkg/package.xml
