[0.053s] Invoking command in '/home/robot/ros_workspaces/project2/build/firstservicepkg': CMAKE_PREFIX_PATH=/opt/ros/humble /usr/bin/cmake --build /home/robot/ros_workspaces/project2/build/firstservicepkg -- -j4 -l4
[0.265s] [  2%] Built target firstservicepkg__cpp
[0.284s] [ 11%] Built target firstservicepkg__rosidl_generator_c
[0.345s] [35m[1mConsolidate compiler generated dependencies of target firstservicepkg__rosidl_typesupport_cpp[0m
[0.350s] [35m[1mConsolidate compiler generated dependencies of target firstservicepkg__rosidl_typesupport_fastrtps_cpp[0m
[0.365s] [ 11%] Built target ament_cmake_python_copy_firstservicepkg
[0.405s] [35m[1mConsolidate compiler generated dependencies of target firstservicepkg__rosidl_typesupport_introspection_cpp[0m
[0.421s] [35m[1mConsolidate compiler generated dependencies of target firstservicepkg__rosidl_typesupport_fastrtps_c[0m
[0.494s] [ 20%] Built target firstservicepkg__rosidl_typesupport_cpp
[0.581s] [ 28%] Built target firstservicepkg__rosidl_typesupport_fastrtps_c
[0.582s] [35m[1mConsolidate compiler generated dependencies of target firstservicepkg__rosidl_typesupport_introspection_c[0m
[0.596s] [ 40%] Built target firstservicepkg__rosidl_typesupport_introspection_cpp
[0.597s] [ 45%] Built target firstservicepkg__rosidl_typesupport_fastrtps_cpp
[0.686s] [35m[1mConsolidate compiler generated dependencies of target firstservicepkg__rosidl_typesupport_c[0m
[0.706s] [ 54%] Built target firstservicepkg__rosidl_typesupport_introspection_c
[0.782s] [35m[1mConsolidate compiler generated dependencies of target turn_camera_service[0m
[0.816s] [35m[1mConsolidate compiler generated dependencies of target turn_camera_client[0m
[0.824s] [ 62%] Built target firstservicepkg__rosidl_typesupport_c
[1.080s] [ 68%] Built target firstservicepkg
[1.081s] [ 68%] Built target turn_camera_service
[1.091s] [ 74%] Built target turn_camera_client
[1.210s] [ 77%] Built target firstservicepkg__py
[1.260s] [35m[1mConsolidate compiler generated dependencies of target firstservicepkg__rosidl_generator_py[0m
[1.339s] [ 82%] Built target firstservicepkg__rosidl_generator_py
[1.406s] [35m[1mConsolidate compiler generated dependencies of target firstservicepkg__rosidl_typesupport_c__pyext[0m
[1.444s] [35m[1mConsolidate compiler generated dependencies of target firstservicepkg__rosidl_typesupport_introspection_c__pyext[0m
[1.478s] [35m[1mConsolidate compiler generated dependencies of target firstservicepkg__rosidl_typesupport_fastrtps_c__pyext[0m
[1.479s] [ 88%] Built target firstservicepkg__rosidl_typesupport_c__pyext
[1.581s] [ 94%] Built target firstservicepkg__rosidl_typesupport_introspection_c__pyext
[1.593s] [100%] Built target firstservicepkg__rosidl_typesupport_fastrtps_c__pyext
[2.214s] running egg_info
[2.217s] writing firstservicepkg.egg-info/PKG-INFO
[2.218s] writing dependency_links to firstservicepkg.egg-info/dependency_links.txt
[2.220s] writing top-level names to firstservicepkg.egg-info/top_level.txt
[2.229s] reading manifest file 'firstservicepkg.egg-info/SOURCES.txt'
[2.232s] writing manifest file 'firstservicepkg.egg-info/SOURCES.txt'
[2.354s] [100%] Built target ament_cmake_python_build_firstservicepkg_egg
[2.400s] Invoked command in '/home/robot/ros_workspaces/project2/build/firstservicepkg' returned '0': CMAKE_PREFIX_PATH=/opt/ros/humble /usr/bin/cmake --build /home/robot/ros_workspaces/project2/build/firstservicepkg -- -j4 -l4
[2.727s] Invoking command in '/home/robot/ros_workspaces/project2/build/firstservicepkg': CMAKE_PREFIX_PATH=/opt/ros/humble /usr/bin/cmake --install /home/robot/ros_workspaces/project2/build/firstservicepkg
[2.758s] -- Install configuration: ""
[2.761s] -- Up-to-date: /home/robot/ros_workspaces/project2/install/firstservicepkg/share/ament_index/resource_index/rosidl_interfaces/firstservicepkg
[2.764s] -- Up-to-date: /home/robot/ros_workspaces/project2/install/firstservicepkg/include/firstservicepkg/firstservicepkg
[2.765s] -- Up-to-date: /home/robot/ros_workspaces/project2/install/firstservicepkg/include/firstservicepkg/firstservicepkg/msg
[2.772s] -- Up-to-date: /home/robot/ros_workspaces/project2/install/firstservicepkg/include/firstservicepkg/firstservicepkg/msg/rosidl_generator_c__visibility_control.h
[2.772s] -- Up-to-date: /home/robot/ros_workspaces/project2/install/firstservicepkg/include/firstservicepkg/firstservicepkg/srv
[2.775s] -- Up-to-date: /home/robot/ros_workspaces/project2/install/firstservicepkg/include/firstservicepkg/firstservicepkg/srv/camera_angle.h
[2.775s] -- Up-to-date: /home/robot/ros_workspaces/project2/install/firstservicepkg/include/firstservicepkg/firstservicepkg/srv/turn_camera.h
[2.776s] -- Up-to-date: /home/robot/ros_workspaces/project2/install/firstservicepkg/include/firstservicepkg/firstservicepkg/srv/detail
[2.776s] -- Up-to-date: /home/robot/ros_workspaces/project2/install/firstservicepkg/include/firstservicepkg/firstservicepkg/srv/detail/turn_camera__functions.c
[2.777s] -- Up-to-date: /home/robot/ros_workspaces/project2/install/firstservicepkg/include/firstservicepkg/firstservicepkg/srv/detail/camera_angle__functions.c
[2.783s] -- Up-to-date: /home/robot/ros_workspaces/project2/install/firstservicepkg/include/firstservicepkg/firstservicepkg/srv/detail/camera_angle__functions.h
[2.784s] -- Up-to-date: /home/robot/ros_workspaces/project2/install/firstservicepkg/include/firstservicepkg/firstservicepkg/srv/detail/turn_camera__type_support.h
[2.787s] -- Up-to-date: /home/robot/ros_workspaces/project2/install/firstservicepkg/include/firstservicepkg/firstservicepkg/srv/detail/turn_camera__functions.h
[2.788s] -- Up-to-date: /home/robot/ros_workspaces/project2/install/firstservicepkg/include/firstservicepkg/firstservicepkg/srv/detail/camera_angle__struct.h
[2.789s] -- Up-to-date: /home/robot/ros_workspaces/project2/install/firstservicepkg/include/firstservicepkg/firstservicepkg/srv/detail/camera_angle__type_support.h
[2.789s] -- Up-to-date: /home/robot/ros_workspaces/project2/install/firstservicepkg/include/firstservicepkg/firstservicepkg/srv/detail/turn_camera__struct.h
[2.790s] -- Up-to-date: /home/robot/ros_workspaces/project2/install/firstservicepkg/share/firstservicepkg/environment/library_path.sh
[2.790s] -- Up-to-date: /home/robot/ros_workspaces/project2/install/firstservicepkg/share/firstservicepkg/environment/library_path.dsv
[2.791s] -- Up-to-date: /home/robot/ros_workspaces/project2/install/firstservicepkg/lib/libfirstservicepkg__rosidl_generator_c.so
[2.799s] -- Up-to-date: /home/robot/ros_workspaces/project2/install/firstservicepkg/include/firstservicepkg/firstservicepkg
[2.800s] -- Up-to-date: /home/robot/ros_workspaces/project2/install/firstservicepkg/include/firstservicepkg/firstservicepkg/msg
[2.801s] -- Up-to-date: /home/robot/ros_workspaces/project2/install/firstservicepkg/include/firstservicepkg/firstservicepkg/msg/rosidl_typesupport_fastrtps_c__visibility_control.h
[2.801s] -- Up-to-date: /home/robot/ros_workspaces/project2/install/firstservicepkg/include/firstservicepkg/firstservicepkg/srv
[2.802s] -- Up-to-date: /home/robot/ros_workspaces/project2/install/firstservicepkg/include/firstservicepkg/firstservicepkg/srv/detail
[2.802s] -- Up-to-date: /home/robot/ros_workspaces/project2/install/firstservicepkg/include/firstservicepkg/firstservicepkg/srv/detail/turn_camera__rosidl_typesupport_fastrtps_c.h
[2.803s] -- Up-to-date: /home/robot/ros_workspaces/project2/install/firstservicepkg/include/firstservicepkg/firstservicepkg/srv/detail/camera_angle__rosidl_typesupport_fastrtps_c.h
[2.803s] -- Up-to-date: /home/robot/ros_workspaces/project2/install/firstservicepkg/lib/libfirstservicepkg__rosidl_typesupport_fastrtps_c.so
[2.804s] -- Up-to-date: /home/robot/ros_workspaces/project2/install/firstservicepkg/include/firstservicepkg/firstservicepkg
[2.805s] -- Up-to-date: /home/robot/ros_workspaces/project2/install/firstservicepkg/include/firstservicepkg/firstservicepkg/srv
[2.805s] -- Up-to-date: /home/robot/ros_workspaces/project2/install/firstservicepkg/include/firstservicepkg/firstservicepkg/srv/camera_angle.hpp
[2.806s] -- Up-to-date: /home/robot/ros_workspaces/project2/install/firstservicepkg/include/firstservicepkg/firstservicepkg/srv/turn_camera.hpp
[2.806s] -- Up-to-date: /home/robot/ros_workspaces/project2/install/firstservicepkg/include/firstservicepkg/firstservicepkg/srv/detail
[2.807s] -- Up-to-date: /home/robot/ros_workspaces/project2/install/firstservicepkg/include/firstservicepkg/firstservicepkg/srv/detail/turn_camera__struct.hpp
[2.818s] -- Up-to-date: /home/robot/ros_workspaces/project2/install/firstservicepkg/include/firstservicepkg/firstservicepkg/srv/detail/turn_camera__traits.hpp
[2.820s] -- Up-to-date: /home/robot/ros_workspaces/project2/install/firstservicepkg/include/firstservicepkg/firstservicepkg/srv/detail/camera_angle__traits.hpp
[2.820s] -- Up-to-date: /home/robot/ros_workspaces/project2/install/firstservicepkg/include/firstservicepkg/firstservicepkg/srv/detail/camera_angle__builder.hpp
[2.821s] -- Up-to-date: /home/robot/ros_workspaces/project2/install/firstservicepkg/include/firstservicepkg/firstservicepkg/srv/detail/turn_camera__builder.hpp
[2.821s] -- Up-to-date: /home/robot/ros_workspaces/project2/install/firstservicepkg/include/firstservicepkg/firstservicepkg/srv/detail/camera_angle__struct.hpp
[2.822s] -- Up-to-date: /home/robot/ros_workspaces/project2/install/firstservicepkg/include/firstservicepkg/firstservicepkg
[2.822s] -- Up-to-date: /home/robot/ros_workspaces/project2/install/firstservicepkg/include/firstservicepkg/firstservicepkg/msg
[2.823s] -- Up-to-date: /home/robot/ros_workspaces/project2/install/firstservicepkg/include/firstservicepkg/firstservicepkg/msg/rosidl_typesupport_fastrtps_cpp__visibility_control.h
[2.836s] -- Up-to-date: /home/robot/ros_workspaces/project2/install/firstservicepkg/include/firstservicepkg/firstservicepkg/srv
[2.836s] -- Up-to-date: /home/robot/ros_workspaces/project2/install/firstservicepkg/include/firstservicepkg/firstservicepkg/srv/detail
[2.837s] -- Up-to-date: /home/robot/ros_workspaces/project2/install/firstservicepkg/include/firstservicepkg/firstservicepkg/srv/detail/camera_angle__rosidl_typesupport_fastrtps_cpp.hpp
[2.837s] -- Up-to-date: /home/robot/ros_workspaces/project2/install/firstservicepkg/include/firstservicepkg/firstservicepkg/srv/detail/turn_camera__rosidl_typesupport_fastrtps_cpp.hpp
[2.838s] -- Up-to-date: /home/robot/ros_workspaces/project2/install/firstservicepkg/include/firstservicepkg/firstservicepkg/srv/detail/dds_fastrtps
[2.839s] -- Up-to-date: /home/robot/ros_workspaces/project2/install/firstservicepkg/lib/libfirstservicepkg__rosidl_typesupport_fastrtps_cpp.so
[2.839s] -- Up-to-date: /home/robot/ros_workspaces/project2/install/firstservicepkg/include/firstservicepkg/firstservicepkg
[2.848s] -- Up-to-date: /home/robot/ros_workspaces/project2/install/firstservicepkg/include/firstservicepkg/firstservicepkg/msg
[2.849s] -- Up-to-date: /home/robot/ros_workspaces/project2/install/firstservicepkg/include/firstservicepkg/firstservicepkg/msg/rosidl_typesupport_introspection_c__visibility_control.h
[2.849s] -- Up-to-date: /home/robot/ros_workspaces/project2/install/firstservicepkg/include/firstservicepkg/firstservicepkg/srv
[2.850s] -- Up-to-date: /home/robot/ros_workspaces/project2/install/firstservicepkg/include/firstservicepkg/firstservicepkg/srv/detail
[2.850s] -- Up-to-date: /home/robot/ros_workspaces/project2/install/firstservicepkg/include/firstservicepkg/firstservicepkg/srv/detail/turn_camera__rosidl_typesupport_introspection_c.h
[2.851s] -- Up-to-date: /home/robot/ros_workspaces/project2/install/firstservicepkg/include/firstservicepkg/firstservicepkg/srv/detail/camera_angle__rosidl_typesupport_introspection_c.h
[2.851s] -- Up-to-date: /home/robot/ros_workspaces/project2/install/firstservicepkg/include/firstservicepkg/firstservicepkg/srv/detail/camera_angle__type_support.c
[2.852s] -- Up-to-date: /home/robot/ros_workspaces/project2/install/firstservicepkg/include/firstservicepkg/firstservicepkg/srv/detail/turn_camera__type_support.c
[2.852s] -- Up-to-date: /home/robot/ros_workspaces/project2/install/firstservicepkg/lib/libfirstservicepkg__rosidl_typesupport_introspection_c.so
[2.853s] -- Up-to-date: /home/robot/ros_workspaces/project2/install/firstservicepkg/lib/libfirstservicepkg__rosidl_typesupport_c.so
[2.853s] -- Up-to-date: /home/robot/ros_workspaces/project2/install/firstservicepkg/include/firstservicepkg/firstservicepkg
[2.854s] -- Up-to-date: /home/robot/ros_workspaces/project2/install/firstservicepkg/include/firstservicepkg/firstservicepkg/srv
[2.854s] -- Up-to-date: /home/robot/ros_workspaces/project2/install/firstservicepkg/include/firstservicepkg/firstservicepkg/srv/detail
[2.855s] -- Up-to-date: /home/robot/ros_workspaces/project2/install/firstservicepkg/include/firstservicepkg/firstservicepkg/srv/detail/camera_angle__type_support.cpp
[2.868s] -- Up-to-date: /home/robot/ros_workspaces/project2/install/firstservicepkg/include/firstservicepkg/firstservicepkg/srv/detail/turn_camera__rosidl_typesupport_introspection_cpp.hpp
[2.868s] -- Up-to-date: /home/robot/ros_workspaces/project2/install/firstservicepkg/include/firstservicepkg/firstservicepkg/srv/detail/turn_camera__type_support.cpp
[2.869s] -- Up-to-date: /home/robot/ros_workspaces/project2/install/firstservicepkg/include/firstservicepkg/firstservicepkg/srv/detail/camera_angle__rosidl_typesupport_introspection_cpp.hpp
[2.869s] -- Up-to-date: /home/robot/ros_workspaces/project2/install/firstservicepkg/lib/libfirstservicepkg__rosidl_typesupport_introspection_cpp.so
[2.870s] -- Up-to-date: /home/robot/ros_workspaces/project2/install/firstservicepkg/lib/libfirstservicepkg__rosidl_typesupport_cpp.so
[2.870s] -- Up-to-date: /home/robot/ros_workspaces/project2/install/firstservicepkg/share/firstservicepkg/environment/pythonpath.sh
[2.871s] -- Up-to-date: /home/robot/ros_workspaces/project2/install/firstservicepkg/share/firstservicepkg/environment/pythonpath.dsv
[2.872s] -- Up-to-date: /home/robot/ros_workspaces/project2/install/firstservicepkg/local/lib/python3.10/dist-packages/firstservicepkg-0.0.0-py3.10.egg-info
[2.872s] -- Installing: /home/robot/ros_workspaces/project2/install/firstservicepkg/local/lib/python3.10/dist-packages/firstservicepkg-0.0.0-py3.10.egg-info/PKG-INFO
[2.873s] -- Installing: /home/robot/ros_workspaces/project2/install/firstservicepkg/local/lib/python3.10/dist-packages/firstservicepkg-0.0.0-py3.10.egg-info/dependency_links.txt
[2.873s] -- Installing: /home/robot/ros_workspaces/project2/install/firstservicepkg/local/lib/python3.10/dist-packages/firstservicepkg-0.0.0-py3.10.egg-info/top_level.txt
[2.874s] -- Installing: /home/robot/ros_workspaces/project2/install/firstservicepkg/local/lib/python3.10/dist-packages/firstservicepkg-0.0.0-py3.10.egg-info/SOURCES.txt
[2.883s] -- Up-to-date: /home/robot/ros_workspaces/project2/install/firstservicepkg/local/lib/python3.10/dist-packages/firstservicepkg
[2.887s] -- Up-to-date: /home/robot/ros_workspaces/project2/install/firstservicepkg/local/lib/python3.10/dist-packages/firstservicepkg/firstservicepkg_s__rosidl_typesupport_introspection_c.cpython-310-x86_64-linux-gnu.so
[2.888s] -- Up-to-date: /home/robot/ros_workspaces/project2/install/firstservicepkg/local/lib/python3.10/dist-packages/firstservicepkg/__init__.py
[2.889s] -- Up-to-date: /home/robot/ros_workspaces/project2/install/firstservicepkg/local/lib/python3.10/dist-packages/firstservicepkg/libfirstservicepkg__rosidl_generator_py.so
[2.889s] -- Up-to-date: /home/robot/ros_workspaces/project2/install/firstservicepkg/local/lib/python3.10/dist-packages/firstservicepkg/srv
[2.890s] -- Up-to-date: /home/robot/ros_workspaces/project2/install/firstservicepkg/local/lib/python3.10/dist-packages/firstservicepkg/srv/_turn_camera.py
[2.890s] -- Up-to-date: /home/robot/ros_workspaces/project2/install/firstservicepkg/local/lib/python3.10/dist-packages/firstservicepkg/srv/_camera_angle.py
[2.891s] -- Up-to-date: /home/robot/ros_workspaces/project2/install/firstservicepkg/local/lib/python3.10/dist-packages/firstservicepkg/srv/__init__.py
[2.892s] -- Up-to-date: /home/robot/ros_workspaces/project2/install/firstservicepkg/local/lib/python3.10/dist-packages/firstservicepkg/srv/_turn_camera_s.c
[2.892s] -- Up-to-date: /home/robot/ros_workspaces/project2/install/firstservicepkg/local/lib/python3.10/dist-packages/firstservicepkg/srv/_camera_angle_s.c
[2.893s] -- Up-to-date: /home/robot/ros_workspaces/project2/install/firstservicepkg/local/lib/python3.10/dist-packages/firstservicepkg/firstservicepkg_s__rosidl_typesupport_c.cpython-310-x86_64-linux-gnu.so
[2.898s] -- Up-to-date: /home/robot/ros_workspaces/project2/install/firstservicepkg/local/lib/python3.10/dist-packages/firstservicepkg/_firstservicepkg_s.ep.rosidl_typesupport_introspection_c.c
[2.899s] -- Up-to-date: /home/robot/ros_workspaces/project2/install/firstservicepkg/local/lib/python3.10/dist-packages/firstservicepkg/_firstservicepkg_s.ep.rosidl_typesupport_fastrtps_c.c
[2.899s] -- Up-to-date: /home/robot/ros_workspaces/project2/install/firstservicepkg/local/lib/python3.10/dist-packages/firstservicepkg/_firstservicepkg_s.ep.rosidl_typesupport_c.c
[2.900s] -- Up-to-date: /home/robot/ros_workspaces/project2/install/firstservicepkg/local/lib/python3.10/dist-packages/firstservicepkg/firstservicepkg_s__rosidl_typesupport_fastrtps_c.cpython-310-x86_64-linux-gnu.so
[2.951s] Listing '/home/robot/ros_workspaces/project2/install/firstservicepkg/local/lib/python3.10/dist-packages/firstservicepkg'...
[2.952s] Listing '/home/robot/ros_workspaces/project2/install/firstservicepkg/local/lib/python3.10/dist-packages/firstservicepkg/srv'...
[2.974s] -- Up-to-date: /home/robot/ros_workspaces/project2/install/firstservicepkg/local/lib/python3.10/dist-packages/firstservicepkg/firstservicepkg_s__rosidl_typesupport_fastrtps_c.cpython-310-x86_64-linux-gnu.so
[2.977s] -- Up-to-date: /home/robot/ros_workspaces/project2/install/firstservicepkg/local/lib/python3.10/dist-packages/firstservicepkg/firstservicepkg_s__rosidl_typesupport_introspection_c.cpython-310-x86_64-linux-gnu.so
[2.978s] -- Up-to-date: /home/robot/ros_workspaces/project2/install/firstservicepkg/local/lib/python3.10/dist-packages/firstservicepkg/firstservicepkg_s__rosidl_typesupport_c.cpython-310-x86_64-linux-gnu.so
[2.978s] -- Up-to-date: /home/robot/ros_workspaces/project2/install/firstservicepkg/lib/libfirstservicepkg__rosidl_generator_py.so
[2.980s] -- Up-to-date: /home/robot/ros_workspaces/project2/install/firstservicepkg/share/firstservicepkg/srv/TurnCamera.idl
[2.980s] -- Up-to-date: /home/robot/ros_workspaces/project2/install/firstservicepkg/share/firstservicepkg/srv/TurnCamera.srv
[2.981s] -- Up-to-date: /home/robot/ros_workspaces/project2/install/firstservicepkg/share/firstservicepkg/srv/TurnCamera_Request.msg
[2.982s] -- Up-to-date: /home/robot/ros_workspaces/project2/install/firstservicepkg/share/firstservicepkg/srv/TurnCamera_Response.msg
[2.982s] -- Up-to-date: /home/robot/ros_workspaces/project2/install/firstservicepkg/lib/firstservicepkg/turn_camera_service
[2.983s] -- Up-to-date: /home/robot/ros_workspaces/project2/install/firstservicepkg/lib/firstservicepkg/turn_camera_client
[2.986s] -- Installing: /home/robot/ros_workspaces/project2/install/firstservicepkg/share/firstservicepkg//launch
[2.986s] -- Up-to-date: /home/robot/ros_workspaces/project2/install/firstservicepkg/share/ament_index/resource_index/package_run_dependencies/firstservicepkg
[2.987s] -- Up-to-date: /home/robot/ros_workspaces/project2/install/firstservicepkg/share/ament_index/resource_index/parent_prefix_path/firstservicepkg
[2.988s] -- Up-to-date: /home/robot/ros_workspaces/project2/install/firstservicepkg/share/firstservicepkg/environment/ament_prefix_path.sh
[2.989s] -- Installing: /home/robot/ros_workspaces/project2/install/firstservicepkg/share/firstservicepkg/environment/ament_prefix_path.dsv
[2.989s] -- Up-to-date: /home/robot/ros_workspaces/project2/install/firstservicepkg/share/firstservicepkg/environment/path.sh
[2.990s] -- Installing: /home/robot/ros_workspaces/project2/install/firstservicepkg/share/firstservicepkg/environment/path.dsv
[2.990s] -- Up-to-date: /home/robot/ros_workspaces/project2/install/firstservicepkg/share/firstservicepkg/local_setup.bash
[2.991s] -- Up-to-date: /home/robot/ros_workspaces/project2/install/firstservicepkg/share/firstservicepkg/local_setup.sh
[2.991s] -- Up-to-date: /home/robot/ros_workspaces/project2/install/firstservicepkg/share/firstservicepkg/local_setup.zsh
[2.992s] -- Installing: /home/robot/ros_workspaces/project2/install/firstservicepkg/share/firstservicepkg/local_setup.dsv
[2.992s] -- Installing: /home/robot/ros_workspaces/project2/install/firstservicepkg/share/firstservicepkg/package.dsv
[2.993s] -- Up-to-date: /home/robot/ros_workspaces/project2/install/firstservicepkg/share/ament_index/resource_index/packages/firstservicepkg
[2.993s] -- Up-to-date: /home/robot/ros_workspaces/project2/install/firstservicepkg/share/firstservicepkg/cmake/export_firstservicepkg__rosidl_generator_cExport.cmake
[2.993s] -- Up-to-date: /home/robot/ros_workspaces/project2/install/firstservicepkg/share/firstservicepkg/cmake/export_firstservicepkg__rosidl_generator_cExport-noconfig.cmake
[3.002s] -- Up-to-date: /home/robot/ros_workspaces/project2/install/firstservicepkg/share/firstservicepkg/cmake/export_firstservicepkg__rosidl_typesupport_fastrtps_cExport.cmake
[3.003s] -- Up-to-date: /home/robot/ros_workspaces/project2/install/firstservicepkg/share/firstservicepkg/cmake/export_firstservicepkg__rosidl_typesupport_fastrtps_cExport-noconfig.cmake
[3.004s] -- Up-to-date: /home/robot/ros_workspaces/project2/install/firstservicepkg/share/firstservicepkg/cmake/export_firstservicepkg__rosidl_generator_cppExport.cmake
[3.004s] -- Up-to-date: /home/robot/ros_workspaces/project2/install/firstservicepkg/share/firstservicepkg/cmake/export_firstservicepkg__rosidl_typesupport_fastrtps_cppExport.cmake
[3.005s] -- Up-to-date: /home/robot/ros_workspaces/project2/install/firstservicepkg/share/firstservicepkg/cmake/export_firstservicepkg__rosidl_typesupport_fastrtps_cppExport-noconfig.cmake
[3.005s] -- Up-to-date: /home/robot/ros_workspaces/project2/install/firstservicepkg/share/firstservicepkg/cmake/firstservicepkg__rosidl_typesupport_introspection_cExport.cmake
[3.006s] -- Up-to-date: /home/robot/ros_workspaces/project2/install/firstservicepkg/share/firstservicepkg/cmake/firstservicepkg__rosidl_typesupport_introspection_cExport-noconfig.cmake
[3.006s] -- Up-to-date: /home/robot/ros_workspaces/project2/install/firstservicepkg/share/firstservicepkg/cmake/firstservicepkg__rosidl_typesupport_cExport.cmake
[3.007s] -- Up-to-date: /home/robot/ros_workspaces/project2/install/firstservicepkg/share/firstservicepkg/cmake/firstservicepkg__rosidl_typesupport_cExport-noconfig.cmake
[3.007s] -- Up-to-date: /home/robot/ros_workspaces/project2/install/firstservicepkg/share/firstservicepkg/cmake/firstservicepkg__rosidl_typesupport_introspection_cppExport.cmake
[3.008s] -- Up-to-date: /home/robot/ros_workspaces/project2/install/firstservicepkg/share/firstservicepkg/cmake/firstservicepkg__rosidl_typesupport_introspection_cppExport-noconfig.cmake
[3.008s] -- Up-to-date: /home/robot/ros_workspaces/project2/install/firstservicepkg/share/firstservicepkg/cmake/firstservicepkg__rosidl_typesupport_cppExport.cmake
[3.009s] -- Up-to-date: /home/robot/ros_workspaces/project2/install/firstservicepkg/share/firstservicepkg/cmake/firstservicepkg__rosidl_typesupport_cppExport-noconfig.cmake
[3.009s] -- Up-to-date: /home/robot/ros_workspaces/project2/install/firstservicepkg/share/firstservicepkg/cmake/export_firstservicepkg__rosidl_generator_pyExport.cmake
[3.010s] -- Up-to-date: /home/robot/ros_workspaces/project2/install/firstservicepkg/share/firstservicepkg/cmake/export_firstservicepkg__rosidl_generator_pyExport-noconfig.cmake
[3.010s] -- Up-to-date: /home/robot/ros_workspaces/project2/install/firstservicepkg/share/firstservicepkg/cmake/rosidl_cmake-extras.cmake
[3.011s] -- Up-to-date: /home/robot/ros_workspaces/project2/install/firstservicepkg/share/firstservicepkg/cmake/ament_cmake_export_dependencies-extras.cmake
[3.018s] -- Up-to-date: /home/robot/ros_workspaces/project2/install/firstservicepkg/share/firstservicepkg/cmake/ament_cmake_export_include_directories-extras.cmake
[3.030s] -- Up-to-date: /home/robot/ros_workspaces/project2/install/firstservicepkg/share/firstservicepkg/cmake/ament_cmake_export_libraries-extras.cmake
[3.030s] -- Up-to-date: /home/robot/ros_workspaces/project2/install/firstservicepkg/share/firstservicepkg/cmake/ament_cmake_export_targets-extras.cmake
[3.031s] -- Up-to-date: /home/robot/ros_workspaces/project2/install/firstservicepkg/share/firstservicepkg/cmake/rosidl_cmake_export_typesupport_targets-extras.cmake
[3.032s] -- Up-to-date: /home/robot/ros_workspaces/project2/install/firstservicepkg/share/firstservicepkg/cmake/rosidl_cmake_export_typesupport_libraries-extras.cmake
[3.032s] -- Up-to-date: /home/robot/ros_workspaces/project2/install/firstservicepkg/share/firstservicepkg/cmake/firstservicepkgConfig.cmake
[3.045s] -- Up-to-date: /home/robot/ros_workspaces/project2/install/firstservicepkg/share/firstservicepkg/cmake/firstservicepkgConfig-version.cmake
[3.046s] -- Installing: /home/robot/ros_workspaces/project2/install/firstservicepkg/share/firstservicepkg/package.xml
[3.046s] Invoked command in '/home/robot/ros_workspaces/project2/build/firstservicepkg' returned '0': CMAKE_PREFIX_PATH=/opt/ros/humble /usr/bin/cmake --install /home/robot/ros_workspaces/project2/build/firstservicepkg
