[0.047s] Invoking command in '/home/robot/ros_workspaces/project2/firstservicepkg/build/firstservicepkg': CMAKE_PREFIX_PATH=/opt/ros/humble /usr/bin/cmake --build /home/robot/ros_workspaces/project2/firstservicepkg/build/firstservicepkg -- -j4 -l4
[0.225s] [35m[1mConsolidate compiler generated dependencies of target firstservicepkg__rosidl_generator_c[0m
[0.263s] [  2%] Built target firstservicepkg__cpp
[0.291s] [ 11%] Built target firstservicepkg__rosidl_generator_c
[0.313s] [35m[1mConsolidate compiler generated dependencies of target firstservicepkg__rosidl_typesupport_fastrtps_cpp[0m
[0.322s] [35m[1mConsolidate compiler generated dependencies of target firstservicepkg__rosidl_typesupport_cpp[0m
[0.323s] [ 11%] Built target ament_cmake_python_copy_firstservicepkg
[0.362s] [35m[1mConsolidate compiler generated dependencies of target firstservicepkg__rosidl_typesupport_introspection_cpp[0m
[0.410s] [35m[1mConsolidate compiler generated dependencies of target firstservicepkg__rosidl_typesupport_fastrtps_c[0m
[0.459s] [ 20%] Built target firstservicepkg__rosidl_typesupport_cpp
[0.473s] [ 30%] Built target firstservicepkg__rosidl_typesupport_introspection_cpp
[0.497s] [ 39%] Built target firstservicepkg__rosidl_typesupport_fastrtps_cpp
[0.572s] [ 48%] Built target firstservicepkg__rosidl_typesupport_fastrtps_c
[0.573s] [35m[1mConsolidate compiler generated dependencies of target firstservicepkg__rosidl_typesupport_introspection_c[0m
[0.587s] [35m[1mConsolidate compiler generated dependencies of target firstservicepkg__rosidl_typesupport_c[0m
[0.684s] [35m[1mConsolidate compiler generated dependencies of target turn_camera_service[0m
[0.722s] [ 58%] Built target firstservicepkg__rosidl_typesupport_introspection_c
[0.730s] [ 67%] Built target firstservicepkg__rosidl_typesupport_c
[0.808s] [35m[1mConsolidate compiler generated dependencies of target turn_camera_client[0m
[0.905s] [ 72%] Built target turn_camera_service
[0.917s] [ 72%] Built target firstservicepkg
[0.964s] [ 76%] Built target turn_camera_client
[1.029s] [ 79%] Built target firstservicepkg__py
[1.074s] [35m[1mConsolidate compiler generated dependencies of target firstservicepkg__rosidl_generator_py[0m
[1.142s] [ 86%] Built target firstservicepkg__rosidl_generator_py
[1.195s] [35m[1mConsolidate compiler generated dependencies of target firstservicepkg__rosidl_typesupport_introspection_c__pyext[0m
[1.196s] [35m[1mConsolidate compiler generated dependencies of target firstservicepkg__rosidl_typesupport_fastrtps_c__pyext[0m
[1.196s] [35m[1mConsolidate compiler generated dependencies of target firstservicepkg__rosidl_typesupport_c__pyext[0m
[1.312s] [ 90%] Built target firstservicepkg__rosidl_typesupport_fastrtps_c__pyext
[1.337s] [ 95%] Built target firstservicepkg__rosidl_typesupport_c__pyext
[1.355s] [100%] Built target firstservicepkg__rosidl_typesupport_introspection_c__pyext
[2.084s] running egg_info
[2.088s] writing firstservicepkg.egg-info/PKG-INFO
[2.088s] writing dependency_links to firstservicepkg.egg-info/dependency_links.txt
[2.090s] writing top-level names to firstservicepkg.egg-info/top_level.txt
[2.100s] reading manifest file 'firstservicepkg.egg-info/SOURCES.txt'
[2.103s] writing manifest file 'firstservicepkg.egg-info/SOURCES.txt'
[2.231s] [100%] Built target ament_cmake_python_build_firstservicepkg_egg
[2.279s] Invoked command in '/home/robot/ros_workspaces/project2/firstservicepkg/build/firstservicepkg' returned '0': CMAKE_PREFIX_PATH=/opt/ros/humble /usr/bin/cmake --build /home/robot/ros_workspaces/project2/firstservicepkg/build/firstservicepkg -- -j4 -l4
[2.695s] Invoking command in '/home/robot/ros_workspaces/project2/firstservicepkg/build/firstservicepkg': CMAKE_PREFIX_PATH=/opt/ros/humble /usr/bin/cmake --install /home/robot/ros_workspaces/project2/firstservicepkg/build/firstservicepkg
[2.734s] -- Install configuration: ""
[2.735s] -- Up-to-date: /home/robot/ros_workspaces/project2/firstservicepkg/install/firstservicepkg/share/ament_index/resource_index/rosidl_interfaces/firstservicepkg
[2.736s] -- Up-to-date: /home/robot/ros_workspaces/project2/firstservicepkg/install/firstservicepkg/include/firstservicepkg/firstservicepkg
[2.736s] -- Up-to-date: /home/robot/ros_workspaces/project2/firstservicepkg/install/firstservicepkg/include/firstservicepkg/firstservicepkg/msg
[2.737s] -- Up-to-date: /home/robot/ros_workspaces/project2/firstservicepkg/install/firstservicepkg/include/firstservicepkg/firstservicepkg/msg/rosidl_generator_c__visibility_control.h
[2.737s] -- Up-to-date: /home/robot/ros_workspaces/project2/firstservicepkg/install/firstservicepkg/include/firstservicepkg/firstservicepkg/srv
[2.738s] -- Up-to-date: /home/robot/ros_workspaces/project2/firstservicepkg/install/firstservicepkg/include/firstservicepkg/firstservicepkg/srv/turn_camera.h
[2.739s] -- Up-to-date: /home/robot/ros_workspaces/project2/firstservicepkg/install/firstservicepkg/include/firstservicepkg/firstservicepkg/srv/detail
[2.739s] -- Up-to-date: /home/robot/ros_workspaces/project2/firstservicepkg/install/firstservicepkg/include/firstservicepkg/firstservicepkg/srv/detail/turn_camera__functions.c
[2.741s] -- Up-to-date: /home/robot/ros_workspaces/project2/firstservicepkg/install/firstservicepkg/include/firstservicepkg/firstservicepkg/srv/detail/turn_camera__type_support.h
[2.742s] -- Up-to-date: /home/robot/ros_workspaces/project2/firstservicepkg/install/firstservicepkg/include/firstservicepkg/firstservicepkg/srv/detail/turn_camera__functions.h
[2.742s] -- Up-to-date: /home/robot/ros_workspaces/project2/firstservicepkg/install/firstservicepkg/include/firstservicepkg/firstservicepkg/srv/detail/turn_camera__struct.h
[2.748s] -- Up-to-date: /home/robot/ros_workspaces/project2/firstservicepkg/install/firstservicepkg/include/firstservicepkg/firstservicepkg/action
[2.749s] -- Up-to-date: /home/robot/ros_workspaces/project2/firstservicepkg/install/firstservicepkg/include/firstservicepkg/firstservicepkg/action/detail
[2.750s] -- Up-to-date: /home/robot/ros_workspaces/project2/firstservicepkg/install/firstservicepkg/include/firstservicepkg/firstservicepkg/action/detail/navigate__functions.c
[2.750s] -- Up-to-date: /home/robot/ros_workspaces/project2/firstservicepkg/install/firstservicepkg/include/firstservicepkg/firstservicepkg/action/detail/navigate__struct.h
[2.759s] -- Up-to-date: /home/robot/ros_workspaces/project2/firstservicepkg/install/firstservicepkg/include/firstservicepkg/firstservicepkg/action/detail/navigate__functions.h
[2.763s] -- Up-to-date: /home/robot/ros_workspaces/project2/firstservicepkg/install/firstservicepkg/include/firstservicepkg/firstservicepkg/action/detail/navigate__type_support.h
[2.764s] -- Up-to-date: /home/robot/ros_workspaces/project2/firstservicepkg/install/firstservicepkg/include/firstservicepkg/firstservicepkg/action/navigate.h
[2.764s] -- Up-to-date: /home/robot/ros_workspaces/project2/firstservicepkg/install/firstservicepkg/share/firstservicepkg/environment/library_path.sh
[2.765s] -- Up-to-date: /home/robot/ros_workspaces/project2/firstservicepkg/install/firstservicepkg/share/firstservicepkg/environment/library_path.dsv
[2.765s] -- Up-to-date: /home/robot/ros_workspaces/project2/firstservicepkg/install/firstservicepkg/lib/libfirstservicepkg__rosidl_generator_c.so
[2.766s] -- Up-to-date: /home/robot/ros_workspaces/project2/firstservicepkg/install/firstservicepkg/include/firstservicepkg/firstservicepkg
[2.766s] -- Up-to-date: /home/robot/ros_workspaces/project2/firstservicepkg/install/firstservicepkg/include/firstservicepkg/firstservicepkg/msg
[2.771s] -- Up-to-date: /home/robot/ros_workspaces/project2/firstservicepkg/install/firstservicepkg/include/firstservicepkg/firstservicepkg/msg/rosidl_typesupport_fastrtps_c__visibility_control.h
[2.771s] -- Up-to-date: /home/robot/ros_workspaces/project2/firstservicepkg/install/firstservicepkg/include/firstservicepkg/firstservicepkg/srv
[2.772s] -- Up-to-date: /home/robot/ros_workspaces/project2/firstservicepkg/install/firstservicepkg/include/firstservicepkg/firstservicepkg/srv/detail
[2.773s] -- Up-to-date: /home/robot/ros_workspaces/project2/firstservicepkg/install/firstservicepkg/include/firstservicepkg/firstservicepkg/srv/detail/turn_camera__rosidl_typesupport_fastrtps_c.h
[2.773s] -- Up-to-date: /home/robot/ros_workspaces/project2/firstservicepkg/install/firstservicepkg/include/firstservicepkg/firstservicepkg/action
[2.773s] -- Up-to-date: /home/robot/ros_workspaces/project2/firstservicepkg/install/firstservicepkg/include/firstservicepkg/firstservicepkg/action/detail
[2.774s] -- Up-to-date: /home/robot/ros_workspaces/project2/firstservicepkg/install/firstservicepkg/include/firstservicepkg/firstservicepkg/action/detail/navigate__rosidl_typesupport_fastrtps_c.h
[2.774s] -- Up-to-date: /home/robot/ros_workspaces/project2/firstservicepkg/install/firstservicepkg/lib/libfirstservicepkg__rosidl_typesupport_fastrtps_c.so
[2.783s] -- Up-to-date: /home/robot/ros_workspaces/project2/firstservicepkg/install/firstservicepkg/include/firstservicepkg/firstservicepkg
[2.787s] -- Up-to-date: /home/robot/ros_workspaces/project2/firstservicepkg/install/firstservicepkg/include/firstservicepkg/firstservicepkg/srv
[2.788s] -- Up-to-date: /home/robot/ros_workspaces/project2/firstservicepkg/install/firstservicepkg/include/firstservicepkg/firstservicepkg/srv/turn_camera.hpp
[2.788s] -- Up-to-date: /home/robot/ros_workspaces/project2/firstservicepkg/install/firstservicepkg/include/firstservicepkg/firstservicepkg/srv/detail
[2.789s] -- Up-to-date: /home/robot/ros_workspaces/project2/firstservicepkg/install/firstservicepkg/include/firstservicepkg/firstservicepkg/srv/detail/turn_camera__struct.hpp
[2.789s] -- Up-to-date: /home/robot/ros_workspaces/project2/firstservicepkg/install/firstservicepkg/include/firstservicepkg/firstservicepkg/srv/detail/turn_camera__traits.hpp
[2.790s] -- Up-to-date: /home/robot/ros_workspaces/project2/firstservicepkg/install/firstservicepkg/include/firstservicepkg/firstservicepkg/srv/detail/turn_camera__builder.hpp
[2.790s] -- Up-to-date: /home/robot/ros_workspaces/project2/firstservicepkg/install/firstservicepkg/include/firstservicepkg/firstservicepkg/action
[2.791s] -- Up-to-date: /home/robot/ros_workspaces/project2/firstservicepkg/install/firstservicepkg/include/firstservicepkg/firstservicepkg/action/navigate.hpp
[2.792s] -- Up-to-date: /home/robot/ros_workspaces/project2/firstservicepkg/install/firstservicepkg/include/firstservicepkg/firstservicepkg/action/detail
[2.792s] -- Up-to-date: /home/robot/ros_workspaces/project2/firstservicepkg/install/firstservicepkg/include/firstservicepkg/firstservicepkg/action/detail/navigate__struct.hpp
[2.793s] -- Up-to-date: /home/robot/ros_workspaces/project2/firstservicepkg/install/firstservicepkg/include/firstservicepkg/firstservicepkg/action/detail/navigate__builder.hpp
[2.793s] -- Up-to-date: /home/robot/ros_workspaces/project2/firstservicepkg/install/firstservicepkg/include/firstservicepkg/firstservicepkg/action/detail/navigate__traits.hpp
[2.794s] -- Up-to-date: /home/robot/ros_workspaces/project2/firstservicepkg/install/firstservicepkg/include/firstservicepkg/firstservicepkg
[2.794s] -- Up-to-date: /home/robot/ros_workspaces/project2/firstservicepkg/install/firstservicepkg/include/firstservicepkg/firstservicepkg/msg
[2.803s] -- Up-to-date: /home/robot/ros_workspaces/project2/firstservicepkg/install/firstservicepkg/include/firstservicepkg/firstservicepkg/msg/rosidl_typesupport_fastrtps_cpp__visibility_control.h
[2.804s] -- Up-to-date: /home/robot/ros_workspaces/project2/firstservicepkg/install/firstservicepkg/include/firstservicepkg/firstservicepkg/srv
[2.804s] -- Up-to-date: /home/robot/ros_workspaces/project2/firstservicepkg/install/firstservicepkg/include/firstservicepkg/firstservicepkg/srv/detail
[2.805s] -- Up-to-date: /home/robot/ros_workspaces/project2/firstservicepkg/install/firstservicepkg/include/firstservicepkg/firstservicepkg/srv/detail/turn_camera__rosidl_typesupport_fastrtps_cpp.hpp
[2.805s] -- Up-to-date: /home/robot/ros_workspaces/project2/firstservicepkg/install/firstservicepkg/include/firstservicepkg/firstservicepkg/srv/detail/dds_fastrtps
[2.806s] -- Up-to-date: /home/robot/ros_workspaces/project2/firstservicepkg/install/firstservicepkg/include/firstservicepkg/firstservicepkg/action
[2.807s] -- Up-to-date: /home/robot/ros_workspaces/project2/firstservicepkg/install/firstservicepkg/include/firstservicepkg/firstservicepkg/action/detail
[2.807s] -- Up-to-date: /home/robot/ros_workspaces/project2/firstservicepkg/install/firstservicepkg/include/firstservicepkg/firstservicepkg/action/detail/dds_fastrtps
[2.808s] -- Up-to-date: /home/robot/ros_workspaces/project2/firstservicepkg/install/firstservicepkg/include/firstservicepkg/firstservicepkg/action/detail/navigate__rosidl_typesupport_fastrtps_cpp.hpp
[2.808s] -- Up-to-date: /home/robot/ros_workspaces/project2/firstservicepkg/install/firstservicepkg/lib/libfirstservicepkg__rosidl_typesupport_fastrtps_cpp.so
[2.808s] -- Up-to-date: /home/robot/ros_workspaces/project2/firstservicepkg/install/firstservicepkg/include/firstservicepkg/firstservicepkg
[2.809s] -- Up-to-date: /home/robot/ros_workspaces/project2/firstservicepkg/install/firstservicepkg/include/firstservicepkg/firstservicepkg/msg
[2.809s] -- Up-to-date: /home/robot/ros_workspaces/project2/firstservicepkg/install/firstservicepkg/include/firstservicepkg/firstservicepkg/msg/rosidl_typesupport_introspection_c__visibility_control.h
[2.810s] -- Up-to-date: /home/robot/ros_workspaces/project2/firstservicepkg/install/firstservicepkg/include/firstservicepkg/firstservicepkg/srv
[2.810s] -- Up-to-date: /home/robot/ros_workspaces/project2/firstservicepkg/install/firstservicepkg/include/firstservicepkg/firstservicepkg/srv/detail
[2.811s] -- Up-to-date: /home/robot/ros_workspaces/project2/firstservicepkg/install/firstservicepkg/include/firstservicepkg/firstservicepkg/srv/detail/turn_camera__rosidl_typesupport_introspection_c.h
[2.812s] -- Up-to-date: /home/robot/ros_workspaces/project2/firstservicepkg/install/firstservicepkg/include/firstservicepkg/firstservicepkg/srv/detail/turn_camera__type_support.c
[2.812s] -- Up-to-date: /home/robot/ros_workspaces/project2/firstservicepkg/install/firstservicepkg/include/firstservicepkg/firstservicepkg/action
[2.813s] -- Up-to-date: /home/robot/ros_workspaces/project2/firstservicepkg/install/firstservicepkg/include/firstservicepkg/firstservicepkg/action/detail
[2.813s] -- Up-to-date: /home/robot/ros_workspaces/project2/firstservicepkg/install/firstservicepkg/include/firstservicepkg/firstservicepkg/action/detail/navigate__type_support.c
[2.814s] -- Up-to-date: /home/robot/ros_workspaces/project2/firstservicepkg/install/firstservicepkg/include/firstservicepkg/firstservicepkg/action/detail/navigate__rosidl_typesupport_introspection_c.h
[2.814s] -- Up-to-date: /home/robot/ros_workspaces/project2/firstservicepkg/install/firstservicepkg/lib/libfirstservicepkg__rosidl_typesupport_introspection_c.so
[2.826s] -- Up-to-date: /home/robot/ros_workspaces/project2/firstservicepkg/install/firstservicepkg/lib/libfirstservicepkg__rosidl_typesupport_c.so
[2.827s] -- Up-to-date: /home/robot/ros_workspaces/project2/firstservicepkg/install/firstservicepkg/include/firstservicepkg/firstservicepkg
[2.828s] -- Up-to-date: /home/robot/ros_workspaces/project2/firstservicepkg/install/firstservicepkg/include/firstservicepkg/firstservicepkg/srv
[2.828s] -- Up-to-date: /home/robot/ros_workspaces/project2/firstservicepkg/install/firstservicepkg/include/firstservicepkg/firstservicepkg/srv/detail
[2.829s] -- Up-to-date: /home/robot/ros_workspaces/project2/firstservicepkg/install/firstservicepkg/include/firstservicepkg/firstservicepkg/srv/detail/turn_camera__rosidl_typesupport_introspection_cpp.hpp
[2.829s] -- Up-to-date: /home/robot/ros_workspaces/project2/firstservicepkg/install/firstservicepkg/include/firstservicepkg/firstservicepkg/srv/detail/turn_camera__type_support.cpp
[2.830s] -- Up-to-date: /home/robot/ros_workspaces/project2/firstservicepkg/install/firstservicepkg/include/firstservicepkg/firstservicepkg/action
[2.830s] -- Up-to-date: /home/robot/ros_workspaces/project2/firstservicepkg/install/firstservicepkg/include/firstservicepkg/firstservicepkg/action/detail
[2.831s] -- Up-to-date: /home/robot/ros_workspaces/project2/firstservicepkg/install/firstservicepkg/include/firstservicepkg/firstservicepkg/action/detail/navigate__rosidl_typesupport_introspection_cpp.hpp
[2.831s] -- Up-to-date: /home/robot/ros_workspaces/project2/firstservicepkg/install/firstservicepkg/include/firstservicepkg/firstservicepkg/action/detail/navigate__type_support.cpp
[2.832s] -- Up-to-date: /home/robot/ros_workspaces/project2/firstservicepkg/install/firstservicepkg/lib/libfirstservicepkg__rosidl_typesupport_introspection_cpp.so
[2.832s] -- Up-to-date: /home/robot/ros_workspaces/project2/firstservicepkg/install/firstservicepkg/lib/libfirstservicepkg__rosidl_typesupport_cpp.so
[2.833s] -- Up-to-date: /home/robot/ros_workspaces/project2/firstservicepkg/install/firstservicepkg/share/firstservicepkg/environment/pythonpath.sh
[2.834s] -- Up-to-date: /home/robot/ros_workspaces/project2/firstservicepkg/install/firstservicepkg/share/firstservicepkg/environment/pythonpath.dsv
[2.834s] -- Up-to-date: /home/robot/ros_workspaces/project2/firstservicepkg/install/firstservicepkg/local/lib/python3.10/dist-packages/firstservicepkg-0.0.0-py3.10.egg-info
[2.843s] -- Installing: /home/robot/ros_workspaces/project2/firstservicepkg/install/firstservicepkg/local/lib/python3.10/dist-packages/firstservicepkg-0.0.0-py3.10.egg-info/PKG-INFO
[2.844s] -- Installing: /home/robot/ros_workspaces/project2/firstservicepkg/install/firstservicepkg/local/lib/python3.10/dist-packages/firstservicepkg-0.0.0-py3.10.egg-info/dependency_links.txt
[2.844s] -- Installing: /home/robot/ros_workspaces/project2/firstservicepkg/install/firstservicepkg/local/lib/python3.10/dist-packages/firstservicepkg-0.0.0-py3.10.egg-info/top_level.txt
[2.845s] -- Installing: /home/robot/ros_workspaces/project2/firstservicepkg/install/firstservicepkg/local/lib/python3.10/dist-packages/firstservicepkg-0.0.0-py3.10.egg-info/SOURCES.txt
[2.845s] -- Up-to-date: /home/robot/ros_workspaces/project2/firstservicepkg/install/firstservicepkg/local/lib/python3.10/dist-packages/firstservicepkg
[2.846s] -- Up-to-date: /home/robot/ros_workspaces/project2/firstservicepkg/install/firstservicepkg/local/lib/python3.10/dist-packages/firstservicepkg/firstservicepkg_s__rosidl_typesupport_introspection_c.cpython-310-x86_64-linux-gnu.so
[2.846s] -- Up-to-date: /home/robot/ros_workspaces/project2/firstservicepkg/install/firstservicepkg/local/lib/python3.10/dist-packages/firstservicepkg/__init__.py
[2.847s] -- Up-to-date: /home/robot/ros_workspaces/project2/firstservicepkg/install/firstservicepkg/local/lib/python3.10/dist-packages/firstservicepkg/libfirstservicepkg__rosidl_generator_py.so
[2.847s] -- Up-to-date: /home/robot/ros_workspaces/project2/firstservicepkg/install/firstservicepkg/local/lib/python3.10/dist-packages/firstservicepkg/srv
[2.848s] -- Up-to-date: /home/robot/ros_workspaces/project2/firstservicepkg/install/firstservicepkg/local/lib/python3.10/dist-packages/firstservicepkg/srv/_turn_camera.py
[2.848s] -- Up-to-date: /home/robot/ros_workspaces/project2/firstservicepkg/install/firstservicepkg/local/lib/python3.10/dist-packages/firstservicepkg/srv/__init__.py
[2.849s] -- Up-to-date: /home/robot/ros_workspaces/project2/firstservicepkg/install/firstservicepkg/local/lib/python3.10/dist-packages/firstservicepkg/srv/_turn_camera_s.c
[2.849s] -- Up-to-date: /home/robot/ros_workspaces/project2/firstservicepkg/install/firstservicepkg/local/lib/python3.10/dist-packages/firstservicepkg/firstservicepkg_s__rosidl_typesupport_c.cpython-310-x86_64-linux-gnu.so
[2.850s] -- Up-to-date: /home/robot/ros_workspaces/project2/firstservicepkg/install/firstservicepkg/local/lib/python3.10/dist-packages/firstservicepkg/_firstservicepkg_s.ep.rosidl_typesupport_introspection_c.c
[2.850s] -- Up-to-date: /home/robot/ros_workspaces/project2/firstservicepkg/install/firstservicepkg/local/lib/python3.10/dist-packages/firstservicepkg/_firstservicepkg_s.ep.rosidl_typesupport_fastrtps_c.c
[2.850s] -- Up-to-date: /home/robot/ros_workspaces/project2/firstservicepkg/install/firstservicepkg/local/lib/python3.10/dist-packages/firstservicepkg/_firstservicepkg_s.ep.rosidl_typesupport_c.c
[2.851s] -- Up-to-date: /home/robot/ros_workspaces/project2/firstservicepkg/install/firstservicepkg/local/lib/python3.10/dist-packages/firstservicepkg/action
[2.852s] -- Up-to-date: /home/robot/ros_workspaces/project2/firstservicepkg/install/firstservicepkg/local/lib/python3.10/dist-packages/firstservicepkg/action/_navigate_s.c
[2.852s] -- Up-to-date: /home/robot/ros_workspaces/project2/firstservicepkg/install/firstservicepkg/local/lib/python3.10/dist-packages/firstservicepkg/action/_navigate.py
[2.853s] -- Up-to-date: /home/robot/ros_workspaces/project2/firstservicepkg/install/firstservicepkg/local/lib/python3.10/dist-packages/firstservicepkg/action/__init__.py
[2.853s] -- Up-to-date: /home/robot/ros_workspaces/project2/firstservicepkg/install/firstservicepkg/local/lib/python3.10/dist-packages/firstservicepkg/firstservicepkg_s__rosidl_typesupport_fastrtps_c.cpython-310-x86_64-linux-gnu.so
[2.941s] Listing '/home/robot/ros_workspaces/project2/firstservicepkg/install/firstservicepkg/local/lib/python3.10/dist-packages/firstservicepkg'...
[2.941s] Listing '/home/robot/ros_workspaces/project2/firstservicepkg/install/firstservicepkg/local/lib/python3.10/dist-packages/firstservicepkg/action'...
[2.943s] Listing '/home/robot/ros_workspaces/project2/firstservicepkg/install/firstservicepkg/local/lib/python3.10/dist-packages/firstservicepkg/srv'...
[2.961s] -- Up-to-date: /home/robot/ros_workspaces/project2/firstservicepkg/install/firstservicepkg/local/lib/python3.10/dist-packages/firstservicepkg/firstservicepkg_s__rosidl_typesupport_fastrtps_c.cpython-310-x86_64-linux-gnu.so
[2.963s] -- Up-to-date: /home/robot/ros_workspaces/project2/firstservicepkg/install/firstservicepkg/local/lib/python3.10/dist-packages/firstservicepkg/firstservicepkg_s__rosidl_typesupport_introspection_c.cpython-310-x86_64-linux-gnu.so
[2.965s] -- Up-to-date: /home/robot/ros_workspaces/project2/firstservicepkg/install/firstservicepkg/local/lib/python3.10/dist-packages/firstservicepkg/firstservicepkg_s__rosidl_typesupport_c.cpython-310-x86_64-linux-gnu.so
[2.966s] -- Up-to-date: /home/robot/ros_workspaces/project2/firstservicepkg/install/firstservicepkg/lib/libfirstservicepkg__rosidl_generator_py.so
[2.968s] -- Up-to-date: /home/robot/ros_workspaces/project2/firstservicepkg/install/firstservicepkg/share/firstservicepkg/srv/TurnCamera.idl
[2.969s] -- Up-to-date: /home/robot/ros_workspaces/project2/firstservicepkg/install/firstservicepkg/share/firstservicepkg/action/Navigate.idl
[2.969s] -- Up-to-date: /home/robot/ros_workspaces/project2/firstservicepkg/install/firstservicepkg/share/firstservicepkg/srv/TurnCamera.srv
[2.970s] -- Up-to-date: /home/robot/ros_workspaces/project2/firstservicepkg/install/firstservicepkg/share/firstservicepkg/srv/TurnCamera_Request.msg
[2.970s] -- Up-to-date: /home/robot/ros_workspaces/project2/firstservicepkg/install/firstservicepkg/share/firstservicepkg/srv/TurnCamera_Response.msg
[2.971s] -- Up-to-date: /home/robot/ros_workspaces/project2/firstservicepkg/install/firstservicepkg/share/firstservicepkg/action/Navigate.action
[2.971s] -- Up-to-date: /home/robot/ros_workspaces/project2/firstservicepkg/install/firstservicepkg/lib/firstservicepkg/turn_camera_service
[2.972s] -- Up-to-date: /home/robot/ros_workspaces/project2/firstservicepkg/install/firstservicepkg/lib/firstservicepkg/turn_camera_client
[2.974s] -- Up-to-date: /home/robot/ros_workspaces/project2/firstservicepkg/install/firstservicepkg/share/firstservicepkg//launch
[2.975s] -- Up-to-date: /home/robot/ros_workspaces/project2/firstservicepkg/install/firstservicepkg/share/ament_index/resource_index/package_run_dependencies/firstservicepkg
[2.976s] -- Up-to-date: /home/robot/ros_workspaces/project2/firstservicepkg/install/firstservicepkg/share/ament_index/resource_index/parent_prefix_path/firstservicepkg
[2.977s] -- Up-to-date: /home/robot/ros_workspaces/project2/firstservicepkg/install/firstservicepkg/share/firstservicepkg/environment/ament_prefix_path.sh
[2.977s] -- Up-to-date: /home/robot/ros_workspaces/project2/firstservicepkg/install/firstservicepkg/share/firstservicepkg/environment/ament_prefix_path.dsv
[2.978s] -- Up-to-date: /home/robot/ros_workspaces/project2/firstservicepkg/install/firstservicepkg/share/firstservicepkg/environment/path.sh
[2.979s] -- Up-to-date: /home/robot/ros_workspaces/project2/firstservicepkg/install/firstservicepkg/share/firstservicepkg/environment/path.dsv
[2.980s] -- Up-to-date: /home/robot/ros_workspaces/project2/firstservicepkg/install/firstservicepkg/share/firstservicepkg/local_setup.bash
[2.981s] -- Up-to-date: /home/robot/ros_workspaces/project2/firstservicepkg/install/firstservicepkg/share/firstservicepkg/local_setup.sh
[2.982s] -- Up-to-date: /home/robot/ros_workspaces/project2/firstservicepkg/install/firstservicepkg/share/firstservicepkg/local_setup.zsh
[2.983s] -- Up-to-date: /home/robot/ros_workspaces/project2/firstservicepkg/install/firstservicepkg/share/firstservicepkg/local_setup.dsv
[2.984s] -- Installing: /home/robot/ros_workspaces/project2/firstservicepkg/install/firstservicepkg/share/firstservicepkg/package.dsv
[2.985s] -- Up-to-date: /home/robot/ros_workspaces/project2/firstservicepkg/install/firstservicepkg/share/ament_index/resource_index/packages/firstservicepkg
[2.986s] -- Up-to-date: /home/robot/ros_workspaces/project2/firstservicepkg/install/firstservicepkg/share/firstservicepkg/cmake/export_firstservicepkg__rosidl_generator_cExport.cmake
[2.987s] -- Up-to-date: /home/robot/ros_workspaces/project2/firstservicepkg/install/firstservicepkg/share/firstservicepkg/cmake/export_firstservicepkg__rosidl_generator_cExport-noconfig.cmake
[2.988s] -- Up-to-date: /home/robot/ros_workspaces/project2/firstservicepkg/install/firstservicepkg/share/firstservicepkg/cmake/export_firstservicepkg__rosidl_typesupport_fastrtps_cExport.cmake
[2.988s] -- Up-to-date: /home/robot/ros_workspaces/project2/firstservicepkg/install/firstservicepkg/share/firstservicepkg/cmake/export_firstservicepkg__rosidl_typesupport_fastrtps_cExport-noconfig.cmake
[2.989s] -- Up-to-date: /home/robot/ros_workspaces/project2/firstservicepkg/install/firstservicepkg/share/firstservicepkg/cmake/export_firstservicepkg__rosidl_generator_cppExport.cmake
[2.989s] -- Up-to-date: /home/robot/ros_workspaces/project2/firstservicepkg/install/firstservicepkg/share/firstservicepkg/cmake/export_firstservicepkg__rosidl_typesupport_fastrtps_cppExport.cmake
[2.990s] -- Up-to-date: /home/robot/ros_workspaces/project2/firstservicepkg/install/firstservicepkg/share/firstservicepkg/cmake/export_firstservicepkg__rosidl_typesupport_fastrtps_cppExport-noconfig.cmake
[2.990s] -- Up-to-date: /home/robot/ros_workspaces/project2/firstservicepkg/install/firstservicepkg/share/firstservicepkg/cmake/firstservicepkg__rosidl_typesupport_introspection_cExport.cmake
[2.991s] -- Up-to-date: /home/robot/ros_workspaces/project2/firstservicepkg/install/firstservicepkg/share/firstservicepkg/cmake/firstservicepkg__rosidl_typesupport_introspection_cExport-noconfig.cmake
[2.991s] -- Up-to-date: /home/robot/ros_workspaces/project2/firstservicepkg/install/firstservicepkg/share/firstservicepkg/cmake/firstservicepkg__rosidl_typesupport_cExport.cmake
[2.992s] -- Up-to-date: /home/robot/ros_workspaces/project2/firstservicepkg/install/firstservicepkg/share/firstservicepkg/cmake/firstservicepkg__rosidl_typesupport_cExport-noconfig.cmake
[2.992s] -- Up-to-date: /home/robot/ros_workspaces/project2/firstservicepkg/install/firstservicepkg/share/firstservicepkg/cmake/firstservicepkg__rosidl_typesupport_introspection_cppExport.cmake
[2.994s] -- Up-to-date: /home/robot/ros_workspaces/project2/firstservicepkg/install/firstservicepkg/share/firstservicepkg/cmake/firstservicepkg__rosidl_typesupport_introspection_cppExport-noconfig.cmake
[2.995s] -- Up-to-date: /home/robot/ros_workspaces/project2/firstservicepkg/install/firstservicepkg/share/firstservicepkg/cmake/firstservicepkg__rosidl_typesupport_cppExport.cmake
[2.997s] -- Up-to-date: /home/robot/ros_workspaces/project2/firstservicepkg/install/firstservicepkg/share/firstservicepkg/cmake/firstservicepkg__rosidl_typesupport_cppExport-noconfig.cmake
[2.998s] -- Up-to-date: /home/robot/ros_workspaces/project2/firstservicepkg/install/firstservicepkg/share/firstservicepkg/cmake/export_firstservicepkg__rosidl_generator_pyExport.cmake
[2.999s] -- Up-to-date: /home/robot/ros_workspaces/project2/firstservicepkg/install/firstservicepkg/share/firstservicepkg/cmake/export_firstservicepkg__rosidl_generator_pyExport-noconfig.cmake
[2.999s] -- Up-to-date: /home/robot/ros_workspaces/project2/firstservicepkg/install/firstservicepkg/share/firstservicepkg/cmake/rosidl_cmake-extras.cmake
[3.001s] -- Up-to-date: /home/robot/ros_workspaces/project2/firstservicepkg/install/firstservicepkg/share/firstservicepkg/cmake/ament_cmake_export_dependencies-extras.cmake
[3.001s] -- Up-to-date: /home/robot/ros_workspaces/project2/firstservicepkg/install/firstservicepkg/share/firstservicepkg/cmake/ament_cmake_export_include_directories-extras.cmake
[3.002s] -- Up-to-date: /home/robot/ros_workspaces/project2/firstservicepkg/install/firstservicepkg/share/firstservicepkg/cmake/ament_cmake_export_libraries-extras.cmake
[3.003s] -- Up-to-date: /home/robot/ros_workspaces/project2/firstservicepkg/install/firstservicepkg/share/firstservicepkg/cmake/ament_cmake_export_targets-extras.cmake
[3.004s] -- Up-to-date: /home/robot/ros_workspaces/project2/firstservicepkg/install/firstservicepkg/share/firstservicepkg/cmake/rosidl_cmake_export_typesupport_targets-extras.cmake
[3.005s] -- Up-to-date: /home/robot/ros_workspaces/project2/firstservicepkg/install/firstservicepkg/share/firstservicepkg/cmake/rosidl_cmake_export_typesupport_libraries-extras.cmake
[3.006s] -- Up-to-date: /home/robot/ros_workspaces/project2/firstservicepkg/install/firstservicepkg/share/firstservicepkg/cmake/firstservicepkgConfig.cmake
[3.006s] -- Up-to-date: /home/robot/ros_workspaces/project2/firstservicepkg/install/firstservicepkg/share/firstservicepkg/cmake/firstservicepkgConfig-version.cmake
[3.007s] -- Up-to-date: /home/robot/ros_workspaces/project2/firstservicepkg/install/firstservicepkg/share/firstservicepkg/package.xml
[3.008s] Invoked command in '/home/robot/ros_workspaces/project2/firstservicepkg/build/firstservicepkg' returned '0': CMAKE_PREFIX_PATH=/opt/ros/humble /usr/bin/cmake --install /home/robot/ros_workspaces/project2/firstservicepkg/build/firstservicepkg
