[  2%] [32mBuilding CXX object CMakeFiles/turn_camera_Client.dir/src/turn_camera_client.cpp.o[0m
[  5%] Built target firstservicepkg__cpp
[ 14%] Built target firstservicepkg__rosidl_generator_c
[ 14%] Built target ament_cmake_python_copy_firstservicepkg
[ 17%] [32mBuilding CXX object CMakeFiles/turn_camera_Server.dir/src/turn_camera_service.cpp.o[0m
[ 25%] Built target firstservicepkg__rosidl_typesupport_cpp
[ 34%] Built target firstservicepkg__rosidl_typesupport_fastrtps_cpp
[ 42%] Built target firstservicepkg__rosidl_typesupport_introspection_c
[ 51%] Built target firstservicepkg__rosidl_typesupport_c
[ 60%] Built target firstservicepkg__rosidl_typesupport_introspection_cpp
[ 68%] Built target firstservicepkg__rosidl_typesupport_fastrtps_c
[ 68%] Built target firstservicepkg
[ 71%] Built target firstservicepkg__py
[ 77%] Built target firstservicepkg__rosidl_generator_py
[ 82%] Built target firstservicepkg__rosidl_typesupport_fastrtps_c__pyext
[ 88%] Built target firstservicepkg__rosidl_typesupport_introspection_c__pyext
running egg_info
writing firstservicepkg.egg-info/PKG-INFO
writing dependency_links to firstservicepkg.egg-info/dependency_links.txt
writing top-level names to firstservicepkg.egg-info/top_level.txt
reading manifest file 'firstservicepkg.egg-info/SOURCES.txt'
writing manifest file 'firstservicepkg.egg-info/SOURCES.txt'
[ 88%] Built target ament_cmake_python_build_firstservicepkg_egg
