[0.513s] DEBUG:colcon:Command line arguments: ['/usr/bin/colcon', 'build']
[0.513s] DEBUG:colcon:Parsed command line arguments: Namespace(log_base=None, log_level=None, verb_name='build', build_base='build', install_base='install', merge_install=False, symlink_install=False, test_result_base=None, continue_on_error=False, executor='parallel', parallel_workers=4, event_handlers=None, ignore_user_meta=False, metas=['./colcon.meta'], base_paths=['.'], packages_ignore=None, packages_ignore_regex=None, paths=None, packages_up_to=None, packages_up_to_regex=None, packages_above=None, packages_above_and_dependencies=None, packages_above_depth=None, packages_select_by_dep=None, packages_skip_by_dep=None, packages_skip_up_to=None, packages_select_build_failed=False, packages_skip_build_finished=False, packages_select_test_failures=False, packages_skip_test_passed=False, packages_select=None, packages_skip=None, packages_select_regex=None, packages_skip_regex=None, packages_start=None, packages_end=None, allow_overriding=[], cmake_args=None, cmake_target=None, cmake_target_skip_unavailable=False, cmake_clean_cache=False, cmake_clean_first=False, cmake_force_configure=False, ament_cmake_args=None, catkin_cmake_args=None, catkin_skip_building_tests=False, verb_parser=<colcon_defaults.argument_parser.defaults.DefaultArgumentsDecorator object at 0x7affb95ff220>, verb_extension=<colcon_core.verb.build.BuildVerb object at 0x7affb9bdbe20>, main=<bound method BuildVerb.main of <colcon_core.verb.build.BuildVerb object at 0x7affb9bdbe20>>)
[1.310s] Level 1:colcon.colcon_core.package_discovery:discover_packages(colcon_meta) check parameters
[1.311s] Level 1:colcon.colcon_core.package_discovery:discover_packages(recursive) check parameters
[1.311s] Level 1:colcon.colcon_core.package_discovery:discover_packages(ignore) check parameters
[1.311s] Level 1:colcon.colcon_core.package_discovery:discover_packages(path) check parameters
[1.311s] Level 1:colcon.colcon_core.package_discovery:discover_packages(colcon_meta) discover
[1.311s] Level 1:colcon.colcon_core.package_discovery:discover_packages(recursive) discover
[1.311s] INFO:colcon.colcon_core.package_discovery:Crawling recursively for packages in '/home/robot/ros_workspaces/project2/firstservicepkg'
[1.312s] Level 1:colcon.colcon_core.package_identification:_identify(.) by extensions ['ignore', 'ignore_ament_install']
[1.312s] Level 1:colcon.colcon_core.package_identification:_identify(.) by extension 'ignore'
[1.313s] Level 1:colcon.colcon_core.package_identification:_identify(.) by extension 'ignore_ament_install'
[1.313s] Level 1:colcon.colcon_core.package_identification:_identify(.) by extensions ['colcon_pkg']
[1.313s] Level 1:colcon.colcon_core.package_identification:_identify(.) by extension 'colcon_pkg'
[1.313s] Level 1:colcon.colcon_core.package_identification:_identify(.) by extensions ['colcon_meta']
[1.313s] Level 1:colcon.colcon_core.package_identification:_identify(.) by extension 'colcon_meta'
[1.314s] Level 1:colcon.colcon_core.package_identification:_identify(.) by extensions ['ros']
[1.314s] Level 1:colcon.colcon_core.package_identification:_identify(.) by extension 'ros'
[1.374s] DEBUG:colcon.colcon_core.package_identification:Package '.' with type 'ros.ament_cmake' and name 'firstservicepkg'
[1.375s] Level 1:colcon.colcon_core.package_discovery:discover_packages(recursive) using defaults
[1.375s] Level 1:colcon.colcon_core.package_discovery:discover_packages(ignore) discover
[1.375s] Level 1:colcon.colcon_core.package_discovery:discover_packages(ignore) using defaults
[1.375s] Level 1:colcon.colcon_core.package_discovery:discover_packages(path) discover
[1.375s] Level 1:colcon.colcon_core.package_discovery:discover_packages(path) using defaults
[1.462s] Level 1:colcon.colcon_core.package_discovery:discover_packages(prefix_path) check parameters
[1.462s] Level 1:colcon.colcon_core.package_discovery:discover_packages(prefix_path) discover
[1.476s] DEBUG:colcon.colcon_installed_package_information.package_discovery:Found 270 installed packages in /opt/ros/humble
[1.485s] Level 1:colcon.colcon_core.package_discovery:discover_packages(prefix_path) using defaults
[1.725s] Level 5:colcon.colcon_core.verb:set package 'firstservicepkg' build argument 'cmake_args' from command line to 'None'
[1.726s] Level 5:colcon.colcon_core.verb:set package 'firstservicepkg' build argument 'cmake_target' from command line to 'None'
[1.726s] Level 5:colcon.colcon_core.verb:set package 'firstservicepkg' build argument 'cmake_target_skip_unavailable' from command line to 'False'
[1.726s] Level 5:colcon.colcon_core.verb:set package 'firstservicepkg' build argument 'cmake_clean_cache' from command line to 'False'
[1.726s] Level 5:colcon.colcon_core.verb:set package 'firstservicepkg' build argument 'cmake_clean_first' from command line to 'False'
[1.726s] Level 5:colcon.colcon_core.verb:set package 'firstservicepkg' build argument 'cmake_force_configure' from command line to 'False'
[1.726s] Level 5:colcon.colcon_core.verb:set package 'firstservicepkg' build argument 'ament_cmake_args' from command line to 'None'
[1.726s] Level 5:colcon.colcon_core.verb:set package 'firstservicepkg' build argument 'catkin_cmake_args' from command line to 'None'
[1.727s] Level 5:colcon.colcon_core.verb:set package 'firstservicepkg' build argument 'catkin_skip_building_tests' from command line to 'False'
[1.727s] DEBUG:colcon.colcon_core.verb:Building package 'firstservicepkg' with the following arguments: {'ament_cmake_args': None, 'build_base': '/home/robot/ros_workspaces/project2/firstservicepkg/build/firstservicepkg', 'catkin_cmake_args': None, 'catkin_skip_building_tests': False, 'cmake_args': None, 'cmake_clean_cache': False, 'cmake_clean_first': False, 'cmake_force_configure': False, 'cmake_target': None, 'cmake_target_skip_unavailable': False, 'install_base': '/home/robot/ros_workspaces/project2/firstservicepkg/install/firstservicepkg', 'merge_install': False, 'path': '/home/robot/ros_workspaces/project2/firstservicepkg', 'symlink_install': False, 'test_result_base': None}
[1.727s] INFO:colcon.colcon_core.executor:Executing jobs using 'parallel' executor
[1.733s] DEBUG:colcon.colcon_parallel_executor.executor.parallel:run_until_complete
[1.734s] INFO:colcon.colcon_ros.task.ament_cmake.build:Building ROS package in '/home/robot/ros_workspaces/project2/firstservicepkg' with build type 'ament_cmake'
[1.734s] INFO:colcon.colcon_cmake.task.cmake.build:Building CMake package in '/home/robot/ros_workspaces/project2/firstservicepkg'
[1.744s] INFO:colcon.colcon_core.plugin_system:Skipping extension 'colcon_core.shell.bat': Not used on non-Windows systems
[1.745s] INFO:colcon.colcon_core.shell:Skip shell extension 'powershell' for command environment: Not usable outside of PowerShell
[1.745s] DEBUG:colcon.colcon_core.shell:Skip shell extension 'dsv' for command environment
[1.784s] DEBUG:colcon.colcon_core.event_handler.log_command:Invoking command in '/home/robot/ros_workspaces/project2/firstservicepkg/build/firstservicepkg': CMAKE_PREFIX_PATH=/opt/ros/humble /usr/bin/cmake --build /home/robot/ros_workspaces/project2/firstservicepkg/build/firstservicepkg -- -j4 -l4
[4.014s] DEBUG:colcon.colcon_core.event_handler.log_command:Invoked command in '/home/robot/ros_workspaces/project2/firstservicepkg/build/firstservicepkg' returned '0': CMAKE_PREFIX_PATH=/opt/ros/humble /usr/bin/cmake --build /home/robot/ros_workspaces/project2/firstservicepkg/build/firstservicepkg -- -j4 -l4
[4.430s] DEBUG:colcon.colcon_core.event_handler.log_command:Invoking command in '/home/robot/ros_workspaces/project2/firstservicepkg/build/firstservicepkg': CMAKE_PREFIX_PATH=/opt/ros/humble /usr/bin/cmake --install /home/robot/ros_workspaces/project2/firstservicepkg/build/firstservicepkg
[4.732s] Level 1:colcon.colcon_core.environment:create_environment_scripts_only(firstservicepkg)
[4.743s] DEBUG:colcon.colcon_core.event_handler.log_command:Invoked command in '/home/robot/ros_workspaces/project2/firstservicepkg/build/firstservicepkg' returned '0': CMAKE_PREFIX_PATH=/opt/ros/humble /usr/bin/cmake --install /home/robot/ros_workspaces/project2/firstservicepkg/build/firstservicepkg
[4.751s] Level 1:colcon.colcon_core.environment:checking '/home/robot/ros_workspaces/project2/firstservicepkg/install/firstservicepkg' for CMake module files
[4.755s] Level 1:colcon.colcon_core.environment:checking '/home/robot/ros_workspaces/project2/firstservicepkg/install/firstservicepkg' for CMake config files
[4.756s] Level 1:colcon.colcon_core.shell:create_environment_hook('firstservicepkg', 'cmake_prefix_path')
[4.757s] INFO:colcon.colcon_core.shell:Creating environment hook '/home/robot/ros_workspaces/project2/firstservicepkg/install/firstservicepkg/share/firstservicepkg/hook/cmake_prefix_path.ps1'
[4.760s] INFO:colcon.colcon_core.shell:Creating environment descriptor '/home/robot/ros_workspaces/project2/firstservicepkg/install/firstservicepkg/share/firstservicepkg/hook/cmake_prefix_path.dsv'
[4.762s] INFO:colcon.colcon_core.shell:Creating environment hook '/home/robot/ros_workspaces/project2/firstservicepkg/install/firstservicepkg/share/firstservicepkg/hook/cmake_prefix_path.sh'
[4.766s] Level 1:colcon.colcon_core.environment:checking '/home/robot/ros_workspaces/project2/firstservicepkg/install/firstservicepkg/lib'
[4.767s] Level 1:colcon.colcon_core.shell:create_environment_hook('firstservicepkg', 'ld_library_path_lib')
[4.768s] INFO:colcon.colcon_core.shell:Creating environment hook '/home/robot/ros_workspaces/project2/firstservicepkg/install/firstservicepkg/share/firstservicepkg/hook/ld_library_path_lib.ps1'
[4.770s] INFO:colcon.colcon_core.shell:Creating environment descriptor '/home/robot/ros_workspaces/project2/firstservicepkg/install/firstservicepkg/share/firstservicepkg/hook/ld_library_path_lib.dsv'
[4.772s] INFO:colcon.colcon_core.shell:Creating environment hook '/home/robot/ros_workspaces/project2/firstservicepkg/install/firstservicepkg/share/firstservicepkg/hook/ld_library_path_lib.sh'
[4.774s] Level 1:colcon.colcon_core.environment:checking '/home/robot/ros_workspaces/project2/firstservicepkg/install/firstservicepkg/bin'
[4.775s] Level 1:colcon.colcon_core.environment:checking '/home/robot/ros_workspaces/project2/firstservicepkg/install/firstservicepkg/lib/pkgconfig/firstservicepkg.pc'
[4.776s] Level 1:colcon.colcon_core.environment:checking '/home/robot/ros_workspaces/project2/firstservicepkg/install/firstservicepkg/lib/python3.10/site-packages'
[4.777s] Level 1:colcon.colcon_core.environment:checking '/home/robot/ros_workspaces/project2/firstservicepkg/install/firstservicepkg/bin'
[4.779s] INFO:colcon.colcon_core.shell:Creating package script '/home/robot/ros_workspaces/project2/firstservicepkg/install/firstservicepkg/share/firstservicepkg/package.ps1'
[4.782s] INFO:colcon.colcon_core.shell:Creating package descriptor '/home/robot/ros_workspaces/project2/firstservicepkg/install/firstservicepkg/share/firstservicepkg/package.dsv'
[4.785s] INFO:colcon.colcon_core.shell:Creating package script '/home/robot/ros_workspaces/project2/firstservicepkg/install/firstservicepkg/share/firstservicepkg/package.sh'
[4.788s] INFO:colcon.colcon_core.shell:Creating package script '/home/robot/ros_workspaces/project2/firstservicepkg/install/firstservicepkg/share/firstservicepkg/package.bash'
[4.792s] INFO:colcon.colcon_core.shell:Creating package script '/home/robot/ros_workspaces/project2/firstservicepkg/install/firstservicepkg/share/firstservicepkg/package.zsh'
[4.795s] Level 1:colcon.colcon_core.environment:create_file_with_runtime_dependencies(/home/robot/ros_workspaces/project2/firstservicepkg/install/firstservicepkg/share/colcon-core/packages/firstservicepkg)
[5.153s] Level 1:colcon.colcon_core.environment:create_environment_scripts_only(firstservicepkg)
[5.155s] Level 1:colcon.colcon_core.environment:checking '/home/robot/ros_workspaces/project2/firstservicepkg/install/firstservicepkg' for CMake module files
[5.159s] Level 1:colcon.colcon_core.environment:checking '/home/robot/ros_workspaces/project2/firstservicepkg/install/firstservicepkg' for CMake config files
[5.161s] Level 1:colcon.colcon_core.shell:create_environment_hook('firstservicepkg', 'cmake_prefix_path')
[5.162s] INFO:colcon.colcon_core.shell:Creating environment hook '/home/robot/ros_workspaces/project2/firstservicepkg/install/firstservicepkg/share/firstservicepkg/hook/cmake_prefix_path.ps1'
[5.164s] INFO:colcon.colcon_core.shell:Creating environment descriptor '/home/robot/ros_workspaces/project2/firstservicepkg/install/firstservicepkg/share/firstservicepkg/hook/cmake_prefix_path.dsv'
[5.166s] INFO:colcon.colcon_core.shell:Creating environment hook '/home/robot/ros_workspaces/project2/firstservicepkg/install/firstservicepkg/share/firstservicepkg/hook/cmake_prefix_path.sh'
[5.169s] Level 1:colcon.colcon_core.environment:checking '/home/robot/ros_workspaces/project2/firstservicepkg/install/firstservicepkg/lib'
[5.170s] Level 1:colcon.colcon_core.shell:create_environment_hook('firstservicepkg', 'ld_library_path_lib')
[5.171s] INFO:colcon.colcon_core.shell:Creating environment hook '/home/robot/ros_workspaces/project2/firstservicepkg/install/firstservicepkg/share/firstservicepkg/hook/ld_library_path_lib.ps1'
[5.173s] INFO:colcon.colcon_core.shell:Creating environment descriptor '/home/robot/ros_workspaces/project2/firstservicepkg/install/firstservicepkg/share/firstservicepkg/hook/ld_library_path_lib.dsv'
[5.176s] INFO:colcon.colcon_core.shell:Creating environment hook '/home/robot/ros_workspaces/project2/firstservicepkg/install/firstservicepkg/share/firstservicepkg/hook/ld_library_path_lib.sh'
[5.178s] Level 1:colcon.colcon_core.environment:checking '/home/robot/ros_workspaces/project2/firstservicepkg/install/firstservicepkg/bin'
[5.179s] Level 1:colcon.colcon_core.environment:checking '/home/robot/ros_workspaces/project2/firstservicepkg/install/firstservicepkg/lib/pkgconfig/firstservicepkg.pc'
[5.180s] Level 1:colcon.colcon_core.environment:checking '/home/robot/ros_workspaces/project2/firstservicepkg/install/firstservicepkg/lib/python3.10/site-packages'
[5.181s] Level 1:colcon.colcon_core.environment:checking '/home/robot/ros_workspaces/project2/firstservicepkg/install/firstservicepkg/bin'
[5.183s] INFO:colcon.colcon_core.shell:Creating package script '/home/robot/ros_workspaces/project2/firstservicepkg/install/firstservicepkg/share/firstservicepkg/package.ps1'
[5.186s] INFO:colcon.colcon_core.shell:Creating package descriptor '/home/robot/ros_workspaces/project2/firstservicepkg/install/firstservicepkg/share/firstservicepkg/package.dsv'
[5.189s] INFO:colcon.colcon_core.shell:Creating package script '/home/robot/ros_workspaces/project2/firstservicepkg/install/firstservicepkg/share/firstservicepkg/package.sh'
[5.192s] INFO:colcon.colcon_core.shell:Creating package script '/home/robot/ros_workspaces/project2/firstservicepkg/install/firstservicepkg/share/firstservicepkg/package.bash'
[5.194s] INFO:colcon.colcon_core.shell:Creating package script '/home/robot/ros_workspaces/project2/firstservicepkg/install/firstservicepkg/share/firstservicepkg/package.zsh'
[5.197s] Level 1:colcon.colcon_core.environment:create_file_with_runtime_dependencies(/home/robot/ros_workspaces/project2/firstservicepkg/install/firstservicepkg/share/colcon-core/packages/firstservicepkg)
[5.200s] DEBUG:colcon.colcon_parallel_executor.executor.parallel:closing loop
[5.201s] DEBUG:colcon.colcon_parallel_executor.executor.parallel:loop closed
[5.202s] DEBUG:colcon.colcon_parallel_executor.executor.parallel:run_until_complete finished with '0'
[5.202s] DEBUG:colcon.colcon_core.event_reactor:joining thread
[5.227s] INFO:colcon.colcon_core.plugin_system:Skipping extension 'colcon_notification.desktop_notification.terminal_notifier': Not used on non-Darwin systems
[5.228s] INFO:colcon.colcon_core.plugin_system:Skipping extension 'colcon_notification.desktop_notification.win32': Not used on non-Windows systems
[5.228s] INFO:colcon.colcon_notification.desktop_notification:Sending desktop notification using 'notify2'
[5.289s] DEBUG:colcon.colcon_core.event_reactor:joined thread
[5.291s] INFO:colcon.colcon_core.shell:Creating prefix script '/home/robot/ros_workspaces/project2/firstservicepkg/install/local_setup.ps1'
[5.296s] INFO:colcon.colcon_core.shell:Creating prefix util module '/home/robot/ros_workspaces/project2/firstservicepkg/install/_local_setup_util_ps1.py'
[5.302s] INFO:colcon.colcon_core.shell:Creating prefix chain script '/home/robot/ros_workspaces/project2/firstservicepkg/install/setup.ps1'
[5.307s] INFO:colcon.colcon_core.shell:Creating prefix script '/home/robot/ros_workspaces/project2/firstservicepkg/install/local_setup.sh'
[5.310s] INFO:colcon.colcon_core.shell:Creating prefix util module '/home/robot/ros_workspaces/project2/firstservicepkg/install/_local_setup_util_sh.py'
[5.313s] INFO:colcon.colcon_core.shell:Creating prefix chain script '/home/robot/ros_workspaces/project2/firstservicepkg/install/setup.sh'
[5.318s] INFO:colcon.colcon_core.shell:Creating prefix script '/home/robot/ros_workspaces/project2/firstservicepkg/install/local_setup.bash'
[5.321s] INFO:colcon.colcon_core.shell:Creating prefix chain script '/home/robot/ros_workspaces/project2/firstservicepkg/install/setup.bash'
[5.325s] INFO:colcon.colcon_core.shell:Creating prefix script '/home/robot/ros_workspaces/project2/firstservicepkg/install/local_setup.zsh'
[5.328s] INFO:colcon.colcon_core.shell:Creating prefix chain script '/home/robot/ros_workspaces/project2/firstservicepkg/install/setup.zsh'
