-- Found ament_cmake: 1.3.9 (/opt/ros/humble/share/ament_cmake/cmake)
-- Found rclcpp: 16.0.9 (/opt/ros/humble/share/rclcpp/cmake)
-- Found rosidl_generator_c: 3.1.5 (/opt/ros/humble/share/rosidl_generator_c/cmake)
-- Found rosidl_adapter: 3.1.5 (/opt/ros/humble/share/rosidl_adapter/cmake)
-- Found rosidl_generator_cpp: 3.1.5 (/opt/ros/humble/share/rosidl_generator_cpp/cmake)
-- Using all available rosidl_typesupport_c: rosidl_typesupport_fastrtps_c;rosidl_typesupport_introspection_c
-- Using all available rosidl_typesupport_cpp: rosidl_typesupport_fastrtps_cpp;rosidl_typesupport_introspection_cpp
-- Found rmw_implementation_cmake: 6.1.2 (/opt/ros/humble/share/rmw_implementation_cmake/cmake)
-- Found rmw_fastrtps_cpp: 6.2.6 (/opt/ros/humble/share/rmw_fastrtps_cpp/cmake)
-- Using RMW implementation 'rmw_fastrtps_cpp' as default
-- Found rosidl_default_generators: 1.2.0 (/opt/ros/humble/share/rosidl_default_generators/cmake)
-- Found sensor_msgs: 4.2.4 (/opt/ros/humble/share/sensor_msgs/cmake)
-- Found cv_bridge: 3.2.1 (/opt/ros/humble/share/cv_bridge/cmake)
-- Found ament_cmake_cppcheck: 0.12.11 (/opt/ros/humble/share/ament_cmake_cppcheck/cmake)
-- Found ament_cmake_cpplint: 0.12.11 (/opt/ros/humble/share/ament_cmake_cpplint/cmake)
-- Found ament_cmake_uncrustify: 0.12.11 (/opt/ros/humble/share/ament_cmake_uncrustify/cmake)
-- Found ament_cmake_ros: 0.10.0 (/opt/ros/humble/share/ament_cmake_ros/cmake)
-- Using all available rosidl_typesupport_c: rosidl_typesupport_fastrtps_c;rosidl_typesupport_introspection_c
-- Using all available rosidl_typesupport_cpp: rosidl_typesupport_fastrtps_cpp;rosidl_typesupport_introspection_cpp
-- Found python_cmake_module: 0.10.0 (/opt/ros/humble/share/python_cmake_module/cmake)
-- Using PYTHON_EXECUTABLE: /usr/bin/python3
-- Using PYTHON_INCLUDE_DIRS: /usr/include/python3.10
-- Using PYTHON_LIBRARIES: /usr/lib/x86_64-linux-gnu/libpython3.10.so
-- Found ament_cmake_flake8: 0.12.11 (/opt/ros/humble/share/ament_cmake_flake8/cmake)
-- Found ament_cmake_pep257: 0.12.11 (/opt/ros/humble/share/ament_cmake_pep257/cmake)
-- Found ament_lint_auto: 0.12.11 (/opt/ros/humble/share/ament_lint_auto/cmake)
-- Added test 'cppcheck' to perform static code analysis on C / C++ code
-- Configured cppcheck include dirs: 
-- Configured cppcheck exclude dirs and/or files: 
-- Added test 'cpplint' to check C / C++ code against the Google style
-- Configured cpplint exclude dirs and/or files: 
-- Added test 'uncrustify' to check C / C++ code style
-- Configured uncrustify additional arguments: 
-- Added test 'lint_cmake' to check CMake code style
-- Added test 'xmllint' to check XML markup files
-- Configuring done
-- Generating done
-- Build files have been written to: /home/robot/ros_workspaces/project2/build/firstservicepkg
[35m[1mConsolidate compiler generated dependencies of target firstservicepkg__rosidl_generator_c[0m
[  2%] Built target firstservicepkg__cpp
[ 11%] Built target firstservicepkg__rosidl_generator_c
[ 14%] [34m[1mGenerating C++ type support dispatch for ROS interfaces[0m
[ 17%] [34m[1mGenerating C++ type support for eProsima Fast-RTPS[0m
[ 20%] [34m[1mGenerating C++ introspection for ROS interfaces[0m
[ 20%] Built target ament_cmake_python_copy_firstservicepkg
[ 22%] [34m[1mGenerating C type support for eProsima Fast-RTPS[0m
[35m[1mConsolidate compiler generated dependencies of target firstservicepkg__rosidl_typesupport_fastrtps_c[0m
[35m[1mConsolidate compiler generated dependencies of target firstservicepkg__rosidl_typesupport_cpp[0m
[ 25%] [32mBuilding CXX object CMakeFiles/firstservicepkg__rosidl_typesupport_cpp.dir/rosidl_typesupport_cpp/firstservicepkg/srv/turn_camera__type_support.cpp.o[0m
[ 28%] [32mBuilding CXX object CMakeFiles/firstservicepkg__rosidl_typesupport_fastrtps_c.dir/rosidl_typesupport_fastrtps_c/firstservicepkg/srv/detail/turn_camera__type_support_c.cpp.o[0m
[35m[1mConsolidate compiler generated dependencies of target firstservicepkg__rosidl_typesupport_introspection_cpp[0m
[35m[1mConsolidate compiler generated dependencies of target firstservicepkg__rosidl_typesupport_fastrtps_cpp[0m
[ 31%] [32mBuilding CXX object CMakeFiles/firstservicepkg__rosidl_typesupport_introspection_cpp.dir/rosidl_typesupport_introspection_cpp/firstservicepkg/srv/detail/turn_camera__type_support.cpp.o[0m
[ 34%] [32mBuilding CXX object CMakeFiles/firstservicepkg__rosidl_typesupport_fastrtps_cpp.dir/rosidl_typesupport_fastrtps_cpp/firstservicepkg/srv/detail/dds_fastrtps/turn_camera__type_support.cpp.o[0m
[ 37%] [32m[1mLinking CXX shared library libfirstservicepkg__rosidl_typesupport_cpp.so[0m
[ 37%] Built target firstservicepkg__rosidl_typesupport_cpp
[ 40%] [34m[1mGenerating C introspection for ROS interfaces[0m
[ 42%] [32m[1mLinking CXX shared library libfirstservicepkg__rosidl_typesupport_fastrtps_c.so[0m
[ 45%] [32m[1mLinking CXX shared library libfirstservicepkg__rosidl_typesupport_introspection_cpp.so[0m
[ 45%] Built target firstservicepkg__rosidl_typesupport_introspection_cpp
[ 45%] Built target firstservicepkg__rosidl_typesupport_fastrtps_c
[ 48%] [34m[1mGenerating C type support dispatch for ROS interfaces[0m
[ 51%] [32m[1mLinking CXX shared library libfirstservicepkg__rosidl_typesupport_fastrtps_cpp.so[0m
[ 51%] Built target firstservicepkg__rosidl_typesupport_fastrtps_cpp
[ 54%] [32mBuilding CXX object CMakeFiles/turn_camera_service.dir/src/turn_camera_service.cpp.o[0m
[35m[1mConsolidate compiler generated dependencies of target firstservicepkg__rosidl_typesupport_introspection_c[0m
[ 57%] [32mBuilding C object CMakeFiles/firstservicepkg__rosidl_typesupport_introspection_c.dir/rosidl_typesupport_introspection_c/firstservicepkg/srv/detail/turn_camera__type_support.c.o[0m
[ 60%] [32m[1mLinking C shared library libfirstservicepkg__rosidl_typesupport_introspection_c.so[0m
[35m[1mConsolidate compiler generated dependencies of target firstservicepkg__rosidl_typesupport_c[0m
[ 62%] [32mBuilding CXX object CMakeFiles/firstservicepkg__rosidl_typesupport_c.dir/rosidl_typesupport_c/firstservicepkg/srv/turn_camera__type_support.cpp.o[0m
running egg_info
writing firstservicepkg.egg-info/PKG-INFO
writing dependency_links to firstservicepkg.egg-info/dependency_links.txt
writing top-level names to firstservicepkg.egg-info/top_level.txt
reading manifest file 'firstservicepkg.egg-info/SOURCES.txt'
writing manifest file 'firstservicepkg.egg-info/SOURCES.txt'
[ 62%] Built target firstservicepkg__rosidl_typesupport_introspection_c
[ 65%] [32m[1mLinking CXX shared library libfirstservicepkg__rosidl_typesupport_c.so[0m
[ 68%] [32mBuilding CXX object CMakeFiles/turn_camera_client.dir/src/turn_camera_client.cpp.o[0m
[ 68%] Built target ament_cmake_python_build_firstservicepkg_egg
[ 68%] Built target firstservicepkg__rosidl_typesupport_c
[ 68%] Built target firstservicepkg
[ 71%] [34m[1mGenerating Python code for ROS interfaces[0m
[ 71%] Built target firstservicepkg__py
[35m[1mConsolidate compiler generated dependencies of target firstservicepkg__rosidl_generator_py[0m
[ 74%] [32mBuilding C object CMakeFiles/firstservicepkg__rosidl_generator_py.dir/rosidl_generator_py/firstservicepkg/srv/_turn_camera_s.c.o[0m
[ 77%] [32m[1mLinking C shared library rosidl_generator_py/firstservicepkg/libfirstservicepkg__rosidl_generator_py.so[0m
[ 77%] Built target firstservicepkg__rosidl_generator_py
[35m[1mConsolidate compiler generated dependencies of target firstservicepkg__rosidl_typesupport_introspection_c__pyext[0m
[35m[1mConsolidate compiler generated dependencies of target firstservicepkg__rosidl_typesupport_fastrtps_c__pyext[0m
[ 80%] [32mBuilding C object CMakeFiles/firstservicepkg__rosidl_typesupport_fastrtps_c__pyext.dir/rosidl_generator_py/firstservicepkg/_firstservicepkg_s.ep.rosidl_typesupport_fastrtps_c.c.o[0m
[ 82%] [32mBuilding C object CMakeFiles/firstservicepkg__rosidl_typesupport_introspection_c__pyext.dir/rosidl_generator_py/firstservicepkg/_firstservicepkg_s.ep.rosidl_typesupport_introspection_c.c.o[0m
[ 85%] [32m[1mLinking C shared library rosidl_generator_py/firstservicepkg/firstservicepkg_s__rosidl_typesupport_fastrtps_c.cpython-310-x86_64-linux-gnu.so[0m
[ 88%] [32m[1mLinking C shared library rosidl_generator_py/firstservicepkg/firstservicepkg_s__rosidl_typesupport_introspection_c.cpython-310-x86_64-linux-gnu.so[0m
[ 88%] Built target firstservicepkg__rosidl_typesupport_fastrtps_c__pyext
[35m[1mConsolidate compiler generated dependencies of target firstservicepkg__rosidl_typesupport_c__pyext[0m
[ 91%] [32mBuilding C object CMakeFiles/firstservicepkg__rosidl_typesupport_c__pyext.dir/rosidl_generator_py/firstservicepkg/_firstservicepkg_s.ep.rosidl_typesupport_c.c.o[0m
[ 91%] Built target firstservicepkg__rosidl_typesupport_introspection_c__pyext
[ 94%] [32m[1mLinking C shared library rosidl_generator_py/firstservicepkg/firstservicepkg_s__rosidl_typesupport_c.cpython-310-x86_64-linux-gnu.so[0m
[ 94%] Built target firstservicepkg__rosidl_typesupport_c__pyext
[ 97%] [32m[1mLinking CXX executable turn_camera_client[0m
[100%] [32m[1mLinking CXX executable turn_camera_service[0m
[100%] Built target turn_camera_service
[100%] Built target turn_camera_client
-- Install configuration: ""
-- Up-to-date: /home/robot/ros_workspaces/project2/install/firstservicepkg/share/ament_index/resource_index/rosidl_interfaces/firstservicepkg
-- Up-to-date: /home/robot/ros_workspaces/project2/install/firstservicepkg/include/firstservicepkg/firstservicepkg
-- Up-to-date: /home/robot/ros_workspaces/project2/install/firstservicepkg/include/firstservicepkg/firstservicepkg/msg
-- Up-to-date: /home/robot/ros_workspaces/project2/install/firstservicepkg/include/firstservicepkg/firstservicepkg/msg/rosidl_generator_c__visibility_control.h
-- Up-to-date: /home/robot/ros_workspaces/project2/install/firstservicepkg/include/firstservicepkg/firstservicepkg/srv
-- Up-to-date: /home/robot/ros_workspaces/project2/install/firstservicepkg/include/firstservicepkg/firstservicepkg/srv/camera_angle.h
-- Installing: /home/robot/ros_workspaces/project2/install/firstservicepkg/include/firstservicepkg/firstservicepkg/srv/turn_camera.h
-- Up-to-date: /home/robot/ros_workspaces/project2/install/firstservicepkg/include/firstservicepkg/firstservicepkg/srv/detail
-- Installing: /home/robot/ros_workspaces/project2/install/firstservicepkg/include/firstservicepkg/firstservicepkg/srv/detail/turn_camera__functions.c
-- Up-to-date: /home/robot/ros_workspaces/project2/install/firstservicepkg/include/firstservicepkg/firstservicepkg/srv/detail/camera_angle__functions.c
-- Up-to-date: /home/robot/ros_workspaces/project2/install/firstservicepkg/include/firstservicepkg/firstservicepkg/srv/detail/camera_angle__functions.h
-- Installing: /home/robot/ros_workspaces/project2/install/firstservicepkg/include/firstservicepkg/firstservicepkg/srv/detail/turn_camera__type_support.h
-- Installing: /home/robot/ros_workspaces/project2/install/firstservicepkg/include/firstservicepkg/firstservicepkg/srv/detail/turn_camera__functions.h
-- Up-to-date: /home/robot/ros_workspaces/project2/install/firstservicepkg/include/firstservicepkg/firstservicepkg/srv/detail/camera_angle__struct.h
-- Up-to-date: /home/robot/ros_workspaces/project2/install/firstservicepkg/include/firstservicepkg/firstservicepkg/srv/detail/camera_angle__type_support.h
-- Installing: /home/robot/ros_workspaces/project2/install/firstservicepkg/include/firstservicepkg/firstservicepkg/srv/detail/turn_camera__struct.h
-- Up-to-date: /home/robot/ros_workspaces/project2/install/firstservicepkg/share/firstservicepkg/environment/library_path.sh
-- Installing: /home/robot/ros_workspaces/project2/install/firstservicepkg/share/firstservicepkg/environment/library_path.dsv
-- Installing: /home/robot/ros_workspaces/project2/install/firstservicepkg/lib/libfirstservicepkg__rosidl_generator_c.so
-- Set runtime path of "/home/robot/ros_workspaces/project2/install/firstservicepkg/lib/libfirstservicepkg__rosidl_generator_c.so" to ""
-- Up-to-date: /home/robot/ros_workspaces/project2/install/firstservicepkg/include/firstservicepkg/firstservicepkg
-- Up-to-date: /home/robot/ros_workspaces/project2/install/firstservicepkg/include/firstservicepkg/firstservicepkg/msg
-- Up-to-date: /home/robot/ros_workspaces/project2/install/firstservicepkg/include/firstservicepkg/firstservicepkg/msg/rosidl_typesupport_fastrtps_c__visibility_control.h
-- Up-to-date: /home/robot/ros_workspaces/project2/install/firstservicepkg/include/firstservicepkg/firstservicepkg/srv
-- Up-to-date: /home/robot/ros_workspaces/project2/install/firstservicepkg/include/firstservicepkg/firstservicepkg/srv/detail
-- Installing: /home/robot/ros_workspaces/project2/install/firstservicepkg/include/firstservicepkg/firstservicepkg/srv/detail/turn_camera__rosidl_typesupport_fastrtps_c.h
-- Up-to-date: /home/robot/ros_workspaces/project2/install/firstservicepkg/include/firstservicepkg/firstservicepkg/srv/detail/camera_angle__rosidl_typesupport_fastrtps_c.h
-- Installing: /home/robot/ros_workspaces/project2/install/firstservicepkg/lib/libfirstservicepkg__rosidl_typesupport_fastrtps_c.so
-- Set runtime path of "/home/robot/ros_workspaces/project2/install/firstservicepkg/lib/libfirstservicepkg__rosidl_typesupport_fastrtps_c.so" to ""
-- Up-to-date: /home/robot/ros_workspaces/project2/install/firstservicepkg/include/firstservicepkg/firstservicepkg
-- Up-to-date: /home/robot/ros_workspaces/project2/install/firstservicepkg/include/firstservicepkg/firstservicepkg/srv
-- Up-to-date: /home/robot/ros_workspaces/project2/install/firstservicepkg/include/firstservicepkg/firstservicepkg/srv/camera_angle.hpp
-- Installing: /home/robot/ros_workspaces/project2/install/firstservicepkg/include/firstservicepkg/firstservicepkg/srv/turn_camera.hpp
-- Up-to-date: /home/robot/ros_workspaces/project2/install/firstservicepkg/include/firstservicepkg/firstservicepkg/srv/detail
-- Installing: /home/robot/ros_workspaces/project2/install/firstservicepkg/include/firstservicepkg/firstservicepkg/srv/detail/turn_camera__struct.hpp
-- Installing: /home/robot/ros_workspaces/project2/install/firstservicepkg/include/firstservicepkg/firstservicepkg/srv/detail/turn_camera__traits.hpp
-- Up-to-date: /home/robot/ros_workspaces/project2/install/firstservicepkg/include/firstservicepkg/firstservicepkg/srv/detail/camera_angle__traits.hpp
-- Up-to-date: /home/robot/ros_workspaces/project2/install/firstservicepkg/include/firstservicepkg/firstservicepkg/srv/detail/camera_angle__builder.hpp
-- Installing: /home/robot/ros_workspaces/project2/install/firstservicepkg/include/firstservicepkg/firstservicepkg/srv/detail/turn_camera__builder.hpp
-- Up-to-date: /home/robot/ros_workspaces/project2/install/firstservicepkg/include/firstservicepkg/firstservicepkg/srv/detail/camera_angle__struct.hpp
-- Up-to-date: /home/robot/ros_workspaces/project2/install/firstservicepkg/include/firstservicepkg/firstservicepkg
-- Up-to-date: /home/robot/ros_workspaces/project2/install/firstservicepkg/include/firstservicepkg/firstservicepkg/msg
-- Up-to-date: /home/robot/ros_workspaces/project2/install/firstservicepkg/include/firstservicepkg/firstservicepkg/msg/rosidl_typesupport_fastrtps_cpp__visibility_control.h
-- Up-to-date: /home/robot/ros_workspaces/project2/install/firstservicepkg/include/firstservicepkg/firstservicepkg/srv
-- Up-to-date: /home/robot/ros_workspaces/project2/install/firstservicepkg/include/firstservicepkg/firstservicepkg/srv/detail
-- Up-to-date: /home/robot/ros_workspaces/project2/install/firstservicepkg/include/firstservicepkg/firstservicepkg/srv/detail/camera_angle__rosidl_typesupport_fastrtps_cpp.hpp
-- Installing: /home/robot/ros_workspaces/project2/install/firstservicepkg/include/firstservicepkg/firstservicepkg/srv/detail/turn_camera__rosidl_typesupport_fastrtps_cpp.hpp
-- Up-to-date: /home/robot/ros_workspaces/project2/install/firstservicepkg/include/firstservicepkg/firstservicepkg/srv/detail/dds_fastrtps
-- Installing: /home/robot/ros_workspaces/project2/install/firstservicepkg/lib/libfirstservicepkg__rosidl_typesupport_fastrtps_cpp.so
-- Set runtime path of "/home/robot/ros_workspaces/project2/install/firstservicepkg/lib/libfirstservicepkg__rosidl_typesupport_fastrtps_cpp.so" to ""
-- Up-to-date: /home/robot/ros_workspaces/project2/install/firstservicepkg/include/firstservicepkg/firstservicepkg
-- Up-to-date: /home/robot/ros_workspaces/project2/install/firstservicepkg/include/firstservicepkg/firstservicepkg/msg
-- Up-to-date: /home/robot/ros_workspaces/project2/install/firstservicepkg/include/firstservicepkg/firstservicepkg/msg/rosidl_typesupport_introspection_c__visibility_control.h
-- Up-to-date: /home/robot/ros_workspaces/project2/install/firstservicepkg/include/firstservicepkg/firstservicepkg/srv
-- Up-to-date: /home/robot/ros_workspaces/project2/install/firstservicepkg/include/firstservicepkg/firstservicepkg/srv/detail
-- Installing: /home/robot/ros_workspaces/project2/install/firstservicepkg/include/firstservicepkg/firstservicepkg/srv/detail/turn_camera__rosidl_typesupport_introspection_c.h
-- Up-to-date: /home/robot/ros_workspaces/project2/install/firstservicepkg/include/firstservicepkg/firstservicepkg/srv/detail/camera_angle__rosidl_typesupport_introspection_c.h
-- Up-to-date: /home/robot/ros_workspaces/project2/install/firstservicepkg/include/firstservicepkg/firstservicepkg/srv/detail/camera_angle__type_support.c
-- Installing: /home/robot/ros_workspaces/project2/install/firstservicepkg/include/firstservicepkg/firstservicepkg/srv/detail/turn_camera__type_support.c
-- Installing: /home/robot/ros_workspaces/project2/install/firstservicepkg/lib/libfirstservicepkg__rosidl_typesupport_introspection_c.so
-- Set runtime path of "/home/robot/ros_workspaces/project2/install/firstservicepkg/lib/libfirstservicepkg__rosidl_typesupport_introspection_c.so" to ""
-- Installing: /home/robot/ros_workspaces/project2/install/firstservicepkg/lib/libfirstservicepkg__rosidl_typesupport_c.so
-- Set runtime path of "/home/robot/ros_workspaces/project2/install/firstservicepkg/lib/libfirstservicepkg__rosidl_typesupport_c.so" to ""
-- Up-to-date: /home/robot/ros_workspaces/project2/install/firstservicepkg/include/firstservicepkg/firstservicepkg
-- Up-to-date: /home/robot/ros_workspaces/project2/install/firstservicepkg/include/firstservicepkg/firstservicepkg/srv
-- Up-to-date: /home/robot/ros_workspaces/project2/install/firstservicepkg/include/firstservicepkg/firstservicepkg/srv/detail
-- Up-to-date: /home/robot/ros_workspaces/project2/install/firstservicepkg/include/firstservicepkg/firstservicepkg/srv/detail/camera_angle__type_support.cpp
-- Installing: /home/robot/ros_workspaces/project2/install/firstservicepkg/include/firstservicepkg/firstservicepkg/srv/detail/turn_camera__rosidl_typesupport_introspection_cpp.hpp
-- Installing: /home/robot/ros_workspaces/project2/install/firstservicepkg/include/firstservicepkg/firstservicepkg/srv/detail/turn_camera__type_support.cpp
-- Up-to-date: /home/robot/ros_workspaces/project2/install/firstservicepkg/include/firstservicepkg/firstservicepkg/srv/detail/camera_angle__rosidl_typesupport_introspection_cpp.hpp
-- Installing: /home/robot/ros_workspaces/project2/install/firstservicepkg/lib/libfirstservicepkg__rosidl_typesupport_introspection_cpp.so
-- Set runtime path of "/home/robot/ros_workspaces/project2/install/firstservicepkg/lib/libfirstservicepkg__rosidl_typesupport_introspection_cpp.so" to ""
-- Installing: /home/robot/ros_workspaces/project2/install/firstservicepkg/lib/libfirstservicepkg__rosidl_typesupport_cpp.so
-- Set runtime path of "/home/robot/ros_workspaces/project2/install/firstservicepkg/lib/libfirstservicepkg__rosidl_typesupport_cpp.so" to ""
-- Up-to-date: /home/robot/ros_workspaces/project2/install/firstservicepkg/share/firstservicepkg/environment/pythonpath.sh
-- Installing: /home/robot/ros_workspaces/project2/install/firstservicepkg/share/firstservicepkg/environment/pythonpath.dsv
-- Up-to-date: /home/robot/ros_workspaces/project2/install/firstservicepkg/local/lib/python3.10/dist-packages/firstservicepkg-0.0.0-py3.10.egg-info
-- Installing: /home/robot/ros_workspaces/project2/install/firstservicepkg/local/lib/python3.10/dist-packages/firstservicepkg-0.0.0-py3.10.egg-info/PKG-INFO
-- Installing: /home/robot/ros_workspaces/project2/install/firstservicepkg/local/lib/python3.10/dist-packages/firstservicepkg-0.0.0-py3.10.egg-info/dependency_links.txt
-- Installing: /home/robot/ros_workspaces/project2/install/firstservicepkg/local/lib/python3.10/dist-packages/firstservicepkg-0.0.0-py3.10.egg-info/top_level.txt
-- Installing: /home/robot/ros_workspaces/project2/install/firstservicepkg/local/lib/python3.10/dist-packages/firstservicepkg-0.0.0-py3.10.egg-info/SOURCES.txt
-- Up-to-date: /home/robot/ros_workspaces/project2/install/firstservicepkg/local/lib/python3.10/dist-packages/firstservicepkg
-- Installing: /home/robot/ros_workspaces/project2/install/firstservicepkg/local/lib/python3.10/dist-packages/firstservicepkg/firstservicepkg_s__rosidl_typesupport_introspection_c.cpython-310-x86_64-linux-gnu.so
-- Installing: /home/robot/ros_workspaces/project2/install/firstservicepkg/local/lib/python3.10/dist-packages/firstservicepkg/__init__.py
-- Installing: /home/robot/ros_workspaces/project2/install/firstservicepkg/local/lib/python3.10/dist-packages/firstservicepkg/libfirstservicepkg__rosidl_generator_py.so
-- Up-to-date: /home/robot/ros_workspaces/project2/install/firstservicepkg/local/lib/python3.10/dist-packages/firstservicepkg/srv
-- Installing: /home/robot/ros_workspaces/project2/install/firstservicepkg/local/lib/python3.10/dist-packages/firstservicepkg/srv/_turn_camera.py
-- Up-to-date: /home/robot/ros_workspaces/project2/install/firstservicepkg/local/lib/python3.10/dist-packages/firstservicepkg/srv/_camera_angle.py
-- Installing: /home/robot/ros_workspaces/project2/install/firstservicepkg/local/lib/python3.10/dist-packages/firstservicepkg/srv/__init__.py
-- Installing: /home/robot/ros_workspaces/project2/install/firstservicepkg/local/lib/python3.10/dist-packages/firstservicepkg/srv/_turn_camera_s.c
-- Up-to-date: /home/robot/ros_workspaces/project2/install/firstservicepkg/local/lib/python3.10/dist-packages/firstservicepkg/srv/_camera_angle_s.c
-- Installing: /home/robot/ros_workspaces/project2/install/firstservicepkg/local/lib/python3.10/dist-packages/firstservicepkg/firstservicepkg_s__rosidl_typesupport_c.cpython-310-x86_64-linux-gnu.so
-- Installing: /home/robot/ros_workspaces/project2/install/firstservicepkg/local/lib/python3.10/dist-packages/firstservicepkg/_firstservicepkg_s.ep.rosidl_typesupport_introspection_c.c
-- Installing: /home/robot/ros_workspaces/project2/install/firstservicepkg/local/lib/python3.10/dist-packages/firstservicepkg/_firstservicepkg_s.ep.rosidl_typesupport_fastrtps_c.c
-- Installing: /home/robot/ros_workspaces/project2/install/firstservicepkg/local/lib/python3.10/dist-packages/firstservicepkg/_firstservicepkg_s.ep.rosidl_typesupport_c.c
-- Installing: /home/robot/ros_workspaces/project2/install/firstservicepkg/local/lib/python3.10/dist-packages/firstservicepkg/firstservicepkg_s__rosidl_typesupport_fastrtps_c.cpython-310-x86_64-linux-gnu.so
Listing '/home/robot/ros_workspaces/project2/install/firstservicepkg/local/lib/python3.10/dist-packages/firstservicepkg'...
Compiling '/home/robot/ros_workspaces/project2/install/firstservicepkg/local/lib/python3.10/dist-packages/firstservicepkg/__init__.py'...
Listing '/home/robot/ros_workspaces/project2/install/firstservicepkg/local/lib/python3.10/dist-packages/firstservicepkg/srv'...
Compiling '/home/robot/ros_workspaces/project2/install/firstservicepkg/local/lib/python3.10/dist-packages/firstservicepkg/srv/__init__.py'...
Compiling '/home/robot/ros_workspaces/project2/install/firstservicepkg/local/lib/python3.10/dist-packages/firstservicepkg/srv/_turn_camera.py'...
-- Installing: /home/robot/ros_workspaces/project2/install/firstservicepkg/local/lib/python3.10/dist-packages/firstservicepkg/firstservicepkg_s__rosidl_typesupport_fastrtps_c.cpython-310-x86_64-linux-gnu.so
-- Set runtime path of "/home/robot/ros_workspaces/project2/install/firstservicepkg/local/lib/python3.10/dist-packages/firstservicepkg/firstservicepkg_s__rosidl_typesupport_fastrtps_c.cpython-310-x86_64-linux-gnu.so" to ""
-- Installing: /home/robot/ros_workspaces/project2/install/firstservicepkg/local/lib/python3.10/dist-packages/firstservicepkg/firstservicepkg_s__rosidl_typesupport_introspection_c.cpython-310-x86_64-linux-gnu.so
-- Set runtime path of "/home/robot/ros_workspaces/project2/install/firstservicepkg/local/lib/python3.10/dist-packages/firstservicepkg/firstservicepkg_s__rosidl_typesupport_introspection_c.cpython-310-x86_64-linux-gnu.so" to ""
-- Installing: /home/robot/ros_workspaces/project2/install/firstservicepkg/local/lib/python3.10/dist-packages/firstservicepkg/firstservicepkg_s__rosidl_typesupport_c.cpython-310-x86_64-linux-gnu.so
-- Set runtime path of "/home/robot/ros_workspaces/project2/install/firstservicepkg/local/lib/python3.10/dist-packages/firstservicepkg/firstservicepkg_s__rosidl_typesupport_c.cpython-310-x86_64-linux-gnu.so" to ""
-- Installing: /home/robot/ros_workspaces/project2/install/firstservicepkg/lib/libfirstservicepkg__rosidl_generator_py.so
-- Set runtime path of "/home/robot/ros_workspaces/project2/install/firstservicepkg/lib/libfirstservicepkg__rosidl_generator_py.so" to ""
-- Installing: /home/robot/ros_workspaces/project2/install/firstservicepkg/share/firstservicepkg/srv/TurnCamera.idl
-- Installing: /home/robot/ros_workspaces/project2/install/firstservicepkg/share/firstservicepkg/srv/TurnCamera.srv
-- Installing: /home/robot/ros_workspaces/project2/install/firstservicepkg/share/firstservicepkg/srv/TurnCamera_Request.msg
-- Installing: /home/robot/ros_workspaces/project2/install/firstservicepkg/share/firstservicepkg/srv/TurnCamera_Response.msg
-- Installing: /home/robot/ros_workspaces/project2/install/firstservicepkg/lib/firstservicepkg/turn_camera_service
-- Set runtime path of "/home/robot/ros_workspaces/project2/install/firstservicepkg/lib/firstservicepkg/turn_camera_service" to ""
-- Installing: /home/robot/ros_workspaces/project2/install/firstservicepkg/lib/firstservicepkg/turn_camera_client
-- Set runtime path of "/home/robot/ros_workspaces/project2/install/firstservicepkg/lib/firstservicepkg/turn_camera_client" to ""
[31mCMake Error at cmake_install.cmake:415 (file):
  file INSTALL cannot find
  "/home/robot/ros_workspaces/project2/firstservicepkg/launch": No such file
  or directory.

[0m
