[0.482s] DEBUG:colcon:Command line arguments: ['/usr/bin/colcon', 'build']
[0.483s] DEBUG:colcon:Parsed command line arguments: Namespace(log_base=None, log_level=None, verb_name='build', build_base='build', install_base='install', merge_install=False, symlink_install=False, test_result_base=None, continue_on_error=False, executor='parallel', parallel_workers=4, event_handlers=None, ignore_user_meta=False, metas=['./colcon.meta'], base_paths=['.'], packages_ignore=None, packages_ignore_regex=None, paths=None, packages_up_to=None, packages_up_to_regex=None, packages_above=None, packages_above_and_dependencies=None, packages_above_depth=None, packages_select_by_dep=None, packages_skip_by_dep=None, packages_skip_up_to=None, packages_select_build_failed=False, packages_skip_build_finished=False, packages_select_test_failures=False, packages_skip_test_passed=False, packages_select=None, packages_skip=None, packages_select_regex=None, packages_skip_regex=None, packages_start=None, packages_end=None, allow_overriding=[], cmake_args=None, cmake_target=None, cmake_target_skip_unavailable=False, cmake_clean_cache=False, cmake_clean_first=False, cmake_force_configure=False, ament_cmake_args=None, catkin_cmake_args=None, catkin_skip_building_tests=False, verb_parser=<colcon_defaults.argument_parser.defaults.DefaultArgumentsDecorator object at 0x78654591b160>, verb_extension=<colcon_core.verb.build.BuildVerb object at 0x786545bffd60>, main=<bound method BuildVerb.main of <colcon_core.verb.build.BuildVerb object at 0x786545bffd60>>)
[1.272s] Level 1:colcon.colcon_core.package_discovery:discover_packages(colcon_meta) check parameters
[1.272s] Level 1:colcon.colcon_core.package_discovery:discover_packages(recursive) check parameters
[1.272s] Level 1:colcon.colcon_core.package_discovery:discover_packages(ignore) check parameters
[1.272s] Level 1:colcon.colcon_core.package_discovery:discover_packages(path) check parameters
[1.273s] Level 1:colcon.colcon_core.package_discovery:discover_packages(colcon_meta) discover
[1.273s] Level 1:colcon.colcon_core.package_discovery:discover_packages(recursive) discover
[1.273s] INFO:colcon.colcon_core.package_discovery:Crawling recursively for packages in '/home/robot/ros_workspaces/first_project/src/rpm_speed_calc'
[1.273s] Level 1:colcon.colcon_core.package_identification:_identify(.) by extensions ['ignore', 'ignore_ament_install']
[1.274s] Level 1:colcon.colcon_core.package_identification:_identify(.) by extension 'ignore'
[1.274s] Level 1:colcon.colcon_core.package_identification:_identify(.) by extension 'ignore_ament_install'
[1.274s] Level 1:colcon.colcon_core.package_identification:_identify(.) by extensions ['colcon_pkg']
[1.275s] Level 1:colcon.colcon_core.package_identification:_identify(.) by extension 'colcon_pkg'
[1.275s] Level 1:colcon.colcon_core.package_identification:_identify(.) by extensions ['colcon_meta']
[1.275s] Level 1:colcon.colcon_core.package_identification:_identify(.) by extension 'colcon_meta'
[1.275s] Level 1:colcon.colcon_core.package_identification:_identify(.) by extensions ['ros']
[1.275s] Level 1:colcon.colcon_core.package_identification:_identify(.) by extension 'ros'
[1.333s] DEBUG:colcon.colcon_core.package_identification:Package '.' with type 'ros.ament_cmake' and name 'rpm_speed_calc'
[1.333s] Level 1:colcon.colcon_core.package_discovery:discover_packages(recursive) using defaults
[1.334s] Level 1:colcon.colcon_core.package_discovery:discover_packages(ignore) discover
[1.334s] Level 1:colcon.colcon_core.package_discovery:discover_packages(ignore) using defaults
[1.334s] Level 1:colcon.colcon_core.package_discovery:discover_packages(path) discover
[1.334s] Level 1:colcon.colcon_core.package_discovery:discover_packages(path) using defaults
[1.421s] Level 1:colcon.colcon_core.package_discovery:discover_packages(prefix_path) check parameters
[1.421s] Level 1:colcon.colcon_core.package_discovery:discover_packages(prefix_path) discover
[1.429s] DEBUG:colcon.colcon_installed_package_information.package_discovery:Found 1 installed packages in /home/robot/ros_workspaces/first_project/src/rpm_speed_calc/install
[1.437s] DEBUG:colcon.colcon_installed_package_information.package_discovery:Found 270 installed packages in /opt/ros/humble
[1.446s] Level 1:colcon.colcon_core.package_discovery:discover_packages(prefix_path) using defaults
[1.686s] Level 5:colcon.colcon_core.verb:set package 'rpm_speed_calc' build argument 'cmake_args' from command line to 'None'
[1.686s] Level 5:colcon.colcon_core.verb:set package 'rpm_speed_calc' build argument 'cmake_target' from command line to 'None'
[1.686s] Level 5:colcon.colcon_core.verb:set package 'rpm_speed_calc' build argument 'cmake_target_skip_unavailable' from command line to 'False'
[1.686s] Level 5:colcon.colcon_core.verb:set package 'rpm_speed_calc' build argument 'cmake_clean_cache' from command line to 'False'
[1.686s] Level 5:colcon.colcon_core.verb:set package 'rpm_speed_calc' build argument 'cmake_clean_first' from command line to 'False'
[1.687s] Level 5:colcon.colcon_core.verb:set package 'rpm_speed_calc' build argument 'cmake_force_configure' from command line to 'False'
[1.687s] Level 5:colcon.colcon_core.verb:set package 'rpm_speed_calc' build argument 'ament_cmake_args' from command line to 'None'
[1.687s] Level 5:colcon.colcon_core.verb:set package 'rpm_speed_calc' build argument 'catkin_cmake_args' from command line to 'None'
[1.687s] Level 5:colcon.colcon_core.verb:set package 'rpm_speed_calc' build argument 'catkin_skip_building_tests' from command line to 'False'
[1.687s] DEBUG:colcon.colcon_core.verb:Building package 'rpm_speed_calc' with the following arguments: {'ament_cmake_args': None, 'build_base': '/home/robot/ros_workspaces/first_project/src/rpm_speed_calc/build/rpm_speed_calc', 'catkin_cmake_args': None, 'catkin_skip_building_tests': False, 'cmake_args': None, 'cmake_clean_cache': False, 'cmake_clean_first': False, 'cmake_force_configure': False, 'cmake_target': None, 'cmake_target_skip_unavailable': False, 'install_base': '/home/robot/ros_workspaces/first_project/src/rpm_speed_calc/install/rpm_speed_calc', 'merge_install': False, 'path': '/home/robot/ros_workspaces/first_project/src/rpm_speed_calc', 'symlink_install': False, 'test_result_base': None}
[1.688s] INFO:colcon.colcon_core.executor:Executing jobs using 'parallel' executor
[1.692s] DEBUG:colcon.colcon_parallel_executor.executor.parallel:run_until_complete
[1.694s] INFO:colcon.colcon_ros.task.ament_cmake.build:Building ROS package in '/home/robot/ros_workspaces/first_project/src/rpm_speed_calc' with build type 'ament_cmake'
[1.695s] INFO:colcon.colcon_cmake.task.cmake.build:Building CMake package in '/home/robot/ros_workspaces/first_project/src/rpm_speed_calc'
[1.704s] INFO:colcon.colcon_core.plugin_system:Skipping extension 'colcon_core.shell.bat': Not used on non-Windows systems
[1.704s] INFO:colcon.colcon_core.shell:Skip shell extension 'powershell' for command environment: Not usable outside of PowerShell
[1.705s] DEBUG:colcon.colcon_core.shell:Skip shell extension 'dsv' for command environment
[1.744s] DEBUG:colcon.colcon_core.event_handler.log_command:Invoking command in '/home/robot/ros_workspaces/first_project/src/rpm_speed_calc/build/rpm_speed_calc': CMAKE_PREFIX_PATH=${CMAKE_PREFIX_PATH}:/opt/ros/humble /usr/bin/cmake --build /home/robot/ros_workspaces/first_project/src/rpm_speed_calc/build/rpm_speed_calc -- -j4 -l4
[42.124s] DEBUG:colcon.colcon_core.event_handler.log_command:Invoked command in '/home/robot/ros_workspaces/first_project/src/rpm_speed_calc/build/rpm_speed_calc' returned '0': CMAKE_PREFIX_PATH=${CMAKE_PREFIX_PATH}:/opt/ros/humble /usr/bin/cmake --build /home/robot/ros_workspaces/first_project/src/rpm_speed_calc/build/rpm_speed_calc -- -j4 -l4
[42.280s] DEBUG:colcon.colcon_core.event_handler.log_command:Invoking command in '/home/robot/ros_workspaces/first_project/src/rpm_speed_calc/build/rpm_speed_calc': CMAKE_PREFIX_PATH=${CMAKE_PREFIX_PATH}:/opt/ros/humble /usr/bin/cmake --install /home/robot/ros_workspaces/first_project/src/rpm_speed_calc/build/rpm_speed_calc
[42.346s] Level 1:colcon.colcon_core.environment:create_environment_scripts_only(rpm_speed_calc)
[42.359s] DEBUG:colcon.colcon_core.event_handler.log_command:Invoked command in '/home/robot/ros_workspaces/first_project/src/rpm_speed_calc/build/rpm_speed_calc' returned '0': CMAKE_PREFIX_PATH=${CMAKE_PREFIX_PATH}:/opt/ros/humble /usr/bin/cmake --install /home/robot/ros_workspaces/first_project/src/rpm_speed_calc/build/rpm_speed_calc
[42.365s] Level 1:colcon.colcon_core.environment:checking '/home/robot/ros_workspaces/first_project/src/rpm_speed_calc/install/rpm_speed_calc' for CMake module files
[42.368s] Level 1:colcon.colcon_core.environment:checking '/home/robot/ros_workspaces/first_project/src/rpm_speed_calc/install/rpm_speed_calc' for CMake config files
[42.370s] Level 1:colcon.colcon_core.shell:create_environment_hook('rpm_speed_calc', 'cmake_prefix_path')
[42.371s] INFO:colcon.colcon_core.shell:Creating environment hook '/home/robot/ros_workspaces/first_project/src/rpm_speed_calc/install/rpm_speed_calc/share/rpm_speed_calc/hook/cmake_prefix_path.ps1'
[42.374s] INFO:colcon.colcon_core.shell:Creating environment descriptor '/home/robot/ros_workspaces/first_project/src/rpm_speed_calc/install/rpm_speed_calc/share/rpm_speed_calc/hook/cmake_prefix_path.dsv'
[42.376s] INFO:colcon.colcon_core.shell:Creating environment hook '/home/robot/ros_workspaces/first_project/src/rpm_speed_calc/install/rpm_speed_calc/share/rpm_speed_calc/hook/cmake_prefix_path.sh'
[42.379s] Level 1:colcon.colcon_core.environment:checking '/home/robot/ros_workspaces/first_project/src/rpm_speed_calc/install/rpm_speed_calc/lib'
[42.380s] Level 1:colcon.colcon_core.environment:checking '/home/robot/ros_workspaces/first_project/src/rpm_speed_calc/install/rpm_speed_calc/bin'
[42.380s] Level 1:colcon.colcon_core.environment:checking '/home/robot/ros_workspaces/first_project/src/rpm_speed_calc/install/rpm_speed_calc/lib/pkgconfig/rpm_speed_calc.pc'
[42.381s] Level 1:colcon.colcon_core.environment:checking '/home/robot/ros_workspaces/first_project/src/rpm_speed_calc/install/rpm_speed_calc/lib/python3.10/site-packages'
[42.382s] Level 1:colcon.colcon_core.environment:checking '/home/robot/ros_workspaces/first_project/src/rpm_speed_calc/install/rpm_speed_calc/bin'
[42.384s] INFO:colcon.colcon_core.shell:Creating package script '/home/robot/ros_workspaces/first_project/src/rpm_speed_calc/install/rpm_speed_calc/share/rpm_speed_calc/package.ps1'
[42.387s] INFO:colcon.colcon_core.shell:Creating package descriptor '/home/robot/ros_workspaces/first_project/src/rpm_speed_calc/install/rpm_speed_calc/share/rpm_speed_calc/package.dsv'
[42.390s] INFO:colcon.colcon_core.shell:Creating package script '/home/robot/ros_workspaces/first_project/src/rpm_speed_calc/install/rpm_speed_calc/share/rpm_speed_calc/package.sh'
[42.393s] INFO:colcon.colcon_core.shell:Creating package script '/home/robot/ros_workspaces/first_project/src/rpm_speed_calc/install/rpm_speed_calc/share/rpm_speed_calc/package.bash'
[42.396s] INFO:colcon.colcon_core.shell:Creating package script '/home/robot/ros_workspaces/first_project/src/rpm_speed_calc/install/rpm_speed_calc/share/rpm_speed_calc/package.zsh'
[42.399s] Level 1:colcon.colcon_core.environment:create_file_with_runtime_dependencies(/home/robot/ros_workspaces/first_project/src/rpm_speed_calc/install/rpm_speed_calc/share/colcon-core/packages/rpm_speed_calc)
[42.554s] Level 1:colcon.colcon_core.environment:create_environment_scripts_only(rpm_speed_calc)
[42.556s] Level 1:colcon.colcon_core.environment:checking '/home/robot/ros_workspaces/first_project/src/rpm_speed_calc/install/rpm_speed_calc' for CMake module files
[42.559s] Level 1:colcon.colcon_core.environment:checking '/home/robot/ros_workspaces/first_project/src/rpm_speed_calc/install/rpm_speed_calc' for CMake config files
[42.561s] Level 1:colcon.colcon_core.shell:create_environment_hook('rpm_speed_calc', 'cmake_prefix_path')
[42.562s] INFO:colcon.colcon_core.shell:Creating environment hook '/home/robot/ros_workspaces/first_project/src/rpm_speed_calc/install/rpm_speed_calc/share/rpm_speed_calc/hook/cmake_prefix_path.ps1'
[42.565s] INFO:colcon.colcon_core.shell:Creating environment descriptor '/home/robot/ros_workspaces/first_project/src/rpm_speed_calc/install/rpm_speed_calc/share/rpm_speed_calc/hook/cmake_prefix_path.dsv'
[42.567s] INFO:colcon.colcon_core.shell:Creating environment hook '/home/robot/ros_workspaces/first_project/src/rpm_speed_calc/install/rpm_speed_calc/share/rpm_speed_calc/hook/cmake_prefix_path.sh'
[42.570s] Level 1:colcon.colcon_core.environment:checking '/home/robot/ros_workspaces/first_project/src/rpm_speed_calc/install/rpm_speed_calc/lib'
[42.571s] Level 1:colcon.colcon_core.environment:checking '/home/robot/ros_workspaces/first_project/src/rpm_speed_calc/install/rpm_speed_calc/bin'
[42.571s] Level 1:colcon.colcon_core.environment:checking '/home/robot/ros_workspaces/first_project/src/rpm_speed_calc/install/rpm_speed_calc/lib/pkgconfig/rpm_speed_calc.pc'
[42.572s] Level 1:colcon.colcon_core.environment:checking '/home/robot/ros_workspaces/first_project/src/rpm_speed_calc/install/rpm_speed_calc/lib/python3.10/site-packages'
[42.574s] Level 1:colcon.colcon_core.environment:checking '/home/robot/ros_workspaces/first_project/src/rpm_speed_calc/install/rpm_speed_calc/bin'
[42.575s] INFO:colcon.colcon_core.shell:Creating package script '/home/robot/ros_workspaces/first_project/src/rpm_speed_calc/install/rpm_speed_calc/share/rpm_speed_calc/package.ps1'
[42.579s] INFO:colcon.colcon_core.shell:Creating package descriptor '/home/robot/ros_workspaces/first_project/src/rpm_speed_calc/install/rpm_speed_calc/share/rpm_speed_calc/package.dsv'
[42.582s] INFO:colcon.colcon_core.shell:Creating package script '/home/robot/ros_workspaces/first_project/src/rpm_speed_calc/install/rpm_speed_calc/share/rpm_speed_calc/package.sh'
[42.585s] INFO:colcon.colcon_core.shell:Creating package script '/home/robot/ros_workspaces/first_project/src/rpm_speed_calc/install/rpm_speed_calc/share/rpm_speed_calc/package.bash'
[42.587s] INFO:colcon.colcon_core.shell:Creating package script '/home/robot/ros_workspaces/first_project/src/rpm_speed_calc/install/rpm_speed_calc/share/rpm_speed_calc/package.zsh'
[42.593s] Level 1:colcon.colcon_core.environment:create_file_with_runtime_dependencies(/home/robot/ros_workspaces/first_project/src/rpm_speed_calc/install/rpm_speed_calc/share/colcon-core/packages/rpm_speed_calc)
[42.596s] DEBUG:colcon.colcon_parallel_executor.executor.parallel:closing loop
[42.597s] DEBUG:colcon.colcon_parallel_executor.executor.parallel:loop closed
[42.597s] DEBUG:colcon.colcon_parallel_executor.executor.parallel:run_until_complete finished with '0'
[42.597s] DEBUG:colcon.colcon_core.event_reactor:joining thread
[42.623s] INFO:colcon.colcon_core.plugin_system:Skipping extension 'colcon_notification.desktop_notification.terminal_notifier': Not used on non-Darwin systems
[42.623s] INFO:colcon.colcon_core.plugin_system:Skipping extension 'colcon_notification.desktop_notification.win32': Not used on non-Windows systems
[42.623s] INFO:colcon.colcon_notification.desktop_notification:Sending desktop notification using 'notify2'
[42.630s] DEBUG:colcon.colcon_notification.desktop_notification.notify2:Failed to initialize notify2: org.freedesktop.DBus.Error.ServiceUnknown: The name org.freedesktop.Notifications was not provided by any .service files
[42.631s] DEBUG:colcon.colcon_core.event_reactor:joined thread
[42.632s] INFO:colcon.colcon_core.shell:Creating prefix script '/home/robot/ros_workspaces/first_project/src/rpm_speed_calc/install/local_setup.ps1'
[42.636s] INFO:colcon.colcon_core.shell:Creating prefix util module '/home/robot/ros_workspaces/first_project/src/rpm_speed_calc/install/_local_setup_util_ps1.py'
[42.645s] INFO:colcon.colcon_core.shell:Creating prefix chain script '/home/robot/ros_workspaces/first_project/src/rpm_speed_calc/install/setup.ps1'
[42.650s] INFO:colcon.colcon_core.shell:Creating prefix script '/home/robot/ros_workspaces/first_project/src/rpm_speed_calc/install/local_setup.sh'
[42.653s] INFO:colcon.colcon_core.shell:Creating prefix util module '/home/robot/ros_workspaces/first_project/src/rpm_speed_calc/install/_local_setup_util_sh.py'
[42.656s] INFO:colcon.colcon_core.shell:Creating prefix chain script '/home/robot/ros_workspaces/first_project/src/rpm_speed_calc/install/setup.sh'
[42.662s] INFO:colcon.colcon_core.shell:Creating prefix script '/home/robot/ros_workspaces/first_project/src/rpm_speed_calc/install/local_setup.bash'
[42.665s] INFO:colcon.colcon_core.shell:Creating prefix chain script '/home/robot/ros_workspaces/first_project/src/rpm_speed_calc/install/setup.bash'
[42.670s] INFO:colcon.colcon_core.shell:Creating prefix script '/home/robot/ros_workspaces/first_project/src/rpm_speed_calc/install/local_setup.zsh'
[42.672s] INFO:colcon.colcon_core.shell:Creating prefix chain script '/home/robot/ros_workspaces/first_project/src/rpm_speed_calc/install/setup.zsh'
