[  2%] Built target firstservicepkg__cpp
[ 11%] Built target firstservicepkg__rosidl_generator_c
[ 14%] [32mBuilding CXX object CMakeFiles/turn_camera_Client.dir/src/turn_camera_Client.cpp.o[0m
[ 14%] Built target ament_cmake_python_copy_firstservicepkg
[01m[K/home/robot/ros_workspaces/project2/firstservicepkg/src/turn_camera_Client.cpp:1:10:[m[K [01;31m[Kfatal error: [m[Kopencv2/highgui.hpp: No such file or directory
    1 | #include [01;31m[K<opencv2/highgui.hpp>[m[K
      |          [01;31m[K^~~~~~~~~~~~~~~~~~~~~[m[K
compilation terminated.
[ 17%] [32mBuilding CXX object CMakeFiles/turn_camera_Server.dir/src/turn_camera_Server.cpp.o[0m
[ 25%] Built target firstservicepkg__rosidl_typesupport_cpp
[01m[K/home/robot/ros_workspaces/project2/firstservicepkg/src/turn_camera_Server.cpp:2:10:[m[K [01;31m[Kfatal error: [m[Kopencv2/highgui.hpp: No such file or directory
    2 | #include [01;31m[K<opencv2/highgui.hpp>[m[K
      |          [01;31m[K^~~~~~~~~~~~~~~~~~~~~[m[K
compilation terminated.
gmake[2]: *** [CMakeFiles/turn_camera_Server.dir/build.make:76: CMakeFiles/turn_camera_Server.dir/src/turn_camera_Server.cpp.o] Error 1
gmake[1]: *** [CMakeFiles/Makefile2:620: CMakeFiles/turn_camera_Server.dir/all] Error 2
gmake[1]: *** Waiting for unfinished jobs....
[ 34%] Built target firstservicepkg__rosidl_typesupport_fastrtps_c
[ 42%] Built target firstservicepkg__rosidl_typesupport_fastrtps_cpp
gmake[2]: *** [CMakeFiles/turn_camera_Client.dir/build.make:76: CMakeFiles/turn_camera_Client.dir/src/turn_camera_Client.cpp.o] Error 1
gmake[1]: *** [CMakeFiles/Makefile2:594: CMakeFiles/turn_camera_Client.dir/all] Error 2
gmake: *** [Makefile:146: all] Error 2
