[0.044s] Invoking command in '/home/robot/ros_workspaces/project2/firstservicepkg/build/firstservicepkg': CMAKE_PREFIX_PATH=/opt/ros/humble /usr/bin/cmake --build /home/robot/ros_workspaces/project2/firstservicepkg/build/firstservicepkg -- -j4 -l4
[0.269s] [  2%] Built target firstservicepkg__cpp
[0.318s] [ 11%] Built target firstservicepkg__rosidl_generator_c
[0.339s] [ 11%] Built target ament_cmake_python_copy_firstservicepkg
[0.414s] [ 20%] Built target firstservicepkg__rosidl_typesupport_fastrtps_cpp
[0.431s] [ 28%] Built target firstservicepkg__rosidl_typesupport_cpp
[0.490s] [ 37%] Built target firstservicepkg__rosidl_typesupport_fastrtps_c
[0.503s] [ 46%] Built target firstservicepkg__rosidl_typesupport_introspection_cpp
[0.562s] [ 55%] Built target firstservicepkg__rosidl_typesupport_c
[0.569s] [ 64%] Built target firstservicepkg__rosidl_typesupport_introspection_c
[0.683s] [ 68%] Built target turn_camera_service
[0.699s] [35m[1mConsolidate compiler generated dependencies of target action_server[0m
[0.779s] [ 73%] Built target turn_camera_client
[0.803s] [ 73%] Built target firstservicepkg
[0.845s] [ 75%] [32mBuilding CXX object CMakeFiles/action_server.dir/src/action_server.cpp.o[0m
[0.976s] [ 77%] Built target firstservicepkg__py
[1.224s] [ 84%] Built target firstservicepkg__rosidl_generator_py
[1.465s] [ 88%] Built target firstservicepkg__rosidl_typesupport_introspection_c__pyext
[1.481s] [ 93%] Built target firstservicepkg__rosidl_typesupport_fastrtps_c__pyext
[1.587s] [ 97%] Built target firstservicepkg__rosidl_typesupport_c__pyext
[2.129s] running egg_info
[2.130s] writing firstservicepkg.egg-info/PKG-INFO
[2.131s] writing dependency_links to firstservicepkg.egg-info/dependency_links.txt
[2.131s] writing top-level names to firstservicepkg.egg-info/top_level.txt
[2.141s] reading manifest file 'firstservicepkg.egg-info/SOURCES.txt'
[2.145s] writing manifest file 'firstservicepkg.egg-info/SOURCES.txt'
[2.280s] [ 97%] Built target ament_cmake_python_build_firstservicepkg_egg
[41.301s] [100%] [32m[1mLinking CXX executable action_server[0m
[43.692s] [100%] Built target action_server
[43.736s] Invoked command in '/home/robot/ros_workspaces/project2/firstservicepkg/build/firstservicepkg' returned '0': CMAKE_PREFIX_PATH=/opt/ros/humble /usr/bin/cmake --build /home/robot/ros_workspaces/project2/firstservicepkg/build/firstservicepkg -- -j4 -l4
[44.146s] Invoking command in '/home/robot/ros_workspaces/project2/firstservicepkg/build/firstservicepkg': CMAKE_PREFIX_PATH=/opt/ros/humble /usr/bin/cmake --install /home/robot/ros_workspaces/project2/firstservicepkg/build/firstservicepkg
[44.185s] -- Install configuration: ""
[44.186s] -- Up-to-date: /home/robot/ros_workspaces/project2/firstservicepkg/install/firstservicepkg/share/ament_index/resource_index/rosidl_interfaces/firstservicepkg
[44.187s] -- Up-to-date: /home/robot/ros_workspaces/project2/firstservicepkg/install/firstservicepkg/include/firstservicepkg/firstservicepkg
[44.187s] -- Up-to-date: /home/robot/ros_workspaces/project2/firstservicepkg/install/firstservicepkg/include/firstservicepkg/firstservicepkg/msg
[44.188s] -- Up-to-date: /home/robot/ros_workspaces/project2/firstservicepkg/install/firstservicepkg/include/firstservicepkg/firstservicepkg/msg/rosidl_generator_c__visibility_control.h
[44.189s] -- Up-to-date: /home/robot/ros_workspaces/project2/firstservicepkg/install/firstservicepkg/include/firstservicepkg/firstservicepkg/srv
[44.194s] -- Up-to-date: /home/robot/ros_workspaces/project2/firstservicepkg/install/firstservicepkg/include/firstservicepkg/firstservicepkg/srv/turn_camera.h
[44.195s] -- Up-to-date: /home/robot/ros_workspaces/project2/firstservicepkg/install/firstservicepkg/include/firstservicepkg/firstservicepkg/srv/detail
[44.195s] -- Up-to-date: /home/robot/ros_workspaces/project2/firstservicepkg/install/firstservicepkg/include/firstservicepkg/firstservicepkg/srv/detail/turn_camera__functions.c
[44.197s] -- Up-to-date: /home/robot/ros_workspaces/project2/firstservicepkg/install/firstservicepkg/include/firstservicepkg/firstservicepkg/srv/detail/turn_camera__type_support.h
[44.208s] -- Up-to-date: /home/robot/ros_workspaces/project2/firstservicepkg/install/firstservicepkg/include/firstservicepkg/firstservicepkg/srv/detail/turn_camera__functions.h
[44.209s] -- Up-to-date: /home/robot/ros_workspaces/project2/firstservicepkg/install/firstservicepkg/include/firstservicepkg/firstservicepkg/srv/detail/turn_camera__struct.h
[44.210s] -- Up-to-date: /home/robot/ros_workspaces/project2/firstservicepkg/install/firstservicepkg/include/firstservicepkg/firstservicepkg/action
[44.211s] -- Up-to-date: /home/robot/ros_workspaces/project2/firstservicepkg/install/firstservicepkg/include/firstservicepkg/firstservicepkg/action/detail
[44.212s] -- Up-to-date: /home/robot/ros_workspaces/project2/firstservicepkg/install/firstservicepkg/include/firstservicepkg/firstservicepkg/action/detail/navigate__functions.c
[44.212s] -- Up-to-date: /home/robot/ros_workspaces/project2/firstservicepkg/install/firstservicepkg/include/firstservicepkg/firstservicepkg/action/detail/navigate__struct.h
[44.213s] -- Up-to-date: /home/robot/ros_workspaces/project2/firstservicepkg/install/firstservicepkg/include/firstservicepkg/firstservicepkg/action/detail/navigate__functions.h
[44.214s] -- Up-to-date: /home/robot/ros_workspaces/project2/firstservicepkg/install/firstservicepkg/include/firstservicepkg/firstservicepkg/action/detail/navigate__type_support.h
[44.214s] -- Up-to-date: /home/robot/ros_workspaces/project2/firstservicepkg/install/firstservicepkg/include/firstservicepkg/firstservicepkg/action/navigate.h
[44.215s] -- Up-to-date: /home/robot/ros_workspaces/project2/firstservicepkg/install/firstservicepkg/share/firstservicepkg/environment/library_path.sh
[44.216s] -- Installing: /home/robot/ros_workspaces/project2/firstservicepkg/install/firstservicepkg/share/firstservicepkg/environment/library_path.dsv
[44.224s] -- Up-to-date: /home/robot/ros_workspaces/project2/firstservicepkg/install/firstservicepkg/lib/libfirstservicepkg__rosidl_generator_c.so
[44.224s] -- Up-to-date: /home/robot/ros_workspaces/project2/firstservicepkg/install/firstservicepkg/include/firstservicepkg/firstservicepkg
[44.225s] -- Up-to-date: /home/robot/ros_workspaces/project2/firstservicepkg/install/firstservicepkg/include/firstservicepkg/firstservicepkg/msg
[44.225s] -- Up-to-date: /home/robot/ros_workspaces/project2/firstservicepkg/install/firstservicepkg/include/firstservicepkg/firstservicepkg/msg/rosidl_typesupport_fastrtps_c__visibility_control.h
[44.226s] -- Up-to-date: /home/robot/ros_workspaces/project2/firstservicepkg/install/firstservicepkg/include/firstservicepkg/firstservicepkg/srv
[44.226s] -- Up-to-date: /home/robot/ros_workspaces/project2/firstservicepkg/install/firstservicepkg/include/firstservicepkg/firstservicepkg/srv/detail
[44.227s] -- Up-to-date: /home/robot/ros_workspaces/project2/firstservicepkg/install/firstservicepkg/include/firstservicepkg/firstservicepkg/srv/detail/turn_camera__rosidl_typesupport_fastrtps_c.h
[44.227s] -- Up-to-date: /home/robot/ros_workspaces/project2/firstservicepkg/install/firstservicepkg/include/firstservicepkg/firstservicepkg/action
[44.228s] -- Up-to-date: /home/robot/ros_workspaces/project2/firstservicepkg/install/firstservicepkg/include/firstservicepkg/firstservicepkg/action/detail
[44.228s] -- Up-to-date: /home/robot/ros_workspaces/project2/firstservicepkg/install/firstservicepkg/include/firstservicepkg/firstservicepkg/action/detail/navigate__rosidl_typesupport_fastrtps_c.h
[44.229s] -- Up-to-date: /home/robot/ros_workspaces/project2/firstservicepkg/install/firstservicepkg/lib/libfirstservicepkg__rosidl_typesupport_fastrtps_c.so
[44.229s] -- Up-to-date: /home/robot/ros_workspaces/project2/firstservicepkg/install/firstservicepkg/include/firstservicepkg/firstservicepkg
[44.230s] -- Up-to-date: /home/robot/ros_workspaces/project2/firstservicepkg/install/firstservicepkg/include/firstservicepkg/firstservicepkg/srv
[44.230s] -- Up-to-date: /home/robot/ros_workspaces/project2/firstservicepkg/install/firstservicepkg/include/firstservicepkg/firstservicepkg/srv/turn_camera.hpp
[44.239s] -- Up-to-date: /home/robot/ros_workspaces/project2/firstservicepkg/install/firstservicepkg/include/firstservicepkg/firstservicepkg/srv/detail
[44.239s] -- Up-to-date: /home/robot/ros_workspaces/project2/firstservicepkg/install/firstservicepkg/include/firstservicepkg/firstservicepkg/srv/detail/turn_camera__struct.hpp
[44.240s] -- Up-to-date: /home/robot/ros_workspaces/project2/firstservicepkg/install/firstservicepkg/include/firstservicepkg/firstservicepkg/srv/detail/turn_camera__traits.hpp
[44.240s] -- Up-to-date: /home/robot/ros_workspaces/project2/firstservicepkg/install/firstservicepkg/include/firstservicepkg/firstservicepkg/srv/detail/turn_camera__builder.hpp
[44.241s] -- Up-to-date: /home/robot/ros_workspaces/project2/firstservicepkg/install/firstservicepkg/include/firstservicepkg/firstservicepkg/action
[44.241s] -- Up-to-date: /home/robot/ros_workspaces/project2/firstservicepkg/install/firstservicepkg/include/firstservicepkg/firstservicepkg/action/navigate.hpp
[44.242s] -- Up-to-date: /home/robot/ros_workspaces/project2/firstservicepkg/install/firstservicepkg/include/firstservicepkg/firstservicepkg/action/detail
[44.242s] -- Up-to-date: /home/robot/ros_workspaces/project2/firstservicepkg/install/firstservicepkg/include/firstservicepkg/firstservicepkg/action/detail/navigate__struct.hpp
[44.243s] -- Up-to-date: /home/robot/ros_workspaces/project2/firstservicepkg/install/firstservicepkg/include/firstservicepkg/firstservicepkg/action/detail/navigate__builder.hpp
[44.244s] -- Up-to-date: /home/robot/ros_workspaces/project2/firstservicepkg/install/firstservicepkg/include/firstservicepkg/firstservicepkg/action/detail/navigate__traits.hpp
[44.244s] -- Up-to-date: /home/robot/ros_workspaces/project2/firstservicepkg/install/firstservicepkg/include/firstservicepkg/firstservicepkg
[44.245s] -- Up-to-date: /home/robot/ros_workspaces/project2/firstservicepkg/install/firstservicepkg/include/firstservicepkg/firstservicepkg/msg
[44.245s] -- Up-to-date: /home/robot/ros_workspaces/project2/firstservicepkg/install/firstservicepkg/include/firstservicepkg/firstservicepkg/msg/rosidl_typesupport_fastrtps_cpp__visibility_control.h
[44.245s] -- Up-to-date: /home/robot/ros_workspaces/project2/firstservicepkg/install/firstservicepkg/include/firstservicepkg/firstservicepkg/srv
[44.246s] -- Up-to-date: /home/robot/ros_workspaces/project2/firstservicepkg/install/firstservicepkg/include/firstservicepkg/firstservicepkg/srv/detail
[44.246s] -- Up-to-date: /home/robot/ros_workspaces/project2/firstservicepkg/install/firstservicepkg/include/firstservicepkg/firstservicepkg/srv/detail/turn_camera__rosidl_typesupport_fastrtps_cpp.hpp
[44.247s] -- Up-to-date: /home/robot/ros_workspaces/project2/firstservicepkg/install/firstservicepkg/include/firstservicepkg/firstservicepkg/srv/detail/dds_fastrtps
[44.247s] -- Up-to-date: /home/robot/ros_workspaces/project2/firstservicepkg/install/firstservicepkg/include/firstservicepkg/firstservicepkg/action
[44.248s] -- Up-to-date: /home/robot/ros_workspaces/project2/firstservicepkg/install/firstservicepkg/include/firstservicepkg/firstservicepkg/action/detail
[44.248s] -- Up-to-date: /home/robot/ros_workspaces/project2/firstservicepkg/install/firstservicepkg/include/firstservicepkg/firstservicepkg/action/detail/dds_fastrtps
[44.249s] -- Up-to-date: /home/robot/ros_workspaces/project2/firstservicepkg/install/firstservicepkg/include/firstservicepkg/firstservicepkg/action/detail/navigate__rosidl_typesupport_fastrtps_cpp.hpp
[44.249s] -- Up-to-date: /home/robot/ros_workspaces/project2/firstservicepkg/install/firstservicepkg/lib/libfirstservicepkg__rosidl_typesupport_fastrtps_cpp.so
[44.250s] -- Up-to-date: /home/robot/ros_workspaces/project2/firstservicepkg/install/firstservicepkg/include/firstservicepkg/firstservicepkg
[44.250s] -- Up-to-date: /home/robot/ros_workspaces/project2/firstservicepkg/install/firstservicepkg/include/firstservicepkg/firstservicepkg/msg
[44.259s] -- Up-to-date: /home/robot/ros_workspaces/project2/firstservicepkg/install/firstservicepkg/include/firstservicepkg/firstservicepkg/msg/rosidl_typesupport_introspection_c__visibility_control.h
[44.260s] -- Up-to-date: /home/robot/ros_workspaces/project2/firstservicepkg/install/firstservicepkg/include/firstservicepkg/firstservicepkg/srv
[44.260s] -- Up-to-date: /home/robot/ros_workspaces/project2/firstservicepkg/install/firstservicepkg/include/firstservicepkg/firstservicepkg/srv/detail
[44.261s] -- Up-to-date: /home/robot/ros_workspaces/project2/firstservicepkg/install/firstservicepkg/include/firstservicepkg/firstservicepkg/srv/detail/turn_camera__rosidl_typesupport_introspection_c.h
[44.261s] -- Up-to-date: /home/robot/ros_workspaces/project2/firstservicepkg/install/firstservicepkg/include/firstservicepkg/firstservicepkg/srv/detail/turn_camera__type_support.c
[44.262s] -- Up-to-date: /home/robot/ros_workspaces/project2/firstservicepkg/install/firstservicepkg/include/firstservicepkg/firstservicepkg/action
[44.263s] -- Up-to-date: /home/robot/ros_workspaces/project2/firstservicepkg/install/firstservicepkg/include/firstservicepkg/firstservicepkg/action/detail
[44.263s] -- Up-to-date: /home/robot/ros_workspaces/project2/firstservicepkg/install/firstservicepkg/include/firstservicepkg/firstservicepkg/action/detail/navigate__type_support.c
[44.264s] -- Up-to-date: /home/robot/ros_workspaces/project2/firstservicepkg/install/firstservicepkg/include/firstservicepkg/firstservicepkg/action/detail/navigate__rosidl_typesupport_introspection_c.h
[44.264s] -- Up-to-date: /home/robot/ros_workspaces/project2/firstservicepkg/install/firstservicepkg/lib/libfirstservicepkg__rosidl_typesupport_introspection_c.so
[44.265s] -- Up-to-date: /home/robot/ros_workspaces/project2/firstservicepkg/install/firstservicepkg/lib/libfirstservicepkg__rosidl_typesupport_c.so
[44.265s] -- Up-to-date: /home/robot/ros_workspaces/project2/firstservicepkg/install/firstservicepkg/include/firstservicepkg/firstservicepkg
[44.266s] -- Up-to-date: /home/robot/ros_workspaces/project2/firstservicepkg/install/firstservicepkg/include/firstservicepkg/firstservicepkg/srv
[44.266s] -- Up-to-date: /home/robot/ros_workspaces/project2/firstservicepkg/install/firstservicepkg/include/firstservicepkg/firstservicepkg/srv/detail
[44.267s] -- Up-to-date: /home/robot/ros_workspaces/project2/firstservicepkg/install/firstservicepkg/include/firstservicepkg/firstservicepkg/srv/detail/turn_camera__rosidl_typesupport_introspection_cpp.hpp
[44.268s] -- Up-to-date: /home/robot/ros_workspaces/project2/firstservicepkg/install/firstservicepkg/include/firstservicepkg/firstservicepkg/srv/detail/turn_camera__type_support.cpp
[44.268s] -- Up-to-date: /home/robot/ros_workspaces/project2/firstservicepkg/install/firstservicepkg/include/firstservicepkg/firstservicepkg/action
[44.269s] -- Up-to-date: /home/robot/ros_workspaces/project2/firstservicepkg/install/firstservicepkg/include/firstservicepkg/firstservicepkg/action/detail
[44.269s] -- Up-to-date: /home/robot/ros_workspaces/project2/firstservicepkg/install/firstservicepkg/include/firstservicepkg/firstservicepkg/action/detail/navigate__rosidl_typesupport_introspection_cpp.hpp
[44.270s] -- Up-to-date: /home/robot/ros_workspaces/project2/firstservicepkg/install/firstservicepkg/include/firstservicepkg/firstservicepkg/action/detail/navigate__type_support.cpp
[44.270s] -- Up-to-date: /home/robot/ros_workspaces/project2/firstservicepkg/install/firstservicepkg/lib/libfirstservicepkg__rosidl_typesupport_introspection_cpp.so
[44.271s] -- Up-to-date: /home/robot/ros_workspaces/project2/firstservicepkg/install/firstservicepkg/lib/libfirstservicepkg__rosidl_typesupport_cpp.so
[44.271s] -- Up-to-date: /home/robot/ros_workspaces/project2/firstservicepkg/install/firstservicepkg/share/firstservicepkg/environment/pythonpath.sh
[44.272s] -- Installing: /home/robot/ros_workspaces/project2/firstservicepkg/install/firstservicepkg/share/firstservicepkg/environment/pythonpath.dsv
[44.272s] -- Up-to-date: /home/robot/ros_workspaces/project2/firstservicepkg/install/firstservicepkg/local/lib/python3.10/dist-packages/firstservicepkg-0.0.0-py3.10.egg-info
[44.273s] -- Installing: /home/robot/ros_workspaces/project2/firstservicepkg/install/firstservicepkg/local/lib/python3.10/dist-packages/firstservicepkg-0.0.0-py3.10.egg-info/PKG-INFO
[44.273s] -- Installing: /home/robot/ros_workspaces/project2/firstservicepkg/install/firstservicepkg/local/lib/python3.10/dist-packages/firstservicepkg-0.0.0-py3.10.egg-info/dependency_links.txt
[44.274s] -- Installing: /home/robot/ros_workspaces/project2/firstservicepkg/install/firstservicepkg/local/lib/python3.10/dist-packages/firstservicepkg-0.0.0-py3.10.egg-info/top_level.txt
[44.274s] -- Installing: /home/robot/ros_workspaces/project2/firstservicepkg/install/firstservicepkg/local/lib/python3.10/dist-packages/firstservicepkg-0.0.0-py3.10.egg-info/SOURCES.txt
[44.275s] -- Up-to-date: /home/robot/ros_workspaces/project2/firstservicepkg/install/firstservicepkg/local/lib/python3.10/dist-packages/firstservicepkg
[44.275s] -- Up-to-date: /home/robot/ros_workspaces/project2/firstservicepkg/install/firstservicepkg/local/lib/python3.10/dist-packages/firstservicepkg/firstservicepkg_s__rosidl_typesupport_introspection_c.cpython-310-x86_64-linux-gnu.so
[44.276s] -- Installing: /home/robot/ros_workspaces/project2/firstservicepkg/install/firstservicepkg/local/lib/python3.10/dist-packages/firstservicepkg/__init__.py
[44.276s] -- Up-to-date: /home/robot/ros_workspaces/project2/firstservicepkg/install/firstservicepkg/local/lib/python3.10/dist-packages/firstservicepkg/libfirstservicepkg__rosidl_generator_py.so
[44.277s] -- Up-to-date: /home/robot/ros_workspaces/project2/firstservicepkg/install/firstservicepkg/local/lib/python3.10/dist-packages/firstservicepkg/srv
[44.277s] -- Up-to-date: /home/robot/ros_workspaces/project2/firstservicepkg/install/firstservicepkg/local/lib/python3.10/dist-packages/firstservicepkg/srv/_turn_camera.py
[44.278s] -- Up-to-date: /home/robot/ros_workspaces/project2/firstservicepkg/install/firstservicepkg/local/lib/python3.10/dist-packages/firstservicepkg/srv/__init__.py
[44.278s] -- Up-to-date: /home/robot/ros_workspaces/project2/firstservicepkg/install/firstservicepkg/local/lib/python3.10/dist-packages/firstservicepkg/srv/_turn_camera_s.c
[44.279s] -- Up-to-date: /home/robot/ros_workspaces/project2/firstservicepkg/install/firstservicepkg/local/lib/python3.10/dist-packages/firstservicepkg/firstservicepkg_s__rosidl_typesupport_c.cpython-310-x86_64-linux-gnu.so
[44.280s] -- Up-to-date: /home/robot/ros_workspaces/project2/firstservicepkg/install/firstservicepkg/local/lib/python3.10/dist-packages/firstservicepkg/_firstservicepkg_s.ep.rosidl_typesupport_introspection_c.c
[44.280s] -- Up-to-date: /home/robot/ros_workspaces/project2/firstservicepkg/install/firstservicepkg/local/lib/python3.10/dist-packages/firstservicepkg/_firstservicepkg_s.ep.rosidl_typesupport_fastrtps_c.c
[44.281s] -- Up-to-date: /home/robot/ros_workspaces/project2/firstservicepkg/install/firstservicepkg/local/lib/python3.10/dist-packages/firstservicepkg/_firstservicepkg_s.ep.rosidl_typesupport_c.c
[44.281s] -- Up-to-date: /home/robot/ros_workspaces/project2/firstservicepkg/install/firstservicepkg/local/lib/python3.10/dist-packages/firstservicepkg/action
[44.282s] -- Up-to-date: /home/robot/ros_workspaces/project2/firstservicepkg/install/firstservicepkg/local/lib/python3.10/dist-packages/firstservicepkg/action/_navigate_s.c
[44.282s] -- Up-to-date: /home/robot/ros_workspaces/project2/firstservicepkg/install/firstservicepkg/local/lib/python3.10/dist-packages/firstservicepkg/action/_navigate.py
[44.283s] -- Up-to-date: /home/robot/ros_workspaces/project2/firstservicepkg/install/firstservicepkg/local/lib/python3.10/dist-packages/firstservicepkg/action/__init__.py
[44.283s] -- Up-to-date: /home/robot/ros_workspaces/project2/firstservicepkg/install/firstservicepkg/local/lib/python3.10/dist-packages/firstservicepkg/firstservicepkg_s__rosidl_typesupport_fastrtps_c.cpython-310-x86_64-linux-gnu.so
[44.360s] Listing '/home/robot/ros_workspaces/project2/firstservicepkg/install/firstservicepkg/local/lib/python3.10/dist-packages/firstservicepkg'...
[44.361s] Compiling '/home/robot/ros_workspaces/project2/firstservicepkg/install/firstservicepkg/local/lib/python3.10/dist-packages/firstservicepkg/__init__.py'...
[44.361s] Listing '/home/robot/ros_workspaces/project2/firstservicepkg/install/firstservicepkg/local/lib/python3.10/dist-packages/firstservicepkg/action'...
[44.362s] Listing '/home/robot/ros_workspaces/project2/firstservicepkg/install/firstservicepkg/local/lib/python3.10/dist-packages/firstservicepkg/srv'...
[44.382s] -- Up-to-date: /home/robot/ros_workspaces/project2/firstservicepkg/install/firstservicepkg/local/lib/python3.10/dist-packages/firstservicepkg/firstservicepkg_s__rosidl_typesupport_fastrtps_c.cpython-310-x86_64-linux-gnu.so
[44.383s] -- Up-to-date: /home/robot/ros_workspaces/project2/firstservicepkg/install/firstservicepkg/local/lib/python3.10/dist-packages/firstservicepkg/firstservicepkg_s__rosidl_typesupport_introspection_c.cpython-310-x86_64-linux-gnu.so
[44.385s] -- Up-to-date: /home/robot/ros_workspaces/project2/firstservicepkg/install/firstservicepkg/local/lib/python3.10/dist-packages/firstservicepkg/firstservicepkg_s__rosidl_typesupport_c.cpython-310-x86_64-linux-gnu.so
[44.387s] -- Up-to-date: /home/robot/ros_workspaces/project2/firstservicepkg/install/firstservicepkg/lib/libfirstservicepkg__rosidl_generator_py.so
[44.388s] -- Up-to-date: /home/robot/ros_workspaces/project2/firstservicepkg/install/firstservicepkg/share/firstservicepkg/srv/TurnCamera.idl
[44.389s] -- Up-to-date: /home/robot/ros_workspaces/project2/firstservicepkg/install/firstservicepkg/share/firstservicepkg/action/Navigate.idl
[44.390s] -- Up-to-date: /home/robot/ros_workspaces/project2/firstservicepkg/install/firstservicepkg/share/firstservicepkg/srv/TurnCamera.srv
[44.390s] -- Up-to-date: /home/robot/ros_workspaces/project2/firstservicepkg/install/firstservicepkg/share/firstservicepkg/srv/TurnCamera_Request.msg
[44.391s] -- Up-to-date: /home/robot/ros_workspaces/project2/firstservicepkg/install/firstservicepkg/share/firstservicepkg/srv/TurnCamera_Response.msg
[44.391s] -- Up-to-date: /home/robot/ros_workspaces/project2/firstservicepkg/install/firstservicepkg/share/firstservicepkg/action/Navigate.action
[44.392s] -- Up-to-date: /home/robot/ros_workspaces/project2/firstservicepkg/install/firstservicepkg/lib/firstservicepkg/turn_camera_service
[44.393s] -- Up-to-date: /home/robot/ros_workspaces/project2/firstservicepkg/install/firstservicepkg/lib/firstservicepkg/turn_camera_client
[44.393s] -- Installing: /home/robot/ros_workspaces/project2/firstservicepkg/install/firstservicepkg/lib/firstservicepkg/action_server
[44.421s] -- Set runtime path of "/home/robot/ros_workspaces/project2/firstservicepkg/install/firstservicepkg/lib/firstservicepkg/action_server" to ""
[44.422s] -- Up-to-date: /home/robot/ros_workspaces/project2/firstservicepkg/install/firstservicepkg/share/firstservicepkg//launch
[44.423s] -- Up-to-date: /home/robot/ros_workspaces/project2/firstservicepkg/install/firstservicepkg/share/ament_index/resource_index/package_run_dependencies/firstservicepkg
[44.424s] -- Up-to-date: /home/robot/ros_workspaces/project2/firstservicepkg/install/firstservicepkg/share/ament_index/resource_index/parent_prefix_path/firstservicepkg
[44.424s] -- Up-to-date: /home/robot/ros_workspaces/project2/firstservicepkg/install/firstservicepkg/share/firstservicepkg/environment/ament_prefix_path.sh
[44.425s] -- Installing: /home/robot/ros_workspaces/project2/firstservicepkg/install/firstservicepkg/share/firstservicepkg/environment/ament_prefix_path.dsv
[44.426s] -- Up-to-date: /home/robot/ros_workspaces/project2/firstservicepkg/install/firstservicepkg/share/firstservicepkg/environment/path.sh
[44.427s] -- Installing: /home/robot/ros_workspaces/project2/firstservicepkg/install/firstservicepkg/share/firstservicepkg/environment/path.dsv
[44.429s] -- Up-to-date: /home/robot/ros_workspaces/project2/firstservicepkg/install/firstservicepkg/share/firstservicepkg/local_setup.bash
[44.430s] -- Up-to-date: /home/robot/ros_workspaces/project2/firstservicepkg/install/firstservicepkg/share/firstservicepkg/local_setup.sh
[44.431s] -- Up-to-date: /home/robot/ros_workspaces/project2/firstservicepkg/install/firstservicepkg/share/firstservicepkg/local_setup.zsh
[44.432s] -- Installing: /home/robot/ros_workspaces/project2/firstservicepkg/install/firstservicepkg/share/firstservicepkg/local_setup.dsv
[44.433s] -- Installing: /home/robot/ros_workspaces/project2/firstservicepkg/install/firstservicepkg/share/firstservicepkg/package.dsv
[44.435s] -- Up-to-date: /home/robot/ros_workspaces/project2/firstservicepkg/install/firstservicepkg/share/ament_index/resource_index/packages/firstservicepkg
[44.435s] -- Up-to-date: /home/robot/ros_workspaces/project2/firstservicepkg/install/firstservicepkg/share/firstservicepkg/cmake/export_firstservicepkg__rosidl_generator_cExport.cmake
[44.436s] -- Up-to-date: /home/robot/ros_workspaces/project2/firstservicepkg/install/firstservicepkg/share/firstservicepkg/cmake/export_firstservicepkg__rosidl_generator_cExport-noconfig.cmake
[44.436s] -- Up-to-date: /home/robot/ros_workspaces/project2/firstservicepkg/install/firstservicepkg/share/firstservicepkg/cmake/export_firstservicepkg__rosidl_typesupport_fastrtps_cExport.cmake
[44.437s] -- Up-to-date: /home/robot/ros_workspaces/project2/firstservicepkg/install/firstservicepkg/share/firstservicepkg/cmake/export_firstservicepkg__rosidl_typesupport_fastrtps_cExport-noconfig.cmake
[44.437s] -- Up-to-date: /home/robot/ros_workspaces/project2/firstservicepkg/install/firstservicepkg/share/firstservicepkg/cmake/export_firstservicepkg__rosidl_generator_cppExport.cmake
[44.438s] -- Up-to-date: /home/robot/ros_workspaces/project2/firstservicepkg/install/firstservicepkg/share/firstservicepkg/cmake/export_firstservicepkg__rosidl_typesupport_fastrtps_cppExport.cmake
[44.438s] -- Up-to-date: /home/robot/ros_workspaces/project2/firstservicepkg/install/firstservicepkg/share/firstservicepkg/cmake/export_firstservicepkg__rosidl_typesupport_fastrtps_cppExport-noconfig.cmake
[44.443s] -- Up-to-date: /home/robot/ros_workspaces/project2/firstservicepkg/install/firstservicepkg/share/firstservicepkg/cmake/firstservicepkg__rosidl_typesupport_introspection_cExport.cmake
[44.444s] -- Up-to-date: /home/robot/ros_workspaces/project2/firstservicepkg/install/firstservicepkg/share/firstservicepkg/cmake/firstservicepkg__rosidl_typesupport_introspection_cExport-noconfig.cmake
[44.444s] -- Up-to-date: /home/robot/ros_workspaces/project2/firstservicepkg/install/firstservicepkg/share/firstservicepkg/cmake/firstservicepkg__rosidl_typesupport_cExport.cmake
[44.446s] -- Up-to-date: /home/robot/ros_workspaces/project2/firstservicepkg/install/firstservicepkg/share/firstservicepkg/cmake/firstservicepkg__rosidl_typesupport_cExport-noconfig.cmake
[44.446s] -- Up-to-date: /home/robot/ros_workspaces/project2/firstservicepkg/install/firstservicepkg/share/firstservicepkg/cmake/firstservicepkg__rosidl_typesupport_introspection_cppExport.cmake
[44.447s] -- Up-to-date: /home/robot/ros_workspaces/project2/firstservicepkg/install/firstservicepkg/share/firstservicepkg/cmake/firstservicepkg__rosidl_typesupport_introspection_cppExport-noconfig.cmake
[44.448s] -- Up-to-date: /home/robot/ros_workspaces/project2/firstservicepkg/install/firstservicepkg/share/firstservicepkg/cmake/firstservicepkg__rosidl_typesupport_cppExport.cmake
[44.448s] -- Up-to-date: /home/robot/ros_workspaces/project2/firstservicepkg/install/firstservicepkg/share/firstservicepkg/cmake/firstservicepkg__rosidl_typesupport_cppExport-noconfig.cmake
[44.449s] -- Up-to-date: /home/robot/ros_workspaces/project2/firstservicepkg/install/firstservicepkg/share/firstservicepkg/cmake/export_firstservicepkg__rosidl_generator_pyExport.cmake
[44.450s] -- Up-to-date: /home/robot/ros_workspaces/project2/firstservicepkg/install/firstservicepkg/share/firstservicepkg/cmake/export_firstservicepkg__rosidl_generator_pyExport-noconfig.cmake
[44.450s] -- Up-to-date: /home/robot/ros_workspaces/project2/firstservicepkg/install/firstservicepkg/share/firstservicepkg/cmake/rosidl_cmake-extras.cmake
[44.451s] -- Up-to-date: /home/robot/ros_workspaces/project2/firstservicepkg/install/firstservicepkg/share/firstservicepkg/cmake/ament_cmake_export_dependencies-extras.cmake
[44.452s] -- Up-to-date: /home/robot/ros_workspaces/project2/firstservicepkg/install/firstservicepkg/share/firstservicepkg/cmake/ament_cmake_export_include_directories-extras.cmake
[44.452s] -- Up-to-date: /home/robot/ros_workspaces/project2/firstservicepkg/install/firstservicepkg/share/firstservicepkg/cmake/ament_cmake_export_libraries-extras.cmake
[44.453s] -- Up-to-date: /home/robot/ros_workspaces/project2/firstservicepkg/install/firstservicepkg/share/firstservicepkg/cmake/ament_cmake_export_targets-extras.cmake
[44.454s] -- Up-to-date: /home/robot/ros_workspaces/project2/firstservicepkg/install/firstservicepkg/share/firstservicepkg/cmake/rosidl_cmake_export_typesupport_targets-extras.cmake
[44.455s] -- Up-to-date: /home/robot/ros_workspaces/project2/firstservicepkg/install/firstservicepkg/share/firstservicepkg/cmake/rosidl_cmake_export_typesupport_libraries-extras.cmake
[44.455s] -- Up-to-date: /home/robot/ros_workspaces/project2/firstservicepkg/install/firstservicepkg/share/firstservicepkg/cmake/firstservicepkgConfig.cmake
[44.457s] -- Up-to-date: /home/robot/ros_workspaces/project2/firstservicepkg/install/firstservicepkg/share/firstservicepkg/cmake/firstservicepkgConfig-version.cmake
[44.458s] -- Up-to-date: /home/robot/ros_workspaces/project2/firstservicepkg/install/firstservicepkg/share/firstservicepkg/package.xml
[44.459s] Invoked command in '/home/robot/ros_workspaces/project2/firstservicepkg/build/firstservicepkg' returned '0': CMAKE_PREFIX_PATH=/opt/ros/humble /usr/bin/cmake --install /home/robot/ros_workspaces/project2/firstservicepkg/build/firstservicepkg
