[0.047s] Invoking command in '/home/robot/ros_workspaces/project2/build/firstservicepkg': CMAKE_PREFIX_PATH=/opt/ros/humble /usr/bin/cmake --build /home/robot/ros_workspaces/project2/build/firstservicepkg -- -j4 -l4
[0.175s] -- Found ament_cmake: 1.3.9 (/opt/ros/humble/share/ament_cmake/cmake)
[0.726s] -- Found rclcpp: 16.0.9 (/opt/ros/humble/share/rclcpp/cmake)
[0.855s] -- Found rosidl_generator_c: 3.1.5 (/opt/ros/humble/share/rosidl_generator_c/cmake)
[0.869s] -- Found rosidl_adapter: 3.1.5 (/opt/ros/humble/share/rosidl_adapter/cmake)
[0.899s] -- Found rosidl_generator_cpp: 3.1.5 (/opt/ros/humble/share/rosidl_generator_cpp/cmake)
[0.959s] -- Using all available rosidl_typesupport_c: rosidl_typesupport_fastrtps_c;rosidl_typesupport_introspection_c
[1.044s] -- Using all available rosidl_typesupport_cpp: rosidl_typesupport_fastrtps_cpp;rosidl_typesupport_introspection_cpp
[1.351s] -- Found rmw_implementation_cmake: 6.1.2 (/opt/ros/humble/share/rmw_implementation_cmake/cmake)
[1.359s] -- Found rmw_fastrtps_cpp: 6.2.6 (/opt/ros/humble/share/rmw_fastrtps_cpp/cmake)
[1.841s] -- Using RMW implementation 'rmw_fastrtps_cpp' as default
[2.669s] -- Found rosidl_default_generators: 1.2.0 (/opt/ros/humble/share/rosidl_default_generators/cmake)
[2.702s] -- Found sensor_msgs: 4.2.4 (/opt/ros/humble/share/sensor_msgs/cmake)
[3.374s] -- Found cv_bridge: 3.2.1 (/opt/ros/humble/share/cv_bridge/cmake)
[4.827s] -- Found ament_cmake_cppcheck: 0.12.11 (/opt/ros/humble/share/ament_cmake_cppcheck/cmake)
[4.834s] -- Found ament_cmake_cpplint: 0.12.11 (/opt/ros/humble/share/ament_cmake_cpplint/cmake)
[4.837s] -- Found ament_cmake_uncrustify: 0.12.11 (/opt/ros/humble/share/ament_cmake_uncrustify/cmake)
[4.843s] -- Found ament_cmake_ros: 0.10.0 (/opt/ros/humble/share/ament_cmake_ros/cmake)
[7.330s] -- Using all available rosidl_typesupport_c: rosidl_typesupport_fastrtps_c;rosidl_typesupport_introspection_c
[8.320s] -- Using all available rosidl_typesupport_cpp: rosidl_typesupport_fastrtps_cpp;rosidl_typesupport_introspection_cpp
[8.425s] -- Found python_cmake_module: 0.10.0 (/opt/ros/humble/share/python_cmake_module/cmake)
[8.528s] -- Using PYTHON_EXECUTABLE: /usr/bin/python3
[8.528s] -- Using PYTHON_INCLUDE_DIRS: /usr/include/python3.10
[8.529s] -- Using PYTHON_LIBRARIES: /usr/lib/x86_64-linux-gnu/libpython3.10.so
[8.836s] -- Found ament_cmake_flake8: 0.12.11 (/opt/ros/humble/share/ament_cmake_flake8/cmake)
[8.839s] -- Found ament_cmake_pep257: 0.12.11 (/opt/ros/humble/share/ament_cmake_pep257/cmake)
[8.845s] -- Found ament_lint_auto: 0.12.11 (/opt/ros/humble/share/ament_lint_auto/cmake)
[8.878s] -- Added test 'cppcheck' to perform static code analysis on C / C++ code
[8.881s] -- Configured cppcheck include dirs: 
[8.882s] -- Configured cppcheck exclude dirs and/or files: 
[8.887s] -- Added test 'cpplint' to check C / C++ code against the Google style
[8.887s] -- Configured cpplint exclude dirs and/or files: 
[8.893s] -- Added test 'uncrustify' to check C / C++ code style
[8.893s] -- Configured uncrustify additional arguments: 
[8.896s] -- Added test 'lint_cmake' to check CMake code style
[8.898s] -- Added test 'xmllint' to check XML markup files
[8.906s] -- Configuring done
[9.090s] -- Generating done
[9.108s] -- Build files have been written to: /home/robot/ros_workspaces/project2/build/firstservicepkg
[9.235s] [35m[1mConsolidate compiler generated dependencies of target firstservicepkg__rosidl_generator_c[0m
[9.314s] [  6%] Built target firstservicepkg__cpp
[9.315s] [ 12%] Built target firstservicepkg__rosidl_generator_c
[9.371s] [35m[1mConsolidate compiler generated dependencies of target firstservicepkg__rosidl_typesupport_cpp[0m
[9.385s] [ 12%] Built target ament_cmake_python_copy_firstservicepkg
[9.391s] [35m[1mConsolidate compiler generated dependencies of target firstservicepkg__rosidl_typesupport_fastrtps_c[0m
[9.413s] [35m[1mConsolidate compiler generated dependencies of target firstservicepkg__rosidl_typesupport_fastrtps_cpp[0m
[9.451s] [ 22%] Built target firstservicepkg__rosidl_typesupport_cpp
[9.456s] [35m[1mConsolidate compiler generated dependencies of target firstservicepkg__rosidl_typesupport_introspection_c[0m
[9.495s] [ 32%] Built target firstservicepkg__rosidl_typesupport_fastrtps_c
[9.514s] [35m[1mConsolidate compiler generated dependencies of target firstservicepkg__rosidl_typesupport_c[0m
[9.542s] [ 51%] Built target firstservicepkg__rosidl_typesupport_fastrtps_cpp
[9.555s] [ 51%] Built target firstservicepkg__rosidl_typesupport_introspection_c
[9.555s] [35m[1mConsolidate compiler generated dependencies of target firstservicepkg__rosidl_typesupport_introspection_cpp[0m
[9.590s] [ 61%] Built target firstservicepkg__rosidl_typesupport_c
[9.623s] [ 70%] Built target firstservicepkg__rosidl_typesupport_introspection_cpp
[9.716s] [ 70%] Built target firstservicepkg
[9.819s] [ 74%] Built target firstservicepkg__py
[9.875s] [35m[1mConsolidate compiler generated dependencies of target firstservicepkg__rosidl_generator_py[0m
[9.945s] [ 80%] Built target firstservicepkg__rosidl_generator_py
[9.992s] [35m[1mConsolidate compiler generated dependencies of target firstservicepkg__rosidl_typesupport_fastrtps_c__pyext[0m
[10.005s] [35m[1mConsolidate compiler generated dependencies of target firstservicepkg__rosidl_typesupport_c__pyext[0m
[10.037s] [35m[1mConsolidate compiler generated dependencies of target firstservicepkg__rosidl_typesupport_introspection_c__pyext[0m
[10.094s] [ 87%] Built target firstservicepkg__rosidl_typesupport_c__pyext
[10.098s] [ 93%] Built target firstservicepkg__rosidl_typesupport_fastrtps_c__pyext
[10.134s] [100%] Built target firstservicepkg__rosidl_typesupport_introspection_c__pyext
[10.825s] running egg_info
[10.828s] writing firstservicepkg.egg-info/PKG-INFO
[10.829s] writing dependency_links to firstservicepkg.egg-info/dependency_links.txt
[10.831s] writing top-level names to firstservicepkg.egg-info/top_level.txt
[10.841s] reading manifest file 'firstservicepkg.egg-info/SOURCES.txt'
[10.844s] writing manifest file 'firstservicepkg.egg-info/SOURCES.txt'
[10.962s] [100%] Built target ament_cmake_python_build_firstservicepkg_egg
[11.010s] Invoked command in '/home/robot/ros_workspaces/project2/build/firstservicepkg' returned '0': CMAKE_PREFIX_PATH=/opt/ros/humble /usr/bin/cmake --build /home/robot/ros_workspaces/project2/build/firstservicepkg -- -j4 -l4
[11.305s] Invoking command in '/home/robot/ros_workspaces/project2/build/firstservicepkg': CMAKE_PREFIX_PATH=/opt/ros/humble /usr/bin/cmake --install /home/robot/ros_workspaces/project2/build/firstservicepkg
[11.339s] -- Install configuration: ""
[11.340s] -- Up-to-date: /home/robot/ros_workspaces/project2/install/firstservicepkg/share/ament_index/resource_index/rosidl_interfaces/firstservicepkg
[11.341s] -- Up-to-date: /home/robot/ros_workspaces/project2/install/firstservicepkg/include/firstservicepkg/firstservicepkg
[11.341s] -- Up-to-date: /home/robot/ros_workspaces/project2/install/firstservicepkg/include/firstservicepkg/firstservicepkg/msg
[11.342s] -- Up-to-date: /home/robot/ros_workspaces/project2/install/firstservicepkg/include/firstservicepkg/firstservicepkg/msg/rosidl_generator_c__visibility_control.h
[11.342s] -- Up-to-date: /home/robot/ros_workspaces/project2/install/firstservicepkg/include/firstservicepkg/firstservicepkg/srv
[11.343s] -- Up-to-date: /home/robot/ros_workspaces/project2/install/firstservicepkg/include/firstservicepkg/firstservicepkg/srv/camera_angle.h
[11.343s] -- Up-to-date: /home/robot/ros_workspaces/project2/install/firstservicepkg/include/firstservicepkg/firstservicepkg/srv/detail
[11.344s] -- Up-to-date: /home/robot/ros_workspaces/project2/install/firstservicepkg/include/firstservicepkg/firstservicepkg/srv/detail/camera_angle__functions.c
[11.345s] -- Up-to-date: /home/robot/ros_workspaces/project2/install/firstservicepkg/include/firstservicepkg/firstservicepkg/srv/detail/camera_angle__functions.h
[11.345s] -- Up-to-date: /home/robot/ros_workspaces/project2/install/firstservicepkg/include/firstservicepkg/firstservicepkg/srv/detail/camera_angle__struct.h
[11.345s] -- Up-to-date: /home/robot/ros_workspaces/project2/install/firstservicepkg/include/firstservicepkg/firstservicepkg/srv/detail/camera_angle__type_support.h
[11.346s] -- Up-to-date: /home/robot/ros_workspaces/project2/install/firstservicepkg/share/firstservicepkg/environment/library_path.sh
[11.347s] -- Installing: /home/robot/ros_workspaces/project2/install/firstservicepkg/share/firstservicepkg/environment/library_path.dsv
[11.348s] -- Up-to-date: /home/robot/ros_workspaces/project2/install/firstservicepkg/lib/libfirstservicepkg__rosidl_generator_c.so
[11.349s] -- Up-to-date: /home/robot/ros_workspaces/project2/install/firstservicepkg/include/firstservicepkg/firstservicepkg
[11.349s] -- Up-to-date: /home/robot/ros_workspaces/project2/install/firstservicepkg/include/firstservicepkg/firstservicepkg/msg
[11.350s] -- Up-to-date: /home/robot/ros_workspaces/project2/install/firstservicepkg/include/firstservicepkg/firstservicepkg/msg/rosidl_typesupport_fastrtps_c__visibility_control.h
[11.350s] -- Up-to-date: /home/robot/ros_workspaces/project2/install/firstservicepkg/include/firstservicepkg/firstservicepkg/srv
[11.351s] -- Up-to-date: /home/robot/ros_workspaces/project2/install/firstservicepkg/include/firstservicepkg/firstservicepkg/srv/detail
[11.352s] -- Up-to-date: /home/robot/ros_workspaces/project2/install/firstservicepkg/include/firstservicepkg/firstservicepkg/srv/detail/camera_angle__rosidl_typesupport_fastrtps_c.h
[11.352s] -- Up-to-date: /home/robot/ros_workspaces/project2/install/firstservicepkg/lib/libfirstservicepkg__rosidl_typesupport_fastrtps_c.so
[11.353s] -- Up-to-date: /home/robot/ros_workspaces/project2/install/firstservicepkg/include/firstservicepkg/firstservicepkg
[11.353s] -- Up-to-date: /home/robot/ros_workspaces/project2/install/firstservicepkg/include/firstservicepkg/firstservicepkg/srv
[11.353s] -- Up-to-date: /home/robot/ros_workspaces/project2/install/firstservicepkg/include/firstservicepkg/firstservicepkg/srv/camera_angle.hpp
[11.354s] -- Up-to-date: /home/robot/ros_workspaces/project2/install/firstservicepkg/include/firstservicepkg/firstservicepkg/srv/detail
[11.355s] -- Up-to-date: /home/robot/ros_workspaces/project2/install/firstservicepkg/include/firstservicepkg/firstservicepkg/srv/detail/camera_angle__traits.hpp
[11.355s] -- Up-to-date: /home/robot/ros_workspaces/project2/install/firstservicepkg/include/firstservicepkg/firstservicepkg/srv/detail/camera_angle__builder.hpp
[11.356s] -- Up-to-date: /home/robot/ros_workspaces/project2/install/firstservicepkg/include/firstservicepkg/firstservicepkg/srv/detail/camera_angle__struct.hpp
[11.356s] -- Up-to-date: /home/robot/ros_workspaces/project2/install/firstservicepkg/include/firstservicepkg/firstservicepkg
[11.356s] -- Up-to-date: /home/robot/ros_workspaces/project2/install/firstservicepkg/include/firstservicepkg/firstservicepkg/msg
[11.357s] -- Up-to-date: /home/robot/ros_workspaces/project2/install/firstservicepkg/include/firstservicepkg/firstservicepkg/msg/rosidl_typesupport_fastrtps_cpp__visibility_control.h
[11.358s] -- Up-to-date: /home/robot/ros_workspaces/project2/install/firstservicepkg/include/firstservicepkg/firstservicepkg/srv
[11.359s] -- Up-to-date: /home/robot/ros_workspaces/project2/install/firstservicepkg/include/firstservicepkg/firstservicepkg/srv/detail
[11.359s] -- Up-to-date: /home/robot/ros_workspaces/project2/install/firstservicepkg/include/firstservicepkg/firstservicepkg/srv/detail/camera_angle__rosidl_typesupport_fastrtps_cpp.hpp
[11.360s] -- Up-to-date: /home/robot/ros_workspaces/project2/install/firstservicepkg/include/firstservicepkg/firstservicepkg/srv/detail/dds_fastrtps
[11.360s] -- Up-to-date: /home/robot/ros_workspaces/project2/install/firstservicepkg/lib/libfirstservicepkg__rosidl_typesupport_fastrtps_cpp.so
[11.361s] -- Up-to-date: /home/robot/ros_workspaces/project2/install/firstservicepkg/include/firstservicepkg/firstservicepkg
[11.361s] -- Up-to-date: /home/robot/ros_workspaces/project2/install/firstservicepkg/include/firstservicepkg/firstservicepkg/msg
[11.362s] -- Up-to-date: /home/robot/ros_workspaces/project2/install/firstservicepkg/include/firstservicepkg/firstservicepkg/msg/rosidl_typesupport_introspection_c__visibility_control.h
[11.363s] -- Up-to-date: /home/robot/ros_workspaces/project2/install/firstservicepkg/include/firstservicepkg/firstservicepkg/srv
[11.364s] -- Up-to-date: /home/robot/ros_workspaces/project2/install/firstservicepkg/include/firstservicepkg/firstservicepkg/srv/detail
[11.365s] -- Up-to-date: /home/robot/ros_workspaces/project2/install/firstservicepkg/include/firstservicepkg/firstservicepkg/srv/detail/camera_angle__rosidl_typesupport_introspection_c.h
[11.365s] -- Up-to-date: /home/robot/ros_workspaces/project2/install/firstservicepkg/include/firstservicepkg/firstservicepkg/srv/detail/camera_angle__type_support.c
[11.365s] -- Up-to-date: /home/robot/ros_workspaces/project2/install/firstservicepkg/lib/libfirstservicepkg__rosidl_typesupport_introspection_c.so
[11.366s] -- Up-to-date: /home/robot/ros_workspaces/project2/install/firstservicepkg/lib/libfirstservicepkg__rosidl_typesupport_c.so
[11.366s] -- Up-to-date: /home/robot/ros_workspaces/project2/install/firstservicepkg/include/firstservicepkg/firstservicepkg
[11.367s] -- Up-to-date: /home/robot/ros_workspaces/project2/install/firstservicepkg/include/firstservicepkg/firstservicepkg/srv
[11.367s] -- Up-to-date: /home/robot/ros_workspaces/project2/install/firstservicepkg/include/firstservicepkg/firstservicepkg/srv/detail
[11.367s] -- Up-to-date: /home/robot/ros_workspaces/project2/install/firstservicepkg/include/firstservicepkg/firstservicepkg/srv/detail/camera_angle__type_support.cpp
[11.368s] -- Up-to-date: /home/robot/ros_workspaces/project2/install/firstservicepkg/include/firstservicepkg/firstservicepkg/srv/detail/camera_angle__rosidl_typesupport_introspection_cpp.hpp
[11.368s] -- Up-to-date: /home/robot/ros_workspaces/project2/install/firstservicepkg/lib/libfirstservicepkg__rosidl_typesupport_introspection_cpp.so
[11.369s] -- Up-to-date: /home/robot/ros_workspaces/project2/install/firstservicepkg/lib/libfirstservicepkg__rosidl_typesupport_cpp.so
[11.369s] -- Up-to-date: /home/robot/ros_workspaces/project2/install/firstservicepkg/share/firstservicepkg/environment/pythonpath.sh
[11.369s] -- Installing: /home/robot/ros_workspaces/project2/install/firstservicepkg/share/firstservicepkg/environment/pythonpath.dsv
[11.370s] -- Up-to-date: /home/robot/ros_workspaces/project2/install/firstservicepkg/local/lib/python3.10/dist-packages/firstservicepkg-0.0.0-py3.10.egg-info
[11.370s] -- Installing: /home/robot/ros_workspaces/project2/install/firstservicepkg/local/lib/python3.10/dist-packages/firstservicepkg-0.0.0-py3.10.egg-info/PKG-INFO
[11.371s] -- Installing: /home/robot/ros_workspaces/project2/install/firstservicepkg/local/lib/python3.10/dist-packages/firstservicepkg-0.0.0-py3.10.egg-info/dependency_links.txt
[11.371s] -- Installing: /home/robot/ros_workspaces/project2/install/firstservicepkg/local/lib/python3.10/dist-packages/firstservicepkg-0.0.0-py3.10.egg-info/top_level.txt
[11.371s] -- Installing: /home/robot/ros_workspaces/project2/install/firstservicepkg/local/lib/python3.10/dist-packages/firstservicepkg-0.0.0-py3.10.egg-info/SOURCES.txt
[11.372s] -- Up-to-date: /home/robot/ros_workspaces/project2/install/firstservicepkg/local/lib/python3.10/dist-packages/firstservicepkg
[11.372s] -- Up-to-date: /home/robot/ros_workspaces/project2/install/firstservicepkg/local/lib/python3.10/dist-packages/firstservicepkg/firstservicepkg_s__rosidl_typesupport_introspection_c.cpython-310-x86_64-linux-gnu.so
[11.372s] -- Installing: /home/robot/ros_workspaces/project2/install/firstservicepkg/local/lib/python3.10/dist-packages/firstservicepkg/__init__.py
[11.373s] -- Up-to-date: /home/robot/ros_workspaces/project2/install/firstservicepkg/local/lib/python3.10/dist-packages/firstservicepkg/libfirstservicepkg__rosidl_generator_py.so
[11.373s] -- Up-to-date: /home/robot/ros_workspaces/project2/install/firstservicepkg/local/lib/python3.10/dist-packages/firstservicepkg/srv
[11.373s] -- Up-to-date: /home/robot/ros_workspaces/project2/install/firstservicepkg/local/lib/python3.10/dist-packages/firstservicepkg/srv/_camera_angle.py
[11.374s] -- Up-to-date: /home/robot/ros_workspaces/project2/install/firstservicepkg/local/lib/python3.10/dist-packages/firstservicepkg/srv/__init__.py
[11.374s] -- Up-to-date: /home/robot/ros_workspaces/project2/install/firstservicepkg/local/lib/python3.10/dist-packages/firstservicepkg/srv/_camera_angle_s.c
[11.375s] -- Up-to-date: /home/robot/ros_workspaces/project2/install/firstservicepkg/local/lib/python3.10/dist-packages/firstservicepkg/firstservicepkg_s__rosidl_typesupport_c.cpython-310-x86_64-linux-gnu.so
[11.375s] -- Up-to-date: /home/robot/ros_workspaces/project2/install/firstservicepkg/local/lib/python3.10/dist-packages/firstservicepkg/_firstservicepkg_s.ep.rosidl_typesupport_introspection_c.c
[11.375s] -- Up-to-date: /home/robot/ros_workspaces/project2/install/firstservicepkg/local/lib/python3.10/dist-packages/firstservicepkg/_firstservicepkg_s.ep.rosidl_typesupport_fastrtps_c.c
[11.376s] -- Up-to-date: /home/robot/ros_workspaces/project2/install/firstservicepkg/local/lib/python3.10/dist-packages/firstservicepkg/_firstservicepkg_s.ep.rosidl_typesupport_c.c
[11.376s] -- Up-to-date: /home/robot/ros_workspaces/project2/install/firstservicepkg/local/lib/python3.10/dist-packages/firstservicepkg/firstservicepkg_s__rosidl_typesupport_fastrtps_c.cpython-310-x86_64-linux-gnu.so
[11.500s] Listing '/home/robot/ros_workspaces/project2/install/firstservicepkg/local/lib/python3.10/dist-packages/firstservicepkg'...
[11.502s] Compiling '/home/robot/ros_workspaces/project2/install/firstservicepkg/local/lib/python3.10/dist-packages/firstservicepkg/__init__.py'...
[11.503s] Listing '/home/robot/ros_workspaces/project2/install/firstservicepkg/local/lib/python3.10/dist-packages/firstservicepkg/srv'...
[11.524s] -- Up-to-date: /home/robot/ros_workspaces/project2/install/firstservicepkg/local/lib/python3.10/dist-packages/firstservicepkg/firstservicepkg_s__rosidl_typesupport_fastrtps_c.cpython-310-x86_64-linux-gnu.so
[11.525s] -- Up-to-date: /home/robot/ros_workspaces/project2/install/firstservicepkg/local/lib/python3.10/dist-packages/firstservicepkg/firstservicepkg_s__rosidl_typesupport_introspection_c.cpython-310-x86_64-linux-gnu.so
[11.527s] -- Up-to-date: /home/robot/ros_workspaces/project2/install/firstservicepkg/local/lib/python3.10/dist-packages/firstservicepkg/firstservicepkg_s__rosidl_typesupport_c.cpython-310-x86_64-linux-gnu.so
[11.528s] -- Up-to-date: /home/robot/ros_workspaces/project2/install/firstservicepkg/lib/libfirstservicepkg__rosidl_generator_py.so
[11.530s] -- Up-to-date: /home/robot/ros_workspaces/project2/install/firstservicepkg/share/firstservicepkg/srv/CameraAngle.idl
[11.531s] -- Up-to-date: /home/robot/ros_workspaces/project2/install/firstservicepkg/share/firstservicepkg/srv/CameraAngle.srv
[11.531s] -- Up-to-date: /home/robot/ros_workspaces/project2/install/firstservicepkg/share/firstservicepkg/srv/CameraAngle_Request.msg
[11.532s] -- Up-to-date: /home/robot/ros_workspaces/project2/install/firstservicepkg/share/firstservicepkg/srv/CameraAngle_Response.msg
[11.533s] -- Installing: /home/robot/ros_workspaces/project2/install/firstservicepkg/share/ament_index/resource_index/package_run_dependencies/firstservicepkg
[11.533s] -- Installing: /home/robot/ros_workspaces/project2/install/firstservicepkg/share/ament_index/resource_index/parent_prefix_path/firstservicepkg
[11.534s] -- Installing: /home/robot/ros_workspaces/project2/install/firstservicepkg/share/firstservicepkg/environment/ament_prefix_path.sh
[11.535s] -- Installing: /home/robot/ros_workspaces/project2/install/firstservicepkg/share/firstservicepkg/environment/ament_prefix_path.dsv
[11.535s] -- Installing: /home/robot/ros_workspaces/project2/install/firstservicepkg/share/firstservicepkg/environment/path.sh
[11.537s] -- Installing: /home/robot/ros_workspaces/project2/install/firstservicepkg/share/firstservicepkg/environment/path.dsv
[11.537s] -- Installing: /home/robot/ros_workspaces/project2/install/firstservicepkg/share/firstservicepkg/local_setup.bash
[11.538s] -- Installing: /home/robot/ros_workspaces/project2/install/firstservicepkg/share/firstservicepkg/local_setup.sh
[11.539s] -- Installing: /home/robot/ros_workspaces/project2/install/firstservicepkg/share/firstservicepkg/local_setup.zsh
[11.540s] -- Installing: /home/robot/ros_workspaces/project2/install/firstservicepkg/share/firstservicepkg/local_setup.dsv
[11.541s] -- Installing: /home/robot/ros_workspaces/project2/install/firstservicepkg/share/firstservicepkg/package.dsv
[11.542s] -- Installing: /home/robot/ros_workspaces/project2/install/firstservicepkg/share/ament_index/resource_index/packages/firstservicepkg
[11.544s] -- Installing: /home/robot/ros_workspaces/project2/install/firstservicepkg/share/firstservicepkg/cmake/export_firstservicepkg__rosidl_generator_cExport.cmake
[11.545s] -- Installing: /home/robot/ros_workspaces/project2/install/firstservicepkg/share/firstservicepkg/cmake/export_firstservicepkg__rosidl_generator_cExport-noconfig.cmake
[11.546s] -- Installing: /home/robot/ros_workspaces/project2/install/firstservicepkg/share/firstservicepkg/cmake/export_firstservicepkg__rosidl_typesupport_fastrtps_cExport.cmake
[11.547s] -- Installing: /home/robot/ros_workspaces/project2/install/firstservicepkg/share/firstservicepkg/cmake/export_firstservicepkg__rosidl_typesupport_fastrtps_cExport-noconfig.cmake
[11.548s] -- Installing: /home/robot/ros_workspaces/project2/install/firstservicepkg/share/firstservicepkg/cmake/export_firstservicepkg__rosidl_generator_cppExport.cmake
[11.549s] -- Installing: /home/robot/ros_workspaces/project2/install/firstservicepkg/share/firstservicepkg/cmake/export_firstservicepkg__rosidl_typesupport_fastrtps_cppExport.cmake
[11.549s] -- Installing: /home/robot/ros_workspaces/project2/install/firstservicepkg/share/firstservicepkg/cmake/export_firstservicepkg__rosidl_typesupport_fastrtps_cppExport-noconfig.cmake
[11.550s] -- Installing: /home/robot/ros_workspaces/project2/install/firstservicepkg/share/firstservicepkg/cmake/firstservicepkg__rosidl_typesupport_introspection_cExport.cmake
[11.551s] -- Installing: /home/robot/ros_workspaces/project2/install/firstservicepkg/share/firstservicepkg/cmake/firstservicepkg__rosidl_typesupport_introspection_cExport-noconfig.cmake
[11.551s] -- Installing: /home/robot/ros_workspaces/project2/install/firstservicepkg/share/firstservicepkg/cmake/firstservicepkg__rosidl_typesupport_cExport.cmake
[11.553s] -- Installing: /home/robot/ros_workspaces/project2/install/firstservicepkg/share/firstservicepkg/cmake/firstservicepkg__rosidl_typesupport_cExport-noconfig.cmake
[11.553s] -- Installing: /home/robot/ros_workspaces/project2/install/firstservicepkg/share/firstservicepkg/cmake/firstservicepkg__rosidl_typesupport_introspection_cppExport.cmake
[11.554s] -- Installing: /home/robot/ros_workspaces/project2/install/firstservicepkg/share/firstservicepkg/cmake/firstservicepkg__rosidl_typesupport_introspection_cppExport-noconfig.cmake
[11.555s] -- Installing: /home/robot/ros_workspaces/project2/install/firstservicepkg/share/firstservicepkg/cmake/firstservicepkg__rosidl_typesupport_cppExport.cmake
[11.556s] -- Installing: /home/robot/ros_workspaces/project2/install/firstservicepkg/share/firstservicepkg/cmake/firstservicepkg__rosidl_typesupport_cppExport-noconfig.cmake
[11.557s] -- Installing: /home/robot/ros_workspaces/project2/install/firstservicepkg/share/firstservicepkg/cmake/export_firstservicepkg__rosidl_generator_pyExport.cmake
[11.558s] -- Installing: /home/robot/ros_workspaces/project2/install/firstservicepkg/share/firstservicepkg/cmake/export_firstservicepkg__rosidl_generator_pyExport-noconfig.cmake
[11.559s] -- Installing: /home/robot/ros_workspaces/project2/install/firstservicepkg/share/firstservicepkg/cmake/rosidl_cmake-extras.cmake
[11.560s] -- Installing: /home/robot/ros_workspaces/project2/install/firstservicepkg/share/firstservicepkg/cmake/ament_cmake_export_dependencies-extras.cmake
[11.561s] -- Installing: /home/robot/ros_workspaces/project2/install/firstservicepkg/share/firstservicepkg/cmake/ament_cmake_export_include_directories-extras.cmake
[11.562s] -- Installing: /home/robot/ros_workspaces/project2/install/firstservicepkg/share/firstservicepkg/cmake/ament_cmake_export_libraries-extras.cmake
[11.563s] -- Installing: /home/robot/ros_workspaces/project2/install/firstservicepkg/share/firstservicepkg/cmake/ament_cmake_export_targets-extras.cmake
[11.564s] -- Installing: /home/robot/ros_workspaces/project2/install/firstservicepkg/share/firstservicepkg/cmake/rosidl_cmake_export_typesupport_targets-extras.cmake
[11.564s] -- Installing: /home/robot/ros_workspaces/project2/install/firstservicepkg/share/firstservicepkg/cmake/rosidl_cmake_export_typesupport_libraries-extras.cmake
[11.565s] -- Installing: /home/robot/ros_workspaces/project2/install/firstservicepkg/share/firstservicepkg/cmake/firstservicepkgConfig.cmake
[11.566s] -- Installing: /home/robot/ros_workspaces/project2/install/firstservicepkg/share/firstservicepkg/cmake/firstservicepkgConfig-version.cmake
[11.567s] -- Installing: /home/robot/ros_workspaces/project2/install/firstservicepkg/share/firstservicepkg/package.xml
[11.577s] Invoked command in '/home/robot/ros_workspaces/project2/build/firstservicepkg' returned '0': CMAKE_PREFIX_PATH=/opt/ros/humble /usr/bin/cmake --install /home/robot/ros_workspaces/project2/build/firstservicepkg
