[0.051s] Invoking command in '/home/robot/ros_workspaces/first_project/src/rpm_speed_calc/build/rpm_speed_calc': CMAKE_PREFIX_PATH=${CMAKE_PREFIX_PATH}:/opt/ros/humble /usr/bin/cmake --build /home/robot/ros_workspaces/first_project/src/rpm_speed_calc/build/rpm_speed_calc -- -j4 -l4
[0.215s] [35m[1mConsolidate compiler generated dependencies of target publishrmp[0m
[0.221s] [35m[1mConsolidate compiler generated dependencies of target publishspeed[0m
[0.282s] [ 33%] Built target subscriber
[0.316s] [ 50%] [32mBuilding CXX object CMakeFiles/publishrmp.dir/src/publishrmp.cpp.o[0m
[0.336s] [ 83%] Built target publishspeed
[20.930s] [100%] [32m[1mLinking CXX executable publishrmp[0m
[21.968s] [100%] Built target publishrmp
[22.014s] Invoked command in '/home/robot/ros_workspaces/first_project/src/rpm_speed_calc/build/rpm_speed_calc' returned '0': CMAKE_PREFIX_PATH=${CMAKE_PREFIX_PATH}:/opt/ros/humble /usr/bin/cmake --build /home/robot/ros_workspaces/first_project/src/rpm_speed_calc/build/rpm_speed_calc -- -j4 -l4
[22.176s] Invoking command in '/home/robot/ros_workspaces/first_project/src/rpm_speed_calc/build/rpm_speed_calc': CMAKE_PREFIX_PATH=${CMAKE_PREFIX_PATH}:/opt/ros/humble /usr/bin/cmake --install /home/robot/ros_workspaces/first_project/src/rpm_speed_calc/build/rpm_speed_calc
[22.212s] -- Install configuration: ""
[22.214s] -- Installing: /home/robot/ros_workspaces/first_project/src/rpm_speed_calc/install/rpm_speed_calc/lib/rpm_speed_calc/publishrmp
[22.222s] -- Set runtime path of "/home/robot/ros_workspaces/first_project/src/rpm_speed_calc/install/rpm_speed_calc/lib/rpm_speed_calc/publishrmp" to ""
[22.225s] -- Up-to-date: /home/robot/ros_workspaces/first_project/src/rpm_speed_calc/install/rpm_speed_calc/lib/rpm_speed_calc/subscriber
[22.228s] -- Up-to-date: /home/robot/ros_workspaces/first_project/src/rpm_speed_calc/install/rpm_speed_calc/lib/rpm_speed_calc/publishspeed
[22.231s] -- Up-to-date: /home/robot/ros_workspaces/first_project/src/rpm_speed_calc/install/rpm_speed_calc/share/ament_index/resource_index/package_run_dependencies/rpm_speed_calc
[22.232s] -- Up-to-date: /home/robot/ros_workspaces/first_project/src/rpm_speed_calc/install/rpm_speed_calc/share/ament_index/resource_index/parent_prefix_path/rpm_speed_calc
[22.232s] -- Up-to-date: /home/robot/ros_workspaces/first_project/src/rpm_speed_calc/install/rpm_speed_calc/share/rpm_speed_calc/environment/ament_prefix_path.sh
[22.234s] -- Up-to-date: /home/robot/ros_workspaces/first_project/src/rpm_speed_calc/install/rpm_speed_calc/share/rpm_speed_calc/environment/ament_prefix_path.dsv
[22.235s] -- Up-to-date: /home/robot/ros_workspaces/first_project/src/rpm_speed_calc/install/rpm_speed_calc/share/rpm_speed_calc/environment/path.sh
[22.236s] -- Up-to-date: /home/robot/ros_workspaces/first_project/src/rpm_speed_calc/install/rpm_speed_calc/share/rpm_speed_calc/environment/path.dsv
[22.236s] -- Up-to-date: /home/robot/ros_workspaces/first_project/src/rpm_speed_calc/install/rpm_speed_calc/share/rpm_speed_calc/local_setup.bash
[22.237s] -- Up-to-date: /home/robot/ros_workspaces/first_project/src/rpm_speed_calc/install/rpm_speed_calc/share/rpm_speed_calc/local_setup.sh
[22.237s] -- Up-to-date: /home/robot/ros_workspaces/first_project/src/rpm_speed_calc/install/rpm_speed_calc/share/rpm_speed_calc/local_setup.zsh
[22.238s] -- Up-to-date: /home/robot/ros_workspaces/first_project/src/rpm_speed_calc/install/rpm_speed_calc/share/rpm_speed_calc/local_setup.dsv
[22.238s] -- Installing: /home/robot/ros_workspaces/first_project/src/rpm_speed_calc/install/rpm_speed_calc/share/rpm_speed_calc/package.dsv
[22.239s] -- Up-to-date: /home/robot/ros_workspaces/first_project/src/rpm_speed_calc/install/rpm_speed_calc/share/ament_index/resource_index/packages/rpm_speed_calc
[22.249s] -- Up-to-date: /home/robot/ros_workspaces/first_project/src/rpm_speed_calc/install/rpm_speed_calc/share/rpm_speed_calc/cmake/rpm_speed_calcConfig.cmake
[22.250s] -- Up-to-date: /home/robot/ros_workspaces/first_project/src/rpm_speed_calc/install/rpm_speed_calc/share/rpm_speed_calc/cmake/rpm_speed_calcConfig-version.cmake
[22.251s] -- Up-to-date: /home/robot/ros_workspaces/first_project/src/rpm_speed_calc/install/rpm_speed_calc/share/rpm_speed_calc/package.xml
[22.252s] Invoked command in '/home/robot/ros_workspaces/first_project/src/rpm_speed_calc/build/rpm_speed_calc' returned '0': CMAKE_PREFIX_PATH=${CMAKE_PREFIX_PATH}:/opt/ros/humble /usr/bin/cmake --install /home/robot/ros_workspaces/first_project/src/rpm_speed_calc/build/rpm_speed_calc
