[0.606s] DEBUG:colcon:Command line arguments: ['/usr/bin/colcon', 'build']
[0.606s] DEBUG:colcon:Parsed command line arguments: Namespace(log_base=None, log_level=None, verb_name='build', build_base='build', install_base='install', merge_install=False, symlink_install=False, test_result_base=None, continue_on_error=False, executor='parallel', parallel_workers=4, event_handlers=None, ignore_user_meta=False, metas=['./colcon.meta'], base_paths=['.'], packages_ignore=None, packages_ignore_regex=None, paths=None, packages_up_to=None, packages_up_to_regex=None, packages_above=None, packages_above_and_dependencies=None, packages_above_depth=None, packages_select_by_dep=None, packages_skip_by_dep=None, packages_skip_up_to=None, packages_select_build_failed=False, packages_skip_build_finished=False, packages_select_test_failures=False, packages_skip_test_passed=False, packages_select=None, packages_skip=None, packages_select_regex=None, packages_skip_regex=None, packages_start=None, packages_end=None, allow_overriding=[], cmake_args=None, cmake_target=None, cmake_target_skip_unavailable=False, cmake_clean_cache=False, cmake_clean_first=False, cmake_force_configure=False, ament_cmake_args=None, catkin_cmake_args=None, catkin_skip_building_tests=False, verb_parser=<colcon_defaults.argument_parser.defaults.DefaultArgumentsDecorator object at 0x7bf8eac03460>, verb_extension=<colcon_core.verb.build.BuildVerb object at 0x7bf8eb3d7520>, main=<bound method BuildVerb.main of <colcon_core.verb.build.BuildVerb object at 0x7bf8eb3d7520>>)
[1.619s] Level 1:colcon.colcon_core.package_discovery:discover_packages(colcon_meta) check parameters
[1.620s] Level 1:colcon.colcon_core.package_discovery:discover_packages(recursive) check parameters
[1.620s] Level 1:colcon.colcon_core.package_discovery:discover_packages(ignore) check parameters
[1.620s] Level 1:colcon.colcon_core.package_discovery:discover_packages(path) check parameters
[1.621s] Level 1:colcon.colcon_core.package_discovery:discover_packages(colcon_meta) discover
[1.621s] Level 1:colcon.colcon_core.package_discovery:discover_packages(recursive) discover
[1.621s] INFO:colcon.colcon_core.package_discovery:Crawling recursively for packages in '/home/robot/ros_workspaces/project2/firstservicepkg'
[1.622s] Level 1:colcon.colcon_core.package_identification:_identify(.) by extensions ['ignore', 'ignore_ament_install']
[1.622s] Level 1:colcon.colcon_core.package_identification:_identify(.) by extension 'ignore'
[1.623s] Level 1:colcon.colcon_core.package_identification:_identify(.) by extension 'ignore_ament_install'
[1.623s] Level 1:colcon.colcon_core.package_identification:_identify(.) by extensions ['colcon_pkg']
[1.624s] Level 1:colcon.colcon_core.package_identification:_identify(.) by extension 'colcon_pkg'
[1.624s] Level 1:colcon.colcon_core.package_identification:_identify(.) by extensions ['colcon_meta']
[1.624s] Level 1:colcon.colcon_core.package_identification:_identify(.) by extension 'colcon_meta'
[1.625s] Level 1:colcon.colcon_core.package_identification:_identify(.) by extensions ['ros']
[1.625s] Level 1:colcon.colcon_core.package_identification:_identify(.) by extension 'ros'
[1.695s] DEBUG:colcon.colcon_core.package_identification:Package '.' with type 'ros.ament_cmake' and name 'firstservicepkg'
[1.695s] Level 1:colcon.colcon_core.package_discovery:discover_packages(recursive) using defaults
[1.696s] Level 1:colcon.colcon_core.package_discovery:discover_packages(ignore) discover
[1.696s] Level 1:colcon.colcon_core.package_discovery:discover_packages(ignore) using defaults
[1.696s] Level 1:colcon.colcon_core.package_discovery:discover_packages(path) discover
[1.696s] Level 1:colcon.colcon_core.package_discovery:discover_packages(path) using defaults
[1.797s] Level 1:colcon.colcon_core.package_discovery:discover_packages(prefix_path) check parameters
[1.798s] Level 1:colcon.colcon_core.package_discovery:discover_packages(prefix_path) discover
[1.808s] DEBUG:colcon.colcon_installed_package_information.package_discovery:Found 1 installed packages in /home/robot/ros_workspaces/project2/firstservicepkg/install
[1.816s] DEBUG:colcon.colcon_installed_package_information.package_discovery:Found 270 installed packages in /opt/ros/humble
[1.826s] Level 1:colcon.colcon_core.package_discovery:discover_packages(prefix_path) using defaults
[2.120s] Level 5:colcon.colcon_core.verb:set package 'firstservicepkg' build argument 'cmake_args' from command line to 'None'
[2.120s] Level 5:colcon.colcon_core.verb:set package 'firstservicepkg' build argument 'cmake_target' from command line to 'None'
[2.120s] Level 5:colcon.colcon_core.verb:set package 'firstservicepkg' build argument 'cmake_target_skip_unavailable' from command line to 'False'
[2.120s] Level 5:colcon.colcon_core.verb:set package 'firstservicepkg' build argument 'cmake_clean_cache' from command line to 'False'
[2.120s] Level 5:colcon.colcon_core.verb:set package 'firstservicepkg' build argument 'cmake_clean_first' from command line to 'False'
[2.120s] Level 5:colcon.colcon_core.verb:set package 'firstservicepkg' build argument 'cmake_force_configure' from command line to 'False'
[2.121s] Level 5:colcon.colcon_core.verb:set package 'firstservicepkg' build argument 'ament_cmake_args' from command line to 'None'
[2.121s] Level 5:colcon.colcon_core.verb:set package 'firstservicepkg' build argument 'catkin_cmake_args' from command line to 'None'
[2.121s] Level 5:colcon.colcon_core.verb:set package 'firstservicepkg' build argument 'catkin_skip_building_tests' from command line to 'False'
[2.121s] DEBUG:colcon.colcon_core.verb:Building package 'firstservicepkg' with the following arguments: {'ament_cmake_args': None, 'build_base': '/home/robot/ros_workspaces/project2/firstservicepkg/build/firstservicepkg', 'catkin_cmake_args': None, 'catkin_skip_building_tests': False, 'cmake_args': None, 'cmake_clean_cache': False, 'cmake_clean_first': False, 'cmake_force_configure': False, 'cmake_target': None, 'cmake_target_skip_unavailable': False, 'install_base': '/home/robot/ros_workspaces/project2/firstservicepkg/install/firstservicepkg', 'merge_install': False, 'path': '/home/robot/ros_workspaces/project2/firstservicepkg', 'symlink_install': False, 'test_result_base': None}
[2.122s] INFO:colcon.colcon_core.executor:Executing jobs using 'parallel' executor
[2.129s] DEBUG:colcon.colcon_parallel_executor.executor.parallel:run_until_complete
[2.130s] INFO:colcon.colcon_ros.task.ament_cmake.build:Building ROS package in '/home/robot/ros_workspaces/project2/firstservicepkg' with build type 'ament_cmake'
[2.131s] INFO:colcon.colcon_cmake.task.cmake.build:Building CMake package in '/home/robot/ros_workspaces/project2/firstservicepkg'
[2.142s] INFO:colcon.colcon_core.plugin_system:Skipping extension 'colcon_core.shell.bat': Not used on non-Windows systems
[2.143s] INFO:colcon.colcon_core.shell:Skip shell extension 'powershell' for command environment: Not usable outside of PowerShell
[2.144s] DEBUG:colcon.colcon_core.shell:Skip shell extension 'dsv' for command environment
[2.183s] DEBUG:colcon.colcon_core.event_handler.log_command:Invoking command in '/home/robot/ros_workspaces/project2/firstservicepkg/build/firstservicepkg': CMAKE_PREFIX_PATH=${CMAKE_PREFIX_PATH}:/opt/ros/humble /usr/bin/cmake --build /home/robot/ros_workspaces/project2/firstservicepkg/build/firstservicepkg -- -j4 -l4
[20.871s] DEBUG:colcon.colcon_core.event_handler.log_command:Invoked command in '/home/robot/ros_workspaces/project2/firstservicepkg/build/firstservicepkg' returned '2': CMAKE_PREFIX_PATH=${CMAKE_PREFIX_PATH}:/opt/ros/humble /usr/bin/cmake --build /home/robot/ros_workspaces/project2/firstservicepkg/build/firstservicepkg -- -j4 -l4
[21.346s] Level 1:colcon.colcon_core.environment:create_environment_scripts_only(firstservicepkg)
[21.359s] Level 1:colcon.colcon_core.environment:checking '/home/robot/ros_workspaces/project2/firstservicepkg/install/firstservicepkg' for CMake module files
[21.371s] Level 1:colcon.colcon_core.environment:checking '/home/robot/ros_workspaces/project2/firstservicepkg/install/firstservicepkg' for CMake config files
[21.373s] Level 1:colcon.colcon_core.shell:create_environment_hook('firstservicepkg', 'cmake_prefix_path')
[21.374s] INFO:colcon.colcon_core.shell:Creating environment hook '/home/robot/ros_workspaces/project2/firstservicepkg/install/firstservicepkg/share/firstservicepkg/hook/cmake_prefix_path.ps1'
[21.377s] INFO:colcon.colcon_core.shell:Creating environment descriptor '/home/robot/ros_workspaces/project2/firstservicepkg/install/firstservicepkg/share/firstservicepkg/hook/cmake_prefix_path.dsv'
[21.379s] INFO:colcon.colcon_core.shell:Creating environment hook '/home/robot/ros_workspaces/project2/firstservicepkg/install/firstservicepkg/share/firstservicepkg/hook/cmake_prefix_path.sh'
[21.383s] Level 1:colcon.colcon_core.environment:checking '/home/robot/ros_workspaces/project2/firstservicepkg/install/firstservicepkg/lib'
[21.384s] Level 1:colcon.colcon_core.shell:create_environment_hook('firstservicepkg', 'ld_library_path_lib')
[21.385s] INFO:colcon.colcon_core.shell:Creating environment hook '/home/robot/ros_workspaces/project2/firstservicepkg/install/firstservicepkg/share/firstservicepkg/hook/ld_library_path_lib.ps1'
[21.387s] INFO:colcon.colcon_core.shell:Creating environment descriptor '/home/robot/ros_workspaces/project2/firstservicepkg/install/firstservicepkg/share/firstservicepkg/hook/ld_library_path_lib.dsv'
[21.389s] INFO:colcon.colcon_core.shell:Creating environment hook '/home/robot/ros_workspaces/project2/firstservicepkg/install/firstservicepkg/share/firstservicepkg/hook/ld_library_path_lib.sh'
[21.392s] Level 1:colcon.colcon_core.environment:checking '/home/robot/ros_workspaces/project2/firstservicepkg/install/firstservicepkg/bin'
[21.392s] Level 1:colcon.colcon_core.environment:checking '/home/robot/ros_workspaces/project2/firstservicepkg/install/firstservicepkg/lib/pkgconfig/firstservicepkg.pc'
[21.393s] Level 1:colcon.colcon_core.environment:checking '/home/robot/ros_workspaces/project2/firstservicepkg/install/firstservicepkg/lib/python3.10/site-packages'
[21.394s] Level 1:colcon.colcon_core.environment:checking '/home/robot/ros_workspaces/project2/firstservicepkg/install/firstservicepkg/bin'
[21.396s] INFO:colcon.colcon_core.shell:Creating package script '/home/robot/ros_workspaces/project2/firstservicepkg/install/firstservicepkg/share/firstservicepkg/package.ps1'
[21.401s] INFO:colcon.colcon_core.shell:Creating package descriptor '/home/robot/ros_workspaces/project2/firstservicepkg/install/firstservicepkg/share/firstservicepkg/package.dsv'
[21.405s] INFO:colcon.colcon_core.shell:Creating package script '/home/robot/ros_workspaces/project2/firstservicepkg/install/firstservicepkg/share/firstservicepkg/package.sh'
[21.409s] INFO:colcon.colcon_core.shell:Creating package script '/home/robot/ros_workspaces/project2/firstservicepkg/install/firstservicepkg/share/firstservicepkg/package.bash'
[21.413s] INFO:colcon.colcon_core.shell:Creating package script '/home/robot/ros_workspaces/project2/firstservicepkg/install/firstservicepkg/share/firstservicepkg/package.zsh'
[21.416s] Level 1:colcon.colcon_core.environment:create_file_with_runtime_dependencies(/home/robot/ros_workspaces/project2/firstservicepkg/install/firstservicepkg/share/colcon-core/packages/firstservicepkg)
[21.420s] DEBUG:colcon.colcon_parallel_executor.executor.parallel:closing loop
[21.421s] DEBUG:colcon.colcon_parallel_executor.executor.parallel:loop closed
[21.421s] DEBUG:colcon.colcon_parallel_executor.executor.parallel:run_until_complete finished with '2'
[21.421s] DEBUG:colcon.colcon_core.event_reactor:joining thread
[21.447s] INFO:colcon.colcon_core.plugin_system:Skipping extension 'colcon_notification.desktop_notification.terminal_notifier': Not used on non-Darwin systems
[21.448s] INFO:colcon.colcon_core.plugin_system:Skipping extension 'colcon_notification.desktop_notification.win32': Not used on non-Windows systems
[21.448s] INFO:colcon.colcon_notification.desktop_notification:Sending desktop notification using 'notify2'
[21.525s] DEBUG:colcon.colcon_core.event_reactor:joined thread
[21.526s] INFO:colcon.colcon_core.shell:Creating prefix script '/home/robot/ros_workspaces/project2/firstservicepkg/install/local_setup.ps1'
[21.532s] INFO:colcon.colcon_core.shell:Creating prefix util module '/home/robot/ros_workspaces/project2/firstservicepkg/install/_local_setup_util_ps1.py'
[21.539s] INFO:colcon.colcon_core.shell:Creating prefix chain script '/home/robot/ros_workspaces/project2/firstservicepkg/install/setup.ps1'
[21.544s] INFO:colcon.colcon_core.shell:Creating prefix script '/home/robot/ros_workspaces/project2/firstservicepkg/install/local_setup.sh'
[21.547s] INFO:colcon.colcon_core.shell:Creating prefix util module '/home/robot/ros_workspaces/project2/firstservicepkg/install/_local_setup_util_sh.py'
[21.550s] INFO:colcon.colcon_core.shell:Creating prefix chain script '/home/robot/ros_workspaces/project2/firstservicepkg/install/setup.sh'
[21.555s] INFO:colcon.colcon_core.shell:Creating prefix script '/home/robot/ros_workspaces/project2/firstservicepkg/install/local_setup.bash'
[21.558s] INFO:colcon.colcon_core.shell:Creating prefix chain script '/home/robot/ros_workspaces/project2/firstservicepkg/install/setup.bash'
[21.563s] INFO:colcon.colcon_core.shell:Creating prefix script '/home/robot/ros_workspaces/project2/firstservicepkg/install/local_setup.zsh'
[21.566s] INFO:colcon.colcon_core.shell:Creating prefix chain script '/home/robot/ros_workspaces/project2/firstservicepkg/install/setup.zsh'
